[0.060s] DEBUG:colcon:Command line arguments: ['/usr/bin/colcon', 'build']
[0.060s] DEBUG:colcon:Parsed command line arguments: Namespace(log_base=None, log_level=None, verb_name='build', build_base='build', install_base='install', merge_install=False, symlink_install=False, test_result_base=None, continue_on_error=False, executor='parallel', parallel_workers=16, event_handlers=None, ignore_user_meta=False, metas=['./colcon.meta'], base_paths=['.'], packages_ignore=None, packages_ignore_regex=None, paths=None, packages_up_to=None, packages_up_to_regex=None, packages_above=None, packages_above_and_dependencies=None, packages_above_depth=None, packages_select_by_dep=None, packages_skip_by_dep=None, packages_skip_up_to=None, packages_select_build_failed=False, packages_skip_build_finished=False, packages_select_test_failures=False, packages_skip_test_passed=False, packages_select=None, packages_skip=None, packages_select_regex=None, packages_skip_regex=None, packages_start=None, packages_end=None, allow_overriding=[], cmake_args=None, cmake_target=None, cmake_target_skip_unavailable=False, cmake_clean_cache=False, cmake_clean_first=False, cmake_force_configure=False, ament_cmake_args=None, catkin_cmake_args=None, catkin_skip_building_tests=False, verb_parser=<colcon_defaults.argument_parser.defaults.DefaultArgumentsDecorator object at 0x7f68df532a10>, verb_extension=<colcon_core.verb.build.BuildVerb object at 0x7f68df5325c0>, main=<bound method BuildVerb.main of <colcon_core.verb.build.BuildVerb object at 0x7f68df5325c0>>)
[0.188s] Level 1:colcon.colcon_core.package_discovery:discover_packages(colcon_meta) check parameters
[0.188s] Level 1:colcon.colcon_core.package_discovery:discover_packages(recursive) check parameters
[0.188s] Level 1:colcon.colcon_core.package_discovery:discover_packages(ignore) check parameters
[0.188s] Level 1:colcon.colcon_core.package_discovery:discover_packages(path) check parameters
[0.188s] Level 1:colcon.colcon_core.package_discovery:discover_packages(colcon_meta) discover
[0.188s] Level 1:colcon.colcon_core.package_discovery:discover_packages(recursive) discover
[0.188s] INFO:colcon.colcon_core.package_discovery:Crawling recursively for packages in '/home/maverick/LMCO/tmm-mas/sim/ROS2'
[0.188s] Level 1:colcon.colcon_core.package_identification:_identify(.) by extensions ['ignore', 'ignore_ament_install']
[0.188s] Level 1:colcon.colcon_core.package_identification:_identify(.) by extension 'ignore'
[0.188s] Level 1:colcon.colcon_core.package_identification:_identify(.) by extension 'ignore_ament_install'
[0.188s] Level 1:colcon.colcon_core.package_identification:_identify(.) by extensions ['colcon_pkg']
[0.188s] Level 1:colcon.colcon_core.package_identification:_identify(.) by extension 'colcon_pkg'
[0.188s] Level 1:colcon.colcon_core.package_identification:_identify(.) by extensions ['colcon_meta']
[0.188s] Level 1:colcon.colcon_core.package_identification:_identify(.) by extension 'colcon_meta'
[0.188s] Level 1:colcon.colcon_core.package_identification:_identify(.) by extensions ['ros']
[0.188s] Level 1:colcon.colcon_core.package_identification:_identify(.) by extension 'ros'
[0.195s] Level 1:colcon.colcon_core.package_identification:_identify(.) by extensions ['cmake', 'python']
[0.195s] Level 1:colcon.colcon_core.package_identification:_identify(.) by extension 'cmake'
[0.195s] Level 1:colcon.colcon_core.package_identification:_identify(.) by extension 'python'
[0.195s] Level 1:colcon.colcon_core.package_identification:_identify(.) by extensions ['python_setup_py']
[0.195s] Level 1:colcon.colcon_core.package_identification:_identify(.) by extension 'python_setup_py'
[0.195s] Level 1:colcon.colcon_core.package_identification:_identify(build) by extensions ['ignore', 'ignore_ament_install']
[0.195s] Level 1:colcon.colcon_core.package_identification:_identify(build) by extension 'ignore'
[0.195s] Level 1:colcon.colcon_core.package_identification:_identify(build) ignored
[0.196s] Level 1:colcon.colcon_core.package_identification:_identify(install) by extensions ['ignore', 'ignore_ament_install']
[0.196s] Level 1:colcon.colcon_core.package_identification:_identify(install) by extension 'ignore'
[0.196s] Level 1:colcon.colcon_core.package_identification:_identify(install) ignored
[0.196s] Level 1:colcon.colcon_core.package_identification:_identify(interfaces_hmm_sim) by extensions ['ignore', 'ignore_ament_install']
[0.196s] Level 1:colcon.colcon_core.package_identification:_identify(interfaces_hmm_sim) by extension 'ignore'
[0.196s] Level 1:colcon.colcon_core.package_identification:_identify(interfaces_hmm_sim) by extension 'ignore_ament_install'
[0.196s] Level 1:colcon.colcon_core.package_identification:_identify(interfaces_hmm_sim) by extensions ['colcon_pkg']
[0.196s] Level 1:colcon.colcon_core.package_identification:_identify(interfaces_hmm_sim) by extension 'colcon_pkg'
[0.196s] Level 1:colcon.colcon_core.package_identification:_identify(interfaces_hmm_sim) by extensions ['colcon_meta']
[0.196s] Level 1:colcon.colcon_core.package_identification:_identify(interfaces_hmm_sim) by extension 'colcon_meta'
[0.196s] Level 1:colcon.colcon_core.package_identification:_identify(interfaces_hmm_sim) by extensions ['ros']
[0.196s] Level 1:colcon.colcon_core.package_identification:_identify(interfaces_hmm_sim) by extension 'ros'
[0.198s] DEBUG:colcon.colcon_core.package_identification:Package 'interfaces_hmm_sim' with type 'ros.ament_cmake' and name 'interfaces_hmm_sim'
[0.198s] Level 1:colcon.colcon_core.package_identification:_identify(lmco) by extensions ['ignore', 'ignore_ament_install']
[0.198s] Level 1:colcon.colcon_core.package_identification:_identify(lmco) by extension 'ignore'
[0.198s] Level 1:colcon.colcon_core.package_identification:_identify(lmco) by extension 'ignore_ament_install'
[0.198s] Level 1:colcon.colcon_core.package_identification:_identify(lmco) by extensions ['colcon_pkg']
[0.198s] Level 1:colcon.colcon_core.package_identification:_identify(lmco) by extension 'colcon_pkg'
[0.198s] Level 1:colcon.colcon_core.package_identification:_identify(lmco) by extensions ['colcon_meta']
[0.198s] Level 1:colcon.colcon_core.package_identification:_identify(lmco) by extension 'colcon_meta'
[0.198s] Level 1:colcon.colcon_core.package_identification:_identify(lmco) by extensions ['ros']
[0.198s] Level 1:colcon.colcon_core.package_identification:_identify(lmco) by extension 'ros'
[0.198s] Level 1:colcon.colcon_core.package_identification:_identify(lmco) by extensions ['cmake', 'python']
[0.198s] Level 1:colcon.colcon_core.package_identification:_identify(lmco) by extension 'cmake'
[0.198s] Level 1:colcon.colcon_core.package_identification:_identify(lmco) by extension 'python'
[0.198s] Level 1:colcon.colcon_core.package_identification:_identify(lmco) by extensions ['python_setup_py']
[0.198s] Level 1:colcon.colcon_core.package_identification:_identify(lmco) by extension 'python_setup_py'
[0.198s] Level 1:colcon.colcon_core.package_identification:_identify(lmco/ltl_automaton_planner) by extensions ['ignore', 'ignore_ament_install']
[0.198s] Level 1:colcon.colcon_core.package_identification:_identify(lmco/ltl_automaton_planner) by extension 'ignore'
[0.198s] Level 1:colcon.colcon_core.package_identification:_identify(lmco/ltl_automaton_planner) by extension 'ignore_ament_install'
[0.198s] Level 1:colcon.colcon_core.package_identification:_identify(lmco/ltl_automaton_planner) by extensions ['colcon_pkg']
[0.198s] Level 1:colcon.colcon_core.package_identification:_identify(lmco/ltl_automaton_planner) by extension 'colcon_pkg'
[0.198s] Level 1:colcon.colcon_core.package_identification:_identify(lmco/ltl_automaton_planner) by extensions ['colcon_meta']
[0.198s] Level 1:colcon.colcon_core.package_identification:_identify(lmco/ltl_automaton_planner) by extension 'colcon_meta'
[0.198s] Level 1:colcon.colcon_core.package_identification:_identify(lmco/ltl_automaton_planner) by extensions ['ros']
[0.198s] Level 1:colcon.colcon_core.package_identification:_identify(lmco/ltl_automaton_planner) by extension 'ros'
[0.199s] DEBUG:colcon.colcon_core.package_identification:Package 'lmco/ltl_automaton_planner' with type 'ros.ament_python' and name 'ltl_automaton_planner'
[0.199s] Level 1:colcon.colcon_core.package_identification:_identify(log) by extensions ['ignore', 'ignore_ament_install']
[0.199s] Level 1:colcon.colcon_core.package_identification:_identify(log) by extension 'ignore'
[0.199s] Level 1:colcon.colcon_core.package_identification:_identify(log) ignored
[0.199s] Level 1:colcon.colcon_core.package_discovery:discover_packages(recursive) using defaults
[0.199s] Level 1:colcon.colcon_core.package_discovery:discover_packages(ignore) discover
[0.199s] Level 1:colcon.colcon_core.package_discovery:discover_packages(ignore) using defaults
[0.199s] Level 1:colcon.colcon_core.package_discovery:discover_packages(path) discover
[0.199s] Level 1:colcon.colcon_core.package_discovery:discover_packages(path) using defaults
[0.216s] Level 1:colcon.colcon_core.package_discovery:discover_packages(prefix_path) check parameters
[0.216s] Level 1:colcon.colcon_core.package_discovery:discover_packages(prefix_path) discover
[0.217s] DEBUG:colcon.colcon_installed_package_information.package_discovery:Found 278 installed packages in /opt/ros/humble
[0.218s] Level 1:colcon.colcon_core.package_discovery:discover_packages(prefix_path) using defaults
[0.237s] Level 5:colcon.colcon_core.verb:set package 'interfaces_hmm_sim' build argument 'cmake_args' from command line to 'None'
[0.237s] Level 5:colcon.colcon_core.verb:set package 'interfaces_hmm_sim' build argument 'cmake_target' from command line to 'None'
[0.237s] Level 5:colcon.colcon_core.verb:set package 'interfaces_hmm_sim' build argument 'cmake_target_skip_unavailable' from command line to 'False'
[0.237s] Level 5:colcon.colcon_core.verb:set package 'interfaces_hmm_sim' build argument 'cmake_clean_cache' from command line to 'False'
[0.237s] Level 5:colcon.colcon_core.verb:set package 'interfaces_hmm_sim' build argument 'cmake_clean_first' from command line to 'False'
[0.237s] Level 5:colcon.colcon_core.verb:set package 'interfaces_hmm_sim' build argument 'cmake_force_configure' from command line to 'False'
[0.237s] Level 5:colcon.colcon_core.verb:set package 'interfaces_hmm_sim' build argument 'ament_cmake_args' from command line to 'None'
[0.237s] Level 5:colcon.colcon_core.verb:set package 'interfaces_hmm_sim' build argument 'catkin_cmake_args' from command line to 'None'
[0.237s] Level 5:colcon.colcon_core.verb:set package 'interfaces_hmm_sim' build argument 'catkin_skip_building_tests' from command line to 'False'
[0.237s] DEBUG:colcon.colcon_core.verb:Building package 'interfaces_hmm_sim' with the following arguments: {'ament_cmake_args': None, 'build_base': '/home/maverick/LMCO/tmm-mas/sim/ROS2/build/interfaces_hmm_sim', 'catkin_cmake_args': None, 'catkin_skip_building_tests': False, 'cmake_args': None, 'cmake_clean_cache': False, 'cmake_clean_first': False, 'cmake_force_configure': False, 'cmake_target': None, 'cmake_target_skip_unavailable': False, 'install_base': '/home/maverick/LMCO/tmm-mas/sim/ROS2/install/interfaces_hmm_sim', 'merge_install': False, 'path': '/home/maverick/LMCO/tmm-mas/sim/ROS2/interfaces_hmm_sim', 'symlink_install': False, 'test_result_base': None}
[0.237s] Level 5:colcon.colcon_core.verb:set package 'ltl_automaton_planner' build argument 'cmake_args' from command line to 'None'
[0.237s] Level 5:colcon.colcon_core.verb:set package 'ltl_automaton_planner' build argument 'cmake_target' from command line to 'None'
[0.237s] Level 5:colcon.colcon_core.verb:set package 'ltl_automaton_planner' build argument 'cmake_target_skip_unavailable' from command line to 'False'
[0.237s] Level 5:colcon.colcon_core.verb:set package 'ltl_automaton_planner' build argument 'cmake_clean_cache' from command line to 'False'
[0.237s] Level 5:colcon.colcon_core.verb:set package 'ltl_automaton_planner' build argument 'cmake_clean_first' from command line to 'False'
[0.237s] Level 5:colcon.colcon_core.verb:set package 'ltl_automaton_planner' build argument 'cmake_force_configure' from command line to 'False'
[0.237s] Level 5:colcon.colcon_core.verb:set package 'ltl_automaton_planner' build argument 'ament_cmake_args' from command line to 'None'
[0.237s] Level 5:colcon.colcon_core.verb:set package 'ltl_automaton_planner' build argument 'catkin_cmake_args' from command line to 'None'
[0.237s] Level 5:colcon.colcon_core.verb:set package 'ltl_automaton_planner' build argument 'catkin_skip_building_tests' from command line to 'False'
[0.237s] DEBUG:colcon.colcon_core.verb:Building package 'ltl_automaton_planner' with the following arguments: {'ament_cmake_args': None, 'build_base': '/home/maverick/LMCO/tmm-mas/sim/ROS2/build/ltl_automaton_planner', 'catkin_cmake_args': None, 'catkin_skip_building_tests': False, 'cmake_args': None, 'cmake_clean_cache': False, 'cmake_clean_first': False, 'cmake_force_configure': False, 'cmake_target': None, 'cmake_target_skip_unavailable': False, 'install_base': '/home/maverick/LMCO/tmm-mas/sim/ROS2/install/ltl_automaton_planner', 'merge_install': False, 'path': '/home/maverick/LMCO/tmm-mas/sim/ROS2/lmco/ltl_automaton_planner', 'symlink_install': False, 'test_result_base': None}
[0.237s] INFO:colcon.colcon_core.executor:Executing jobs using 'parallel' executor
[0.238s] DEBUG:colcon.colcon_parallel_executor.executor.parallel:run_until_complete
[0.238s] INFO:colcon.colcon_ros.task.ament_cmake.build:Building ROS package in '/home/maverick/LMCO/tmm-mas/sim/ROS2/interfaces_hmm_sim' with build type 'ament_cmake'
[0.238s] INFO:colcon.colcon_cmake.task.cmake.build:Building CMake package in '/home/maverick/LMCO/tmm-mas/sim/ROS2/interfaces_hmm_sim'
[0.239s] INFO:colcon.colcon_core.plugin_system:Skipping extension 'colcon_core.shell.bat': Not used on non-Windows systems
[0.239s] INFO:colcon.colcon_core.shell:Skip shell extension 'powershell' for command environment: Not usable outside of PowerShell
[0.239s] DEBUG:colcon.colcon_core.shell:Skip shell extension 'dsv' for command environment
[0.241s] INFO:colcon.colcon_ros.task.ament_python.build:Building ROS package in '/home/maverick/LMCO/tmm-mas/sim/ROS2/lmco/ltl_automaton_planner' with build type 'ament_python'
[0.241s] Level 1:colcon.colcon_core.shell:create_environment_hook('ltl_automaton_planner', 'ament_prefix_path')
[0.241s] INFO:colcon.colcon_core.shell:Creating environment hook '/home/maverick/LMCO/tmm-mas/sim/ROS2/install/ltl_automaton_planner/share/ltl_automaton_planner/hook/ament_prefix_path.ps1'
[0.241s] INFO:colcon.colcon_core.shell:Creating environment descriptor '/home/maverick/LMCO/tmm-mas/sim/ROS2/install/ltl_automaton_planner/share/ltl_automaton_planner/hook/ament_prefix_path.dsv'
[0.241s] INFO:colcon.colcon_core.shell:Creating environment hook '/home/maverick/LMCO/tmm-mas/sim/ROS2/install/ltl_automaton_planner/share/ltl_automaton_planner/hook/ament_prefix_path.sh'
[0.242s] INFO:colcon.colcon_core.shell:Skip shell extension 'powershell' for command environment: Not usable outside of PowerShell
[0.242s] DEBUG:colcon.colcon_core.shell:Skip shell extension 'dsv' for command environment
[0.245s] DEBUG:colcon.colcon_core.event_handler.log_command:Invoking command in '/home/maverick/LMCO/tmm-mas/sim/ROS2/build/interfaces_hmm_sim': CMAKE_PREFIX_PATH=/opt/ros/humble /usr/bin/cmake /home/maverick/LMCO/tmm-mas/sim/ROS2/interfaces_hmm_sim -DCMAKE_INSTALL_PREFIX=/home/maverick/LMCO/tmm-mas/sim/ROS2/install/interfaces_hmm_sim
[0.387s] INFO:colcon.colcon_core.task.python.build:Building Python package in '/home/maverick/LMCO/tmm-mas/sim/ROS2/lmco/ltl_automaton_planner'
[0.388s] INFO:colcon.colcon_core.shell:Skip shell extension 'powershell' for command environment: Not usable outside of PowerShell
[0.388s] DEBUG:colcon.colcon_core.shell:Skip shell extension 'dsv' for command environment
[0.584s] DEBUG:colcon.colcon_core.event_handler.log_command:Invoking command in '/home/maverick/LMCO/tmm-mas/sim/ROS2/lmco/ltl_automaton_planner': PYTHONPATH=/home/maverick/LMCO/tmm-mas/sim/ROS2/build/ltl_automaton_planner/prefix_override:/usr/lib/python3/dist-packages/colcon_core/task/python/colcon_distutils_commands:/home/maverick/LMCO/tmm-mas/sim/ROS2/install/ltl_automaton_planner/lib/python3.10/site-packages:${PYTHONPATH} /usr/bin/python3 -W ignore:setup.py install is deprecated -W ignore:easy_install command is deprecated setup.py egg_info --egg-base ../../build/ltl_automaton_planner build --build-base /home/maverick/LMCO/tmm-mas/sim/ROS2/build/ltl_automaton_planner/build install --record /home/maverick/LMCO/tmm-mas/sim/ROS2/build/ltl_automaton_planner/install.log --single-version-externally-managed install_data
[0.763s] DEBUG:colcon.colcon_core.event_handler.log_command:Invoked command in '/home/maverick/LMCO/tmm-mas/sim/ROS2/lmco/ltl_automaton_planner' returned '0': PYTHONPATH=/home/maverick/LMCO/tmm-mas/sim/ROS2/build/ltl_automaton_planner/prefix_override:/usr/lib/python3/dist-packages/colcon_core/task/python/colcon_distutils_commands:/home/maverick/LMCO/tmm-mas/sim/ROS2/install/ltl_automaton_planner/lib/python3.10/site-packages:${PYTHONPATH} /usr/bin/python3 -W ignore:setup.py install is deprecated -W ignore:easy_install command is deprecated setup.py egg_info --egg-base ../../build/ltl_automaton_planner build --build-base /home/maverick/LMCO/tmm-mas/sim/ROS2/build/ltl_automaton_planner/build install --record /home/maverick/LMCO/tmm-mas/sim/ROS2/build/ltl_automaton_planner/install.log --single-version-externally-managed install_data
[0.764s] Level 1:colcon.colcon_core.environment:checking '/home/maverick/LMCO/tmm-mas/sim/ROS2/install/ltl_automaton_planner' for CMake module files
[0.765s] Level 1:colcon.colcon_core.environment:checking '/home/maverick/LMCO/tmm-mas/sim/ROS2/install/ltl_automaton_planner' for CMake config files
[0.766s] Level 1:colcon.colcon_core.environment:checking '/home/maverick/LMCO/tmm-mas/sim/ROS2/install/ltl_automaton_planner/lib'
[0.766s] Level 1:colcon.colcon_core.environment:checking '/home/maverick/LMCO/tmm-mas/sim/ROS2/install/ltl_automaton_planner/bin'
[0.766s] Level 1:colcon.colcon_core.environment:checking '/home/maverick/LMCO/tmm-mas/sim/ROS2/install/ltl_automaton_planner/lib/pkgconfig/ltl_automaton_planner.pc'
[0.766s] Level 1:colcon.colcon_core.environment:checking '/home/maverick/LMCO/tmm-mas/sim/ROS2/install/ltl_automaton_planner/lib/python3.10/site-packages'
[0.766s] Level 1:colcon.colcon_core.shell:create_environment_hook('ltl_automaton_planner', 'pythonpath')
[0.766s] INFO:colcon.colcon_core.shell:Creating environment hook '/home/maverick/LMCO/tmm-mas/sim/ROS2/install/ltl_automaton_planner/share/ltl_automaton_planner/hook/pythonpath.ps1'
[0.766s] INFO:colcon.colcon_core.shell:Creating environment descriptor '/home/maverick/LMCO/tmm-mas/sim/ROS2/install/ltl_automaton_planner/share/ltl_automaton_planner/hook/pythonpath.dsv'
[0.767s] INFO:colcon.colcon_core.shell:Creating environment hook '/home/maverick/LMCO/tmm-mas/sim/ROS2/install/ltl_automaton_planner/share/ltl_automaton_planner/hook/pythonpath.sh'
[0.767s] Level 1:colcon.colcon_core.environment:checking '/home/maverick/LMCO/tmm-mas/sim/ROS2/install/ltl_automaton_planner/bin'
[0.767s] Level 1:colcon.colcon_core.environment:create_environment_scripts_only(ltl_automaton_planner)
[0.767s] INFO:colcon.colcon_core.shell:Creating package script '/home/maverick/LMCO/tmm-mas/sim/ROS2/install/ltl_automaton_planner/share/ltl_automaton_planner/package.ps1'
[0.768s] INFO:colcon.colcon_core.shell:Creating package descriptor '/home/maverick/LMCO/tmm-mas/sim/ROS2/install/ltl_automaton_planner/share/ltl_automaton_planner/package.dsv'
[0.768s] INFO:colcon.colcon_core.shell:Creating package script '/home/maverick/LMCO/tmm-mas/sim/ROS2/install/ltl_automaton_planner/share/ltl_automaton_planner/package.sh'
[0.768s] INFO:colcon.colcon_core.shell:Creating package script '/home/maverick/LMCO/tmm-mas/sim/ROS2/install/ltl_automaton_planner/share/ltl_automaton_planner/package.bash'
[0.769s] INFO:colcon.colcon_core.shell:Creating package script '/home/maverick/LMCO/tmm-mas/sim/ROS2/install/ltl_automaton_planner/share/ltl_automaton_planner/package.zsh'
[0.769s] Level 1:colcon.colcon_core.environment:create_file_with_runtime_dependencies(/home/maverick/LMCO/tmm-mas/sim/ROS2/install/ltl_automaton_planner/share/colcon-core/packages/ltl_automaton_planner)
[1.142s] DEBUG:colcon.colcon_core.event_handler.log_command:Invoked command in '/home/maverick/LMCO/tmm-mas/sim/ROS2/build/interfaces_hmm_sim' returned '0': CMAKE_PREFIX_PATH=/opt/ros/humble /usr/bin/cmake /home/maverick/LMCO/tmm-mas/sim/ROS2/interfaces_hmm_sim -DCMAKE_INSTALL_PREFIX=/home/maverick/LMCO/tmm-mas/sim/ROS2/install/interfaces_hmm_sim
[1.143s] DEBUG:colcon.colcon_core.event_handler.log_command:Invoking command in '/home/maverick/LMCO/tmm-mas/sim/ROS2/build/interfaces_hmm_sim': CMAKE_PREFIX_PATH=/opt/ros/humble /usr/bin/cmake --build /home/maverick/LMCO/tmm-mas/sim/ROS2/build/interfaces_hmm_sim -- -j16 -l16
[2.318s] DEBUG:colcon.colcon_core.event_handler.log_command:Invoked command in '/home/maverick/LMCO/tmm-mas/sim/ROS2/build/interfaces_hmm_sim' returned '0': CMAKE_PREFIX_PATH=/opt/ros/humble /usr/bin/cmake --build /home/maverick/LMCO/tmm-mas/sim/ROS2/build/interfaces_hmm_sim -- -j16 -l16
[2.323s] DEBUG:colcon.colcon_core.event_handler.log_command:Invoking command in '/home/maverick/LMCO/tmm-mas/sim/ROS2/build/interfaces_hmm_sim': CMAKE_PREFIX_PATH=/opt/ros/humble /usr/bin/cmake --install /home/maverick/LMCO/tmm-mas/sim/ROS2/build/interfaces_hmm_sim
[2.361s] Level 1:colcon.colcon_core.environment:create_environment_scripts_only(interfaces_hmm_sim)
[2.361s] DEBUG:colcon.colcon_core.event_handler.log_command:Invoked command in '/home/maverick/LMCO/tmm-mas/sim/ROS2/build/interfaces_hmm_sim' returned '0': CMAKE_PREFIX_PATH=/opt/ros/humble /usr/bin/cmake --install /home/maverick/LMCO/tmm-mas/sim/ROS2/build/interfaces_hmm_sim
[2.361s] Level 1:colcon.colcon_core.environment:checking '/home/maverick/LMCO/tmm-mas/sim/ROS2/install/interfaces_hmm_sim' for CMake module files
[2.362s] Level 1:colcon.colcon_core.environment:checking '/home/maverick/LMCO/tmm-mas/sim/ROS2/install/interfaces_hmm_sim' for CMake config files
[2.362s] Level 1:colcon.colcon_core.shell:create_environment_hook('interfaces_hmm_sim', 'cmake_prefix_path')
[2.362s] INFO:colcon.colcon_core.shell:Creating environment hook '/home/maverick/LMCO/tmm-mas/sim/ROS2/install/interfaces_hmm_sim/share/interfaces_hmm_sim/hook/cmake_prefix_path.ps1'
[2.362s] INFO:colcon.colcon_core.shell:Creating environment descriptor '/home/maverick/LMCO/tmm-mas/sim/ROS2/install/interfaces_hmm_sim/share/interfaces_hmm_sim/hook/cmake_prefix_path.dsv'
[2.363s] INFO:colcon.colcon_core.shell:Creating environment hook '/home/maverick/LMCO/tmm-mas/sim/ROS2/install/interfaces_hmm_sim/share/interfaces_hmm_sim/hook/cmake_prefix_path.sh'
[2.363s] Level 1:colcon.colcon_core.environment:checking '/home/maverick/LMCO/tmm-mas/sim/ROS2/install/interfaces_hmm_sim/lib'
[2.363s] Level 1:colcon.colcon_core.shell:create_environment_hook('interfaces_hmm_sim', 'ld_library_path_lib')
[2.363s] INFO:colcon.colcon_core.shell:Creating environment hook '/home/maverick/LMCO/tmm-mas/sim/ROS2/install/interfaces_hmm_sim/share/interfaces_hmm_sim/hook/ld_library_path_lib.ps1'
[2.363s] INFO:colcon.colcon_core.shell:Creating environment descriptor '/home/maverick/LMCO/tmm-mas/sim/ROS2/install/interfaces_hmm_sim/share/interfaces_hmm_sim/hook/ld_library_path_lib.dsv'
[2.363s] INFO:colcon.colcon_core.shell:Creating environment hook '/home/maverick/LMCO/tmm-mas/sim/ROS2/install/interfaces_hmm_sim/share/interfaces_hmm_sim/hook/ld_library_path_lib.sh'
[2.364s] Level 1:colcon.colcon_core.environment:checking '/home/maverick/LMCO/tmm-mas/sim/ROS2/install/interfaces_hmm_sim/bin'
[2.364s] Level 1:colcon.colcon_core.environment:checking '/home/maverick/LMCO/tmm-mas/sim/ROS2/install/interfaces_hmm_sim/lib/pkgconfig/interfaces_hmm_sim.pc'
[2.364s] Level 1:colcon.colcon_core.environment:checking '/home/maverick/LMCO/tmm-mas/sim/ROS2/install/interfaces_hmm_sim/lib/python3.10/site-packages'
[2.364s] Level 1:colcon.colcon_core.environment:checking '/home/maverick/LMCO/tmm-mas/sim/ROS2/install/interfaces_hmm_sim/bin'
[2.364s] INFO:colcon.colcon_core.shell:Creating package script '/home/maverick/LMCO/tmm-mas/sim/ROS2/install/interfaces_hmm_sim/share/interfaces_hmm_sim/package.ps1'
[2.365s] INFO:colcon.colcon_core.shell:Creating package descriptor '/home/maverick/LMCO/tmm-mas/sim/ROS2/install/interfaces_hmm_sim/share/interfaces_hmm_sim/package.dsv'
[2.365s] INFO:colcon.colcon_core.shell:Creating package script '/home/maverick/LMCO/tmm-mas/sim/ROS2/install/interfaces_hmm_sim/share/interfaces_hmm_sim/package.sh'
[2.365s] INFO:colcon.colcon_core.shell:Creating package script '/home/maverick/LMCO/tmm-mas/sim/ROS2/install/interfaces_hmm_sim/share/interfaces_hmm_sim/package.bash'
[2.365s] INFO:colcon.colcon_core.shell:Creating package script '/home/maverick/LMCO/tmm-mas/sim/ROS2/install/interfaces_hmm_sim/share/interfaces_hmm_sim/package.zsh'
[2.366s] Level 1:colcon.colcon_core.environment:create_file_with_runtime_dependencies(/home/maverick/LMCO/tmm-mas/sim/ROS2/install/interfaces_hmm_sim/share/colcon-core/packages/interfaces_hmm_sim)
[2.366s] Level 1:colcon.colcon_core.environment:create_environment_scripts_only(interfaces_hmm_sim)
[2.366s] Level 1:colcon.colcon_core.environment:checking '/home/maverick/LMCO/tmm-mas/sim/ROS2/install/interfaces_hmm_sim' for CMake module files
[2.366s] Level 1:colcon.colcon_core.environment:checking '/home/maverick/LMCO/tmm-mas/sim/ROS2/install/interfaces_hmm_sim' for CMake config files
[2.366s] Level 1:colcon.colcon_core.shell:create_environment_hook('interfaces_hmm_sim', 'cmake_prefix_path')
[2.367s] INFO:colcon.colcon_core.shell:Creating environment hook '/home/maverick/LMCO/tmm-mas/sim/ROS2/install/interfaces_hmm_sim/share/interfaces_hmm_sim/hook/cmake_prefix_path.ps1'
[2.367s] INFO:colcon.colcon_core.shell:Creating environment descriptor '/home/maverick/LMCO/tmm-mas/sim/ROS2/install/interfaces_hmm_sim/share/interfaces_hmm_sim/hook/cmake_prefix_path.dsv'
[2.367s] INFO:colcon.colcon_core.shell:Creating environment hook '/home/maverick/LMCO/tmm-mas/sim/ROS2/install/interfaces_hmm_sim/share/interfaces_hmm_sim/hook/cmake_prefix_path.sh'
[2.367s] Level 1:colcon.colcon_core.environment:checking '/home/maverick/LMCO/tmm-mas/sim/ROS2/install/interfaces_hmm_sim/lib'
[2.367s] Level 1:colcon.colcon_core.shell:create_environment_hook('interfaces_hmm_sim', 'ld_library_path_lib')
[2.367s] INFO:colcon.colcon_core.shell:Creating environment hook '/home/maverick/LMCO/tmm-mas/sim/ROS2/install/interfaces_hmm_sim/share/interfaces_hmm_sim/hook/ld_library_path_lib.ps1'
[2.368s] INFO:colcon.colcon_core.shell:Creating environment descriptor '/home/maverick/LMCO/tmm-mas/sim/ROS2/install/interfaces_hmm_sim/share/interfaces_hmm_sim/hook/ld_library_path_lib.dsv'
[2.368s] INFO:colcon.colcon_core.shell:Creating environment hook '/home/maverick/LMCO/tmm-mas/sim/ROS2/install/interfaces_hmm_sim/share/interfaces_hmm_sim/hook/ld_library_path_lib.sh'
[2.368s] Level 1:colcon.colcon_core.environment:checking '/home/maverick/LMCO/tmm-mas/sim/ROS2/install/interfaces_hmm_sim/bin'
[2.368s] Level 1:colcon.colcon_core.environment:checking '/home/maverick/LMCO/tmm-mas/sim/ROS2/install/interfaces_hmm_sim/lib/pkgconfig/interfaces_hmm_sim.pc'
[2.368s] Level 1:colcon.colcon_core.environment:checking '/home/maverick/LMCO/tmm-mas/sim/ROS2/install/interfaces_hmm_sim/lib/python3.10/site-packages'
[2.368s] Level 1:colcon.colcon_core.environment:checking '/home/maverick/LMCO/tmm-mas/sim/ROS2/install/interfaces_hmm_sim/bin'
[2.368s] INFO:colcon.colcon_core.shell:Creating package script '/home/maverick/LMCO/tmm-mas/sim/ROS2/install/interfaces_hmm_sim/share/interfaces_hmm_sim/package.ps1'
[2.369s] INFO:colcon.colcon_core.shell:Creating package descriptor '/home/maverick/LMCO/tmm-mas/sim/ROS2/install/interfaces_hmm_sim/share/interfaces_hmm_sim/package.dsv'
[2.369s] INFO:colcon.colcon_core.shell:Creating package script '/home/maverick/LMCO/tmm-mas/sim/ROS2/install/interfaces_hmm_sim/share/interfaces_hmm_sim/package.sh'
[2.369s] INFO:colcon.colcon_core.shell:Creating package script '/home/maverick/LMCO/tmm-mas/sim/ROS2/install/interfaces_hmm_sim/share/interfaces_hmm_sim/package.bash'
[2.369s] INFO:colcon.colcon_core.shell:Creating package script '/home/maverick/LMCO/tmm-mas/sim/ROS2/install/interfaces_hmm_sim/share/interfaces_hmm_sim/package.zsh'
[2.370s] Level 1:colcon.colcon_core.environment:create_file_with_runtime_dependencies(/home/maverick/LMCO/tmm-mas/sim/ROS2/install/interfaces_hmm_sim/share/colcon-core/packages/interfaces_hmm_sim)
[2.370s] DEBUG:colcon.colcon_parallel_executor.executor.parallel:closing loop
[2.370s] DEBUG:colcon.colcon_parallel_executor.executor.parallel:loop closed
[2.370s] DEBUG:colcon.colcon_parallel_executor.executor.parallel:run_until_complete finished with '0'
[2.370s] DEBUG:colcon.colcon_core.event_reactor:joining thread
[2.373s] INFO:colcon.colcon_core.plugin_system:Skipping extension 'colcon_notification.desktop_notification.terminal_notifier': Not used on non-Darwin systems
[2.373s] INFO:colcon.colcon_core.plugin_system:Skipping extension 'colcon_notification.desktop_notification.win32': Not used on non-Windows systems
[2.373s] INFO:colcon.colcon_notification.desktop_notification:Sending desktop notification using 'notify2'
[2.383s] DEBUG:colcon.colcon_core.event_reactor:joined thread
[2.383s] INFO:colcon.colcon_core.shell:Creating prefix script '/home/maverick/LMCO/tmm-mas/sim/ROS2/install/local_setup.ps1'
[2.384s] INFO:colcon.colcon_core.shell:Creating prefix util module '/home/maverick/LMCO/tmm-mas/sim/ROS2/install/_local_setup_util_ps1.py'
[2.384s] INFO:colcon.colcon_core.shell:Creating prefix chain script '/home/maverick/LMCO/tmm-mas/sim/ROS2/install/setup.ps1'
[2.385s] INFO:colcon.colcon_core.shell:Creating prefix script '/home/maverick/LMCO/tmm-mas/sim/ROS2/install/local_setup.sh'
[2.385s] INFO:colcon.colcon_core.shell:Creating prefix util module '/home/maverick/LMCO/tmm-mas/sim/ROS2/install/_local_setup_util_sh.py'
[2.386s] INFO:colcon.colcon_core.shell:Creating prefix chain script '/home/maverick/LMCO/tmm-mas/sim/ROS2/install/setup.sh'
[2.386s] INFO:colcon.colcon_core.shell:Creating prefix script '/home/maverick/LMCO/tmm-mas/sim/ROS2/install/local_setup.bash'
[2.387s] INFO:colcon.colcon_core.shell:Creating prefix chain script '/home/maverick/LMCO/tmm-mas/sim/ROS2/install/setup.bash'
[2.387s] INFO:colcon.colcon_core.shell:Creating prefix script '/home/maverick/LMCO/tmm-mas/sim/ROS2/install/local_setup.zsh'
[2.388s] INFO:colcon.colcon_core.shell:Creating prefix chain script '/home/maverick/LMCO/tmm-mas/sim/ROS2/install/setup.zsh'
