[0.006s] Invoking command in '/home/maverick/LMCO/tmm-mas/sim/ROS2/build/interfaces_hmm_sim': CMAKE_PREFIX_PATH=/opt/ros/humble /usr/bin/cmake /home/maverick/LMCO/tmm-mas/sim/ROS2/interfaces_hmm_sim -DCMAKE_INSTALL_PREFIX=/home/maverick/LMCO/tmm-mas/sim/ROS2/install/interfaces_hmm_sim
[0.069s] -- The C compiler identification is GNU 11.4.0
[0.118s] -- The CXX compiler identification is GNU 11.4.0
[0.124s] -- Detecting C compiler ABI info
[0.167s] -- Detecting C compiler ABI info - done
[0.172s] -- Check for working C compiler: /usr/bin/cc - skipped
[0.172s] -- Detecting C compile features
[0.172s] -- Detecting C compile features - done
[0.174s] -- Detecting CXX compiler ABI info
[0.221s] -- Detecting CXX compiler ABI info - done
[0.226s] -- Check for working CXX compiler: /usr/bin/c++ - skipped
[0.226s] -- Detecting CXX compile features
[0.226s] -- Detecting CXX compile features - done
[0.229s] -- Found ament_cmake: 1.3.11 (/opt/ros/humble/share/ament_cmake/cmake)
[0.317s] -- Found Python3: /usr/bin/python3 (found version "3.10.12") found components: Interpreter 
[0.375s] -- Found rosidl_default_generators: 1.2.0 (/opt/ros/humble/share/rosidl_default_generators/cmake)
[0.378s] -- Using all available rosidl_typesupport_c: rosidl_typesupport_fastrtps_c;rosidl_typesupport_introspection_c
[0.382s] -- Found rosidl_adapter: 3.1.6 (/opt/ros/humble/share/rosidl_adapter/cmake)
[0.410s] -- Using all available rosidl_typesupport_cpp: rosidl_typesupport_fastrtps_cpp;rosidl_typesupport_introspection_cpp
[0.575s] -- Found ament_cmake_ros: 0.10.0 (/opt/ros/humble/share/ament_cmake_ros/cmake)
[0.679s] -- Using all available rosidl_typesupport_c: rosidl_typesupport_fastrtps_c;rosidl_typesupport_introspection_c
[0.808s] -- Using all available rosidl_typesupport_cpp: rosidl_typesupport_fastrtps_cpp;rosidl_typesupport_introspection_cpp
[0.820s] -- Found PythonInterp: /usr/bin/python3 (found suitable version "3.10.12", minimum required is "3.6") 
[0.821s] -- Found python_cmake_module: 0.10.0 (/opt/ros/humble/share/python_cmake_module/cmake)
[0.836s] -- Found PythonLibs: /usr/lib/x86_64-linux-gnu/libpython3.10.so (found suitable version "3.10.12", minimum required is "3.5") 
[0.836s] -- Using PYTHON_EXECUTABLE: /usr/bin/python3
[0.836s] -- Using PYTHON_INCLUDE_DIRS: /usr/include/python3.10
[0.836s] -- Using PYTHON_LIBRARIES: /usr/lib/x86_64-linux-gnu/libpython3.10.so
[0.847s] -- Found PythonExtra: .so  
[0.865s] -- Found ament_lint_auto: 0.12.11 (/opt/ros/humble/share/ament_lint_auto/cmake)
[0.878s] -- Added test 'lint_cmake' to check CMake code style
[0.879s] -- Added test 'xmllint' to check XML markup files
[0.880s] -- Configuring done
[0.894s] -- Generating done
[0.900s] -- Build files have been written to: /home/maverick/LMCO/tmm-mas/sim/ROS2/build/interfaces_hmm_sim
[0.903s] Invoked command in '/home/maverick/LMCO/tmm-mas/sim/ROS2/build/interfaces_hmm_sim' returned '0': CMAKE_PREFIX_PATH=/opt/ros/humble /usr/bin/cmake /home/maverick/LMCO/tmm-mas/sim/ROS2/interfaces_hmm_sim -DCMAKE_INSTALL_PREFIX=/home/maverick/LMCO/tmm-mas/sim/ROS2/install/interfaces_hmm_sim
[0.904s] Invoking command in '/home/maverick/LMCO/tmm-mas/sim/ROS2/build/interfaces_hmm_sim': CMAKE_PREFIX_PATH=/opt/ros/humble /usr/bin/cmake --build /home/maverick/LMCO/tmm-mas/sim/ROS2/build/interfaces_hmm_sim -- -j16 -l16
[0.927s] [  2%] [34m[1mGenerating C code for ROS interfaces[0m
[0.934s] [  5%] [34m[1mGenerating C++ code for ROS interfaces[0m
[0.938s] [  5%] Built target ament_cmake_python_copy_interfaces_hmm_sim
[1.071s] running egg_info
[1.071s] creating interfaces_hmm_sim.egg-info
[1.071s] writing interfaces_hmm_sim.egg-info/PKG-INFO
[1.071s] writing dependency_links to interfaces_hmm_sim.egg-info/dependency_links.txt
[1.071s] writing top-level names to interfaces_hmm_sim.egg-info/top_level.txt
[1.071s] writing manifest file 'interfaces_hmm_sim.egg-info/SOURCES.txt'
[1.072s] reading manifest file 'interfaces_hmm_sim.egg-info/SOURCES.txt'
[1.073s] writing manifest file 'interfaces_hmm_sim.egg-info/SOURCES.txt'
[1.088s] [  5%] Built target ament_cmake_python_build_interfaces_hmm_sim_egg
[1.108s] [  5%] Built target interfaces_hmm_sim__cpp
[1.113s] [  7%] [34m[1mGenerating C++ type support for eProsima Fast-RTPS[0m
[1.113s] [ 10%] [34m[1mGenerating C++ introspection for ROS interfaces[0m
[1.114s] [ 12%] [34m[1mGenerating C++ type support dispatch for ROS interfaces[0m
[1.118s] [ 15%] [32mBuilding C object CMakeFiles/interfaces_hmm_sim__rosidl_generator_c.dir/rosidl_generator_c/interfaces_hmm_sim/msg/detail/agent_poses__functions.c.o[0m
[1.118s] [ 17%] [32mBuilding C object CMakeFiles/interfaces_hmm_sim__rosidl_generator_c.dir/rosidl_generator_c/interfaces_hmm_sim/msg/detail/status__functions.c.o[0m
[1.157s] [ 20%] [32m[1mLinking C shared library libinterfaces_hmm_sim__rosidl_generator_c.so[0m
[1.180s] [ 20%] Built target interfaces_hmm_sim__rosidl_generator_c
[1.186s] [ 28%] [34m[1mGenerating C introspection for ROS interfaces[0m
[1.186s] [ 28%] [34m[1mGenerating C type support for eProsima Fast-RTPS[0m
[1.186s] [ 28%] [34m[1mGenerating C type support dispatch for ROS interfaces[0m
[1.269s] [ 33%] [32mBuilding CXX object CMakeFiles/interfaces_hmm_sim__rosidl_typesupport_cpp.dir/rosidl_typesupport_cpp/interfaces_hmm_sim/msg/status__type_support.cpp.o[0m
[1.269s] [ 33%] [32mBuilding CXX object CMakeFiles/interfaces_hmm_sim__rosidl_typesupport_cpp.dir/rosidl_typesupport_cpp/interfaces_hmm_sim/msg/agent_poses__type_support.cpp.o[0m
[1.285s] [ 35%] [32mBuilding CXX object CMakeFiles/interfaces_hmm_sim__rosidl_typesupport_introspection_cpp.dir/rosidl_typesupport_introspection_cpp/interfaces_hmm_sim/msg/detail/agent_poses__type_support.cpp.o[0m
[1.285s] [ 38%] [32mBuilding CXX object CMakeFiles/interfaces_hmm_sim__rosidl_typesupport_introspection_cpp.dir/rosidl_typesupport_introspection_cpp/interfaces_hmm_sim/msg/detail/status__type_support.cpp.o[0m
[1.290s] [ 41%] [32mBuilding CXX object CMakeFiles/interfaces_hmm_sim__rosidl_typesupport_fastrtps_cpp.dir/rosidl_typesupport_fastrtps_cpp/interfaces_hmm_sim/msg/detail/dds_fastrtps/agent_poses__type_support.cpp.o[0m
[1.290s] [ 43%] [32mBuilding CXX object CMakeFiles/interfaces_hmm_sim__rosidl_typesupport_fastrtps_cpp.dir/rosidl_typesupport_fastrtps_cpp/interfaces_hmm_sim/msg/detail/dds_fastrtps/status__type_support.cpp.o[0m
[1.342s] [ 46%] [32mBuilding CXX object CMakeFiles/interfaces_hmm_sim__rosidl_typesupport_c.dir/rosidl_typesupport_c/interfaces_hmm_sim/msg/agent_poses__type_support.cpp.o[0m
[1.344s] [ 48%] [32mBuilding CXX object CMakeFiles/interfaces_hmm_sim__rosidl_typesupport_c.dir/rosidl_typesupport_c/interfaces_hmm_sim/msg/status__type_support.cpp.o[0m
[1.367s] [ 51%] [32mBuilding C object CMakeFiles/interfaces_hmm_sim__rosidl_typesupport_introspection_c.dir/rosidl_typesupport_introspection_c/interfaces_hmm_sim/msg/detail/status__type_support.c.o[0m
[1.367s] [ 53%] [32mBuilding C object CMakeFiles/interfaces_hmm_sim__rosidl_typesupport_introspection_c.dir/rosidl_typesupport_introspection_c/interfaces_hmm_sim/msg/detail/agent_poses__type_support.c.o[0m
[1.367s] [ 56%] [32mBuilding CXX object CMakeFiles/interfaces_hmm_sim__rosidl_typesupport_fastrtps_c.dir/rosidl_typesupport_fastrtps_c/interfaces_hmm_sim/msg/detail/agent_poses__type_support_c.cpp.o[0m
[1.369s] [ 58%] [32mBuilding CXX object CMakeFiles/interfaces_hmm_sim__rosidl_typesupport_fastrtps_c.dir/rosidl_typesupport_fastrtps_c/interfaces_hmm_sim/msg/detail/status__type_support_c.cpp.o[0m
[1.372s] [ 61%] [32m[1mLinking CXX shared library libinterfaces_hmm_sim__rosidl_typesupport_c.so[0m
[1.398s] [ 64%] [32m[1mLinking C shared library libinterfaces_hmm_sim__rosidl_typesupport_introspection_c.so[0m
[1.398s] [ 64%] Built target interfaces_hmm_sim__rosidl_typesupport_c
[1.418s] [ 64%] Built target interfaces_hmm_sim__rosidl_typesupport_introspection_c
[1.475s] [ 66%] [32m[1mLinking CXX shared library libinterfaces_hmm_sim__rosidl_typesupport_cpp.so[0m
[1.501s] [ 66%] Built target interfaces_hmm_sim__rosidl_typesupport_cpp
[1.558s] [ 69%] [32m[1mLinking CXX shared library libinterfaces_hmm_sim__rosidl_typesupport_introspection_cpp.so[0m
[1.581s] [ 71%] [32m[1mLinking CXX shared library libinterfaces_hmm_sim__rosidl_typesupport_fastrtps_c.so[0m
[1.587s] [ 74%] [32m[1mLinking CXX shared library libinterfaces_hmm_sim__rosidl_typesupport_fastrtps_cpp.so[0m
[1.602s] [ 74%] Built target interfaces_hmm_sim__rosidl_typesupport_introspection_cpp
[1.625s] [ 74%] Built target interfaces_hmm_sim__rosidl_typesupport_fastrtps_c
[1.632s] [ 74%] Built target interfaces_hmm_sim__rosidl_typesupport_fastrtps_cpp
[1.643s] [ 74%] Built target interfaces_hmm_sim
[1.655s] [ 76%] [34m[1mGenerating Python code for ROS interfaces[0m
[1.874s] [ 76%] Built target interfaces_hmm_sim__py
[1.885s] [ 79%] [32mBuilding C object CMakeFiles/interfaces_hmm_sim__rosidl_generator_py.dir/rosidl_generator_py/interfaces_hmm_sim/msg/_agent_poses_s.c.o[0m
[1.885s] [ 82%] [32mBuilding C object CMakeFiles/interfaces_hmm_sim__rosidl_generator_py.dir/rosidl_generator_py/interfaces_hmm_sim/msg/_status_s.c.o[0m
[1.967s] [ 84%] [32m[1mLinking C shared library rosidl_generator_py/interfaces_hmm_sim/libinterfaces_hmm_sim__rosidl_generator_py.so[0m
[1.989s] [ 84%] Built target interfaces_hmm_sim__rosidl_generator_py
[2.001s] [ 87%] [32mBuilding C object CMakeFiles/interfaces_hmm_sim__rosidl_typesupport_fastrtps_c__pyext.dir/rosidl_generator_py/interfaces_hmm_sim/_interfaces_hmm_sim_s.ep.rosidl_typesupport_fastrtps_c.c.o[0m
[2.001s] [ 89%] [32mBuilding C object CMakeFiles/interfaces_hmm_sim__rosidl_typesupport_introspection_c__pyext.dir/rosidl_generator_py/interfaces_hmm_sim/_interfaces_hmm_sim_s.ep.rosidl_typesupport_introspection_c.c.o[0m
[2.001s] [ 92%] [32mBuilding C object CMakeFiles/interfaces_hmm_sim__rosidl_typesupport_c__pyext.dir/rosidl_generator_py/interfaces_hmm_sim/_interfaces_hmm_sim_s.ep.rosidl_typesupport_c.c.o[0m
[2.053s] [100%] [32m[1mLinking C shared library rosidl_generator_py/interfaces_hmm_sim/interfaces_hmm_sim_s__rosidl_typesupport_c.cpython-310-x86_64-linux-gnu.so[0m
[2.053s] [100%] [32m[1mLinking C shared library rosidl_generator_py/interfaces_hmm_sim/interfaces_hmm_sim_s__rosidl_typesupport_fastrtps_c.cpython-310-x86_64-linux-gnu.so[0m
[2.053s] [100%] [32m[1mLinking C shared library rosidl_generator_py/interfaces_hmm_sim/interfaces_hmm_sim_s__rosidl_typesupport_introspection_c.cpython-310-x86_64-linux-gnu.so[0m
[2.072s] [100%] Built target interfaces_hmm_sim__rosidl_typesupport_c__pyext
[2.072s] [100%] Built target interfaces_hmm_sim__rosidl_typesupport_introspection_c__pyext
[2.072s] [100%] Built target interfaces_hmm_sim__rosidl_typesupport_fastrtps_c__pyext
[2.079s] Invoked command in '/home/maverick/LMCO/tmm-mas/sim/ROS2/build/interfaces_hmm_sim' returned '0': CMAKE_PREFIX_PATH=/opt/ros/humble /usr/bin/cmake --build /home/maverick/LMCO/tmm-mas/sim/ROS2/build/interfaces_hmm_sim -- -j16 -l16
[2.085s] Invoking command in '/home/maverick/LMCO/tmm-mas/sim/ROS2/build/interfaces_hmm_sim': CMAKE_PREFIX_PATH=/opt/ros/humble /usr/bin/cmake --install /home/maverick/LMCO/tmm-mas/sim/ROS2/build/interfaces_hmm_sim
[2.089s] -- Install configuration: ""
[2.089s] -- Installing: /home/maverick/LMCO/tmm-mas/sim/ROS2/install/interfaces_hmm_sim/share/ament_index/resource_index/rosidl_interfaces/interfaces_hmm_sim
[2.089s] -- Installing: /home/maverick/LMCO/tmm-mas/sim/ROS2/install/interfaces_hmm_sim/include/interfaces_hmm_sim/interfaces_hmm_sim
[2.089s] -- Installing: /home/maverick/LMCO/tmm-mas/sim/ROS2/install/interfaces_hmm_sim/include/interfaces_hmm_sim/interfaces_hmm_sim/msg
[2.090s] -- Installing: /home/maverick/LMCO/tmm-mas/sim/ROS2/install/interfaces_hmm_sim/include/interfaces_hmm_sim/interfaces_hmm_sim/msg/detail
[2.090s] -- Installing: /home/maverick/LMCO/tmm-mas/sim/ROS2/install/interfaces_hmm_sim/include/interfaces_hmm_sim/interfaces_hmm_sim/msg/detail/status__struct.h
[2.090s] -- Installing: /home/maverick/LMCO/tmm-mas/sim/ROS2/install/interfaces_hmm_sim/include/interfaces_hmm_sim/interfaces_hmm_sim/msg/detail/agent_poses__struct.h
[2.090s] -- Installing: /home/maverick/LMCO/tmm-mas/sim/ROS2/install/interfaces_hmm_sim/include/interfaces_hmm_sim/interfaces_hmm_sim/msg/detail/status__functions.c
[2.090s] -- Installing: /home/maverick/LMCO/tmm-mas/sim/ROS2/install/interfaces_hmm_sim/include/interfaces_hmm_sim/interfaces_hmm_sim/msg/detail/agent_poses__functions.c
[2.090s] -- Installing: /home/maverick/LMCO/tmm-mas/sim/ROS2/install/interfaces_hmm_sim/include/interfaces_hmm_sim/interfaces_hmm_sim/msg/detail/agent_poses__type_support.h
[2.090s] -- Installing: /home/maverick/LMCO/tmm-mas/sim/ROS2/install/interfaces_hmm_sim/include/interfaces_hmm_sim/interfaces_hmm_sim/msg/detail/agent_poses__functions.h
[2.090s] -- Installing: /home/maverick/LMCO/tmm-mas/sim/ROS2/install/interfaces_hmm_sim/include/interfaces_hmm_sim/interfaces_hmm_sim/msg/detail/status__functions.h
[2.090s] -- Installing: /home/maverick/LMCO/tmm-mas/sim/ROS2/install/interfaces_hmm_sim/include/interfaces_hmm_sim/interfaces_hmm_sim/msg/detail/status__type_support.h
[2.090s] -- Installing: /home/maverick/LMCO/tmm-mas/sim/ROS2/install/interfaces_hmm_sim/include/interfaces_hmm_sim/interfaces_hmm_sim/msg/agent_poses.h
[2.090s] -- Installing: /home/maverick/LMCO/tmm-mas/sim/ROS2/install/interfaces_hmm_sim/include/interfaces_hmm_sim/interfaces_hmm_sim/msg/status.h
[2.090s] -- Installing: /home/maverick/LMCO/tmm-mas/sim/ROS2/install/interfaces_hmm_sim/include/interfaces_hmm_sim/interfaces_hmm_sim/msg/rosidl_generator_c__visibility_control.h
[2.090s] -- Installing: /home/maverick/LMCO/tmm-mas/sim/ROS2/install/interfaces_hmm_sim/share/interfaces_hmm_sim/environment/library_path.sh
[2.090s] -- Installing: /home/maverick/LMCO/tmm-mas/sim/ROS2/install/interfaces_hmm_sim/share/interfaces_hmm_sim/environment/library_path.dsv
[2.090s] -- Installing: /home/maverick/LMCO/tmm-mas/sim/ROS2/install/interfaces_hmm_sim/lib/libinterfaces_hmm_sim__rosidl_generator_c.so
[2.090s] -- Set runtime path of "/home/maverick/LMCO/tmm-mas/sim/ROS2/install/interfaces_hmm_sim/lib/libinterfaces_hmm_sim__rosidl_generator_c.so" to ""
[2.090s] -- Up-to-date: /home/maverick/LMCO/tmm-mas/sim/ROS2/install/interfaces_hmm_sim/include/interfaces_hmm_sim/interfaces_hmm_sim
[2.090s] -- Up-to-date: /home/maverick/LMCO/tmm-mas/sim/ROS2/install/interfaces_hmm_sim/include/interfaces_hmm_sim/interfaces_hmm_sim/msg
[2.090s] -- Up-to-date: /home/maverick/LMCO/tmm-mas/sim/ROS2/install/interfaces_hmm_sim/include/interfaces_hmm_sim/interfaces_hmm_sim/msg/detail
[2.091s] -- Installing: /home/maverick/LMCO/tmm-mas/sim/ROS2/install/interfaces_hmm_sim/include/interfaces_hmm_sim/interfaces_hmm_sim/msg/detail/agent_poses__rosidl_typesupport_fastrtps_c.h
[2.091s] -- Installing: /home/maverick/LMCO/tmm-mas/sim/ROS2/install/interfaces_hmm_sim/include/interfaces_hmm_sim/interfaces_hmm_sim/msg/detail/status__rosidl_typesupport_fastrtps_c.h
[2.091s] -- Installing: /home/maverick/LMCO/tmm-mas/sim/ROS2/install/interfaces_hmm_sim/include/interfaces_hmm_sim/interfaces_hmm_sim/msg/rosidl_typesupport_fastrtps_c__visibility_control.h
[2.091s] -- Installing: /home/maverick/LMCO/tmm-mas/sim/ROS2/install/interfaces_hmm_sim/lib/libinterfaces_hmm_sim__rosidl_typesupport_fastrtps_c.so
[2.091s] -- Set runtime path of "/home/maverick/LMCO/tmm-mas/sim/ROS2/install/interfaces_hmm_sim/lib/libinterfaces_hmm_sim__rosidl_typesupport_fastrtps_c.so" to ""
[2.091s] -- Up-to-date: /home/maverick/LMCO/tmm-mas/sim/ROS2/install/interfaces_hmm_sim/include/interfaces_hmm_sim/interfaces_hmm_sim
[2.091s] -- Up-to-date: /home/maverick/LMCO/tmm-mas/sim/ROS2/install/interfaces_hmm_sim/include/interfaces_hmm_sim/interfaces_hmm_sim/msg
[2.091s] -- Up-to-date: /home/maverick/LMCO/tmm-mas/sim/ROS2/install/interfaces_hmm_sim/include/interfaces_hmm_sim/interfaces_hmm_sim/msg/detail
[2.091s] -- Installing: /home/maverick/LMCO/tmm-mas/sim/ROS2/install/interfaces_hmm_sim/include/interfaces_hmm_sim/interfaces_hmm_sim/msg/detail/status__type_support.c
[2.091s] -- Installing: /home/maverick/LMCO/tmm-mas/sim/ROS2/install/interfaces_hmm_sim/include/interfaces_hmm_sim/interfaces_hmm_sim/msg/detail/agent_poses__rosidl_typesupport_introspection_c.h
[2.091s] -- Installing: /home/maverick/LMCO/tmm-mas/sim/ROS2/install/interfaces_hmm_sim/include/interfaces_hmm_sim/interfaces_hmm_sim/msg/detail/status__rosidl_typesupport_introspection_c.h
[2.091s] -- Installing: /home/maverick/LMCO/tmm-mas/sim/ROS2/install/interfaces_hmm_sim/include/interfaces_hmm_sim/interfaces_hmm_sim/msg/detail/agent_poses__type_support.c
[2.091s] -- Installing: /home/maverick/LMCO/tmm-mas/sim/ROS2/install/interfaces_hmm_sim/include/interfaces_hmm_sim/interfaces_hmm_sim/msg/rosidl_typesupport_introspection_c__visibility_control.h
[2.091s] -- Installing: /home/maverick/LMCO/tmm-mas/sim/ROS2/install/interfaces_hmm_sim/lib/libinterfaces_hmm_sim__rosidl_typesupport_introspection_c.so
[2.091s] -- Set runtime path of "/home/maverick/LMCO/tmm-mas/sim/ROS2/install/interfaces_hmm_sim/lib/libinterfaces_hmm_sim__rosidl_typesupport_introspection_c.so" to ""
[2.091s] -- Installing: /home/maverick/LMCO/tmm-mas/sim/ROS2/install/interfaces_hmm_sim/lib/libinterfaces_hmm_sim__rosidl_typesupport_c.so
[2.091s] -- Set runtime path of "/home/maverick/LMCO/tmm-mas/sim/ROS2/install/interfaces_hmm_sim/lib/libinterfaces_hmm_sim__rosidl_typesupport_c.so" to ""
[2.091s] -- Up-to-date: /home/maverick/LMCO/tmm-mas/sim/ROS2/install/interfaces_hmm_sim/include/interfaces_hmm_sim/interfaces_hmm_sim
[2.091s] -- Up-to-date: /home/maverick/LMCO/tmm-mas/sim/ROS2/install/interfaces_hmm_sim/include/interfaces_hmm_sim/interfaces_hmm_sim/msg
[2.091s] -- Up-to-date: /home/maverick/LMCO/tmm-mas/sim/ROS2/install/interfaces_hmm_sim/include/interfaces_hmm_sim/interfaces_hmm_sim/msg/detail
[2.092s] -- Installing: /home/maverick/LMCO/tmm-mas/sim/ROS2/install/interfaces_hmm_sim/include/interfaces_hmm_sim/interfaces_hmm_sim/msg/detail/status__builder.hpp
[2.092s] -- Installing: /home/maverick/LMCO/tmm-mas/sim/ROS2/install/interfaces_hmm_sim/include/interfaces_hmm_sim/interfaces_hmm_sim/msg/detail/status__struct.hpp
[2.092s] -- Installing: /home/maverick/LMCO/tmm-mas/sim/ROS2/install/interfaces_hmm_sim/include/interfaces_hmm_sim/interfaces_hmm_sim/msg/detail/agent_poses__struct.hpp
[2.092s] -- Installing: /home/maverick/LMCO/tmm-mas/sim/ROS2/install/interfaces_hmm_sim/include/interfaces_hmm_sim/interfaces_hmm_sim/msg/detail/status__traits.hpp
[2.092s] -- Installing: /home/maverick/LMCO/tmm-mas/sim/ROS2/install/interfaces_hmm_sim/include/interfaces_hmm_sim/interfaces_hmm_sim/msg/detail/status__type_support.hpp
[2.092s] -- Installing: /home/maverick/LMCO/tmm-mas/sim/ROS2/install/interfaces_hmm_sim/include/interfaces_hmm_sim/interfaces_hmm_sim/msg/detail/agent_poses__type_support.hpp
[2.092s] -- Installing: /home/maverick/LMCO/tmm-mas/sim/ROS2/install/interfaces_hmm_sim/include/interfaces_hmm_sim/interfaces_hmm_sim/msg/detail/agent_poses__traits.hpp
[2.092s] -- Installing: /home/maverick/LMCO/tmm-mas/sim/ROS2/install/interfaces_hmm_sim/include/interfaces_hmm_sim/interfaces_hmm_sim/msg/detail/agent_poses__builder.hpp
[2.092s] -- Installing: /home/maverick/LMCO/tmm-mas/sim/ROS2/install/interfaces_hmm_sim/include/interfaces_hmm_sim/interfaces_hmm_sim/msg/agent_poses.hpp
[2.092s] -- Installing: /home/maverick/LMCO/tmm-mas/sim/ROS2/install/interfaces_hmm_sim/include/interfaces_hmm_sim/interfaces_hmm_sim/msg/status.hpp
[2.092s] -- Installing: /home/maverick/LMCO/tmm-mas/sim/ROS2/install/interfaces_hmm_sim/include/interfaces_hmm_sim/interfaces_hmm_sim/msg/rosidl_generator_cpp__visibility_control.hpp
[2.092s] -- Up-to-date: /home/maverick/LMCO/tmm-mas/sim/ROS2/install/interfaces_hmm_sim/include/interfaces_hmm_sim/interfaces_hmm_sim
[2.092s] -- Up-to-date: /home/maverick/LMCO/tmm-mas/sim/ROS2/install/interfaces_hmm_sim/include/interfaces_hmm_sim/interfaces_hmm_sim/msg
[2.092s] -- Installing: /home/maverick/LMCO/tmm-mas/sim/ROS2/install/interfaces_hmm_sim/include/interfaces_hmm_sim/interfaces_hmm_sim/msg/rosidl_typesupport_fastrtps_cpp__visibility_control.h
[2.092s] -- Up-to-date: /home/maverick/LMCO/tmm-mas/sim/ROS2/install/interfaces_hmm_sim/include/interfaces_hmm_sim/interfaces_hmm_sim/msg/detail
[2.092s] -- Installing: /home/maverick/LMCO/tmm-mas/sim/ROS2/install/interfaces_hmm_sim/include/interfaces_hmm_sim/interfaces_hmm_sim/msg/detail/status__rosidl_typesupport_fastrtps_cpp.hpp
[2.092s] -- Installing: /home/maverick/LMCO/tmm-mas/sim/ROS2/install/interfaces_hmm_sim/include/interfaces_hmm_sim/interfaces_hmm_sim/msg/detail/agent_poses__rosidl_typesupport_fastrtps_cpp.hpp
[2.092s] -- Installing: /home/maverick/LMCO/tmm-mas/sim/ROS2/install/interfaces_hmm_sim/include/interfaces_hmm_sim/interfaces_hmm_sim/msg/detail/dds_fastrtps
[2.092s] -- Installing: /home/maverick/LMCO/tmm-mas/sim/ROS2/install/interfaces_hmm_sim/lib/libinterfaces_hmm_sim__rosidl_typesupport_fastrtps_cpp.so
[2.092s] -- Set runtime path of "/home/maverick/LMCO/tmm-mas/sim/ROS2/install/interfaces_hmm_sim/lib/libinterfaces_hmm_sim__rosidl_typesupport_fastrtps_cpp.so" to ""
[2.092s] -- Up-to-date: /home/maverick/LMCO/tmm-mas/sim/ROS2/install/interfaces_hmm_sim/include/interfaces_hmm_sim/interfaces_hmm_sim
[2.092s] -- Up-to-date: /home/maverick/LMCO/tmm-mas/sim/ROS2/install/interfaces_hmm_sim/include/interfaces_hmm_sim/interfaces_hmm_sim/msg
[2.092s] -- Up-to-date: /home/maverick/LMCO/tmm-mas/sim/ROS2/install/interfaces_hmm_sim/include/interfaces_hmm_sim/interfaces_hmm_sim/msg/detail
[2.092s] -- Installing: /home/maverick/LMCO/tmm-mas/sim/ROS2/install/interfaces_hmm_sim/include/interfaces_hmm_sim/interfaces_hmm_sim/msg/detail/status__type_support.cpp
[2.093s] -- Installing: /home/maverick/LMCO/tmm-mas/sim/ROS2/install/interfaces_hmm_sim/include/interfaces_hmm_sim/interfaces_hmm_sim/msg/detail/status__rosidl_typesupport_introspection_cpp.hpp
[2.093s] -- Installing: /home/maverick/LMCO/tmm-mas/sim/ROS2/install/interfaces_hmm_sim/include/interfaces_hmm_sim/interfaces_hmm_sim/msg/detail/agent_poses__rosidl_typesupport_introspection_cpp.hpp
[2.093s] -- Installing: /home/maverick/LMCO/tmm-mas/sim/ROS2/install/interfaces_hmm_sim/include/interfaces_hmm_sim/interfaces_hmm_sim/msg/detail/agent_poses__type_support.cpp
[2.093s] -- Installing: /home/maverick/LMCO/tmm-mas/sim/ROS2/install/interfaces_hmm_sim/lib/libinterfaces_hmm_sim__rosidl_typesupport_introspection_cpp.so
[2.093s] -- Set runtime path of "/home/maverick/LMCO/tmm-mas/sim/ROS2/install/interfaces_hmm_sim/lib/libinterfaces_hmm_sim__rosidl_typesupport_introspection_cpp.so" to ""
[2.093s] -- Installing: /home/maverick/LMCO/tmm-mas/sim/ROS2/install/interfaces_hmm_sim/lib/libinterfaces_hmm_sim__rosidl_typesupport_cpp.so
[2.093s] -- Set runtime path of "/home/maverick/LMCO/tmm-mas/sim/ROS2/install/interfaces_hmm_sim/lib/libinterfaces_hmm_sim__rosidl_typesupport_cpp.so" to ""
[2.093s] -- Installing: /home/maverick/LMCO/tmm-mas/sim/ROS2/install/interfaces_hmm_sim/share/interfaces_hmm_sim/environment/pythonpath.sh
[2.093s] -- Installing: /home/maverick/LMCO/tmm-mas/sim/ROS2/install/interfaces_hmm_sim/share/interfaces_hmm_sim/environment/pythonpath.dsv
[2.093s] -- Installing: /home/maverick/LMCO/tmm-mas/sim/ROS2/install/interfaces_hmm_sim/local/lib/python3.10/dist-packages/interfaces_hmm_sim-0.0.0-py3.10.egg-info
[2.093s] -- Installing: /home/maverick/LMCO/tmm-mas/sim/ROS2/install/interfaces_hmm_sim/local/lib/python3.10/dist-packages/interfaces_hmm_sim-0.0.0-py3.10.egg-info/SOURCES.txt
[2.093s] -- Installing: /home/maverick/LMCO/tmm-mas/sim/ROS2/install/interfaces_hmm_sim/local/lib/python3.10/dist-packages/interfaces_hmm_sim-0.0.0-py3.10.egg-info/top_level.txt
[2.093s] -- Installing: /home/maverick/LMCO/tmm-mas/sim/ROS2/install/interfaces_hmm_sim/local/lib/python3.10/dist-packages/interfaces_hmm_sim-0.0.0-py3.10.egg-info/dependency_links.txt
[2.093s] -- Installing: /home/maverick/LMCO/tmm-mas/sim/ROS2/install/interfaces_hmm_sim/local/lib/python3.10/dist-packages/interfaces_hmm_sim-0.0.0-py3.10.egg-info/PKG-INFO
[2.093s] -- Installing: /home/maverick/LMCO/tmm-mas/sim/ROS2/install/interfaces_hmm_sim/local/lib/python3.10/dist-packages/interfaces_hmm_sim
[2.093s] -- Installing: /home/maverick/LMCO/tmm-mas/sim/ROS2/install/interfaces_hmm_sim/local/lib/python3.10/dist-packages/interfaces_hmm_sim/_interfaces_hmm_sim_s.ep.rosidl_typesupport_c.c
[2.093s] -- Installing: /home/maverick/LMCO/tmm-mas/sim/ROS2/install/interfaces_hmm_sim/local/lib/python3.10/dist-packages/interfaces_hmm_sim/msg
[2.093s] -- Installing: /home/maverick/LMCO/tmm-mas/sim/ROS2/install/interfaces_hmm_sim/local/lib/python3.10/dist-packages/interfaces_hmm_sim/msg/_status_s.c
[2.093s] -- Installing: /home/maverick/LMCO/tmm-mas/sim/ROS2/install/interfaces_hmm_sim/local/lib/python3.10/dist-packages/interfaces_hmm_sim/msg/_status.py
[2.094s] -- Installing: /home/maverick/LMCO/tmm-mas/sim/ROS2/install/interfaces_hmm_sim/local/lib/python3.10/dist-packages/interfaces_hmm_sim/msg/_agent_poses_s.c
[2.094s] -- Installing: /home/maverick/LMCO/tmm-mas/sim/ROS2/install/interfaces_hmm_sim/local/lib/python3.10/dist-packages/interfaces_hmm_sim/msg/__init__.py
[2.094s] -- Installing: /home/maverick/LMCO/tmm-mas/sim/ROS2/install/interfaces_hmm_sim/local/lib/python3.10/dist-packages/interfaces_hmm_sim/msg/_agent_poses.py
[2.094s] -- Installing: /home/maverick/LMCO/tmm-mas/sim/ROS2/install/interfaces_hmm_sim/local/lib/python3.10/dist-packages/interfaces_hmm_sim/_interfaces_hmm_sim_s.ep.rosidl_typesupport_fastrtps_c.c
[2.094s] -- Installing: /home/maverick/LMCO/tmm-mas/sim/ROS2/install/interfaces_hmm_sim/local/lib/python3.10/dist-packages/interfaces_hmm_sim/interfaces_hmm_sim_s__rosidl_typesupport_c.cpython-310-x86_64-linux-gnu.so
[2.094s] -- Installing: /home/maverick/LMCO/tmm-mas/sim/ROS2/install/interfaces_hmm_sim/local/lib/python3.10/dist-packages/interfaces_hmm_sim/libinterfaces_hmm_sim__rosidl_generator_py.so
[2.094s] -- Installing: /home/maverick/LMCO/tmm-mas/sim/ROS2/install/interfaces_hmm_sim/local/lib/python3.10/dist-packages/interfaces_hmm_sim/_interfaces_hmm_sim_s.ep.rosidl_typesupport_introspection_c.c
[2.094s] -- Installing: /home/maverick/LMCO/tmm-mas/sim/ROS2/install/interfaces_hmm_sim/local/lib/python3.10/dist-packages/interfaces_hmm_sim/__init__.py
[2.094s] -- Installing: /home/maverick/LMCO/tmm-mas/sim/ROS2/install/interfaces_hmm_sim/local/lib/python3.10/dist-packages/interfaces_hmm_sim/interfaces_hmm_sim_s__rosidl_typesupport_introspection_c.cpython-310-x86_64-linux-gnu.so
[2.094s] -- Installing: /home/maverick/LMCO/tmm-mas/sim/ROS2/install/interfaces_hmm_sim/local/lib/python3.10/dist-packages/interfaces_hmm_sim/interfaces_hmm_sim_s__rosidl_typesupport_fastrtps_c.cpython-310-x86_64-linux-gnu.so
[2.115s] Listing '/home/maverick/LMCO/tmm-mas/sim/ROS2/install/interfaces_hmm_sim/local/lib/python3.10/dist-packages/interfaces_hmm_sim'...
[2.115s] Compiling '/home/maverick/LMCO/tmm-mas/sim/ROS2/install/interfaces_hmm_sim/local/lib/python3.10/dist-packages/interfaces_hmm_sim/__init__.py'...
[2.115s] Listing '/home/maverick/LMCO/tmm-mas/sim/ROS2/install/interfaces_hmm_sim/local/lib/python3.10/dist-packages/interfaces_hmm_sim/msg'...
[2.115s] Compiling '/home/maverick/LMCO/tmm-mas/sim/ROS2/install/interfaces_hmm_sim/local/lib/python3.10/dist-packages/interfaces_hmm_sim/msg/__init__.py'...
[2.115s] Compiling '/home/maverick/LMCO/tmm-mas/sim/ROS2/install/interfaces_hmm_sim/local/lib/python3.10/dist-packages/interfaces_hmm_sim/msg/_agent_poses.py'...
[2.115s] Compiling '/home/maverick/LMCO/tmm-mas/sim/ROS2/install/interfaces_hmm_sim/local/lib/python3.10/dist-packages/interfaces_hmm_sim/msg/_status.py'...
[2.118s] -- Installing: /home/maverick/LMCO/tmm-mas/sim/ROS2/install/interfaces_hmm_sim/local/lib/python3.10/dist-packages/interfaces_hmm_sim/interfaces_hmm_sim_s__rosidl_typesupport_fastrtps_c.cpython-310-x86_64-linux-gnu.so
[2.118s] -- Set runtime path of "/home/maverick/LMCO/tmm-mas/sim/ROS2/install/interfaces_hmm_sim/local/lib/python3.10/dist-packages/interfaces_hmm_sim/interfaces_hmm_sim_s__rosidl_typesupport_fastrtps_c.cpython-310-x86_64-linux-gnu.so" to ""
[2.118s] -- Installing: /home/maverick/LMCO/tmm-mas/sim/ROS2/install/interfaces_hmm_sim/local/lib/python3.10/dist-packages/interfaces_hmm_sim/interfaces_hmm_sim_s__rosidl_typesupport_introspection_c.cpython-310-x86_64-linux-gnu.so
[2.118s] -- Set runtime path of "/home/maverick/LMCO/tmm-mas/sim/ROS2/install/interfaces_hmm_sim/local/lib/python3.10/dist-packages/interfaces_hmm_sim/interfaces_hmm_sim_s__rosidl_typesupport_introspection_c.cpython-310-x86_64-linux-gnu.so" to ""
[2.118s] -- Installing: /home/maverick/LMCO/tmm-mas/sim/ROS2/install/interfaces_hmm_sim/local/lib/python3.10/dist-packages/interfaces_hmm_sim/interfaces_hmm_sim_s__rosidl_typesupport_c.cpython-310-x86_64-linux-gnu.so
[2.118s] -- Set runtime path of "/home/maverick/LMCO/tmm-mas/sim/ROS2/install/interfaces_hmm_sim/local/lib/python3.10/dist-packages/interfaces_hmm_sim/interfaces_hmm_sim_s__rosidl_typesupport_c.cpython-310-x86_64-linux-gnu.so" to ""
[2.118s] -- Installing: /home/maverick/LMCO/tmm-mas/sim/ROS2/install/interfaces_hmm_sim/lib/libinterfaces_hmm_sim__rosidl_generator_py.so
[2.119s] -- Set runtime path of "/home/maverick/LMCO/tmm-mas/sim/ROS2/install/interfaces_hmm_sim/lib/libinterfaces_hmm_sim__rosidl_generator_py.so" to ""
[2.119s] -- Installing: /home/maverick/LMCO/tmm-mas/sim/ROS2/install/interfaces_hmm_sim/share/interfaces_hmm_sim/msg/AgentPoses.idl
[2.119s] -- Installing: /home/maverick/LMCO/tmm-mas/sim/ROS2/install/interfaces_hmm_sim/share/interfaces_hmm_sim/msg/Status.idl
[2.119s] -- Installing: /home/maverick/LMCO/tmm-mas/sim/ROS2/install/interfaces_hmm_sim/share/interfaces_hmm_sim/msg/AgentPoses.msg
[2.119s] -- Installing: /home/maverick/LMCO/tmm-mas/sim/ROS2/install/interfaces_hmm_sim/share/interfaces_hmm_sim/msg/Status.msg
[2.119s] -- Installing: /home/maverick/LMCO/tmm-mas/sim/ROS2/install/interfaces_hmm_sim/share/ament_index/resource_index/package_run_dependencies/interfaces_hmm_sim
[2.120s] -- Installing: /home/maverick/LMCO/tmm-mas/sim/ROS2/install/interfaces_hmm_sim/share/ament_index/resource_index/parent_prefix_path/interfaces_hmm_sim
[2.120s] -- Installing: /home/maverick/LMCO/tmm-mas/sim/ROS2/install/interfaces_hmm_sim/share/interfaces_hmm_sim/environment/ament_prefix_path.sh
[2.120s] -- Installing: /home/maverick/LMCO/tmm-mas/sim/ROS2/install/interfaces_hmm_sim/share/interfaces_hmm_sim/environment/ament_prefix_path.dsv
[2.120s] -- Installing: /home/maverick/LMCO/tmm-mas/sim/ROS2/install/interfaces_hmm_sim/share/interfaces_hmm_sim/environment/path.sh
[2.120s] -- Installing: /home/maverick/LMCO/tmm-mas/sim/ROS2/install/interfaces_hmm_sim/share/interfaces_hmm_sim/environment/path.dsv
[2.120s] -- Installing: /home/maverick/LMCO/tmm-mas/sim/ROS2/install/interfaces_hmm_sim/share/interfaces_hmm_sim/local_setup.bash
[2.120s] -- Installing: /home/maverick/LMCO/tmm-mas/sim/ROS2/install/interfaces_hmm_sim/share/interfaces_hmm_sim/local_setup.sh
[2.120s] -- Installing: /home/maverick/LMCO/tmm-mas/sim/ROS2/install/interfaces_hmm_sim/share/interfaces_hmm_sim/local_setup.zsh
[2.120s] -- Installing: /home/maverick/LMCO/tmm-mas/sim/ROS2/install/interfaces_hmm_sim/share/interfaces_hmm_sim/local_setup.dsv
[2.120s] -- Installing: /home/maverick/LMCO/tmm-mas/sim/ROS2/install/interfaces_hmm_sim/share/interfaces_hmm_sim/package.dsv
[2.120s] -- Installing: /home/maverick/LMCO/tmm-mas/sim/ROS2/install/interfaces_hmm_sim/share/ament_index/resource_index/packages/interfaces_hmm_sim
[2.120s] -- Installing: /home/maverick/LMCO/tmm-mas/sim/ROS2/install/interfaces_hmm_sim/share/interfaces_hmm_sim/cmake/export_interfaces_hmm_sim__rosidl_generator_cExport.cmake
[2.120s] -- Installing: /home/maverick/LMCO/tmm-mas/sim/ROS2/install/interfaces_hmm_sim/share/interfaces_hmm_sim/cmake/export_interfaces_hmm_sim__rosidl_generator_cExport-noconfig.cmake
[2.120s] -- Installing: /home/maverick/LMCO/tmm-mas/sim/ROS2/install/interfaces_hmm_sim/share/interfaces_hmm_sim/cmake/export_interfaces_hmm_sim__rosidl_typesupport_fastrtps_cExport.cmake
[2.120s] -- Installing: /home/maverick/LMCO/tmm-mas/sim/ROS2/install/interfaces_hmm_sim/share/interfaces_hmm_sim/cmake/export_interfaces_hmm_sim__rosidl_typesupport_fastrtps_cExport-noconfig.cmake
[2.120s] -- Installing: /home/maverick/LMCO/tmm-mas/sim/ROS2/install/interfaces_hmm_sim/share/interfaces_hmm_sim/cmake/interfaces_hmm_sim__rosidl_typesupport_introspection_cExport.cmake
[2.121s] -- Installing: /home/maverick/LMCO/tmm-mas/sim/ROS2/install/interfaces_hmm_sim/share/interfaces_hmm_sim/cmake/interfaces_hmm_sim__rosidl_typesupport_introspection_cExport-noconfig.cmake
[2.121s] -- Installing: /home/maverick/LMCO/tmm-mas/sim/ROS2/install/interfaces_hmm_sim/share/interfaces_hmm_sim/cmake/interfaces_hmm_sim__rosidl_typesupport_cExport.cmake
[2.121s] -- Installing: /home/maverick/LMCO/tmm-mas/sim/ROS2/install/interfaces_hmm_sim/share/interfaces_hmm_sim/cmake/interfaces_hmm_sim__rosidl_typesupport_cExport-noconfig.cmake
[2.121s] -- Installing: /home/maverick/LMCO/tmm-mas/sim/ROS2/install/interfaces_hmm_sim/share/interfaces_hmm_sim/cmake/export_interfaces_hmm_sim__rosidl_generator_cppExport.cmake
[2.121s] -- Installing: /home/maverick/LMCO/tmm-mas/sim/ROS2/install/interfaces_hmm_sim/share/interfaces_hmm_sim/cmake/export_interfaces_hmm_sim__rosidl_typesupport_fastrtps_cppExport.cmake
[2.121s] -- Installing: /home/maverick/LMCO/tmm-mas/sim/ROS2/install/interfaces_hmm_sim/share/interfaces_hmm_sim/cmake/export_interfaces_hmm_sim__rosidl_typesupport_fastrtps_cppExport-noconfig.cmake
[2.121s] -- Installing: /home/maverick/LMCO/tmm-mas/sim/ROS2/install/interfaces_hmm_sim/share/interfaces_hmm_sim/cmake/interfaces_hmm_sim__rosidl_typesupport_introspection_cppExport.cmake
[2.121s] -- Installing: /home/maverick/LMCO/tmm-mas/sim/ROS2/install/interfaces_hmm_sim/share/interfaces_hmm_sim/cmake/interfaces_hmm_sim__rosidl_typesupport_introspection_cppExport-noconfig.cmake
[2.121s] -- Installing: /home/maverick/LMCO/tmm-mas/sim/ROS2/install/interfaces_hmm_sim/share/interfaces_hmm_sim/cmake/interfaces_hmm_sim__rosidl_typesupport_cppExport.cmake
[2.121s] -- Installing: /home/maverick/LMCO/tmm-mas/sim/ROS2/install/interfaces_hmm_sim/share/interfaces_hmm_sim/cmake/interfaces_hmm_sim__rosidl_typesupport_cppExport-noconfig.cmake
[2.121s] -- Installing: /home/maverick/LMCO/tmm-mas/sim/ROS2/install/interfaces_hmm_sim/share/interfaces_hmm_sim/cmake/export_interfaces_hmm_sim__rosidl_generator_pyExport.cmake
[2.121s] -- Installing: /home/maverick/LMCO/tmm-mas/sim/ROS2/install/interfaces_hmm_sim/share/interfaces_hmm_sim/cmake/export_interfaces_hmm_sim__rosidl_generator_pyExport-noconfig.cmake
[2.121s] -- Installing: /home/maverick/LMCO/tmm-mas/sim/ROS2/install/interfaces_hmm_sim/share/interfaces_hmm_sim/cmake/rosidl_cmake-extras.cmake
[2.121s] -- Installing: /home/maverick/LMCO/tmm-mas/sim/ROS2/install/interfaces_hmm_sim/share/interfaces_hmm_sim/cmake/ament_cmake_export_include_directories-extras.cmake
[2.121s] -- Installing: /home/maverick/LMCO/tmm-mas/sim/ROS2/install/interfaces_hmm_sim/share/interfaces_hmm_sim/cmake/ament_cmake_export_libraries-extras.cmake
[2.121s] -- Installing: /home/maverick/LMCO/tmm-mas/sim/ROS2/install/interfaces_hmm_sim/share/interfaces_hmm_sim/cmake/ament_cmake_export_targets-extras.cmake
[2.121s] -- Installing: /home/maverick/LMCO/tmm-mas/sim/ROS2/install/interfaces_hmm_sim/share/interfaces_hmm_sim/cmake/rosidl_cmake_export_typesupport_targets-extras.cmake
[2.122s] -- Installing: /home/maverick/LMCO/tmm-mas/sim/ROS2/install/interfaces_hmm_sim/share/interfaces_hmm_sim/cmake/ament_cmake_export_dependencies-extras.cmake
[2.122s] -- Installing: /home/maverick/LMCO/tmm-mas/sim/ROS2/install/interfaces_hmm_sim/share/interfaces_hmm_sim/cmake/rosidl_cmake_export_typesupport_libraries-extras.cmake
[2.122s] -- Installing: /home/maverick/LMCO/tmm-mas/sim/ROS2/install/interfaces_hmm_sim/share/interfaces_hmm_sim/cmake/interfaces_hmm_simConfig.cmake
[2.122s] -- Installing: /home/maverick/LMCO/tmm-mas/sim/ROS2/install/interfaces_hmm_sim/share/interfaces_hmm_sim/cmake/interfaces_hmm_simConfig-version.cmake
[2.122s] -- Installing: /home/maverick/LMCO/tmm-mas/sim/ROS2/install/interfaces_hmm_sim/share/interfaces_hmm_sim/package.xml
[2.123s] Invoked command in '/home/maverick/LMCO/tmm-mas/sim/ROS2/build/interfaces_hmm_sim' returned '0': CMAKE_PREFIX_PATH=/opt/ros/humble /usr/bin/cmake --install /home/maverick/LMCO/tmm-mas/sim/ROS2/build/interfaces_hmm_sim
