[35m[1mConsolidate compiler generated dependencies of target interfaces_hmm_sim__rosidl_generator_c[0m
[  2%] Built target interfaces_hmm_sim__cpp
[ 12%] Built target interfaces_hmm_sim__rosidl_generator_c
[ 12%] Built target ament_cmake_python_copy_interfaces_hmm_sim
[35m[1mConsolidate compiler generated dependencies of target interfaces_hmm_sim__rosidl_typesupport_fastrtps_cpp[0m
[35m[1mConsolidate compiler generated dependencies of target interfaces_hmm_sim__rosidl_typesupport_cpp[0m
[35m[1mConsolidate compiler generated dependencies of target interfaces_hmm_sim__rosidl_typesupport_introspection_cpp[0m
[35m[1mConsolidate compiler generated dependencies of target interfaces_hmm_sim__rosidl_typesupport_c[0m
[35m[1mConsolidate compiler generated dependencies of target interfaces_hmm_sim__rosidl_typesupport_introspection_c[0m
[35m[1mConsolidate compiler generated dependencies of target interfaces_hmm_sim__rosidl_typesupport_fastrtps_c[0m
[ 28%] Built target interfaces_hmm_sim__rosidl_typesupport_introspection_cpp
[ 33%] Built target interfaces_hmm_sim__rosidl_typesupport_cpp
[ 43%] Built target interfaces_hmm_sim__rosidl_typesupport_fastrtps_cpp
[ 53%] Built target interfaces_hmm_sim__rosidl_typesupport_c
[ 64%] Built target interfaces_hmm_sim__rosidl_typesupport_introspection_c
[ 74%] Built target interfaces_hmm_sim__rosidl_typesupport_fastrtps_c
[ 74%] Built target interfaces_hmm_sim
[ 76%] Built target interfaces_hmm_sim__py
[35m[1mConsolidate compiler generated dependencies of target interfaces_hmm_sim__rosidl_generator_py[0m
[ 84%] Built target interfaces_hmm_sim__rosidl_generator_py
[35m[1mConsolidate compiler generated dependencies of target interfaces_hmm_sim__rosidl_typesupport_fastrtps_c__pyext[0m
[35m[1mConsolidate compiler generated dependencies of target interfaces_hmm_sim__rosidl_typesupport_c__pyext[0m
[35m[1mConsolidate compiler generated dependencies of target interfaces_hmm_sim__rosidl_typesupport_introspection_c__pyext[0m
[ 89%] Built target interfaces_hmm_sim__rosidl_typesupport_fastrtps_c__pyext
[100%] Built target interfaces_hmm_sim__rosidl_typesupport_introspection_c__pyext
[100%] Built target interfaces_hmm_sim__rosidl_typesupport_c__pyext
running egg_info
writing interfaces_hmm_sim.egg-info/PKG-INFO
writing dependency_links to interfaces_hmm_sim.egg-info/dependency_links.txt
writing top-level names to interfaces_hmm_sim.egg-info/top_level.txt
reading manifest file 'interfaces_hmm_sim.egg-info/SOURCES.txt'
writing manifest file 'interfaces_hmm_sim.egg-info/SOURCES.txt'
[100%] Built target ament_cmake_python_build_interfaces_hmm_sim_egg
-- Install configuration: ""
-- Up-to-date: /home/maverick/LMCO/tmm-mas/sim/ROS2/install/interfaces_hmm_sim/share/ament_index/resource_index/rosidl_interfaces/interfaces_hmm_sim
-- Up-to-date: /home/maverick/LMCO/tmm-mas/sim/ROS2/install/interfaces_hmm_sim/include/interfaces_hmm_sim/interfaces_hmm_sim
-- Up-to-date: /home/maverick/LMCO/tmm-mas/sim/ROS2/install/interfaces_hmm_sim/include/interfaces_hmm_sim/interfaces_hmm_sim/msg
-- Up-to-date: /home/maverick/LMCO/tmm-mas/sim/ROS2/install/interfaces_hmm_sim/include/interfaces_hmm_sim/interfaces_hmm_sim/msg/detail
-- Up-to-date: /home/maverick/LMCO/tmm-mas/sim/ROS2/install/interfaces_hmm_sim/include/interfaces_hmm_sim/interfaces_hmm_sim/msg/detail/status__struct.h
-- Up-to-date: /home/maverick/LMCO/tmm-mas/sim/ROS2/install/interfaces_hmm_sim/include/interfaces_hmm_sim/interfaces_hmm_sim/msg/detail/agent_poses__struct.h
-- Up-to-date: /home/maverick/LMCO/tmm-mas/sim/ROS2/install/interfaces_hmm_sim/include/interfaces_hmm_sim/interfaces_hmm_sim/msg/detail/status__functions.c
-- Up-to-date: /home/maverick/LMCO/tmm-mas/sim/ROS2/install/interfaces_hmm_sim/include/interfaces_hmm_sim/interfaces_hmm_sim/msg/detail/agent_poses__functions.c
-- Up-to-date: /home/maverick/LMCO/tmm-mas/sim/ROS2/install/interfaces_hmm_sim/include/interfaces_hmm_sim/interfaces_hmm_sim/msg/detail/agent_poses__type_support.h
-- Up-to-date: /home/maverick/LMCO/tmm-mas/sim/ROS2/install/interfaces_hmm_sim/include/interfaces_hmm_sim/interfaces_hmm_sim/msg/detail/agent_poses__functions.h
-- Up-to-date: /home/maverick/LMCO/tmm-mas/sim/ROS2/install/interfaces_hmm_sim/include/interfaces_hmm_sim/interfaces_hmm_sim/msg/detail/status__functions.h
-- Up-to-date: /home/maverick/LMCO/tmm-mas/sim/ROS2/install/interfaces_hmm_sim/include/interfaces_hmm_sim/interfaces_hmm_sim/msg/detail/status__type_support.h
-- Up-to-date: /home/maverick/LMCO/tmm-mas/sim/ROS2/install/interfaces_hmm_sim/include/interfaces_hmm_sim/interfaces_hmm_sim/msg/agent_poses.h
-- Up-to-date: /home/maverick/LMCO/tmm-mas/sim/ROS2/install/interfaces_hmm_sim/include/interfaces_hmm_sim/interfaces_hmm_sim/msg/status.h
-- Up-to-date: /home/maverick/LMCO/tmm-mas/sim/ROS2/install/interfaces_hmm_sim/include/interfaces_hmm_sim/interfaces_hmm_sim/msg/rosidl_generator_c__visibility_control.h
-- Up-to-date: /home/maverick/LMCO/tmm-mas/sim/ROS2/install/interfaces_hmm_sim/share/interfaces_hmm_sim/environment/library_path.sh
-- Up-to-date: /home/maverick/LMCO/tmm-mas/sim/ROS2/install/interfaces_hmm_sim/share/interfaces_hmm_sim/environment/library_path.dsv
-- Up-to-date: /home/maverick/LMCO/tmm-mas/sim/ROS2/install/interfaces_hmm_sim/lib/libinterfaces_hmm_sim__rosidl_generator_c.so
-- Up-to-date: /home/maverick/LMCO/tmm-mas/sim/ROS2/install/interfaces_hmm_sim/include/interfaces_hmm_sim/interfaces_hmm_sim
-- Up-to-date: /home/maverick/LMCO/tmm-mas/sim/ROS2/install/interfaces_hmm_sim/include/interfaces_hmm_sim/interfaces_hmm_sim/msg
-- Up-to-date: /home/maverick/LMCO/tmm-mas/sim/ROS2/install/interfaces_hmm_sim/include/interfaces_hmm_sim/interfaces_hmm_sim/msg/detail
-- Up-to-date: /home/maverick/LMCO/tmm-mas/sim/ROS2/install/interfaces_hmm_sim/include/interfaces_hmm_sim/interfaces_hmm_sim/msg/detail/agent_poses__rosidl_typesupport_fastrtps_c.h
-- Up-to-date: /home/maverick/LMCO/tmm-mas/sim/ROS2/install/interfaces_hmm_sim/include/interfaces_hmm_sim/interfaces_hmm_sim/msg/detail/status__rosidl_typesupport_fastrtps_c.h
-- Up-to-date: /home/maverick/LMCO/tmm-mas/sim/ROS2/install/interfaces_hmm_sim/include/interfaces_hmm_sim/interfaces_hmm_sim/msg/rosidl_typesupport_fastrtps_c__visibility_control.h
-- Up-to-date: /home/maverick/LMCO/tmm-mas/sim/ROS2/install/interfaces_hmm_sim/lib/libinterfaces_hmm_sim__rosidl_typesupport_fastrtps_c.so
-- Up-to-date: /home/maverick/LMCO/tmm-mas/sim/ROS2/install/interfaces_hmm_sim/include/interfaces_hmm_sim/interfaces_hmm_sim
-- Up-to-date: /home/maverick/LMCO/tmm-mas/sim/ROS2/install/interfaces_hmm_sim/include/interfaces_hmm_sim/interfaces_hmm_sim/msg
-- Up-to-date: /home/maverick/LMCO/tmm-mas/sim/ROS2/install/interfaces_hmm_sim/include/interfaces_hmm_sim/interfaces_hmm_sim/msg/detail
-- Up-to-date: /home/maverick/LMCO/tmm-mas/sim/ROS2/install/interfaces_hmm_sim/include/interfaces_hmm_sim/interfaces_hmm_sim/msg/detail/status__type_support.c
-- Up-to-date: /home/maverick/LMCO/tmm-mas/sim/ROS2/install/interfaces_hmm_sim/include/interfaces_hmm_sim/interfaces_hmm_sim/msg/detail/agent_poses__rosidl_typesupport_introspection_c.h
-- Up-to-date: /home/maverick/LMCO/tmm-mas/sim/ROS2/install/interfaces_hmm_sim/include/interfaces_hmm_sim/interfaces_hmm_sim/msg/detail/status__rosidl_typesupport_introspection_c.h
-- Up-to-date: /home/maverick/LMCO/tmm-mas/sim/ROS2/install/interfaces_hmm_sim/include/interfaces_hmm_sim/interfaces_hmm_sim/msg/detail/agent_poses__type_support.c
-- Up-to-date: /home/maverick/LMCO/tmm-mas/sim/ROS2/install/interfaces_hmm_sim/include/interfaces_hmm_sim/interfaces_hmm_sim/msg/rosidl_typesupport_introspection_c__visibility_control.h
-- Up-to-date: /home/maverick/LMCO/tmm-mas/sim/ROS2/install/interfaces_hmm_sim/lib/libinterfaces_hmm_sim__rosidl_typesupport_introspection_c.so
-- Up-to-date: /home/maverick/LMCO/tmm-mas/sim/ROS2/install/interfaces_hmm_sim/lib/libinterfaces_hmm_sim__rosidl_typesupport_c.so
-- Up-to-date: /home/maverick/LMCO/tmm-mas/sim/ROS2/install/interfaces_hmm_sim/include/interfaces_hmm_sim/interfaces_hmm_sim
-- Up-to-date: /home/maverick/LMCO/tmm-mas/sim/ROS2/install/interfaces_hmm_sim/include/interfaces_hmm_sim/interfaces_hmm_sim/msg
-- Up-to-date: /home/maverick/LMCO/tmm-mas/sim/ROS2/install/interfaces_hmm_sim/include/interfaces_hmm_sim/interfaces_hmm_sim/msg/detail
-- Up-to-date: /home/maverick/LMCO/tmm-mas/sim/ROS2/install/interfaces_hmm_sim/include/interfaces_hmm_sim/interfaces_hmm_sim/msg/detail/status__builder.hpp
-- Up-to-date: /home/maverick/LMCO/tmm-mas/sim/ROS2/install/interfaces_hmm_sim/include/interfaces_hmm_sim/interfaces_hmm_sim/msg/detail/status__struct.hpp
-- Up-to-date: /home/maverick/LMCO/tmm-mas/sim/ROS2/install/interfaces_hmm_sim/include/interfaces_hmm_sim/interfaces_hmm_sim/msg/detail/agent_poses__struct.hpp
-- Up-to-date: /home/maverick/LMCO/tmm-mas/sim/ROS2/install/interfaces_hmm_sim/include/interfaces_hmm_sim/interfaces_hmm_sim/msg/detail/status__traits.hpp
-- Up-to-date: /home/maverick/LMCO/tmm-mas/sim/ROS2/install/interfaces_hmm_sim/include/interfaces_hmm_sim/interfaces_hmm_sim/msg/detail/status__type_support.hpp
-- Up-to-date: /home/maverick/LMCO/tmm-mas/sim/ROS2/install/interfaces_hmm_sim/include/interfaces_hmm_sim/interfaces_hmm_sim/msg/detail/agent_poses__type_support.hpp
-- Up-to-date: /home/maverick/LMCO/tmm-mas/sim/ROS2/install/interfaces_hmm_sim/include/interfaces_hmm_sim/interfaces_hmm_sim/msg/detail/agent_poses__traits.hpp
-- Up-to-date: /home/maverick/LMCO/tmm-mas/sim/ROS2/install/interfaces_hmm_sim/include/interfaces_hmm_sim/interfaces_hmm_sim/msg/detail/agent_poses__builder.hpp
-- Up-to-date: /home/maverick/LMCO/tmm-mas/sim/ROS2/install/interfaces_hmm_sim/include/interfaces_hmm_sim/interfaces_hmm_sim/msg/agent_poses.hpp
-- Up-to-date: /home/maverick/LMCO/tmm-mas/sim/ROS2/install/interfaces_hmm_sim/include/interfaces_hmm_sim/interfaces_hmm_sim/msg/status.hpp
-- Up-to-date: /home/maverick/LMCO/tmm-mas/sim/ROS2/install/interfaces_hmm_sim/include/interfaces_hmm_sim/interfaces_hmm_sim/msg/rosidl_generator_cpp__visibility_control.hpp
-- Up-to-date: /home/maverick/LMCO/tmm-mas/sim/ROS2/install/interfaces_hmm_sim/include/interfaces_hmm_sim/interfaces_hmm_sim
-- Up-to-date: /home/maverick/LMCO/tmm-mas/sim/ROS2/install/interfaces_hmm_sim/include/interfaces_hmm_sim/interfaces_hmm_sim/msg
-- Up-to-date: /home/maverick/LMCO/tmm-mas/sim/ROS2/install/interfaces_hmm_sim/include/interfaces_hmm_sim/interfaces_hmm_sim/msg/rosidl_typesupport_fastrtps_cpp__visibility_control.h
-- Up-to-date: /home/maverick/LMCO/tmm-mas/sim/ROS2/install/interfaces_hmm_sim/include/interfaces_hmm_sim/interfaces_hmm_sim/msg/detail
-- Up-to-date: /home/maverick/LMCO/tmm-mas/sim/ROS2/install/interfaces_hmm_sim/include/interfaces_hmm_sim/interfaces_hmm_sim/msg/detail/status__rosidl_typesupport_fastrtps_cpp.hpp
-- Up-to-date: /home/maverick/LMCO/tmm-mas/sim/ROS2/install/interfaces_hmm_sim/include/interfaces_hmm_sim/interfaces_hmm_sim/msg/detail/agent_poses__rosidl_typesupport_fastrtps_cpp.hpp
-- Up-to-date: /home/maverick/LMCO/tmm-mas/sim/ROS2/install/interfaces_hmm_sim/include/interfaces_hmm_sim/interfaces_hmm_sim/msg/detail/dds_fastrtps
-- Up-to-date: /home/maverick/LMCO/tmm-mas/sim/ROS2/install/interfaces_hmm_sim/lib/libinterfaces_hmm_sim__rosidl_typesupport_fastrtps_cpp.so
-- Up-to-date: /home/maverick/LMCO/tmm-mas/sim/ROS2/install/interfaces_hmm_sim/include/interfaces_hmm_sim/interfaces_hmm_sim
-- Up-to-date: /home/maverick/LMCO/tmm-mas/sim/ROS2/install/interfaces_hmm_sim/include/interfaces_hmm_sim/interfaces_hmm_sim/msg
-- Up-to-date: /home/maverick/LMCO/tmm-mas/sim/ROS2/install/interfaces_hmm_sim/include/interfaces_hmm_sim/interfaces_hmm_sim/msg/detail
-- Up-to-date: /home/maverick/LMCO/tmm-mas/sim/ROS2/install/interfaces_hmm_sim/include/interfaces_hmm_sim/interfaces_hmm_sim/msg/detail/status__type_support.cpp
-- Up-to-date: /home/maverick/LMCO/tmm-mas/sim/ROS2/install/interfaces_hmm_sim/include/interfaces_hmm_sim/interfaces_hmm_sim/msg/detail/status__rosidl_typesupport_introspection_cpp.hpp
-- Up-to-date: /home/maverick/LMCO/tmm-mas/sim/ROS2/install/interfaces_hmm_sim/include/interfaces_hmm_sim/interfaces_hmm_sim/msg/detail/agent_poses__rosidl_typesupport_introspection_cpp.hpp
-- Up-to-date: /home/maverick/LMCO/tmm-mas/sim/ROS2/install/interfaces_hmm_sim/include/interfaces_hmm_sim/interfaces_hmm_sim/msg/detail/agent_poses__type_support.cpp
-- Up-to-date: /home/maverick/LMCO/tmm-mas/sim/ROS2/install/interfaces_hmm_sim/lib/libinterfaces_hmm_sim__rosidl_typesupport_introspection_cpp.so
-- Up-to-date: /home/maverick/LMCO/tmm-mas/sim/ROS2/install/interfaces_hmm_sim/lib/libinterfaces_hmm_sim__rosidl_typesupport_cpp.so
-- Up-to-date: /home/maverick/LMCO/tmm-mas/sim/ROS2/install/interfaces_hmm_sim/share/interfaces_hmm_sim/environment/pythonpath.sh
-- Up-to-date: /home/maverick/LMCO/tmm-mas/sim/ROS2/install/interfaces_hmm_sim/share/interfaces_hmm_sim/environment/pythonpath.dsv
-- Up-to-date: /home/maverick/LMCO/tmm-mas/sim/ROS2/install/interfaces_hmm_sim/local/lib/python3.10/dist-packages/interfaces_hmm_sim-0.0.0-py3.10.egg-info
-- Installing: /home/maverick/LMCO/tmm-mas/sim/ROS2/install/interfaces_hmm_sim/local/lib/python3.10/dist-packages/interfaces_hmm_sim-0.0.0-py3.10.egg-info/SOURCES.txt
-- Installing: /home/maverick/LMCO/tmm-mas/sim/ROS2/install/interfaces_hmm_sim/local/lib/python3.10/dist-packages/interfaces_hmm_sim-0.0.0-py3.10.egg-info/top_level.txt
-- Installing: /home/maverick/LMCO/tmm-mas/sim/ROS2/install/interfaces_hmm_sim/local/lib/python3.10/dist-packages/interfaces_hmm_sim-0.0.0-py3.10.egg-info/dependency_links.txt
-- Installing: /home/maverick/LMCO/tmm-mas/sim/ROS2/install/interfaces_hmm_sim/local/lib/python3.10/dist-packages/interfaces_hmm_sim-0.0.0-py3.10.egg-info/PKG-INFO
-- Up-to-date: /home/maverick/LMCO/tmm-mas/sim/ROS2/install/interfaces_hmm_sim/local/lib/python3.10/dist-packages/interfaces_hmm_sim
-- Up-to-date: /home/maverick/LMCO/tmm-mas/sim/ROS2/install/interfaces_hmm_sim/local/lib/python3.10/dist-packages/interfaces_hmm_sim/_interfaces_hmm_sim_s.ep.rosidl_typesupport_c.c
-- Up-to-date: /home/maverick/LMCO/tmm-mas/sim/ROS2/install/interfaces_hmm_sim/local/lib/python3.10/dist-packages/interfaces_hmm_sim/msg
-- Up-to-date: /home/maverick/LMCO/tmm-mas/sim/ROS2/install/interfaces_hmm_sim/local/lib/python3.10/dist-packages/interfaces_hmm_sim/msg/_status_s.c
-- Up-to-date: /home/maverick/LMCO/tmm-mas/sim/ROS2/install/interfaces_hmm_sim/local/lib/python3.10/dist-packages/interfaces_hmm_sim/msg/_status.py
-- Up-to-date: /home/maverick/LMCO/tmm-mas/sim/ROS2/install/interfaces_hmm_sim/local/lib/python3.10/dist-packages/interfaces_hmm_sim/msg/_agent_poses_s.c
-- Up-to-date: /home/maverick/LMCO/tmm-mas/sim/ROS2/install/interfaces_hmm_sim/local/lib/python3.10/dist-packages/interfaces_hmm_sim/msg/__init__.py
-- Up-to-date: /home/maverick/LMCO/tmm-mas/sim/ROS2/install/interfaces_hmm_sim/local/lib/python3.10/dist-packages/interfaces_hmm_sim/msg/_agent_poses.py
-- Up-to-date: /home/maverick/LMCO/tmm-mas/sim/ROS2/install/interfaces_hmm_sim/local/lib/python3.10/dist-packages/interfaces_hmm_sim/_interfaces_hmm_sim_s.ep.rosidl_typesupport_fastrtps_c.c
-- Up-to-date: /home/maverick/LMCO/tmm-mas/sim/ROS2/install/interfaces_hmm_sim/local/lib/python3.10/dist-packages/interfaces_hmm_sim/interfaces_hmm_sim_s__rosidl_typesupport_c.cpython-310-x86_64-linux-gnu.so
-- Up-to-date: /home/maverick/LMCO/tmm-mas/sim/ROS2/install/interfaces_hmm_sim/local/lib/python3.10/dist-packages/interfaces_hmm_sim/libinterfaces_hmm_sim__rosidl_generator_py.so
-- Up-to-date: /home/maverick/LMCO/tmm-mas/sim/ROS2/install/interfaces_hmm_sim/local/lib/python3.10/dist-packages/interfaces_hmm_sim/_interfaces_hmm_sim_s.ep.rosidl_typesupport_introspection_c.c
-- Up-to-date: /home/maverick/LMCO/tmm-mas/sim/ROS2/install/interfaces_hmm_sim/local/lib/python3.10/dist-packages/interfaces_hmm_sim/__init__.py
-- Up-to-date: /home/maverick/LMCO/tmm-mas/sim/ROS2/install/interfaces_hmm_sim/local/lib/python3.10/dist-packages/interfaces_hmm_sim/interfaces_hmm_sim_s__rosidl_typesupport_introspection_c.cpython-310-x86_64-linux-gnu.so
-- Up-to-date: /home/maverick/LMCO/tmm-mas/sim/ROS2/install/interfaces_hmm_sim/local/lib/python3.10/dist-packages/interfaces_hmm_sim/interfaces_hmm_sim_s__rosidl_typesupport_fastrtps_c.cpython-310-x86_64-linux-gnu.so
Listing '/home/maverick/LMCO/tmm-mas/sim/ROS2/install/interfaces_hmm_sim/local/lib/python3.10/dist-packages/interfaces_hmm_sim'...
Listing '/home/maverick/LMCO/tmm-mas/sim/ROS2/install/interfaces_hmm_sim/local/lib/python3.10/dist-packages/interfaces_hmm_sim/msg'...
-- Up-to-date: /home/maverick/LMCO/tmm-mas/sim/ROS2/install/interfaces_hmm_sim/local/lib/python3.10/dist-packages/interfaces_hmm_sim/interfaces_hmm_sim_s__rosidl_typesupport_fastrtps_c.cpython-310-x86_64-linux-gnu.so
-- Up-to-date: /home/maverick/LMCO/tmm-mas/sim/ROS2/install/interfaces_hmm_sim/local/lib/python3.10/dist-packages/interfaces_hmm_sim/interfaces_hmm_sim_s__rosidl_typesupport_introspection_c.cpython-310-x86_64-linux-gnu.so
-- Up-to-date: /home/maverick/LMCO/tmm-mas/sim/ROS2/install/interfaces_hmm_sim/local/lib/python3.10/dist-packages/interfaces_hmm_sim/interfaces_hmm_sim_s__rosidl_typesupport_c.cpython-310-x86_64-linux-gnu.so
-- Up-to-date: /home/maverick/LMCO/tmm-mas/sim/ROS2/install/interfaces_hmm_sim/lib/libinterfaces_hmm_sim__rosidl_generator_py.so
-- Up-to-date: /home/maverick/LMCO/tmm-mas/sim/ROS2/install/interfaces_hmm_sim/share/interfaces_hmm_sim/msg/AgentPoses.idl
-- Up-to-date: /home/maverick/LMCO/tmm-mas/sim/ROS2/install/interfaces_hmm_sim/share/interfaces_hmm_sim/msg/Status.idl
-- Up-to-date: /home/maverick/LMCO/tmm-mas/sim/ROS2/install/interfaces_hmm_sim/share/interfaces_hmm_sim/msg/AgentPoses.msg
-- Up-to-date: /home/maverick/LMCO/tmm-mas/sim/ROS2/install/interfaces_hmm_sim/share/interfaces_hmm_sim/msg/Status.msg
-- Up-to-date: /home/maverick/LMCO/tmm-mas/sim/ROS2/install/interfaces_hmm_sim/share/ament_index/resource_index/package_run_dependencies/interfaces_hmm_sim
-- Up-to-date: /home/maverick/LMCO/tmm-mas/sim/ROS2/install/interfaces_hmm_sim/share/ament_index/resource_index/parent_prefix_path/interfaces_hmm_sim
-- Up-to-date: /home/maverick/LMCO/tmm-mas/sim/ROS2/install/interfaces_hmm_sim/share/interfaces_hmm_sim/environment/ament_prefix_path.sh
-- Up-to-date: /home/maverick/LMCO/tmm-mas/sim/ROS2/install/interfaces_hmm_sim/share/interfaces_hmm_sim/environment/ament_prefix_path.dsv
-- Up-to-date: /home/maverick/LMCO/tmm-mas/sim/ROS2/install/interfaces_hmm_sim/share/interfaces_hmm_sim/environment/path.sh
-- Up-to-date: /home/maverick/LMCO/tmm-mas/sim/ROS2/install/interfaces_hmm_sim/share/interfaces_hmm_sim/environment/path.dsv
-- Up-to-date: /home/maverick/LMCO/tmm-mas/sim/ROS2/install/interfaces_hmm_sim/share/interfaces_hmm_sim/local_setup.bash
-- Up-to-date: /home/maverick/LMCO/tmm-mas/sim/ROS2/install/interfaces_hmm_sim/share/interfaces_hmm_sim/local_setup.sh
-- Up-to-date: /home/maverick/LMCO/tmm-mas/sim/ROS2/install/interfaces_hmm_sim/share/interfaces_hmm_sim/local_setup.zsh
-- Up-to-date: /home/maverick/LMCO/tmm-mas/sim/ROS2/install/interfaces_hmm_sim/share/interfaces_hmm_sim/local_setup.dsv
-- Installing: /home/maverick/LMCO/tmm-mas/sim/ROS2/install/interfaces_hmm_sim/share/interfaces_hmm_sim/package.dsv
-- Up-to-date: /home/maverick/LMCO/tmm-mas/sim/ROS2/install/interfaces_hmm_sim/share/ament_index/resource_index/packages/interfaces_hmm_sim
-- Up-to-date: /home/maverick/LMCO/tmm-mas/sim/ROS2/install/interfaces_hmm_sim/share/interfaces_hmm_sim/cmake/export_interfaces_hmm_sim__rosidl_generator_cExport.cmake
-- Up-to-date: /home/maverick/LMCO/tmm-mas/sim/ROS2/install/interfaces_hmm_sim/share/interfaces_hmm_sim/cmake/export_interfaces_hmm_sim__rosidl_generator_cExport-noconfig.cmake
-- Up-to-date: /home/maverick/LMCO/tmm-mas/sim/ROS2/install/interfaces_hmm_sim/share/interfaces_hmm_sim/cmake/export_interfaces_hmm_sim__rosidl_typesupport_fastrtps_cExport.cmake
-- Up-to-date: /home/maverick/LMCO/tmm-mas/sim/ROS2/install/interfaces_hmm_sim/share/interfaces_hmm_sim/cmake/export_interfaces_hmm_sim__rosidl_typesupport_fastrtps_cExport-noconfig.cmake
-- Up-to-date: /home/maverick/LMCO/tmm-mas/sim/ROS2/install/interfaces_hmm_sim/share/interfaces_hmm_sim/cmake/interfaces_hmm_sim__rosidl_typesupport_introspection_cExport.cmake
-- Up-to-date: /home/maverick/LMCO/tmm-mas/sim/ROS2/install/interfaces_hmm_sim/share/interfaces_hmm_sim/cmake/interfaces_hmm_sim__rosidl_typesupport_introspection_cExport-noconfig.cmake
-- Up-to-date: /home/maverick/LMCO/tmm-mas/sim/ROS2/install/interfaces_hmm_sim/share/interfaces_hmm_sim/cmake/interfaces_hmm_sim__rosidl_typesupport_cExport.cmake
-- Up-to-date: /home/maverick/LMCO/tmm-mas/sim/ROS2/install/interfaces_hmm_sim/share/interfaces_hmm_sim/cmake/interfaces_hmm_sim__rosidl_typesupport_cExport-noconfig.cmake
-- Up-to-date: /home/maverick/LMCO/tmm-mas/sim/ROS2/install/interfaces_hmm_sim/share/interfaces_hmm_sim/cmake/export_interfaces_hmm_sim__rosidl_generator_cppExport.cmake
-- Up-to-date: /home/maverick/LMCO/tmm-mas/sim/ROS2/install/interfaces_hmm_sim/share/interfaces_hmm_sim/cmake/export_interfaces_hmm_sim__rosidl_typesupport_fastrtps_cppExport.cmake
-- Up-to-date: /home/maverick/LMCO/tmm-mas/sim/ROS2/install/interfaces_hmm_sim/share/interfaces_hmm_sim/cmake/export_interfaces_hmm_sim__rosidl_typesupport_fastrtps_cppExport-noconfig.cmake
-- Up-to-date: /home/maverick/LMCO/tmm-mas/sim/ROS2/install/interfaces_hmm_sim/share/interfaces_hmm_sim/cmake/interfaces_hmm_sim__rosidl_typesupport_introspection_cppExport.cmake
-- Up-to-date: /home/maverick/LMCO/tmm-mas/sim/ROS2/install/interfaces_hmm_sim/share/interfaces_hmm_sim/cmake/interfaces_hmm_sim__rosidl_typesupport_introspection_cppExport-noconfig.cmake
-- Up-to-date: /home/maverick/LMCO/tmm-mas/sim/ROS2/install/interfaces_hmm_sim/share/interfaces_hmm_sim/cmake/interfaces_hmm_sim__rosidl_typesupport_cppExport.cmake
-- Up-to-date: /home/maverick/LMCO/tmm-mas/sim/ROS2/install/interfaces_hmm_sim/share/interfaces_hmm_sim/cmake/interfaces_hmm_sim__rosidl_typesupport_cppExport-noconfig.cmake
-- Up-to-date: /home/maverick/LMCO/tmm-mas/sim/ROS2/install/interfaces_hmm_sim/share/interfaces_hmm_sim/cmake/export_interfaces_hmm_sim__rosidl_generator_pyExport.cmake
-- Up-to-date: /home/maverick/LMCO/tmm-mas/sim/ROS2/install/interfaces_hmm_sim/share/interfaces_hmm_sim/cmake/export_interfaces_hmm_sim__rosidl_generator_pyExport-noconfig.cmake
-- Up-to-date: /home/maverick/LMCO/tmm-mas/sim/ROS2/install/interfaces_hmm_sim/share/interfaces_hmm_sim/cmake/rosidl_cmake-extras.cmake
-- Up-to-date: /home/maverick/LMCO/tmm-mas/sim/ROS2/install/interfaces_hmm_sim/share/interfaces_hmm_sim/cmake/ament_cmake_export_include_directories-extras.cmake
-- Up-to-date: /home/maverick/LMCO/tmm-mas/sim/ROS2/install/interfaces_hmm_sim/share/interfaces_hmm_sim/cmake/ament_cmake_export_libraries-extras.cmake
-- Up-to-date: /home/maverick/LMCO/tmm-mas/sim/ROS2/install/interfaces_hmm_sim/share/interfaces_hmm_sim/cmake/ament_cmake_export_targets-extras.cmake
-- Up-to-date: /home/maverick/LMCO/tmm-mas/sim/ROS2/install/interfaces_hmm_sim/share/interfaces_hmm_sim/cmake/rosidl_cmake_export_typesupport_targets-extras.cmake
-- Up-to-date: /home/maverick/LMCO/tmm-mas/sim/ROS2/install/interfaces_hmm_sim/share/interfaces_hmm_sim/cmake/ament_cmake_export_dependencies-extras.cmake
-- Up-to-date: /home/maverick/LMCO/tmm-mas/sim/ROS2/install/interfaces_hmm_sim/share/interfaces_hmm_sim/cmake/rosidl_cmake_export_typesupport_libraries-extras.cmake
-- Up-to-date: /home/maverick/LMCO/tmm-mas/sim/ROS2/install/interfaces_hmm_sim/share/interfaces_hmm_sim/cmake/interfaces_hmm_simConfig.cmake
-- Up-to-date: /home/maverick/LMCO/tmm-mas/sim/ROS2/install/interfaces_hmm_sim/share/interfaces_hmm_sim/cmake/interfaces_hmm_simConfig-version.cmake
-- Up-to-date: /home/maverick/LMCO/tmm-mas/sim/ROS2/install/interfaces_hmm_sim/share/interfaces_hmm_sim/package.xml
