[0.006s] Invoking command in '/home/maverick/LMCO/tmm-mas/sim/ROS2/build/interfaces_hmm_sim': CMAKE_PREFIX_PATH=${CMAKE_PREFIX_PATH}:/home/maverick/LMCO/tmm-mas/sim/ROS2/install/ltl_automaton_planner:/opt/ros/humble /usr/bin/cmake --build /home/maverick/LMCO/tmm-mas/sim/ROS2/build/interfaces_hmm_sim -- -j16 -l16
[0.030s] [35m[1mConsolidate compiler generated dependencies of target interfaces_hmm_sim__rosidl_generator_c[0m
[0.036s] [  2%] Built target interfaces_hmm_sim__cpp
[0.036s] [ 12%] Built target interfaces_hmm_sim__rosidl_generator_c
[0.041s] [ 12%] Built target ament_cmake_python_copy_interfaces_hmm_sim
[0.042s] [35m[1mConsolidate compiler generated dependencies of target interfaces_hmm_sim__rosidl_typesupport_fastrtps_cpp[0m
[0.043s] [35m[1mConsolidate compiler generated dependencies of target interfaces_hmm_sim__rosidl_typesupport_cpp[0m
[0.043s] [35m[1mConsolidate compiler generated dependencies of target interfaces_hmm_sim__rosidl_typesupport_introspection_cpp[0m
[0.047s] [35m[1mConsolidate compiler generated dependencies of target interfaces_hmm_sim__rosidl_typesupport_c[0m
[0.048s] [35m[1mConsolidate compiler generated dependencies of target interfaces_hmm_sim__rosidl_typesupport_introspection_c[0m
[0.048s] [35m[1mConsolidate compiler generated dependencies of target interfaces_hmm_sim__rosidl_typesupport_fastrtps_c[0m
[0.050s] [ 28%] Built target interfaces_hmm_sim__rosidl_typesupport_introspection_cpp
[0.050s] [ 33%] Built target interfaces_hmm_sim__rosidl_typesupport_cpp
[0.050s] [ 43%] Built target interfaces_hmm_sim__rosidl_typesupport_fastrtps_cpp
[0.054s] [ 53%] Built target interfaces_hmm_sim__rosidl_typesupport_c
[0.054s] [ 64%] Built target interfaces_hmm_sim__rosidl_typesupport_introspection_c
[0.055s] [ 74%] Built target interfaces_hmm_sim__rosidl_typesupport_fastrtps_c
[0.067s] [ 74%] Built target interfaces_hmm_sim
[0.078s] [ 76%] Built target interfaces_hmm_sim__py
[0.084s] [35m[1mConsolidate compiler generated dependencies of target interfaces_hmm_sim__rosidl_generator_py[0m
[0.091s] [ 84%] Built target interfaces_hmm_sim__rosidl_generator_py
[0.097s] [35m[1mConsolidate compiler generated dependencies of target interfaces_hmm_sim__rosidl_typesupport_fastrtps_c__pyext[0m
[0.097s] [35m[1mConsolidate compiler generated dependencies of target interfaces_hmm_sim__rosidl_typesupport_c__pyext[0m
[0.097s] [35m[1mConsolidate compiler generated dependencies of target interfaces_hmm_sim__rosidl_typesupport_introspection_c__pyext[0m
[0.104s] [ 89%] Built target interfaces_hmm_sim__rosidl_typesupport_fastrtps_c__pyext
[0.104s] [100%] Built target interfaces_hmm_sim__rosidl_typesupport_introspection_c__pyext
[0.104s] [100%] Built target interfaces_hmm_sim__rosidl_typesupport_c__pyext
[0.177s] running egg_info
[0.177s] writing interfaces_hmm_sim.egg-info/PKG-INFO
[0.178s] writing dependency_links to interfaces_hmm_sim.egg-info/dependency_links.txt
[0.178s] writing top-level names to interfaces_hmm_sim.egg-info/top_level.txt
[0.179s] reading manifest file 'interfaces_hmm_sim.egg-info/SOURCES.txt'
[0.179s] writing manifest file 'interfaces_hmm_sim.egg-info/SOURCES.txt'
[0.194s] [100%] Built target ament_cmake_python_build_interfaces_hmm_sim_egg
[0.201s] Invoked command in '/home/maverick/LMCO/tmm-mas/sim/ROS2/build/interfaces_hmm_sim' returned '0': CMAKE_PREFIX_PATH=${CMAKE_PREFIX_PATH}:/home/maverick/LMCO/tmm-mas/sim/ROS2/install/ltl_automaton_planner:/opt/ros/humble /usr/bin/cmake --build /home/maverick/LMCO/tmm-mas/sim/ROS2/build/interfaces_hmm_sim -- -j16 -l16
[0.207s] Invoking command in '/home/maverick/LMCO/tmm-mas/sim/ROS2/build/interfaces_hmm_sim': CMAKE_PREFIX_PATH=${CMAKE_PREFIX_PATH}:/home/maverick/LMCO/tmm-mas/sim/ROS2/install/ltl_automaton_planner:/opt/ros/humble /usr/bin/cmake --install /home/maverick/LMCO/tmm-mas/sim/ROS2/build/interfaces_hmm_sim
[0.211s] -- Install configuration: ""
[0.211s] -- Up-to-date: /home/maverick/LMCO/tmm-mas/sim/ROS2/install/interfaces_hmm_sim/share/ament_index/resource_index/rosidl_interfaces/interfaces_hmm_sim
[0.211s] -- Up-to-date: /home/maverick/LMCO/tmm-mas/sim/ROS2/install/interfaces_hmm_sim/include/interfaces_hmm_sim/interfaces_hmm_sim
[0.211s] -- Up-to-date: /home/maverick/LMCO/tmm-mas/sim/ROS2/install/interfaces_hmm_sim/include/interfaces_hmm_sim/interfaces_hmm_sim/msg
[0.211s] -- Up-to-date: /home/maverick/LMCO/tmm-mas/sim/ROS2/install/interfaces_hmm_sim/include/interfaces_hmm_sim/interfaces_hmm_sim/msg/detail
[0.211s] -- Up-to-date: /home/maverick/LMCO/tmm-mas/sim/ROS2/install/interfaces_hmm_sim/include/interfaces_hmm_sim/interfaces_hmm_sim/msg/detail/status__struct.h
[0.211s] -- Up-to-date: /home/maverick/LMCO/tmm-mas/sim/ROS2/install/interfaces_hmm_sim/include/interfaces_hmm_sim/interfaces_hmm_sim/msg/detail/agent_poses__struct.h
[0.211s] -- Up-to-date: /home/maverick/LMCO/tmm-mas/sim/ROS2/install/interfaces_hmm_sim/include/interfaces_hmm_sim/interfaces_hmm_sim/msg/detail/status__functions.c
[0.211s] -- Up-to-date: /home/maverick/LMCO/tmm-mas/sim/ROS2/install/interfaces_hmm_sim/include/interfaces_hmm_sim/interfaces_hmm_sim/msg/detail/agent_poses__functions.c
[0.211s] -- Up-to-date: /home/maverick/LMCO/tmm-mas/sim/ROS2/install/interfaces_hmm_sim/include/interfaces_hmm_sim/interfaces_hmm_sim/msg/detail/agent_poses__type_support.h
[0.212s] -- Up-to-date: /home/maverick/LMCO/tmm-mas/sim/ROS2/install/interfaces_hmm_sim/include/interfaces_hmm_sim/interfaces_hmm_sim/msg/detail/agent_poses__functions.h
[0.212s] -- Up-to-date: /home/maverick/LMCO/tmm-mas/sim/ROS2/install/interfaces_hmm_sim/include/interfaces_hmm_sim/interfaces_hmm_sim/msg/detail/status__functions.h
[0.212s] -- Up-to-date: /home/maverick/LMCO/tmm-mas/sim/ROS2/install/interfaces_hmm_sim/include/interfaces_hmm_sim/interfaces_hmm_sim/msg/detail/status__type_support.h
[0.212s] -- Up-to-date: /home/maverick/LMCO/tmm-mas/sim/ROS2/install/interfaces_hmm_sim/include/interfaces_hmm_sim/interfaces_hmm_sim/msg/agent_poses.h
[0.212s] -- Up-to-date: /home/maverick/LMCO/tmm-mas/sim/ROS2/install/interfaces_hmm_sim/include/interfaces_hmm_sim/interfaces_hmm_sim/msg/status.h
[0.212s] -- Up-to-date: /home/maverick/LMCO/tmm-mas/sim/ROS2/install/interfaces_hmm_sim/include/interfaces_hmm_sim/interfaces_hmm_sim/msg/rosidl_generator_c__visibility_control.h
[0.212s] -- Up-to-date: /home/maverick/LMCO/tmm-mas/sim/ROS2/install/interfaces_hmm_sim/share/interfaces_hmm_sim/environment/library_path.sh
[0.212s] -- Up-to-date: /home/maverick/LMCO/tmm-mas/sim/ROS2/install/interfaces_hmm_sim/share/interfaces_hmm_sim/environment/library_path.dsv
[0.212s] -- Up-to-date: /home/maverick/LMCO/tmm-mas/sim/ROS2/install/interfaces_hmm_sim/lib/libinterfaces_hmm_sim__rosidl_generator_c.so
[0.212s] -- Up-to-date: /home/maverick/LMCO/tmm-mas/sim/ROS2/install/interfaces_hmm_sim/include/interfaces_hmm_sim/interfaces_hmm_sim
[0.212s] -- Up-to-date: /home/maverick/LMCO/tmm-mas/sim/ROS2/install/interfaces_hmm_sim/include/interfaces_hmm_sim/interfaces_hmm_sim/msg
[0.212s] -- Up-to-date: /home/maverick/LMCO/tmm-mas/sim/ROS2/install/interfaces_hmm_sim/include/interfaces_hmm_sim/interfaces_hmm_sim/msg/detail
[0.212s] -- Up-to-date: /home/maverick/LMCO/tmm-mas/sim/ROS2/install/interfaces_hmm_sim/include/interfaces_hmm_sim/interfaces_hmm_sim/msg/detail/agent_poses__rosidl_typesupport_fastrtps_c.h
[0.212s] -- Up-to-date: /home/maverick/LMCO/tmm-mas/sim/ROS2/install/interfaces_hmm_sim/include/interfaces_hmm_sim/interfaces_hmm_sim/msg/detail/status__rosidl_typesupport_fastrtps_c.h
[0.212s] -- Up-to-date: /home/maverick/LMCO/tmm-mas/sim/ROS2/install/interfaces_hmm_sim/include/interfaces_hmm_sim/interfaces_hmm_sim/msg/rosidl_typesupport_fastrtps_c__visibility_control.h
[0.212s] -- Up-to-date: /home/maverick/LMCO/tmm-mas/sim/ROS2/install/interfaces_hmm_sim/lib/libinterfaces_hmm_sim__rosidl_typesupport_fastrtps_c.so
[0.212s] -- Up-to-date: /home/maverick/LMCO/tmm-mas/sim/ROS2/install/interfaces_hmm_sim/include/interfaces_hmm_sim/interfaces_hmm_sim
[0.212s] -- Up-to-date: /home/maverick/LMCO/tmm-mas/sim/ROS2/install/interfaces_hmm_sim/include/interfaces_hmm_sim/interfaces_hmm_sim/msg
[0.212s] -- Up-to-date: /home/maverick/LMCO/tmm-mas/sim/ROS2/install/interfaces_hmm_sim/include/interfaces_hmm_sim/interfaces_hmm_sim/msg/detail
[0.212s] -- Up-to-date: /home/maverick/LMCO/tmm-mas/sim/ROS2/install/interfaces_hmm_sim/include/interfaces_hmm_sim/interfaces_hmm_sim/msg/detail/status__type_support.c
[0.212s] -- Up-to-date: /home/maverick/LMCO/tmm-mas/sim/ROS2/install/interfaces_hmm_sim/include/interfaces_hmm_sim/interfaces_hmm_sim/msg/detail/agent_poses__rosidl_typesupport_introspection_c.h
[0.212s] -- Up-to-date: /home/maverick/LMCO/tmm-mas/sim/ROS2/install/interfaces_hmm_sim/include/interfaces_hmm_sim/interfaces_hmm_sim/msg/detail/status__rosidl_typesupport_introspection_c.h
[0.212s] -- Up-to-date: /home/maverick/LMCO/tmm-mas/sim/ROS2/install/interfaces_hmm_sim/include/interfaces_hmm_sim/interfaces_hmm_sim/msg/detail/agent_poses__type_support.c
[0.212s] -- Up-to-date: /home/maverick/LMCO/tmm-mas/sim/ROS2/install/interfaces_hmm_sim/include/interfaces_hmm_sim/interfaces_hmm_sim/msg/rosidl_typesupport_introspection_c__visibility_control.h
[0.212s] -- Up-to-date: /home/maverick/LMCO/tmm-mas/sim/ROS2/install/interfaces_hmm_sim/lib/libinterfaces_hmm_sim__rosidl_typesupport_introspection_c.so
[0.213s] -- Up-to-date: /home/maverick/LMCO/tmm-mas/sim/ROS2/install/interfaces_hmm_sim/lib/libinterfaces_hmm_sim__rosidl_typesupport_c.so
[0.213s] -- Up-to-date: /home/maverick/LMCO/tmm-mas/sim/ROS2/install/interfaces_hmm_sim/include/interfaces_hmm_sim/interfaces_hmm_sim
[0.213s] -- Up-to-date: /home/maverick/LMCO/tmm-mas/sim/ROS2/install/interfaces_hmm_sim/include/interfaces_hmm_sim/interfaces_hmm_sim/msg
[0.213s] -- Up-to-date: /home/maverick/LMCO/tmm-mas/sim/ROS2/install/interfaces_hmm_sim/include/interfaces_hmm_sim/interfaces_hmm_sim/msg/detail
[0.213s] -- Up-to-date: /home/maverick/LMCO/tmm-mas/sim/ROS2/install/interfaces_hmm_sim/include/interfaces_hmm_sim/interfaces_hmm_sim/msg/detail/status__builder.hpp
[0.213s] -- Up-to-date: /home/maverick/LMCO/tmm-mas/sim/ROS2/install/interfaces_hmm_sim/include/interfaces_hmm_sim/interfaces_hmm_sim/msg/detail/status__struct.hpp
[0.213s] -- Up-to-date: /home/maverick/LMCO/tmm-mas/sim/ROS2/install/interfaces_hmm_sim/include/interfaces_hmm_sim/interfaces_hmm_sim/msg/detail/agent_poses__struct.hpp
[0.213s] -- Up-to-date: /home/maverick/LMCO/tmm-mas/sim/ROS2/install/interfaces_hmm_sim/include/interfaces_hmm_sim/interfaces_hmm_sim/msg/detail/status__traits.hpp
[0.213s] -- Up-to-date: /home/maverick/LMCO/tmm-mas/sim/ROS2/install/interfaces_hmm_sim/include/interfaces_hmm_sim/interfaces_hmm_sim/msg/detail/status__type_support.hpp
[0.213s] -- Up-to-date: /home/maverick/LMCO/tmm-mas/sim/ROS2/install/interfaces_hmm_sim/include/interfaces_hmm_sim/interfaces_hmm_sim/msg/detail/agent_poses__type_support.hpp
[0.213s] -- Up-to-date: /home/maverick/LMCO/tmm-mas/sim/ROS2/install/interfaces_hmm_sim/include/interfaces_hmm_sim/interfaces_hmm_sim/msg/detail/agent_poses__traits.hpp
[0.213s] -- Up-to-date: /home/maverick/LMCO/tmm-mas/sim/ROS2/install/interfaces_hmm_sim/include/interfaces_hmm_sim/interfaces_hmm_sim/msg/detail/agent_poses__builder.hpp
[0.213s] -- Up-to-date: /home/maverick/LMCO/tmm-mas/sim/ROS2/install/interfaces_hmm_sim/include/interfaces_hmm_sim/interfaces_hmm_sim/msg/agent_poses.hpp
[0.213s] -- Up-to-date: /home/maverick/LMCO/tmm-mas/sim/ROS2/install/interfaces_hmm_sim/include/interfaces_hmm_sim/interfaces_hmm_sim/msg/status.hpp
[0.213s] -- Up-to-date: /home/maverick/LMCO/tmm-mas/sim/ROS2/install/interfaces_hmm_sim/include/interfaces_hmm_sim/interfaces_hmm_sim/msg/rosidl_generator_cpp__visibility_control.hpp
[0.213s] -- Up-to-date: /home/maverick/LMCO/tmm-mas/sim/ROS2/install/interfaces_hmm_sim/include/interfaces_hmm_sim/interfaces_hmm_sim
[0.213s] -- Up-to-date: /home/maverick/LMCO/tmm-mas/sim/ROS2/install/interfaces_hmm_sim/include/interfaces_hmm_sim/interfaces_hmm_sim/msg
[0.213s] -- Up-to-date: /home/maverick/LMCO/tmm-mas/sim/ROS2/install/interfaces_hmm_sim/include/interfaces_hmm_sim/interfaces_hmm_sim/msg/rosidl_typesupport_fastrtps_cpp__visibility_control.h
[0.213s] -- Up-to-date: /home/maverick/LMCO/tmm-mas/sim/ROS2/install/interfaces_hmm_sim/include/interfaces_hmm_sim/interfaces_hmm_sim/msg/detail
[0.213s] -- Up-to-date: /home/maverick/LMCO/tmm-mas/sim/ROS2/install/interfaces_hmm_sim/include/interfaces_hmm_sim/interfaces_hmm_sim/msg/detail/status__rosidl_typesupport_fastrtps_cpp.hpp
[0.213s] -- Up-to-date: /home/maverick/LMCO/tmm-mas/sim/ROS2/install/interfaces_hmm_sim/include/interfaces_hmm_sim/interfaces_hmm_sim/msg/detail/agent_poses__rosidl_typesupport_fastrtps_cpp.hpp
[0.213s] -- Up-to-date: /home/maverick/LMCO/tmm-mas/sim/ROS2/install/interfaces_hmm_sim/include/interfaces_hmm_sim/interfaces_hmm_sim/msg/detail/dds_fastrtps
[0.213s] -- Up-to-date: /home/maverick/LMCO/tmm-mas/sim/ROS2/install/interfaces_hmm_sim/lib/libinterfaces_hmm_sim__rosidl_typesupport_fastrtps_cpp.so
[0.213s] -- Up-to-date: /home/maverick/LMCO/tmm-mas/sim/ROS2/install/interfaces_hmm_sim/include/interfaces_hmm_sim/interfaces_hmm_sim
[0.213s] -- Up-to-date: /home/maverick/LMCO/tmm-mas/sim/ROS2/install/interfaces_hmm_sim/include/interfaces_hmm_sim/interfaces_hmm_sim/msg
[0.213s] -- Up-to-date: /home/maverick/LMCO/tmm-mas/sim/ROS2/install/interfaces_hmm_sim/include/interfaces_hmm_sim/interfaces_hmm_sim/msg/detail
[0.213s] -- Up-to-date: /home/maverick/LMCO/tmm-mas/sim/ROS2/install/interfaces_hmm_sim/include/interfaces_hmm_sim/interfaces_hmm_sim/msg/detail/status__type_support.cpp
[0.213s] -- Up-to-date: /home/maverick/LMCO/tmm-mas/sim/ROS2/install/interfaces_hmm_sim/include/interfaces_hmm_sim/interfaces_hmm_sim/msg/detail/status__rosidl_typesupport_introspection_cpp.hpp
[0.213s] -- Up-to-date: /home/maverick/LMCO/tmm-mas/sim/ROS2/install/interfaces_hmm_sim/include/interfaces_hmm_sim/interfaces_hmm_sim/msg/detail/agent_poses__rosidl_typesupport_introspection_cpp.hpp
[0.213s] -- Up-to-date: /home/maverick/LMCO/tmm-mas/sim/ROS2/install/interfaces_hmm_sim/include/interfaces_hmm_sim/interfaces_hmm_sim/msg/detail/agent_poses__type_support.cpp
[0.213s] -- Up-to-date: /home/maverick/LMCO/tmm-mas/sim/ROS2/install/interfaces_hmm_sim/lib/libinterfaces_hmm_sim__rosidl_typesupport_introspection_cpp.so
[0.213s] -- Up-to-date: /home/maverick/LMCO/tmm-mas/sim/ROS2/install/interfaces_hmm_sim/lib/libinterfaces_hmm_sim__rosidl_typesupport_cpp.so
[0.214s] -- Up-to-date: /home/maverick/LMCO/tmm-mas/sim/ROS2/install/interfaces_hmm_sim/share/interfaces_hmm_sim/environment/pythonpath.sh
[0.214s] -- Up-to-date: /home/maverick/LMCO/tmm-mas/sim/ROS2/install/interfaces_hmm_sim/share/interfaces_hmm_sim/environment/pythonpath.dsv
[0.214s] -- Up-to-date: /home/maverick/LMCO/tmm-mas/sim/ROS2/install/interfaces_hmm_sim/local/lib/python3.10/dist-packages/interfaces_hmm_sim-0.0.0-py3.10.egg-info
[0.214s] -- Installing: /home/maverick/LMCO/tmm-mas/sim/ROS2/install/interfaces_hmm_sim/local/lib/python3.10/dist-packages/interfaces_hmm_sim-0.0.0-py3.10.egg-info/SOURCES.txt
[0.214s] -- Installing: /home/maverick/LMCO/tmm-mas/sim/ROS2/install/interfaces_hmm_sim/local/lib/python3.10/dist-packages/interfaces_hmm_sim-0.0.0-py3.10.egg-info/top_level.txt
[0.214s] -- Installing: /home/maverick/LMCO/tmm-mas/sim/ROS2/install/interfaces_hmm_sim/local/lib/python3.10/dist-packages/interfaces_hmm_sim-0.0.0-py3.10.egg-info/dependency_links.txt
[0.214s] -- Installing: /home/maverick/LMCO/tmm-mas/sim/ROS2/install/interfaces_hmm_sim/local/lib/python3.10/dist-packages/interfaces_hmm_sim-0.0.0-py3.10.egg-info/PKG-INFO
[0.214s] -- Up-to-date: /home/maverick/LMCO/tmm-mas/sim/ROS2/install/interfaces_hmm_sim/local/lib/python3.10/dist-packages/interfaces_hmm_sim
[0.214s] -- Up-to-date: /home/maverick/LMCO/tmm-mas/sim/ROS2/install/interfaces_hmm_sim/local/lib/python3.10/dist-packages/interfaces_hmm_sim/_interfaces_hmm_sim_s.ep.rosidl_typesupport_c.c
[0.214s] -- Up-to-date: /home/maverick/LMCO/tmm-mas/sim/ROS2/install/interfaces_hmm_sim/local/lib/python3.10/dist-packages/interfaces_hmm_sim/msg
[0.214s] -- Up-to-date: /home/maverick/LMCO/tmm-mas/sim/ROS2/install/interfaces_hmm_sim/local/lib/python3.10/dist-packages/interfaces_hmm_sim/msg/_status_s.c
[0.214s] -- Up-to-date: /home/maverick/LMCO/tmm-mas/sim/ROS2/install/interfaces_hmm_sim/local/lib/python3.10/dist-packages/interfaces_hmm_sim/msg/_status.py
[0.214s] -- Up-to-date: /home/maverick/LMCO/tmm-mas/sim/ROS2/install/interfaces_hmm_sim/local/lib/python3.10/dist-packages/interfaces_hmm_sim/msg/_agent_poses_s.c
[0.214s] -- Up-to-date: /home/maverick/LMCO/tmm-mas/sim/ROS2/install/interfaces_hmm_sim/local/lib/python3.10/dist-packages/interfaces_hmm_sim/msg/__init__.py
[0.214s] -- Up-to-date: /home/maverick/LMCO/tmm-mas/sim/ROS2/install/interfaces_hmm_sim/local/lib/python3.10/dist-packages/interfaces_hmm_sim/msg/_agent_poses.py
[0.214s] -- Up-to-date: /home/maverick/LMCO/tmm-mas/sim/ROS2/install/interfaces_hmm_sim/local/lib/python3.10/dist-packages/interfaces_hmm_sim/_interfaces_hmm_sim_s.ep.rosidl_typesupport_fastrtps_c.c
[0.214s] -- Up-to-date: /home/maverick/LMCO/tmm-mas/sim/ROS2/install/interfaces_hmm_sim/local/lib/python3.10/dist-packages/interfaces_hmm_sim/interfaces_hmm_sim_s__rosidl_typesupport_c.cpython-310-x86_64-linux-gnu.so
[0.214s] -- Up-to-date: /home/maverick/LMCO/tmm-mas/sim/ROS2/install/interfaces_hmm_sim/local/lib/python3.10/dist-packages/interfaces_hmm_sim/libinterfaces_hmm_sim__rosidl_generator_py.so
[0.214s] -- Up-to-date: /home/maverick/LMCO/tmm-mas/sim/ROS2/install/interfaces_hmm_sim/local/lib/python3.10/dist-packages/interfaces_hmm_sim/_interfaces_hmm_sim_s.ep.rosidl_typesupport_introspection_c.c
[0.214s] -- Up-to-date: /home/maverick/LMCO/tmm-mas/sim/ROS2/install/interfaces_hmm_sim/local/lib/python3.10/dist-packages/interfaces_hmm_sim/__init__.py
[0.214s] -- Up-to-date: /home/maverick/LMCO/tmm-mas/sim/ROS2/install/interfaces_hmm_sim/local/lib/python3.10/dist-packages/interfaces_hmm_sim/interfaces_hmm_sim_s__rosidl_typesupport_introspection_c.cpython-310-x86_64-linux-gnu.so
[0.214s] -- Up-to-date: /home/maverick/LMCO/tmm-mas/sim/ROS2/install/interfaces_hmm_sim/local/lib/python3.10/dist-packages/interfaces_hmm_sim/interfaces_hmm_sim_s__rosidl_typesupport_fastrtps_c.cpython-310-x86_64-linux-gnu.so
[0.232s] Listing '/home/maverick/LMCO/tmm-mas/sim/ROS2/install/interfaces_hmm_sim/local/lib/python3.10/dist-packages/interfaces_hmm_sim'...
[0.232s] Listing '/home/maverick/LMCO/tmm-mas/sim/ROS2/install/interfaces_hmm_sim/local/lib/python3.10/dist-packages/interfaces_hmm_sim/msg'...
[0.234s] -- Up-to-date: /home/maverick/LMCO/tmm-mas/sim/ROS2/install/interfaces_hmm_sim/local/lib/python3.10/dist-packages/interfaces_hmm_sim/interfaces_hmm_sim_s__rosidl_typesupport_fastrtps_c.cpython-310-x86_64-linux-gnu.so
[0.234s] -- Up-to-date: /home/maverick/LMCO/tmm-mas/sim/ROS2/install/interfaces_hmm_sim/local/lib/python3.10/dist-packages/interfaces_hmm_sim/interfaces_hmm_sim_s__rosidl_typesupport_introspection_c.cpython-310-x86_64-linux-gnu.so
[0.234s] -- Up-to-date: /home/maverick/LMCO/tmm-mas/sim/ROS2/install/interfaces_hmm_sim/local/lib/python3.10/dist-packages/interfaces_hmm_sim/interfaces_hmm_sim_s__rosidl_typesupport_c.cpython-310-x86_64-linux-gnu.so
[0.234s] -- Up-to-date: /home/maverick/LMCO/tmm-mas/sim/ROS2/install/interfaces_hmm_sim/lib/libinterfaces_hmm_sim__rosidl_generator_py.so
[0.234s] -- Up-to-date: /home/maverick/LMCO/tmm-mas/sim/ROS2/install/interfaces_hmm_sim/share/interfaces_hmm_sim/msg/AgentPoses.idl
[0.234s] -- Up-to-date: /home/maverick/LMCO/tmm-mas/sim/ROS2/install/interfaces_hmm_sim/share/interfaces_hmm_sim/msg/Status.idl
[0.235s] -- Up-to-date: /home/maverick/LMCO/tmm-mas/sim/ROS2/install/interfaces_hmm_sim/share/interfaces_hmm_sim/msg/AgentPoses.msg
[0.235s] -- Up-to-date: /home/maverick/LMCO/tmm-mas/sim/ROS2/install/interfaces_hmm_sim/share/interfaces_hmm_sim/msg/Status.msg
[0.235s] -- Up-to-date: /home/maverick/LMCO/tmm-mas/sim/ROS2/install/interfaces_hmm_sim/share/ament_index/resource_index/package_run_dependencies/interfaces_hmm_sim
[0.235s] -- Up-to-date: /home/maverick/LMCO/tmm-mas/sim/ROS2/install/interfaces_hmm_sim/share/ament_index/resource_index/parent_prefix_path/interfaces_hmm_sim
[0.235s] -- Up-to-date: /home/maverick/LMCO/tmm-mas/sim/ROS2/install/interfaces_hmm_sim/share/interfaces_hmm_sim/environment/ament_prefix_path.sh
[0.235s] -- Up-to-date: /home/maverick/LMCO/tmm-mas/sim/ROS2/install/interfaces_hmm_sim/share/interfaces_hmm_sim/environment/ament_prefix_path.dsv
[0.235s] -- Up-to-date: /home/maverick/LMCO/tmm-mas/sim/ROS2/install/interfaces_hmm_sim/share/interfaces_hmm_sim/environment/path.sh
[0.235s] -- Up-to-date: /home/maverick/LMCO/tmm-mas/sim/ROS2/install/interfaces_hmm_sim/share/interfaces_hmm_sim/environment/path.dsv
[0.235s] -- Up-to-date: /home/maverick/LMCO/tmm-mas/sim/ROS2/install/interfaces_hmm_sim/share/interfaces_hmm_sim/local_setup.bash
[0.235s] -- Up-to-date: /home/maverick/LMCO/tmm-mas/sim/ROS2/install/interfaces_hmm_sim/share/interfaces_hmm_sim/local_setup.sh
[0.235s] -- Up-to-date: /home/maverick/LMCO/tmm-mas/sim/ROS2/install/interfaces_hmm_sim/share/interfaces_hmm_sim/local_setup.zsh
[0.235s] -- Up-to-date: /home/maverick/LMCO/tmm-mas/sim/ROS2/install/interfaces_hmm_sim/share/interfaces_hmm_sim/local_setup.dsv
[0.235s] -- Installing: /home/maverick/LMCO/tmm-mas/sim/ROS2/install/interfaces_hmm_sim/share/interfaces_hmm_sim/package.dsv
[0.235s] -- Up-to-date: /home/maverick/LMCO/tmm-mas/sim/ROS2/install/interfaces_hmm_sim/share/ament_index/resource_index/packages/interfaces_hmm_sim
[0.235s] -- Up-to-date: /home/maverick/LMCO/tmm-mas/sim/ROS2/install/interfaces_hmm_sim/share/interfaces_hmm_sim/cmake/export_interfaces_hmm_sim__rosidl_generator_cExport.cmake
[0.235s] -- Up-to-date: /home/maverick/LMCO/tmm-mas/sim/ROS2/install/interfaces_hmm_sim/share/interfaces_hmm_sim/cmake/export_interfaces_hmm_sim__rosidl_generator_cExport-noconfig.cmake
[0.235s] -- Up-to-date: /home/maverick/LMCO/tmm-mas/sim/ROS2/install/interfaces_hmm_sim/share/interfaces_hmm_sim/cmake/export_interfaces_hmm_sim__rosidl_typesupport_fastrtps_cExport.cmake
[0.235s] -- Up-to-date: /home/maverick/LMCO/tmm-mas/sim/ROS2/install/interfaces_hmm_sim/share/interfaces_hmm_sim/cmake/export_interfaces_hmm_sim__rosidl_typesupport_fastrtps_cExport-noconfig.cmake
[0.235s] -- Up-to-date: /home/maverick/LMCO/tmm-mas/sim/ROS2/install/interfaces_hmm_sim/share/interfaces_hmm_sim/cmake/interfaces_hmm_sim__rosidl_typesupport_introspection_cExport.cmake
[0.235s] -- Up-to-date: /home/maverick/LMCO/tmm-mas/sim/ROS2/install/interfaces_hmm_sim/share/interfaces_hmm_sim/cmake/interfaces_hmm_sim__rosidl_typesupport_introspection_cExport-noconfig.cmake
[0.235s] -- Up-to-date: /home/maverick/LMCO/tmm-mas/sim/ROS2/install/interfaces_hmm_sim/share/interfaces_hmm_sim/cmake/interfaces_hmm_sim__rosidl_typesupport_cExport.cmake
[0.235s] -- Up-to-date: /home/maverick/LMCO/tmm-mas/sim/ROS2/install/interfaces_hmm_sim/share/interfaces_hmm_sim/cmake/interfaces_hmm_sim__rosidl_typesupport_cExport-noconfig.cmake
[0.235s] -- Up-to-date: /home/maverick/LMCO/tmm-mas/sim/ROS2/install/interfaces_hmm_sim/share/interfaces_hmm_sim/cmake/export_interfaces_hmm_sim__rosidl_generator_cppExport.cmake
[0.235s] -- Up-to-date: /home/maverick/LMCO/tmm-mas/sim/ROS2/install/interfaces_hmm_sim/share/interfaces_hmm_sim/cmake/export_interfaces_hmm_sim__rosidl_typesupport_fastrtps_cppExport.cmake
[0.235s] -- Up-to-date: /home/maverick/LMCO/tmm-mas/sim/ROS2/install/interfaces_hmm_sim/share/interfaces_hmm_sim/cmake/export_interfaces_hmm_sim__rosidl_typesupport_fastrtps_cppExport-noconfig.cmake
[0.235s] -- Up-to-date: /home/maverick/LMCO/tmm-mas/sim/ROS2/install/interfaces_hmm_sim/share/interfaces_hmm_sim/cmake/interfaces_hmm_sim__rosidl_typesupport_introspection_cppExport.cmake
[0.235s] -- Up-to-date: /home/maverick/LMCO/tmm-mas/sim/ROS2/install/interfaces_hmm_sim/share/interfaces_hmm_sim/cmake/interfaces_hmm_sim__rosidl_typesupport_introspection_cppExport-noconfig.cmake
[0.235s] -- Up-to-date: /home/maverick/LMCO/tmm-mas/sim/ROS2/install/interfaces_hmm_sim/share/interfaces_hmm_sim/cmake/interfaces_hmm_sim__rosidl_typesupport_cppExport.cmake
[0.236s] -- Up-to-date: /home/maverick/LMCO/tmm-mas/sim/ROS2/install/interfaces_hmm_sim/share/interfaces_hmm_sim/cmake/interfaces_hmm_sim__rosidl_typesupport_cppExport-noconfig.cmake
[0.236s] -- Up-to-date: /home/maverick/LMCO/tmm-mas/sim/ROS2/install/interfaces_hmm_sim/share/interfaces_hmm_sim/cmake/export_interfaces_hmm_sim__rosidl_generator_pyExport.cmake
[0.236s] -- Up-to-date: /home/maverick/LMCO/tmm-mas/sim/ROS2/install/interfaces_hmm_sim/share/interfaces_hmm_sim/cmake/export_interfaces_hmm_sim__rosidl_generator_pyExport-noconfig.cmake
[0.236s] -- Up-to-date: /home/maverick/LMCO/tmm-mas/sim/ROS2/install/interfaces_hmm_sim/share/interfaces_hmm_sim/cmake/rosidl_cmake-extras.cmake
[0.236s] -- Up-to-date: /home/maverick/LMCO/tmm-mas/sim/ROS2/install/interfaces_hmm_sim/share/interfaces_hmm_sim/cmake/ament_cmake_export_include_directories-extras.cmake
[0.236s] -- Up-to-date: /home/maverick/LMCO/tmm-mas/sim/ROS2/install/interfaces_hmm_sim/share/interfaces_hmm_sim/cmake/ament_cmake_export_libraries-extras.cmake
[0.236s] -- Up-to-date: /home/maverick/LMCO/tmm-mas/sim/ROS2/install/interfaces_hmm_sim/share/interfaces_hmm_sim/cmake/ament_cmake_export_targets-extras.cmake
[0.236s] -- Up-to-date: /home/maverick/LMCO/tmm-mas/sim/ROS2/install/interfaces_hmm_sim/share/interfaces_hmm_sim/cmake/rosidl_cmake_export_typesupport_targets-extras.cmake
[0.236s] -- Up-to-date: /home/maverick/LMCO/tmm-mas/sim/ROS2/install/interfaces_hmm_sim/share/interfaces_hmm_sim/cmake/ament_cmake_export_dependencies-extras.cmake
[0.236s] -- Up-to-date: /home/maverick/LMCO/tmm-mas/sim/ROS2/install/interfaces_hmm_sim/share/interfaces_hmm_sim/cmake/rosidl_cmake_export_typesupport_libraries-extras.cmake
[0.236s] -- Up-to-date: /home/maverick/LMCO/tmm-mas/sim/ROS2/install/interfaces_hmm_sim/share/interfaces_hmm_sim/cmake/interfaces_hmm_simConfig.cmake
[0.236s] -- Up-to-date: /home/maverick/LMCO/tmm-mas/sim/ROS2/install/interfaces_hmm_sim/share/interfaces_hmm_sim/cmake/interfaces_hmm_simConfig-version.cmake
[0.236s] -- Up-to-date: /home/maverick/LMCO/tmm-mas/sim/ROS2/install/interfaces_hmm_sim/share/interfaces_hmm_sim/package.xml
[0.237s] Invoked command in '/home/maverick/LMCO/tmm-mas/sim/ROS2/build/interfaces_hmm_sim' returned '0': CMAKE_PREFIX_PATH=${CMAKE_PREFIX_PATH}:/home/maverick/LMCO/tmm-mas/sim/ROS2/install/ltl_automaton_planner:/opt/ros/humble /usr/bin/cmake --install /home/maverick/LMCO/tmm-mas/sim/ROS2/build/interfaces_hmm_sim
