running egg_info
writing ../../build/ltl_automaton_planner/ltl_automaton_planner.egg-info/PKG-INFO
writing dependency_links to ../../build/ltl_automaton_planner/ltl_automaton_planner.egg-info/dependency_links.txt
writing entry points to ../../build/ltl_automaton_planner/ltl_automaton_planner.egg-info/entry_points.txt
writing requirements to ../../build/ltl_automaton_planner/ltl_automaton_planner.egg-info/requires.txt
writing top-level names to ../../build/ltl_automaton_planner/ltl_automaton_planner.egg-info/top_level.txt
reading manifest file '../../build/ltl_automaton_planner/ltl_automaton_planner.egg-info/SOURCES.txt'
writing manifest file '../../build/ltl_automaton_planner/ltl_automaton_planner.egg-info/SOURCES.txt'
running build
running build_py
copying ltl_automaton_planner/benchmark_node.py -> /home/maverick/LMCO/tmm-mas/sim/ROS2/build/ltl_automaton_planner/build/lib/ltl_automaton_planner
running install
running install_lib
copying /home/maverick/LMCO/tmm-mas/sim/ROS2/build/ltl_automaton_planner/build/lib/ltl_automaton_planner/benchmark_node.py -> /home/maverick/LMCO/tmm-mas/sim/ROS2/install/ltl_automaton_planner/lib/python3.10/site-packages/ltl_automaton_planner
byte-compiling /home/maverick/LMCO/tmm-mas/sim/ROS2/install/ltl_automaton_planner/lib/python3.10/site-packages/ltl_automaton_planner/benchmark_node.py to benchmark_node.cpython-310.pyc
running install_data
copying launch/ltl_planner_isaac_launch.py -> /home/maverick/LMCO/tmm-mas/sim/ROS2/install/ltl_automaton_planner/share/ltl_automaton_planner
running install_egg_info
removing '/home/maverick/LMCO/tmm-mas/sim/ROS2/install/ltl_automaton_planner/lib/python3.10/site-packages/ltl_automaton_planner-0.0.0-py3.10.egg-info' (and everything under it)
Copying ../../build/ltl_automaton_planner/ltl_automaton_planner.egg-info to /home/maverick/LMCO/tmm-mas/sim/ROS2/install/ltl_automaton_planner/lib/python3.10/site-packages/ltl_automaton_planner-0.0.0-py3.10.egg-info
running install_scripts
Installing benchmark_node script to /home/maverick/LMCO/tmm-mas/sim/ROS2/install/ltl_automaton_planner/lib/ltl_automaton_planner
Installing planner_node script to /home/maverick/LMCO/tmm-mas/sim/ROS2/install/ltl_automaton_planner/lib/ltl_automaton_planner
Installing relay_node script to /home/maverick/LMCO/tmm-mas/sim/ROS2/install/ltl_automaton_planner/lib/ltl_automaton_planner
writing list of installed files to '/home/maverick/LMCO/tmm-mas/sim/ROS2/build/ltl_automaton_planner/install.log'
