[0.348s] Invoking command in '/home/maverick/LMCO/tmm-mas/sim/ROS2/lmco/ltl_automaton_planner': AMENT_PREFIX_PATH=/home/maverick/LMCO/tmm-mas/sim/ROS2/install/ltl_automaton_msgs:${AMENT_PREFIX_PATH} CMAKE_PREFIX_PATH=/home/maverick/LMCO/tmm-mas/sim/ROS2/install/ltl_automaton_msgs:${CMAKE_PREFIX_PATH} LD_LIBRARY_PATH=/home/maverick/LMCO/tmm-mas/sim/ROS2/install/ltl_automaton_msgs/lib:/home/maverick/ros2_ws/install/interfaces_hmm_sim/lib:/opt/ros/humble/opt/rviz_ogre_vendor/lib:/opt/ros/humble/lib/x86_64-linux-gnu:/opt/ros/humble/lib:/home/maverick/Downloads/isaacsim PYTHONPATH=/home/maverick/LMCO/tmm-mas/sim/ROS2/build/ltl_automaton_planner/prefix_override:/usr/lib/python3/dist-packages/colcon_core/task/python/colcon_distutils_commands:/home/maverick/LMCO/tmm-mas/sim/ROS2/install/ltl_automaton_planner/lib/python3.10/site-packages:/home/maverick/LMCO/tmm-mas/sim/ROS2/install/ltl_automaton_msgs/local/lib/python3.10/dist-packages:${PYTHONPATH} /usr/bin/python3 -W ignore:setup.py install is deprecated -W ignore:easy_install command is deprecated setup.py egg_info --egg-base ../../build/ltl_automaton_planner build --build-base /home/maverick/LMCO/tmm-mas/sim/ROS2/build/ltl_automaton_planner/build install --record /home/maverick/LMCO/tmm-mas/sim/ROS2/build/ltl_automaton_planner/install.log --single-version-externally-managed install_data
[0.480s] running egg_info
[0.481s] writing ../../build/ltl_automaton_planner/ltl_automaton_planner.egg-info/PKG-INFO
[0.481s] writing dependency_links to ../../build/ltl_automaton_planner/ltl_automaton_planner.egg-info/dependency_links.txt
[0.481s] writing entry points to ../../build/ltl_automaton_planner/ltl_automaton_planner.egg-info/entry_points.txt
[0.481s] writing requirements to ../../build/ltl_automaton_planner/ltl_automaton_planner.egg-info/requires.txt
[0.481s] writing top-level names to ../../build/ltl_automaton_planner/ltl_automaton_planner.egg-info/top_level.txt
[0.482s] reading manifest file '../../build/ltl_automaton_planner/ltl_automaton_planner.egg-info/SOURCES.txt'
[0.483s] writing manifest file '../../build/ltl_automaton_planner/ltl_automaton_planner.egg-info/SOURCES.txt'
[0.483s] running build
[0.483s] running build_py
[0.483s] copying ltl_automaton_planner/benchmark_node.py -> /home/maverick/LMCO/tmm-mas/sim/ROS2/build/ltl_automaton_planner/build/lib/ltl_automaton_planner
[0.484s] running install
[0.484s] running install_lib
[0.485s] copying /home/maverick/LMCO/tmm-mas/sim/ROS2/build/ltl_automaton_planner/build/lib/ltl_automaton_planner/benchmark_node.py -> /home/maverick/LMCO/tmm-mas/sim/ROS2/install/ltl_automaton_planner/lib/python3.10/site-packages/ltl_automaton_planner
[0.486s] byte-compiling /home/maverick/LMCO/tmm-mas/sim/ROS2/install/ltl_automaton_planner/lib/python3.10/site-packages/ltl_automaton_planner/benchmark_node.py to benchmark_node.cpython-310.pyc
[0.488s] running install_data
[0.488s] copying launch/ltl_planner_isaac_launch.py -> /home/maverick/LMCO/tmm-mas/sim/ROS2/install/ltl_automaton_planner/share/ltl_automaton_planner
[0.488s] running install_egg_info
[0.489s] removing '/home/maverick/LMCO/tmm-mas/sim/ROS2/install/ltl_automaton_planner/lib/python3.10/site-packages/ltl_automaton_planner-0.0.0-py3.10.egg-info' (and everything under it)
[0.489s] Copying ../../build/ltl_automaton_planner/ltl_automaton_planner.egg-info to /home/maverick/LMCO/tmm-mas/sim/ROS2/install/ltl_automaton_planner/lib/python3.10/site-packages/ltl_automaton_planner-0.0.0-py3.10.egg-info
[0.489s] running install_scripts
[0.500s] Installing benchmark_node script to /home/maverick/LMCO/tmm-mas/sim/ROS2/install/ltl_automaton_planner/lib/ltl_automaton_planner
[0.500s] Installing planner_node script to /home/maverick/LMCO/tmm-mas/sim/ROS2/install/ltl_automaton_planner/lib/ltl_automaton_planner
[0.500s] Installing relay_node script to /home/maverick/LMCO/tmm-mas/sim/ROS2/install/ltl_automaton_planner/lib/ltl_automaton_planner
[0.501s] writing list of installed files to '/home/maverick/LMCO/tmm-mas/sim/ROS2/build/ltl_automaton_planner/install.log'
[0.513s] Invoked command in '/home/maverick/LMCO/tmm-mas/sim/ROS2/lmco/ltl_automaton_planner' returned '0': AMENT_PREFIX_PATH=/home/maverick/LMCO/tmm-mas/sim/ROS2/install/ltl_automaton_msgs:${AMENT_PREFIX_PATH} CMAKE_PREFIX_PATH=/home/maverick/LMCO/tmm-mas/sim/ROS2/install/ltl_automaton_msgs:${CMAKE_PREFIX_PATH} LD_LIBRARY_PATH=/home/maverick/LMCO/tmm-mas/sim/ROS2/install/ltl_automaton_msgs/lib:/home/maverick/ros2_ws/install/interfaces_hmm_sim/lib:/opt/ros/humble/opt/rviz_ogre_vendor/lib:/opt/ros/humble/lib/x86_64-linux-gnu:/opt/ros/humble/lib:/home/maverick/Downloads/isaacsim PYTHONPATH=/home/maverick/LMCO/tmm-mas/sim/ROS2/build/ltl_automaton_planner/prefix_override:/usr/lib/python3/dist-packages/colcon_core/task/python/colcon_distutils_commands:/home/maverick/LMCO/tmm-mas/sim/ROS2/install/ltl_automaton_planner/lib/python3.10/site-packages:/home/maverick/LMCO/tmm-mas/sim/ROS2/install/ltl_automaton_msgs/local/lib/python3.10/dist-packages:${PYTHONPATH} /usr/bin/python3 -W ignore:setup.py install is deprecated -W ignore:easy_install command is deprecated setup.py egg_info --egg-base ../../build/ltl_automaton_planner build --build-base /home/maverick/LMCO/tmm-mas/sim/ROS2/build/ltl_automaton_planner/build install --record /home/maverick/LMCO/tmm-mas/sim/ROS2/build/ltl_automaton_planner/install.log --single-version-externally-managed install_data
