/home/maverick/LMCO/tmm-mas/sim/ROS2/install/ltl_automaton_planner/lib/python3.10/site-packages/ltl_automaton_planner/relay_node.py
/home/maverick/LMCO/tmm-mas/sim/ROS2/install/ltl_automaton_planner/lib/python3.10/site-packages/ltl_automaton_planner/ltl_automaton_utilities.py
/home/maverick/LMCO/tmm-mas/sim/ROS2/install/ltl_automaton_planner/lib/python3.10/site-packages/ltl_automaton_planner/planner_node.py
/home/maverick/LMCO/tmm-mas/sim/ROS2/install/ltl_automaton_planner/lib/python3.10/site-packages/ltl_automaton_planner/__init__.py
/home/maverick/LMCO/tmm-mas/sim/ROS2/install/ltl_automaton_planner/lib/python3.10/site-packages/ltl_automaton_planner/benchmark_node.py
/home/maverick/LMCO/tmm-mas/sim/ROS2/install/ltl_automaton_planner/lib/python3.10/site-packages/ltl_automaton_planner/ltl_tools/ltl_planner.py
/home/maverick/LMCO/tmm-mas/sim/ROS2/install/ltl_automaton_planner/lib/python3.10/site-packages/ltl_automaton_planner/ltl_tools/ts.py
/home/maverick/LMCO/tmm-mas/sim/ROS2/install/ltl_automaton_planner/lib/python3.10/site-packages/ltl_automaton_planner/ltl_tools/dijkstra.py
/home/maverick/LMCO/tmm-mas/sim/ROS2/install/ltl_automaton_planner/lib/python3.10/site-packages/ltl_automaton_planner/ltl_tools/relax.py
/home/maverick/LMCO/tmm-mas/sim/ROS2/install/ltl_automaton_planner/lib/python3.10/site-packages/ltl_automaton_planner/ltl_tools/ltl2ba.py
/home/maverick/LMCO/tmm-mas/sim/ROS2/install/ltl_automaton_planner/lib/python3.10/site-packages/ltl_automaton_planner/ltl_tools/discrete_plan.py
/home/maverick/LMCO/tmm-mas/sim/ROS2/install/ltl_automaton_planner/lib/python3.10/site-packages/ltl_automaton_planner/ltl_tools/dstar.py
/home/maverick/LMCO/tmm-mas/sim/ROS2/install/ltl_automaton_planner/lib/python3.10/site-packages/ltl_automaton_planner/ltl_tools/__init__.py
/home/maverick/LMCO/tmm-mas/sim/ROS2/install/ltl_automaton_planner/lib/python3.10/site-packages/ltl_automaton_planner/ltl_tools/run.py
/home/maverick/LMCO/tmm-mas/sim/ROS2/install/ltl_automaton_planner/lib/python3.10/site-packages/ltl_automaton_planner/ltl_tools/buchi.py
/home/maverick/LMCO/tmm-mas/sim/ROS2/install/ltl_automaton_planner/lib/python3.10/site-packages/ltl_automaton_planner/ltl_tools/product.py
/home/maverick/LMCO/tmm-mas/sim/ROS2/install/ltl_automaton_planner/lib/python3.10/site-packages/ltl_automaton_planner/ltl_tools/promela.py
/home/maverick/LMCO/tmm-mas/sim/ROS2/install/ltl_automaton_planner/lib/python3.10/site-packages/ltl_automaton_planner/nodes/simulation_node.py
/home/maverick/LMCO/tmm-mas/sim/ROS2/install/ltl_automaton_planner/lib/python3.10/site-packages/ltl_automaton_planner/nodes/__init__.py
/home/maverick/LMCO/tmm-mas/sim/ROS2/install/ltl_automaton_planner/lib/python3.10/site-packages/ltl_automaton_planner/nodes/benchmark_node.py
/home/maverick/LMCO/tmm-mas/sim/ROS2/install/ltl_automaton_planner/lib/python3.10/site-packages/ltl_automaton_planner/boolean_formulas/lexer.py
/home/maverick/LMCO/tmm-mas/sim/ROS2/install/ltl_automaton_planner/lib/python3.10/site-packages/ltl_automaton_planner/boolean_formulas/parser.py
/home/maverick/LMCO/tmm-mas/sim/ROS2/install/ltl_automaton_planner/lib/python3.10/site-packages/ltl_automaton_planner/boolean_formulas/__init__.py
/home/maverick/LMCO/tmm-mas/sim/ROS2/install/ltl_automaton_planner/lib/python3.10/site-packages/ltl_automaton_planner/__pycache__/relay_node.cpython-310.pyc
/home/maverick/LMCO/tmm-mas/sim/ROS2/install/ltl_automaton_planner/lib/python3.10/site-packages/ltl_automaton_planner/__pycache__/ltl_automaton_utilities.cpython-310.pyc
/home/maverick/LMCO/tmm-mas/sim/ROS2/install/ltl_automaton_planner/lib/python3.10/site-packages/ltl_automaton_planner/__pycache__/planner_node.cpython-310.pyc
/home/maverick/LMCO/tmm-mas/sim/ROS2/install/ltl_automaton_planner/lib/python3.10/site-packages/ltl_automaton_planner/__pycache__/__init__.cpython-310.pyc
/home/maverick/LMCO/tmm-mas/sim/ROS2/install/ltl_automaton_planner/lib/python3.10/site-packages/ltl_automaton_planner/__pycache__/benchmark_node.cpython-310.pyc
/home/maverick/LMCO/tmm-mas/sim/ROS2/install/ltl_automaton_planner/lib/python3.10/site-packages/ltl_automaton_planner/ltl_tools/__pycache__/ltl_planner.cpython-310.pyc
/home/maverick/LMCO/tmm-mas/sim/ROS2/install/ltl_automaton_planner/lib/python3.10/site-packages/ltl_automaton_planner/ltl_tools/__pycache__/ts.cpython-310.pyc
/home/maverick/LMCO/tmm-mas/sim/ROS2/install/ltl_automaton_planner/lib/python3.10/site-packages/ltl_automaton_planner/ltl_tools/__pycache__/dijkstra.cpython-310.pyc
/home/maverick/LMCO/tmm-mas/sim/ROS2/install/ltl_automaton_planner/lib/python3.10/site-packages/ltl_automaton_planner/ltl_tools/__pycache__/relax.cpython-310.pyc
/home/maverick/LMCO/tmm-mas/sim/ROS2/install/ltl_automaton_planner/lib/python3.10/site-packages/ltl_automaton_planner/ltl_tools/__pycache__/ltl2ba.cpython-310.pyc
/home/maverick/LMCO/tmm-mas/sim/ROS2/install/ltl_automaton_planner/lib/python3.10/site-packages/ltl_automaton_planner/ltl_tools/__pycache__/discrete_plan.cpython-310.pyc
/home/maverick/LMCO/tmm-mas/sim/ROS2/install/ltl_automaton_planner/lib/python3.10/site-packages/ltl_automaton_planner/ltl_tools/__pycache__/dstar.cpython-310.pyc
/home/maverick/LMCO/tmm-mas/sim/ROS2/install/ltl_automaton_planner/lib/python3.10/site-packages/ltl_automaton_planner/ltl_tools/__pycache__/__init__.cpython-310.pyc
/home/maverick/LMCO/tmm-mas/sim/ROS2/install/ltl_automaton_planner/lib/python3.10/site-packages/ltl_automaton_planner/ltl_tools/__pycache__/run.cpython-310.pyc
/home/maverick/LMCO/tmm-mas/sim/ROS2/install/ltl_automaton_planner/lib/python3.10/site-packages/ltl_automaton_planner/ltl_tools/__pycache__/buchi.cpython-310.pyc
/home/maverick/LMCO/tmm-mas/sim/ROS2/install/ltl_automaton_planner/lib/python3.10/site-packages/ltl_automaton_planner/ltl_tools/__pycache__/product.cpython-310.pyc
/home/maverick/LMCO/tmm-mas/sim/ROS2/install/ltl_automaton_planner/lib/python3.10/site-packages/ltl_automaton_planner/ltl_tools/__pycache__/promela.cpython-310.pyc
/home/maverick/LMCO/tmm-mas/sim/ROS2/install/ltl_automaton_planner/lib/python3.10/site-packages/ltl_automaton_planner/nodes/__pycache__/simulation_node.cpython-310.pyc
/home/maverick/LMCO/tmm-mas/sim/ROS2/install/ltl_automaton_planner/lib/python3.10/site-packages/ltl_automaton_planner/nodes/__pycache__/__init__.cpython-310.pyc
/home/maverick/LMCO/tmm-mas/sim/ROS2/install/ltl_automaton_planner/lib/python3.10/site-packages/ltl_automaton_planner/nodes/__pycache__/benchmark_node.cpython-310.pyc
/home/maverick/LMCO/tmm-mas/sim/ROS2/install/ltl_automaton_planner/lib/python3.10/site-packages/ltl_automaton_planner/boolean_formulas/__pycache__/lexer.cpython-310.pyc
/home/maverick/LMCO/tmm-mas/sim/ROS2/install/ltl_automaton_planner/lib/python3.10/site-packages/ltl_automaton_planner/boolean_formulas/__pycache__/parser.cpython-310.pyc
/home/maverick/LMCO/tmm-mas/sim/ROS2/install/ltl_automaton_planner/lib/python3.10/site-packages/ltl_automaton_planner/boolean_formulas/__pycache__/__init__.cpython-310.pyc
/home/maverick/LMCO/tmm-mas/sim/ROS2/install/ltl_automaton_planner/share/ament_index/resource_index/packages/ltl_automaton_planner
/home/maverick/LMCO/tmm-mas/sim/ROS2/install/ltl_automaton_planner/share/ltl_automaton_planner/package.xml
/home/maverick/LMCO/tmm-mas/sim/ROS2/install/ltl_automaton_planner/share/ltl_automaton_planner/ltl_planner_isaac_launch.py
/home/maverick/LMCO/tmm-mas/sim/ROS2/install/ltl_automaton_planner/lib/python3.10/site-packages/ltl_automaton_planner-0.0.0-py3.10.egg-info/entry_points.txt
/home/maverick/LMCO/tmm-mas/sim/ROS2/install/ltl_automaton_planner/lib/python3.10/site-packages/ltl_automaton_planner-0.0.0-py3.10.egg-info/zip-safe
/home/maverick/LMCO/tmm-mas/sim/ROS2/install/ltl_automaton_planner/lib/python3.10/site-packages/ltl_automaton_planner-0.0.0-py3.10.egg-info/requires.txt
/home/maverick/LMCO/tmm-mas/sim/ROS2/install/ltl_automaton_planner/lib/python3.10/site-packages/ltl_automaton_planner-0.0.0-py3.10.egg-info/SOURCES.txt
/home/maverick/LMCO/tmm-mas/sim/ROS2/install/ltl_automaton_planner/lib/python3.10/site-packages/ltl_automaton_planner-0.0.0-py3.10.egg-info/top_level.txt
/home/maverick/LMCO/tmm-mas/sim/ROS2/install/ltl_automaton_planner/lib/python3.10/site-packages/ltl_automaton_planner-0.0.0-py3.10.egg-info/dependency_links.txt
/home/maverick/LMCO/tmm-mas/sim/ROS2/install/ltl_automaton_planner/lib/python3.10/site-packages/ltl_automaton_planner-0.0.0-py3.10.egg-info/PKG-INFO
/home/maverick/LMCO/tmm-mas/sim/ROS2/install/ltl_automaton_planner/lib/ltl_automaton_planner/benchmark_node
/home/maverick/LMCO/tmm-mas/sim/ROS2/install/ltl_automaton_planner/lib/ltl_automaton_planner/planner_node
/home/maverick/LMCO/tmm-mas/sim/ROS2/install/ltl_automaton_planner/lib/ltl_automaton_planner/relay_node
