-- The C compiler identification is GNU 11.4.0
-- The CXX compiler identification is GNU 11.4.0
-- Detecting C compiler ABI info
-- Detecting C compiler ABI info - done
-- Check for working C compiler: /usr/bin/cc - skipped
-- Detecting C compile features
-- Detecting C compile features - done
-- Detecting CXX compiler ABI info
-- Detecting CXX compiler ABI info - done
-- Check for working CXX compiler: /usr/bin/c++ - skipped
-- Detecting CXX compile features
-- Detecting CXX compile features - done
-- Found ament_cmake: 1.3.11 (/opt/ros/humble/share/ament_cmake/cmake)
-- Found Python3: /usr/bin/python3 (found version "3.10.12") found components: Interpreter 
-- Found rclcpp: 16.0.11 (/opt/ros/humble/share/rclcpp/cmake)
-- Found rosidl_generator_c: 3.1.6 (/opt/ros/humble/share/rosidl_generator_c/cmake)
-- Found rosidl_adapter: 3.1.6 (/opt/ros/humble/share/rosidl_adapter/cmake)
-- Found rosidl_generator_cpp: 3.1.6 (/opt/ros/humble/share/rosidl_generator_cpp/cmake)
-- Using all available rosidl_typesupport_c: rosidl_typesupport_fastrtps_c;rosidl_typesupport_introspection_c
-- Using all available rosidl_typesupport_cpp: rosidl_typesupport_fastrtps_cpp;rosidl_typesupport_introspection_cpp
-- Found rmw_implementation_cmake: 6.1.2 (/opt/ros/humble/share/rmw_implementation_cmake/cmake)
-- Found rmw_fastrtps_cpp: 6.2.7 (/opt/ros/humble/share/rmw_fastrtps_cpp/cmake)
-- Found OpenSSL: /usr/lib/x86_64-linux-gnu/libcrypto.so (found version "3.0.2")  
-- Found FastRTPS: /opt/ros/humble/include  
-- Using RMW implementation 'rmw_fastrtps_cpp' as default
-- Looking for pthread.h
-- Looking for pthread.h - found
-- Performing Test CMAKE_HAVE_LIBC_PTHREAD
-- Performing Test CMAKE_HAVE_LIBC_PTHREAD - Success
-- Found Threads: TRUE  
-- Found rosidl_default_generators: 1.2.0 (/opt/ros/humble/share/rosidl_default_generators/cmake)
-- Found ament_cmake_ros: 0.10.0 (/opt/ros/humble/share/ament_cmake_ros/cmake)
-- Using all available rosidl_typesupport_c: rosidl_typesupport_fastrtps_c;rosidl_typesupport_introspection_c
-- Using all available rosidl_typesupport_cpp: rosidl_typesupport_fastrtps_cpp;rosidl_typesupport_introspection_cpp
-- Found PythonInterp: /usr/bin/python3 (found suitable version "3.10.12", minimum required is "3.6") 
-- Found python_cmake_module: 0.10.0 (/opt/ros/humble/share/python_cmake_module/cmake)
-- Found PythonLibs: /usr/lib/x86_64-linux-gnu/libpython3.10.so (found suitable version "3.10.12", minimum required is "3.5") 
-- Using PYTHON_EXECUTABLE: /usr/bin/python3
-- Using PYTHON_INCLUDE_DIRS: /usr/include/python3.10
-- Using PYTHON_LIBRARIES: /usr/lib/x86_64-linux-gnu/libpython3.10.so
-- Found PythonExtra: .so  
-- Configuring done
-- Generating done
-- Build files have been written to: /home/maverick/LMCO/tmm-mas/sim/ROS2/build/ltl_automaton_msgs
[  1%] [34m[1mGenerating C code for ROS interfaces[0m
[  1%] [34m[1mGenerating C++ code for ROS interfaces[0m
[  1%] Built target ament_cmake_python_copy_ltl_automaton_msgs
running egg_info
creating ltl_automaton_msgs.egg-info
writing ltl_automaton_msgs.egg-info/PKG-INFO
writing dependency_links to ltl_automaton_msgs.egg-info/dependency_links.txt
writing top-level names to ltl_automaton_msgs.egg-info/top_level.txt
writing manifest file 'ltl_automaton_msgs.egg-info/SOURCES.txt'
reading manifest file 'ltl_automaton_msgs.egg-info/SOURCES.txt'
writing manifest file 'ltl_automaton_msgs.egg-info/SOURCES.txt'
[  1%] Built target ament_cmake_python_build_ltl_automaton_msgs_egg
[  1%] Built target ltl_automaton_msgs__cpp
[  2%] [34m[1mGenerating C++ type support dispatch for ROS interfaces[0m
[  3%] [34m[1mGenerating C++ type support for eProsima Fast-RTPS[0m
[  3%] [34m[1mGenerating C++ introspection for ROS interfaces[0m
[  5%] [32mBuilding C object CMakeFiles/ltl_automaton_msgs__rosidl_generator_c.dir/rosidl_generator_c/ltl_automaton_msgs/msg/detail/ltl_state_array__functions.c.o[0m
[  5%] [32mBuilding C object CMakeFiles/ltl_automaton_msgs__rosidl_generator_c.dir/rosidl_generator_c/ltl_automaton_msgs/msg/detail/transition_system_state__functions.c.o[0m
[  6%] [32mBuilding C object CMakeFiles/ltl_automaton_msgs__rosidl_generator_c.dir/rosidl_generator_c/ltl_automaton_msgs/msg/detail/relay_response__functions.c.o[0m
[  6%] [32mBuilding C object CMakeFiles/ltl_automaton_msgs__rosidl_generator_c.dir/rosidl_generator_c/ltl_automaton_msgs/msg/detail/transition_system_state_stamped__functions.c.o[0m
[  8%] [32mBuilding C object CMakeFiles/ltl_automaton_msgs__rosidl_generator_c.dir/rosidl_generator_c/ltl_automaton_msgs/msg/detail/ltl_plan__functions.c.o[0m
[  8%] [32mBuilding C object CMakeFiles/ltl_automaton_msgs__rosidl_generator_c.dir/rosidl_generator_c/ltl_automaton_msgs/msg/detail/ltl_state__functions.c.o[0m
[  8%] [32mBuilding C object CMakeFiles/ltl_automaton_msgs__rosidl_generator_c.dir/rosidl_generator_c/ltl_automaton_msgs/msg/detail/relay_request__functions.c.o[0m
[  9%] [32mBuilding C object CMakeFiles/ltl_automaton_msgs__rosidl_generator_c.dir/rosidl_generator_c/ltl_automaton_msgs/msg/detail/ltl_state_runs__functions.c.o[0m
[ 10%] [32mBuilding C object CMakeFiles/ltl_automaton_msgs__rosidl_generator_c.dir/rosidl_generator_c/ltl_automaton_msgs/srv/detail/trap_check__functions.c.o[0m
[ 12%] [32mBuilding C object CMakeFiles/ltl_automaton_msgs__rosidl_generator_c.dir/rosidl_generator_c/ltl_automaton_msgs/srv/detail/task_replanning_modify__functions.c.o[0m
[ 12%] [32mBuilding C object CMakeFiles/ltl_automaton_msgs__rosidl_generator_c.dir/rosidl_generator_c/ltl_automaton_msgs/srv/detail/task_planning__functions.c.o[0m
[ 12%] [32mBuilding C object CMakeFiles/ltl_automaton_msgs__rosidl_generator_c.dir/rosidl_generator_c/ltl_automaton_msgs/srv/detail/task_replanning_delete__functions.c.o[0m
[ 13%] [32mBuilding C object CMakeFiles/ltl_automaton_msgs__rosidl_generator_c.dir/rosidl_generator_c/ltl_automaton_msgs/srv/detail/task_replanning_relabel__functions.c.o[0m
[ 14%] [32m[1mLinking C shared library libltl_automaton_msgs__rosidl_generator_c.so[0m
[ 14%] Built target ltl_automaton_msgs__rosidl_generator_c
[ 17%] [34m[1mGenerating C type support dispatch for ROS interfaces[0m
[ 17%] [34m[1mGenerating C type support for eProsima Fast-RTPS[0m
[ 17%] [34m[1mGenerating C introspection for ROS interfaces[0m
[ 19%] [32mBuilding CXX object CMakeFiles/ltl_automaton_msgs__rosidl_typesupport_cpp.dir/rosidl_typesupport_cpp/ltl_automaton_msgs/msg/transition_system_state__type_support.cpp.o[0m
[ 19%] [32mBuilding CXX object CMakeFiles/ltl_automaton_msgs__rosidl_typesupport_cpp.dir/rosidl_typesupport_cpp/ltl_automaton_msgs/msg/ltl_plan__type_support.cpp.o[0m
[ 20%] [32mBuilding CXX object CMakeFiles/ltl_automaton_msgs__rosidl_typesupport_cpp.dir/rosidl_typesupport_cpp/ltl_automaton_msgs/msg/ltl_state__type_support.cpp.o[0m
[ 20%] [32mBuilding CXX object CMakeFiles/ltl_automaton_msgs__rosidl_typesupport_cpp.dir/rosidl_typesupport_cpp/ltl_automaton_msgs/msg/transition_system_state_stamped__type_support.cpp.o[0m
[ 21%] [32mBuilding CXX object CMakeFiles/ltl_automaton_msgs__rosidl_typesupport_cpp.dir/rosidl_typesupport_cpp/ltl_automaton_msgs/msg/ltl_state_runs__type_support.cpp.o[0m
[ 22%] [32mBuilding CXX object CMakeFiles/ltl_automaton_msgs__rosidl_typesupport_cpp.dir/rosidl_typesupport_cpp/ltl_automaton_msgs/msg/ltl_state_array__type_support.cpp.o[0m
[ 23%] [32mBuilding CXX object CMakeFiles/ltl_automaton_msgs__rosidl_typesupport_cpp.dir/rosidl_typesupport_cpp/ltl_automaton_msgs/srv/task_replanning_modify__type_support.cpp.o[0m
[ 24%] [32mBuilding CXX object CMakeFiles/ltl_automaton_msgs__rosidl_typesupport_cpp.dir/rosidl_typesupport_cpp/ltl_automaton_msgs/srv/trap_check__type_support.cpp.o[0m
[ 25%] [32mBuilding CXX object CMakeFiles/ltl_automaton_msgs__rosidl_typesupport_cpp.dir/rosidl_typesupport_cpp/ltl_automaton_msgs/srv/task_planning__type_support.cpp.o[0m
[ 26%] [32mBuilding CXX object CMakeFiles/ltl_automaton_msgs__rosidl_typesupport_cpp.dir/rosidl_typesupport_cpp/ltl_automaton_msgs/msg/relay_request__type_support.cpp.o[0m
[ 26%] [32mBuilding CXX object CMakeFiles/ltl_automaton_msgs__rosidl_typesupport_cpp.dir/rosidl_typesupport_cpp/ltl_automaton_msgs/msg/relay_response__type_support.cpp.o[0m
[ 26%] [32mBuilding CXX object CMakeFiles/ltl_automaton_msgs__rosidl_typesupport_c.dir/rosidl_typesupport_c/ltl_automaton_msgs/msg/transition_system_state__type_support.cpp.o[0m
[ 27%] [32mBuilding CXX object CMakeFiles/ltl_automaton_msgs__rosidl_typesupport_c.dir/rosidl_typesupport_c/ltl_automaton_msgs/msg/transition_system_state_stamped__type_support.cpp.o[0m
[ 28%] [32mBuilding CXX object CMakeFiles/ltl_automaton_msgs__rosidl_typesupport_c.dir/rosidl_typesupport_c/ltl_automaton_msgs/msg/ltl_plan__type_support.cpp.o[0m
[ 29%] [32mBuilding CXX object CMakeFiles/ltl_automaton_msgs__rosidl_typesupport_cpp.dir/rosidl_typesupport_cpp/ltl_automaton_msgs/srv/task_replanning_delete__type_support.cpp.o[0m
[ 29%] [32mBuilding CXX object CMakeFiles/ltl_automaton_msgs__rosidl_typesupport_cpp.dir/rosidl_typesupport_cpp/ltl_automaton_msgs/srv/task_replanning_relabel__type_support.cpp.o[0m
[ 30%] [32mBuilding CXX object CMakeFiles/ltl_automaton_msgs__rosidl_typesupport_c.dir/rosidl_typesupport_c/ltl_automaton_msgs/msg/ltl_state__type_support.cpp.o[0m
[ 31%] [32mBuilding CXX object CMakeFiles/ltl_automaton_msgs__rosidl_typesupport_c.dir/rosidl_typesupport_c/ltl_automaton_msgs/msg/ltl_state_array__type_support.cpp.o[0m
[ 33%] [32mBuilding CXX object CMakeFiles/ltl_automaton_msgs__rosidl_typesupport_c.dir/rosidl_typesupport_c/ltl_automaton_msgs/msg/ltl_state_runs__type_support.cpp.o[0m
[ 33%] [32mBuilding CXX object CMakeFiles/ltl_automaton_msgs__rosidl_typesupport_c.dir/rosidl_typesupport_c/ltl_automaton_msgs/msg/relay_request__type_support.cpp.o[0m
[ 35%] [32mBuilding CXX object CMakeFiles/ltl_automaton_msgs__rosidl_typesupport_c.dir/rosidl_typesupport_c/ltl_automaton_msgs/srv/trap_check__type_support.cpp.o[0m
[ 35%] [32mBuilding CXX object CMakeFiles/ltl_automaton_msgs__rosidl_typesupport_c.dir/rosidl_typesupport_c/ltl_automaton_msgs/srv/task_planning__type_support.cpp.o[0m
[ 33%] [32mBuilding CXX object CMakeFiles/ltl_automaton_msgs__rosidl_typesupport_c.dir/rosidl_typesupport_c/ltl_automaton_msgs/msg/relay_response__type_support.cpp.o[0m
[ 35%] [32mBuilding CXX object CMakeFiles/ltl_automaton_msgs__rosidl_typesupport_c.dir/rosidl_typesupport_c/ltl_automaton_msgs/srv/task_replanning_modify__type_support.cpp.o[0m
[ 36%] [32mBuilding CXX object CMakeFiles/ltl_automaton_msgs__rosidl_typesupport_c.dir/rosidl_typesupport_c/ltl_automaton_msgs/srv/task_replanning_delete__type_support.cpp.o[0m
[ 37%] [32mBuilding CXX object CMakeFiles/ltl_automaton_msgs__rosidl_typesupport_c.dir/rosidl_typesupport_c/ltl_automaton_msgs/srv/task_replanning_relabel__type_support.cpp.o[0m
[ 38%] [32mBuilding CXX object CMakeFiles/ltl_automaton_msgs__rosidl_typesupport_introspection_cpp.dir/rosidl_typesupport_introspection_cpp/ltl_automaton_msgs/msg/detail/transition_system_state__type_support.cpp.o[0m
[ 39%] [32mBuilding CXX object CMakeFiles/ltl_automaton_msgs__rosidl_typesupport_introspection_cpp.dir/rosidl_typesupport_introspection_cpp/ltl_automaton_msgs/msg/detail/transition_system_state_stamped__type_support.cpp.o[0m
[ 40%] [32mBuilding CXX object CMakeFiles/ltl_automaton_msgs__rosidl_typesupport_introspection_cpp.dir/rosidl_typesupport_introspection_cpp/ltl_automaton_msgs/msg/detail/ltl_plan__type_support.cpp.o[0m
[ 41%] [32mBuilding CXX object CMakeFiles/ltl_automaton_msgs__rosidl_typesupport_introspection_cpp.dir/rosidl_typesupport_introspection_cpp/ltl_automaton_msgs/msg/detail/ltl_state__type_support.cpp.o[0m
[ 41%] [32mBuilding CXX object CMakeFiles/ltl_automaton_msgs__rosidl_typesupport_introspection_cpp.dir/rosidl_typesupport_introspection_cpp/ltl_automaton_msgs/msg/detail/ltl_state_array__type_support.cpp.o[0m
[ 42%] [32mBuilding CXX object CMakeFiles/ltl_automaton_msgs__rosidl_typesupport_introspection_cpp.dir/rosidl_typesupport_introspection_cpp/ltl_automaton_msgs/msg/detail/relay_request__type_support.cpp.o[0m
[ 43%] [32mBuilding CXX object CMakeFiles/ltl_automaton_msgs__rosidl_typesupport_introspection_cpp.dir/rosidl_typesupport_introspection_cpp/ltl_automaton_msgs/msg/detail/ltl_state_runs__type_support.cpp.o[0m
[ 44%] [32mBuilding CXX object CMakeFiles/ltl_automaton_msgs__rosidl_typesupport_introspection_cpp.dir/rosidl_typesupport_introspection_cpp/ltl_automaton_msgs/srv/detail/trap_check__type_support.cpp.o[0m
[ 45%] [32mBuilding CXX object CMakeFiles/ltl_automaton_msgs__rosidl_typesupport_introspection_cpp.dir/rosidl_typesupport_introspection_cpp/ltl_automaton_msgs/msg/detail/relay_response__type_support.cpp.o[0m
[ 45%] [32mBuilding CXX object CMakeFiles/ltl_automaton_msgs__rosidl_typesupport_introspection_cpp.dir/rosidl_typesupport_introspection_cpp/ltl_automaton_msgs/srv/detail/task_planning__type_support.cpp.o[0m
[ 46%] [32m[1mLinking CXX shared library libltl_automaton_msgs__rosidl_typesupport_c.so[0m
[ 47%] [32mBuilding CXX object CMakeFiles/ltl_automaton_msgs__rosidl_typesupport_fastrtps_cpp.dir/rosidl_typesupport_fastrtps_cpp/ltl_automaton_msgs/msg/detail/dds_fastrtps/transition_system_state__type_support.cpp.o[0m
[ 47%] Built target ltl_automaton_msgs__rosidl_typesupport_c
[ 48%] [32mBuilding CXX object CMakeFiles/ltl_automaton_msgs__rosidl_typesupport_introspection_cpp.dir/rosidl_typesupport_introspection_cpp/ltl_automaton_msgs/srv/detail/task_replanning_modify__type_support.cpp.o[0m
[ 49%] [32mBuilding CXX object CMakeFiles/ltl_automaton_msgs__rosidl_typesupport_fastrtps_cpp.dir/rosidl_typesupport_fastrtps_cpp/ltl_automaton_msgs/msg/detail/dds_fastrtps/transition_system_state_stamped__type_support.cpp.o[0m
[ 50%] [32m[1mLinking CXX shared library libltl_automaton_msgs__rosidl_typesupport_cpp.so[0m
[ 51%] [32mBuilding C object CMakeFiles/ltl_automaton_msgs__rosidl_typesupport_introspection_c.dir/rosidl_typesupport_introspection_c/ltl_automaton_msgs/msg/detail/transition_system_state__type_support.c.o[0m
[ 51%] Built target ltl_automaton_msgs__rosidl_typesupport_cpp
[ 52%] [32mBuilding C object CMakeFiles/ltl_automaton_msgs__rosidl_typesupport_introspection_c.dir/rosidl_typesupport_introspection_c/ltl_automaton_msgs/msg/detail/transition_system_state_stamped__type_support.c.o[0m
[ 53%] [32mBuilding CXX object CMakeFiles/ltl_automaton_msgs__rosidl_typesupport_introspection_cpp.dir/rosidl_typesupport_introspection_cpp/ltl_automaton_msgs/srv/detail/task_replanning_delete__type_support.cpp.o[0m
[ 53%] [32mBuilding C object CMakeFiles/ltl_automaton_msgs__rosidl_typesupport_introspection_c.dir/rosidl_typesupport_introspection_c/ltl_automaton_msgs/msg/detail/ltl_plan__type_support.c.o[0m
[ 54%] [32mBuilding CXX object CMakeFiles/ltl_automaton_msgs__rosidl_typesupport_fastrtps_c.dir/rosidl_typesupport_fastrtps_c/ltl_automaton_msgs/msg/detail/transition_system_state__type_support_c.cpp.o[0m
[ 55%] [32mBuilding C object CMakeFiles/ltl_automaton_msgs__rosidl_typesupport_introspection_c.dir/rosidl_typesupport_introspection_c/ltl_automaton_msgs/msg/detail/ltl_state__type_support.c.o[0m
[ 56%] [32mBuilding CXX object CMakeFiles/ltl_automaton_msgs__rosidl_typesupport_fastrtps_cpp.dir/rosidl_typesupport_fastrtps_cpp/ltl_automaton_msgs/msg/detail/dds_fastrtps/ltl_plan__type_support.cpp.o[0m
[ 56%] [32mBuilding CXX object CMakeFiles/ltl_automaton_msgs__rosidl_typesupport_fastrtps_c.dir/rosidl_typesupport_fastrtps_c/ltl_automaton_msgs/msg/detail/transition_system_state_stamped__type_support_c.cpp.o[0m
[ 57%] [32mBuilding C object CMakeFiles/ltl_automaton_msgs__rosidl_typesupport_introspection_c.dir/rosidl_typesupport_introspection_c/ltl_automaton_msgs/msg/detail/ltl_state_array__type_support.c.o[0m
[ 57%] [32mBuilding CXX object CMakeFiles/ltl_automaton_msgs__rosidl_typesupport_fastrtps_cpp.dir/rosidl_typesupport_fastrtps_cpp/ltl_automaton_msgs/msg/detail/dds_fastrtps/ltl_state__type_support.cpp.o[0m
[ 58%] [32mBuilding CXX object CMakeFiles/ltl_automaton_msgs__rosidl_typesupport_fastrtps_c.dir/rosidl_typesupport_fastrtps_c/ltl_automaton_msgs/msg/detail/ltl_plan__type_support_c.cpp.o[0m
[ 59%] [32mBuilding C object CMakeFiles/ltl_automaton_msgs__rosidl_typesupport_introspection_c.dir/rosidl_typesupport_introspection_c/ltl_automaton_msgs/msg/detail/ltl_state_runs__type_support.c.o[0m
[ 61%] [32mBuilding CXX object CMakeFiles/ltl_automaton_msgs__rosidl_typesupport_fastrtps_cpp.dir/rosidl_typesupport_fastrtps_cpp/ltl_automaton_msgs/msg/detail/dds_fastrtps/ltl_state_array__type_support.cpp.o[0m
[ 61%] [32mBuilding CXX object CMakeFiles/ltl_automaton_msgs__rosidl_typesupport_fastrtps_cpp.dir/rosidl_typesupport_fastrtps_cpp/ltl_automaton_msgs/msg/detail/dds_fastrtps/ltl_state_runs__type_support.cpp.o[0m
[ 62%] [32mBuilding CXX object CMakeFiles/ltl_automaton_msgs__rosidl_typesupport_fastrtps_cpp.dir/rosidl_typesupport_fastrtps_cpp/ltl_automaton_msgs/msg/detail/dds_fastrtps/relay_request__type_support.cpp.o[0m
[ 63%] [32mBuilding C object CMakeFiles/ltl_automaton_msgs__rosidl_typesupport_introspection_c.dir/rosidl_typesupport_introspection_c/ltl_automaton_msgs/msg/detail/relay_request__type_support.c.o[0m
[ 63%] [32mBuilding C object CMakeFiles/ltl_automaton_msgs__rosidl_typesupport_introspection_c.dir/rosidl_typesupport_introspection_c/ltl_automaton_msgs/msg/detail/relay_response__type_support.c.o[0m
[ 64%] [32mBuilding CXX object CMakeFiles/ltl_automaton_msgs__rosidl_typesupport_fastrtps_c.dir/rosidl_typesupport_fastrtps_c/ltl_automaton_msgs/msg/detail/ltl_state__type_support_c.cpp.o[0m
[ 65%] [32mBuilding CXX object CMakeFiles/ltl_automaton_msgs__rosidl_typesupport_fastrtps_c.dir/rosidl_typesupport_fastrtps_c/ltl_automaton_msgs/msg/detail/ltl_state_array__type_support_c.cpp.o[0m
[ 66%] [32mBuilding C object CMakeFiles/ltl_automaton_msgs__rosidl_typesupport_introspection_c.dir/rosidl_typesupport_introspection_c/ltl_automaton_msgs/srv/detail/trap_check__type_support.c.o[0m
[ 67%] [32mBuilding CXX object CMakeFiles/ltl_automaton_msgs__rosidl_typesupport_fastrtps_c.dir/rosidl_typesupport_fastrtps_c/ltl_automaton_msgs/msg/detail/ltl_state_runs__type_support_c.cpp.o[0m
[ 68%] [32mBuilding CXX object CMakeFiles/ltl_automaton_msgs__rosidl_typesupport_fastrtps_cpp.dir/rosidl_typesupport_fastrtps_cpp/ltl_automaton_msgs/msg/detail/dds_fastrtps/relay_response__type_support.cpp.o[0m
[ 69%] [32mBuilding C object CMakeFiles/ltl_automaton_msgs__rosidl_typesupport_introspection_c.dir/rosidl_typesupport_introspection_c/ltl_automaton_msgs/srv/detail/task_planning__type_support.c.o[0m
[ 69%] [32mBuilding CXX object CMakeFiles/ltl_automaton_msgs__rosidl_typesupport_fastrtps_cpp.dir/rosidl_typesupport_fastrtps_cpp/ltl_automaton_msgs/srv/detail/dds_fastrtps/trap_check__type_support.cpp.o[0m
[ 70%] [32mBuilding C object CMakeFiles/ltl_automaton_msgs__rosidl_typesupport_introspection_c.dir/rosidl_typesupport_introspection_c/ltl_automaton_msgs/srv/detail/task_replanning_modify__type_support.c.o[0m
[ 70%] [32mBuilding CXX object CMakeFiles/ltl_automaton_msgs__rosidl_typesupport_fastrtps_c.dir/rosidl_typesupport_fastrtps_c/ltl_automaton_msgs/msg/detail/relay_request__type_support_c.cpp.o[0m
[ 71%] [32mBuilding C object CMakeFiles/ltl_automaton_msgs__rosidl_typesupport_introspection_c.dir/rosidl_typesupport_introspection_c/ltl_automaton_msgs/srv/detail/task_replanning_delete__type_support.c.o[0m
[ 71%] [32mBuilding C object CMakeFiles/ltl_automaton_msgs__rosidl_typesupport_introspection_c.dir/rosidl_typesupport_introspection_c/ltl_automaton_msgs/srv/detail/task_replanning_relabel__type_support.c.o[0m
[ 72%] [32m[1mLinking C shared library libltl_automaton_msgs__rosidl_typesupport_introspection_c.so[0m
[ 73%] [32mBuilding CXX object CMakeFiles/ltl_automaton_msgs__rosidl_typesupport_introspection_cpp.dir/rosidl_typesupport_introspection_cpp/ltl_automaton_msgs/srv/detail/task_replanning_relabel__type_support.cpp.o[0m
[ 74%] [32mBuilding CXX object CMakeFiles/ltl_automaton_msgs__rosidl_typesupport_fastrtps_cpp.dir/rosidl_typesupport_fastrtps_cpp/ltl_automaton_msgs/srv/detail/dds_fastrtps/task_planning__type_support.cpp.o[0m
[ 75%] [32mBuilding CXX object CMakeFiles/ltl_automaton_msgs__rosidl_typesupport_fastrtps_cpp.dir/rosidl_typesupport_fastrtps_cpp/ltl_automaton_msgs/srv/detail/dds_fastrtps/task_replanning_modify__type_support.cpp.o[0m
[ 75%] Built target ltl_automaton_msgs__rosidl_typesupport_introspection_c
[ 76%] [32mBuilding CXX object CMakeFiles/ltl_automaton_msgs__rosidl_typesupport_fastrtps_cpp.dir/rosidl_typesupport_fastrtps_cpp/ltl_automaton_msgs/srv/detail/dds_fastrtps/task_replanning_delete__type_support.cpp.o[0m
[ 77%] [32mBuilding CXX object CMakeFiles/ltl_automaton_msgs__rosidl_typesupport_fastrtps_cpp.dir/rosidl_typesupport_fastrtps_cpp/ltl_automaton_msgs/srv/detail/dds_fastrtps/task_replanning_relabel__type_support.cpp.o[0m
[ 78%] [32mBuilding CXX object CMakeFiles/ltl_automaton_msgs__rosidl_typesupport_fastrtps_c.dir/rosidl_typesupport_fastrtps_c/ltl_automaton_msgs/msg/detail/relay_response__type_support_c.cpp.o[0m
[ 79%] [32mBuilding CXX object CMakeFiles/ltl_automaton_msgs__rosidl_typesupport_fastrtps_c.dir/rosidl_typesupport_fastrtps_c/ltl_automaton_msgs/srv/detail/trap_check__type_support_c.cpp.o[0m
[ 80%] [32mBuilding CXX object CMakeFiles/ltl_automaton_msgs__rosidl_typesupport_fastrtps_c.dir/rosidl_typesupport_fastrtps_c/ltl_automaton_msgs/srv/detail/task_planning__type_support_c.cpp.o[0m
[ 81%] [32mBuilding CXX object CMakeFiles/ltl_automaton_msgs__rosidl_typesupport_fastrtps_c.dir/rosidl_typesupport_fastrtps_c/ltl_automaton_msgs/srv/detail/task_replanning_modify__type_support_c.cpp.o[0m
[ 81%] [32mBuilding CXX object CMakeFiles/ltl_automaton_msgs__rosidl_typesupport_fastrtps_c.dir/rosidl_typesupport_fastrtps_c/ltl_automaton_msgs/srv/detail/task_replanning_delete__type_support_c.cpp.o[0m
[ 82%] [32mBuilding CXX object CMakeFiles/ltl_automaton_msgs__rosidl_typesupport_fastrtps_c.dir/rosidl_typesupport_fastrtps_c/ltl_automaton_msgs/srv/detail/task_replanning_relabel__type_support_c.cpp.o[0m
[ 83%] [32m[1mLinking CXX shared library libltl_automaton_msgs__rosidl_typesupport_introspection_cpp.so[0m
[ 83%] [32m[1mLinking CXX shared library libltl_automaton_msgs__rosidl_typesupport_fastrtps_cpp.so[0m
[ 83%] Built target ltl_automaton_msgs__rosidl_typesupport_introspection_cpp
[ 84%] [32m[1mLinking CXX shared library libltl_automaton_msgs__rosidl_typesupport_fastrtps_c.so[0m
[ 84%] Built target ltl_automaton_msgs__rosidl_typesupport_fastrtps_c
[ 84%] Built target ltl_automaton_msgs__rosidl_typesupport_fastrtps_cpp
[ 84%] Built target ltl_automaton_msgs
[ 85%] [34m[1mGenerating Python code for ROS interfaces[0m
[ 85%] Built target ltl_automaton_msgs__py
[ 87%] [32mBuilding C object CMakeFiles/ltl_automaton_msgs__rosidl_generator_py.dir/rosidl_generator_py/ltl_automaton_msgs/msg/_ltl_state_array_s.c.o[0m
[ 87%] [32mBuilding C object CMakeFiles/ltl_automaton_msgs__rosidl_generator_py.dir/rosidl_generator_py/ltl_automaton_msgs/msg/_ltl_plan_s.c.o[0m
[ 87%] [32mBuilding C object CMakeFiles/ltl_automaton_msgs__rosidl_generator_py.dir/rosidl_generator_py/ltl_automaton_msgs/msg/_relay_request_s.c.o[0m
[ 87%] [32mBuilding C object CMakeFiles/ltl_automaton_msgs__rosidl_generator_py.dir/rosidl_generator_py/ltl_automaton_msgs/msg/_transition_system_state_stamped_s.c.o[0m
[ 88%] [32mBuilding C object CMakeFiles/ltl_automaton_msgs__rosidl_generator_py.dir/rosidl_generator_py/ltl_automaton_msgs/msg/_transition_system_state_s.c.o[0m
[ 89%] [32mBuilding C object CMakeFiles/ltl_automaton_msgs__rosidl_generator_py.dir/rosidl_generator_py/ltl_automaton_msgs/msg/_ltl_state_s.c.o[0m
[ 90%] [32mBuilding C object CMakeFiles/ltl_automaton_msgs__rosidl_generator_py.dir/rosidl_generator_py/ltl_automaton_msgs/msg/_ltl_state_runs_s.c.o[0m
[ 91%] [32mBuilding C object CMakeFiles/ltl_automaton_msgs__rosidl_generator_py.dir/rosidl_generator_py/ltl_automaton_msgs/srv/_trap_check_s.c.o[0m
[ 93%] [32mBuilding C object CMakeFiles/ltl_automaton_msgs__rosidl_generator_py.dir/rosidl_generator_py/ltl_automaton_msgs/srv/_task_planning_s.c.o[0m
[ 93%] [32mBuilding C object CMakeFiles/ltl_automaton_msgs__rosidl_generator_py.dir/rosidl_generator_py/ltl_automaton_msgs/msg/_relay_response_s.c.o[0m
[ 94%] [32mBuilding C object CMakeFiles/ltl_automaton_msgs__rosidl_generator_py.dir/rosidl_generator_py/ltl_automaton_msgs/srv/_task_replanning_modify_s.c.o[0m
[ 94%] [32mBuilding C object CMakeFiles/ltl_automaton_msgs__rosidl_generator_py.dir/rosidl_generator_py/ltl_automaton_msgs/srv/_task_replanning_delete_s.c.o[0m
[ 95%] [32mBuilding C object CMakeFiles/ltl_automaton_msgs__rosidl_generator_py.dir/rosidl_generator_py/ltl_automaton_msgs/srv/_task_replanning_relabel_s.c.o[0m
[ 96%] [32m[1mLinking C shared library rosidl_generator_py/ltl_automaton_msgs/libltl_automaton_msgs__rosidl_generator_py.so[0m
[ 96%] Built target ltl_automaton_msgs__rosidl_generator_py
[ 98%] [32mBuilding C object CMakeFiles/ltl_automaton_msgs__rosidl_typesupport_introspection_c__pyext.dir/rosidl_generator_py/ltl_automaton_msgs/_ltl_automaton_msgs_s.ep.rosidl_typesupport_introspection_c.c.o[0m
[ 98%] [32mBuilding C object CMakeFiles/ltl_automaton_msgs__rosidl_typesupport_fastrtps_c__pyext.dir/rosidl_generator_py/ltl_automaton_msgs/_ltl_automaton_msgs_s.ep.rosidl_typesupport_fastrtps_c.c.o[0m
[ 99%] [32mBuilding C object CMakeFiles/ltl_automaton_msgs__rosidl_typesupport_c__pyext.dir/rosidl_generator_py/ltl_automaton_msgs/_ltl_automaton_msgs_s.ep.rosidl_typesupport_c.c.o[0m
[100%] [32m[1mLinking C shared library rosidl_generator_py/ltl_automaton_msgs/ltl_automaton_msgs_s__rosidl_typesupport_c.cpython-310-x86_64-linux-gnu.so[0m
[100%] [32m[1mLinking C shared library rosidl_generator_py/ltl_automaton_msgs/ltl_automaton_msgs_s__rosidl_typesupport_introspection_c.cpython-310-x86_64-linux-gnu.so[0m
[100%] [32m[1mLinking C shared library rosidl_generator_py/ltl_automaton_msgs/ltl_automaton_msgs_s__rosidl_typesupport_fastrtps_c.cpython-310-x86_64-linux-gnu.so[0m
[100%] Built target ltl_automaton_msgs__rosidl_typesupport_c__pyext
[100%] Built target ltl_automaton_msgs__rosidl_typesupport_introspection_c__pyext
[100%] Built target ltl_automaton_msgs__rosidl_typesupport_fastrtps_c__pyext
-- Install configuration: ""
-- Installing: /home/maverick/LMCO/tmm-mas/sim/ROS2/install/ltl_automaton_msgs/share/ament_index/resource_index/rosidl_interfaces/ltl_automaton_msgs
-- Installing: /home/maverick/LMCO/tmm-mas/sim/ROS2/install/ltl_automaton_msgs/include/ltl_automaton_msgs/ltl_automaton_msgs
-- Installing: /home/maverick/LMCO/tmm-mas/sim/ROS2/install/ltl_automaton_msgs/include/ltl_automaton_msgs/ltl_automaton_msgs/msg
-- Installing: /home/maverick/LMCO/tmm-mas/sim/ROS2/install/ltl_automaton_msgs/include/ltl_automaton_msgs/ltl_automaton_msgs/msg/ltl_state_runs.h
-- Installing: /home/maverick/LMCO/tmm-mas/sim/ROS2/install/ltl_automaton_msgs/include/ltl_automaton_msgs/ltl_automaton_msgs/msg/relay_response.h
-- Installing: /home/maverick/LMCO/tmm-mas/sim/ROS2/install/ltl_automaton_msgs/include/ltl_automaton_msgs/ltl_automaton_msgs/msg/detail
-- Installing: /home/maverick/LMCO/tmm-mas/sim/ROS2/install/ltl_automaton_msgs/include/ltl_automaton_msgs/ltl_automaton_msgs/msg/detail/relay_response__functions.c
-- Installing: /home/maverick/LMCO/tmm-mas/sim/ROS2/install/ltl_automaton_msgs/include/ltl_automaton_msgs/ltl_automaton_msgs/msg/detail/ltl_state__type_support.h
-- Installing: /home/maverick/LMCO/tmm-mas/sim/ROS2/install/ltl_automaton_msgs/include/ltl_automaton_msgs/ltl_automaton_msgs/msg/detail/ltl_state_array__functions.c
-- Installing: /home/maverick/LMCO/tmm-mas/sim/ROS2/install/ltl_automaton_msgs/include/ltl_automaton_msgs/ltl_automaton_msgs/msg/detail/relay_request__type_support.h
-- Installing: /home/maverick/LMCO/tmm-mas/sim/ROS2/install/ltl_automaton_msgs/include/ltl_automaton_msgs/ltl_automaton_msgs/msg/detail/transition_system_state_stamped__type_support.h
-- Installing: /home/maverick/LMCO/tmm-mas/sim/ROS2/install/ltl_automaton_msgs/include/ltl_automaton_msgs/ltl_automaton_msgs/msg/detail/ltl_plan__functions.c
-- Installing: /home/maverick/LMCO/tmm-mas/sim/ROS2/install/ltl_automaton_msgs/include/ltl_automaton_msgs/ltl_automaton_msgs/msg/detail/relay_response__functions.h
-- Installing: /home/maverick/LMCO/tmm-mas/sim/ROS2/install/ltl_automaton_msgs/include/ltl_automaton_msgs/ltl_automaton_msgs/msg/detail/ltl_state_runs__struct.h
-- Installing: /home/maverick/LMCO/tmm-mas/sim/ROS2/install/ltl_automaton_msgs/include/ltl_automaton_msgs/ltl_automaton_msgs/msg/detail/transition_system_state_stamped__functions.c
-- Installing: /home/maverick/LMCO/tmm-mas/sim/ROS2/install/ltl_automaton_msgs/include/ltl_automaton_msgs/ltl_automaton_msgs/msg/detail/transition_system_state__type_support.h
-- Installing: /home/maverick/LMCO/tmm-mas/sim/ROS2/install/ltl_automaton_msgs/include/ltl_automaton_msgs/ltl_automaton_msgs/msg/detail/ltl_state__functions.c
-- Installing: /home/maverick/LMCO/tmm-mas/sim/ROS2/install/ltl_automaton_msgs/include/ltl_automaton_msgs/ltl_automaton_msgs/msg/detail/transition_system_state_stamped__struct.h
-- Installing: /home/maverick/LMCO/tmm-mas/sim/ROS2/install/ltl_automaton_msgs/include/ltl_automaton_msgs/ltl_automaton_msgs/msg/detail/relay_response__type_support.h
-- Installing: /home/maverick/LMCO/tmm-mas/sim/ROS2/install/ltl_automaton_msgs/include/ltl_automaton_msgs/ltl_automaton_msgs/msg/detail/ltl_plan__struct.h
-- Installing: /home/maverick/LMCO/tmm-mas/sim/ROS2/install/ltl_automaton_msgs/include/ltl_automaton_msgs/ltl_automaton_msgs/msg/detail/relay_request__functions.c
-- Installing: /home/maverick/LMCO/tmm-mas/sim/ROS2/install/ltl_automaton_msgs/include/ltl_automaton_msgs/ltl_automaton_msgs/msg/detail/ltl_plan__type_support.h
-- Installing: /home/maverick/LMCO/tmm-mas/sim/ROS2/install/ltl_automaton_msgs/include/ltl_automaton_msgs/ltl_automaton_msgs/msg/detail/ltl_state_runs__type_support.h
-- Installing: /home/maverick/LMCO/tmm-mas/sim/ROS2/install/ltl_automaton_msgs/include/ltl_automaton_msgs/ltl_automaton_msgs/msg/detail/ltl_state__struct.h
-- Installing: /home/maverick/LMCO/tmm-mas/sim/ROS2/install/ltl_automaton_msgs/include/ltl_automaton_msgs/ltl_automaton_msgs/msg/detail/relay_request__struct.h
-- Installing: /home/maverick/LMCO/tmm-mas/sim/ROS2/install/ltl_automaton_msgs/include/ltl_automaton_msgs/ltl_automaton_msgs/msg/detail/transition_system_state_stamped__functions.h
-- Installing: /home/maverick/LMCO/tmm-mas/sim/ROS2/install/ltl_automaton_msgs/include/ltl_automaton_msgs/ltl_automaton_msgs/msg/detail/transition_system_state__struct.h
-- Installing: /home/maverick/LMCO/tmm-mas/sim/ROS2/install/ltl_automaton_msgs/include/ltl_automaton_msgs/ltl_automaton_msgs/msg/detail/ltl_state_array__struct.h
-- Installing: /home/maverick/LMCO/tmm-mas/sim/ROS2/install/ltl_automaton_msgs/include/ltl_automaton_msgs/ltl_automaton_msgs/msg/detail/ltl_state_runs__functions.c
-- Installing: /home/maverick/LMCO/tmm-mas/sim/ROS2/install/ltl_automaton_msgs/include/ltl_automaton_msgs/ltl_automaton_msgs/msg/detail/relay_request__functions.h
-- Installing: /home/maverick/LMCO/tmm-mas/sim/ROS2/install/ltl_automaton_msgs/include/ltl_automaton_msgs/ltl_automaton_msgs/msg/detail/ltl_state_runs__functions.h
-- Installing: /home/maverick/LMCO/tmm-mas/sim/ROS2/install/ltl_automaton_msgs/include/ltl_automaton_msgs/ltl_automaton_msgs/msg/detail/ltl_plan__functions.h
-- Installing: /home/maverick/LMCO/tmm-mas/sim/ROS2/install/ltl_automaton_msgs/include/ltl_automaton_msgs/ltl_automaton_msgs/msg/detail/transition_system_state__functions.h
-- Installing: /home/maverick/LMCO/tmm-mas/sim/ROS2/install/ltl_automaton_msgs/include/ltl_automaton_msgs/ltl_automaton_msgs/msg/detail/ltl_state__functions.h
-- Installing: /home/maverick/LMCO/tmm-mas/sim/ROS2/install/ltl_automaton_msgs/include/ltl_automaton_msgs/ltl_automaton_msgs/msg/detail/relay_response__struct.h
-- Installing: /home/maverick/LMCO/tmm-mas/sim/ROS2/install/ltl_automaton_msgs/include/ltl_automaton_msgs/ltl_automaton_msgs/msg/detail/ltl_state_array__type_support.h
-- Installing: /home/maverick/LMCO/tmm-mas/sim/ROS2/install/ltl_automaton_msgs/include/ltl_automaton_msgs/ltl_automaton_msgs/msg/detail/ltl_state_array__functions.h
-- Installing: /home/maverick/LMCO/tmm-mas/sim/ROS2/install/ltl_automaton_msgs/include/ltl_automaton_msgs/ltl_automaton_msgs/msg/detail/transition_system_state__functions.c
-- Installing: /home/maverick/LMCO/tmm-mas/sim/ROS2/install/ltl_automaton_msgs/include/ltl_automaton_msgs/ltl_automaton_msgs/msg/transition_system_state_stamped.h
-- Installing: /home/maverick/LMCO/tmm-mas/sim/ROS2/install/ltl_automaton_msgs/include/ltl_automaton_msgs/ltl_automaton_msgs/msg/ltl_state.h
-- Installing: /home/maverick/LMCO/tmm-mas/sim/ROS2/install/ltl_automaton_msgs/include/ltl_automaton_msgs/ltl_automaton_msgs/msg/transition_system_state.h
-- Installing: /home/maverick/LMCO/tmm-mas/sim/ROS2/install/ltl_automaton_msgs/include/ltl_automaton_msgs/ltl_automaton_msgs/msg/rosidl_generator_c__visibility_control.h
-- Installing: /home/maverick/LMCO/tmm-mas/sim/ROS2/install/ltl_automaton_msgs/include/ltl_automaton_msgs/ltl_automaton_msgs/msg/ltl_state_array.h
-- Installing: /home/maverick/LMCO/tmm-mas/sim/ROS2/install/ltl_automaton_msgs/include/ltl_automaton_msgs/ltl_automaton_msgs/msg/relay_request.h
-- Installing: /home/maverick/LMCO/tmm-mas/sim/ROS2/install/ltl_automaton_msgs/include/ltl_automaton_msgs/ltl_automaton_msgs/msg/ltl_plan.h
-- Installing: /home/maverick/LMCO/tmm-mas/sim/ROS2/install/ltl_automaton_msgs/include/ltl_automaton_msgs/ltl_automaton_msgs/srv
-- Installing: /home/maverick/LMCO/tmm-mas/sim/ROS2/install/ltl_automaton_msgs/include/ltl_automaton_msgs/ltl_automaton_msgs/srv/detail
-- Installing: /home/maverick/LMCO/tmm-mas/sim/ROS2/install/ltl_automaton_msgs/include/ltl_automaton_msgs/ltl_automaton_msgs/srv/detail/task_replanning_modify__functions.c
-- Installing: /home/maverick/LMCO/tmm-mas/sim/ROS2/install/ltl_automaton_msgs/include/ltl_automaton_msgs/ltl_automaton_msgs/srv/detail/task_replanning_modify__functions.h
-- Installing: /home/maverick/LMCO/tmm-mas/sim/ROS2/install/ltl_automaton_msgs/include/ltl_automaton_msgs/ltl_automaton_msgs/srv/detail/task_planning__functions.c
-- Installing: /home/maverick/LMCO/tmm-mas/sim/ROS2/install/ltl_automaton_msgs/include/ltl_automaton_msgs/ltl_automaton_msgs/srv/detail/trap_check__type_support.h
-- Installing: /home/maverick/LMCO/tmm-mas/sim/ROS2/install/ltl_automaton_msgs/include/ltl_automaton_msgs/ltl_automaton_msgs/srv/detail/trap_check__struct.h
-- Installing: /home/maverick/LMCO/tmm-mas/sim/ROS2/install/ltl_automaton_msgs/include/ltl_automaton_msgs/ltl_automaton_msgs/srv/detail/task_replanning_relabel__struct.h
-- Installing: /home/maverick/LMCO/tmm-mas/sim/ROS2/install/ltl_automaton_msgs/include/ltl_automaton_msgs/ltl_automaton_msgs/srv/detail/task_replanning_modify__struct.h
-- Installing: /home/maverick/LMCO/tmm-mas/sim/ROS2/install/ltl_automaton_msgs/include/ltl_automaton_msgs/ltl_automaton_msgs/srv/detail/task_planning__functions.h
-- Installing: /home/maverick/LMCO/tmm-mas/sim/ROS2/install/ltl_automaton_msgs/include/ltl_automaton_msgs/ltl_automaton_msgs/srv/detail/task_replanning_relabel__type_support.h
-- Installing: /home/maverick/LMCO/tmm-mas/sim/ROS2/install/ltl_automaton_msgs/include/ltl_automaton_msgs/ltl_automaton_msgs/srv/detail/task_replanning_delete__struct.h
-- Installing: /home/maverick/LMCO/tmm-mas/sim/ROS2/install/ltl_automaton_msgs/include/ltl_automaton_msgs/ltl_automaton_msgs/srv/detail/task_replanning_delete__functions.h
-- Installing: /home/maverick/LMCO/tmm-mas/sim/ROS2/install/ltl_automaton_msgs/include/ltl_automaton_msgs/ltl_automaton_msgs/srv/detail/task_replanning_delete__functions.c
-- Installing: /home/maverick/LMCO/tmm-mas/sim/ROS2/install/ltl_automaton_msgs/include/ltl_automaton_msgs/ltl_automaton_msgs/srv/detail/task_planning__type_support.h
-- Installing: /home/maverick/LMCO/tmm-mas/sim/ROS2/install/ltl_automaton_msgs/include/ltl_automaton_msgs/ltl_automaton_msgs/srv/detail/task_planning__struct.h
-- Installing: /home/maverick/LMCO/tmm-mas/sim/ROS2/install/ltl_automaton_msgs/include/ltl_automaton_msgs/ltl_automaton_msgs/srv/detail/task_replanning_delete__type_support.h
-- Installing: /home/maverick/LMCO/tmm-mas/sim/ROS2/install/ltl_automaton_msgs/include/ltl_automaton_msgs/ltl_automaton_msgs/srv/detail/trap_check__functions.c
-- Installing: /home/maverick/LMCO/tmm-mas/sim/ROS2/install/ltl_automaton_msgs/include/ltl_automaton_msgs/ltl_automaton_msgs/srv/detail/trap_check__functions.h
-- Installing: /home/maverick/LMCO/tmm-mas/sim/ROS2/install/ltl_automaton_msgs/include/ltl_automaton_msgs/ltl_automaton_msgs/srv/detail/task_replanning_modify__type_support.h
-- Installing: /home/maverick/LMCO/tmm-mas/sim/ROS2/install/ltl_automaton_msgs/include/ltl_automaton_msgs/ltl_automaton_msgs/srv/detail/task_replanning_relabel__functions.c
-- Installing: /home/maverick/LMCO/tmm-mas/sim/ROS2/install/ltl_automaton_msgs/include/ltl_automaton_msgs/ltl_automaton_msgs/srv/detail/task_replanning_relabel__functions.h
-- Installing: /home/maverick/LMCO/tmm-mas/sim/ROS2/install/ltl_automaton_msgs/include/ltl_automaton_msgs/ltl_automaton_msgs/srv/task_replanning_modify.h
-- Installing: /home/maverick/LMCO/tmm-mas/sim/ROS2/install/ltl_automaton_msgs/include/ltl_automaton_msgs/ltl_automaton_msgs/srv/task_replanning_delete.h
-- Installing: /home/maverick/LMCO/tmm-mas/sim/ROS2/install/ltl_automaton_msgs/include/ltl_automaton_msgs/ltl_automaton_msgs/srv/task_replanning_relabel.h
-- Installing: /home/maverick/LMCO/tmm-mas/sim/ROS2/install/ltl_automaton_msgs/include/ltl_automaton_msgs/ltl_automaton_msgs/srv/task_planning.h
-- Installing: /home/maverick/LMCO/tmm-mas/sim/ROS2/install/ltl_automaton_msgs/include/ltl_automaton_msgs/ltl_automaton_msgs/srv/trap_check.h
-- Installing: /home/maverick/LMCO/tmm-mas/sim/ROS2/install/ltl_automaton_msgs/share/ltl_automaton_msgs/environment/library_path.sh
-- Installing: /home/maverick/LMCO/tmm-mas/sim/ROS2/install/ltl_automaton_msgs/share/ltl_automaton_msgs/environment/library_path.dsv
-- Installing: /home/maverick/LMCO/tmm-mas/sim/ROS2/install/ltl_automaton_msgs/lib/libltl_automaton_msgs__rosidl_generator_c.so
-- Set runtime path of "/home/maverick/LMCO/tmm-mas/sim/ROS2/install/ltl_automaton_msgs/lib/libltl_automaton_msgs__rosidl_generator_c.so" to ""
-- Up-to-date: /home/maverick/LMCO/tmm-mas/sim/ROS2/install/ltl_automaton_msgs/include/ltl_automaton_msgs/ltl_automaton_msgs
-- Up-to-date: /home/maverick/LMCO/tmm-mas/sim/ROS2/install/ltl_automaton_msgs/include/ltl_automaton_msgs/ltl_automaton_msgs/msg
-- Up-to-date: /home/maverick/LMCO/tmm-mas/sim/ROS2/install/ltl_automaton_msgs/include/ltl_automaton_msgs/ltl_automaton_msgs/msg/detail
-- Installing: /home/maverick/LMCO/tmm-mas/sim/ROS2/install/ltl_automaton_msgs/include/ltl_automaton_msgs/ltl_automaton_msgs/msg/detail/transition_system_state__rosidl_typesupport_fastrtps_c.h
-- Installing: /home/maverick/LMCO/tmm-mas/sim/ROS2/install/ltl_automaton_msgs/include/ltl_automaton_msgs/ltl_automaton_msgs/msg/detail/ltl_plan__rosidl_typesupport_fastrtps_c.h
-- Installing: /home/maverick/LMCO/tmm-mas/sim/ROS2/install/ltl_automaton_msgs/include/ltl_automaton_msgs/ltl_automaton_msgs/msg/detail/ltl_state__rosidl_typesupport_fastrtps_c.h
-- Installing: /home/maverick/LMCO/tmm-mas/sim/ROS2/install/ltl_automaton_msgs/include/ltl_automaton_msgs/ltl_automaton_msgs/msg/detail/ltl_state_runs__rosidl_typesupport_fastrtps_c.h
-- Installing: /home/maverick/LMCO/tmm-mas/sim/ROS2/install/ltl_automaton_msgs/include/ltl_automaton_msgs/ltl_automaton_msgs/msg/detail/relay_request__rosidl_typesupport_fastrtps_c.h
-- Installing: /home/maverick/LMCO/tmm-mas/sim/ROS2/install/ltl_automaton_msgs/include/ltl_automaton_msgs/ltl_automaton_msgs/msg/detail/relay_response__rosidl_typesupport_fastrtps_c.h
-- Installing: /home/maverick/LMCO/tmm-mas/sim/ROS2/install/ltl_automaton_msgs/include/ltl_automaton_msgs/ltl_automaton_msgs/msg/detail/transition_system_state_stamped__rosidl_typesupport_fastrtps_c.h
-- Installing: /home/maverick/LMCO/tmm-mas/sim/ROS2/install/ltl_automaton_msgs/include/ltl_automaton_msgs/ltl_automaton_msgs/msg/detail/ltl_state_array__rosidl_typesupport_fastrtps_c.h
-- Installing: /home/maverick/LMCO/tmm-mas/sim/ROS2/install/ltl_automaton_msgs/include/ltl_automaton_msgs/ltl_automaton_msgs/msg/rosidl_typesupport_fastrtps_c__visibility_control.h
-- Up-to-date: /home/maverick/LMCO/tmm-mas/sim/ROS2/install/ltl_automaton_msgs/include/ltl_automaton_msgs/ltl_automaton_msgs/srv
-- Up-to-date: /home/maverick/LMCO/tmm-mas/sim/ROS2/install/ltl_automaton_msgs/include/ltl_automaton_msgs/ltl_automaton_msgs/srv/detail
-- Installing: /home/maverick/LMCO/tmm-mas/sim/ROS2/install/ltl_automaton_msgs/include/ltl_automaton_msgs/ltl_automaton_msgs/srv/detail/trap_check__rosidl_typesupport_fastrtps_c.h
-- Installing: /home/maverick/LMCO/tmm-mas/sim/ROS2/install/ltl_automaton_msgs/include/ltl_automaton_msgs/ltl_automaton_msgs/srv/detail/task_replanning_modify__rosidl_typesupport_fastrtps_c.h
-- Installing: /home/maverick/LMCO/tmm-mas/sim/ROS2/install/ltl_automaton_msgs/include/ltl_automaton_msgs/ltl_automaton_msgs/srv/detail/task_planning__rosidl_typesupport_fastrtps_c.h
-- Installing: /home/maverick/LMCO/tmm-mas/sim/ROS2/install/ltl_automaton_msgs/include/ltl_automaton_msgs/ltl_automaton_msgs/srv/detail/task_replanning_delete__rosidl_typesupport_fastrtps_c.h
-- Installing: /home/maverick/LMCO/tmm-mas/sim/ROS2/install/ltl_automaton_msgs/include/ltl_automaton_msgs/ltl_automaton_msgs/srv/detail/task_replanning_relabel__rosidl_typesupport_fastrtps_c.h
-- Installing: /home/maverick/LMCO/tmm-mas/sim/ROS2/install/ltl_automaton_msgs/lib/libltl_automaton_msgs__rosidl_typesupport_fastrtps_c.so
-- Set runtime path of "/home/maverick/LMCO/tmm-mas/sim/ROS2/install/ltl_automaton_msgs/lib/libltl_automaton_msgs__rosidl_typesupport_fastrtps_c.so" to ""
-- Up-to-date: /home/maverick/LMCO/tmm-mas/sim/ROS2/install/ltl_automaton_msgs/include/ltl_automaton_msgs/ltl_automaton_msgs
-- Up-to-date: /home/maverick/LMCO/tmm-mas/sim/ROS2/install/ltl_automaton_msgs/include/ltl_automaton_msgs/ltl_automaton_msgs/msg
-- Up-to-date: /home/maverick/LMCO/tmm-mas/sim/ROS2/install/ltl_automaton_msgs/include/ltl_automaton_msgs/ltl_automaton_msgs/msg/detail
-- Installing: /home/maverick/LMCO/tmm-mas/sim/ROS2/install/ltl_automaton_msgs/include/ltl_automaton_msgs/ltl_automaton_msgs/msg/detail/ltl_state__type_support.hpp
-- Installing: /home/maverick/LMCO/tmm-mas/sim/ROS2/install/ltl_automaton_msgs/include/ltl_automaton_msgs/ltl_automaton_msgs/msg/detail/ltl_state_runs__traits.hpp
-- Installing: /home/maverick/LMCO/tmm-mas/sim/ROS2/install/ltl_automaton_msgs/include/ltl_automaton_msgs/ltl_automaton_msgs/msg/detail/relay_response__type_support.hpp
-- Installing: /home/maverick/LMCO/tmm-mas/sim/ROS2/install/ltl_automaton_msgs/include/ltl_automaton_msgs/ltl_automaton_msgs/msg/detail/transition_system_state__traits.hpp
-- Installing: /home/maverick/LMCO/tmm-mas/sim/ROS2/install/ltl_automaton_msgs/include/ltl_automaton_msgs/ltl_automaton_msgs/msg/detail/ltl_state_array__traits.hpp
-- Installing: /home/maverick/LMCO/tmm-mas/sim/ROS2/install/ltl_automaton_msgs/include/ltl_automaton_msgs/ltl_automaton_msgs/msg/detail/relay_request__traits.hpp
-- Installing: /home/maverick/LMCO/tmm-mas/sim/ROS2/install/ltl_automaton_msgs/include/ltl_automaton_msgs/ltl_automaton_msgs/msg/detail/ltl_state__struct.hpp
-- Installing: /home/maverick/LMCO/tmm-mas/sim/ROS2/install/ltl_automaton_msgs/include/ltl_automaton_msgs/ltl_automaton_msgs/msg/detail/relay_response__traits.hpp
-- Installing: /home/maverick/LMCO/tmm-mas/sim/ROS2/install/ltl_automaton_msgs/include/ltl_automaton_msgs/ltl_automaton_msgs/msg/detail/ltl_plan__builder.hpp
-- Installing: /home/maverick/LMCO/tmm-mas/sim/ROS2/install/ltl_automaton_msgs/include/ltl_automaton_msgs/ltl_automaton_msgs/msg/detail/ltl_state_runs__builder.hpp
-- Installing: /home/maverick/LMCO/tmm-mas/sim/ROS2/install/ltl_automaton_msgs/include/ltl_automaton_msgs/ltl_automaton_msgs/msg/detail/ltl_state_array__struct.hpp
-- Installing: /home/maverick/LMCO/tmm-mas/sim/ROS2/install/ltl_automaton_msgs/include/ltl_automaton_msgs/ltl_automaton_msgs/msg/detail/relay_response__builder.hpp
-- Installing: /home/maverick/LMCO/tmm-mas/sim/ROS2/install/ltl_automaton_msgs/include/ltl_automaton_msgs/ltl_automaton_msgs/msg/detail/transition_system_state_stamped__builder.hpp
-- Installing: /home/maverick/LMCO/tmm-mas/sim/ROS2/install/ltl_automaton_msgs/include/ltl_automaton_msgs/ltl_automaton_msgs/msg/detail/transition_system_state__builder.hpp
-- Installing: /home/maverick/LMCO/tmm-mas/sim/ROS2/install/ltl_automaton_msgs/include/ltl_automaton_msgs/ltl_automaton_msgs/msg/detail/ltl_state_runs__struct.hpp
-- Installing: /home/maverick/LMCO/tmm-mas/sim/ROS2/install/ltl_automaton_msgs/include/ltl_automaton_msgs/ltl_automaton_msgs/msg/detail/ltl_plan__struct.hpp
-- Installing: /home/maverick/LMCO/tmm-mas/sim/ROS2/install/ltl_automaton_msgs/include/ltl_automaton_msgs/ltl_automaton_msgs/msg/detail/ltl_state__builder.hpp
-- Installing: /home/maverick/LMCO/tmm-mas/sim/ROS2/install/ltl_automaton_msgs/include/ltl_automaton_msgs/ltl_automaton_msgs/msg/detail/ltl_state_runs__type_support.hpp
-- Installing: /home/maverick/LMCO/tmm-mas/sim/ROS2/install/ltl_automaton_msgs/include/ltl_automaton_msgs/ltl_automaton_msgs/msg/detail/relay_request__type_support.hpp
-- Installing: /home/maverick/LMCO/tmm-mas/sim/ROS2/install/ltl_automaton_msgs/include/ltl_automaton_msgs/ltl_automaton_msgs/msg/detail/transition_system_state__type_support.hpp
-- Installing: /home/maverick/LMCO/tmm-mas/sim/ROS2/install/ltl_automaton_msgs/include/ltl_automaton_msgs/ltl_automaton_msgs/msg/detail/ltl_state_array__builder.hpp
-- Installing: /home/maverick/LMCO/tmm-mas/sim/ROS2/install/ltl_automaton_msgs/include/ltl_automaton_msgs/ltl_automaton_msgs/msg/detail/relay_response__struct.hpp
-- Installing: /home/maverick/LMCO/tmm-mas/sim/ROS2/install/ltl_automaton_msgs/include/ltl_automaton_msgs/ltl_automaton_msgs/msg/detail/ltl_plan__type_support.hpp
-- Installing: /home/maverick/LMCO/tmm-mas/sim/ROS2/install/ltl_automaton_msgs/include/ltl_automaton_msgs/ltl_automaton_msgs/msg/detail/relay_request__struct.hpp
-- Installing: /home/maverick/LMCO/tmm-mas/sim/ROS2/install/ltl_automaton_msgs/include/ltl_automaton_msgs/ltl_automaton_msgs/msg/detail/relay_request__builder.hpp
-- Installing: /home/maverick/LMCO/tmm-mas/sim/ROS2/install/ltl_automaton_msgs/include/ltl_automaton_msgs/ltl_automaton_msgs/msg/detail/transition_system_state_stamped__struct.hpp
-- Installing: /home/maverick/LMCO/tmm-mas/sim/ROS2/install/ltl_automaton_msgs/include/ltl_automaton_msgs/ltl_automaton_msgs/msg/detail/ltl_state_array__type_support.hpp
-- Installing: /home/maverick/LMCO/tmm-mas/sim/ROS2/install/ltl_automaton_msgs/include/ltl_automaton_msgs/ltl_automaton_msgs/msg/detail/transition_system_state_stamped__traits.hpp
-- Installing: /home/maverick/LMCO/tmm-mas/sim/ROS2/install/ltl_automaton_msgs/include/ltl_automaton_msgs/ltl_automaton_msgs/msg/detail/ltl_plan__traits.hpp
-- Installing: /home/maverick/LMCO/tmm-mas/sim/ROS2/install/ltl_automaton_msgs/include/ltl_automaton_msgs/ltl_automaton_msgs/msg/detail/transition_system_state__struct.hpp
-- Installing: /home/maverick/LMCO/tmm-mas/sim/ROS2/install/ltl_automaton_msgs/include/ltl_automaton_msgs/ltl_automaton_msgs/msg/detail/transition_system_state_stamped__type_support.hpp
-- Installing: /home/maverick/LMCO/tmm-mas/sim/ROS2/install/ltl_automaton_msgs/include/ltl_automaton_msgs/ltl_automaton_msgs/msg/detail/ltl_state__traits.hpp
-- Installing: /home/maverick/LMCO/tmm-mas/sim/ROS2/install/ltl_automaton_msgs/include/ltl_automaton_msgs/ltl_automaton_msgs/msg/transition_system_state.hpp
-- Installing: /home/maverick/LMCO/tmm-mas/sim/ROS2/install/ltl_automaton_msgs/include/ltl_automaton_msgs/ltl_automaton_msgs/msg/relay_response.hpp
-- Installing: /home/maverick/LMCO/tmm-mas/sim/ROS2/install/ltl_automaton_msgs/include/ltl_automaton_msgs/ltl_automaton_msgs/msg/ltl_state_runs.hpp
-- Installing: /home/maverick/LMCO/tmm-mas/sim/ROS2/install/ltl_automaton_msgs/include/ltl_automaton_msgs/ltl_automaton_msgs/msg/ltl_plan.hpp
-- Installing: /home/maverick/LMCO/tmm-mas/sim/ROS2/install/ltl_automaton_msgs/include/ltl_automaton_msgs/ltl_automaton_msgs/msg/rosidl_generator_cpp__visibility_control.hpp
-- Installing: /home/maverick/LMCO/tmm-mas/sim/ROS2/install/ltl_automaton_msgs/include/ltl_automaton_msgs/ltl_automaton_msgs/msg/transition_system_state_stamped.hpp
-- Installing: /home/maverick/LMCO/tmm-mas/sim/ROS2/install/ltl_automaton_msgs/include/ltl_automaton_msgs/ltl_automaton_msgs/msg/ltl_state_array.hpp
-- Installing: /home/maverick/LMCO/tmm-mas/sim/ROS2/install/ltl_automaton_msgs/include/ltl_automaton_msgs/ltl_automaton_msgs/msg/ltl_state.hpp
-- Installing: /home/maverick/LMCO/tmm-mas/sim/ROS2/install/ltl_automaton_msgs/include/ltl_automaton_msgs/ltl_automaton_msgs/msg/relay_request.hpp
-- Up-to-date: /home/maverick/LMCO/tmm-mas/sim/ROS2/install/ltl_automaton_msgs/include/ltl_automaton_msgs/ltl_automaton_msgs/srv
-- Up-to-date: /home/maverick/LMCO/tmm-mas/sim/ROS2/install/ltl_automaton_msgs/include/ltl_automaton_msgs/ltl_automaton_msgs/srv/detail
-- Installing: /home/maverick/LMCO/tmm-mas/sim/ROS2/install/ltl_automaton_msgs/include/ltl_automaton_msgs/ltl_automaton_msgs/srv/detail/trap_check__struct.hpp
-- Installing: /home/maverick/LMCO/tmm-mas/sim/ROS2/install/ltl_automaton_msgs/include/ltl_automaton_msgs/ltl_automaton_msgs/srv/detail/task_replanning_delete__builder.hpp
-- Installing: /home/maverick/LMCO/tmm-mas/sim/ROS2/install/ltl_automaton_msgs/include/ltl_automaton_msgs/ltl_automaton_msgs/srv/detail/task_planning__type_support.hpp
-- Installing: /home/maverick/LMCO/tmm-mas/sim/ROS2/install/ltl_automaton_msgs/include/ltl_automaton_msgs/ltl_automaton_msgs/srv/detail/task_planning__builder.hpp
-- Installing: /home/maverick/LMCO/tmm-mas/sim/ROS2/install/ltl_automaton_msgs/include/ltl_automaton_msgs/ltl_automaton_msgs/srv/detail/trap_check__traits.hpp
-- Installing: /home/maverick/LMCO/tmm-mas/sim/ROS2/install/ltl_automaton_msgs/include/ltl_automaton_msgs/ltl_automaton_msgs/srv/detail/task_replanning_modify__type_support.hpp
-- Installing: /home/maverick/LMCO/tmm-mas/sim/ROS2/install/ltl_automaton_msgs/include/ltl_automaton_msgs/ltl_automaton_msgs/srv/detail/task_replanning_relabel__traits.hpp
-- Installing: /home/maverick/LMCO/tmm-mas/sim/ROS2/install/ltl_automaton_msgs/include/ltl_automaton_msgs/ltl_automaton_msgs/srv/detail/task_planning__traits.hpp
-- Installing: /home/maverick/LMCO/tmm-mas/sim/ROS2/install/ltl_automaton_msgs/include/ltl_automaton_msgs/ltl_automaton_msgs/srv/detail/task_replanning_modify__builder.hpp
-- Installing: /home/maverick/LMCO/tmm-mas/sim/ROS2/install/ltl_automaton_msgs/include/ltl_automaton_msgs/ltl_automaton_msgs/srv/detail/trap_check__builder.hpp
-- Installing: /home/maverick/LMCO/tmm-mas/sim/ROS2/install/ltl_automaton_msgs/include/ltl_automaton_msgs/ltl_automaton_msgs/srv/detail/task_replanning_relabel__struct.hpp
-- Installing: /home/maverick/LMCO/tmm-mas/sim/ROS2/install/ltl_automaton_msgs/include/ltl_automaton_msgs/ltl_automaton_msgs/srv/detail/task_replanning_delete__type_support.hpp
-- Installing: /home/maverick/LMCO/tmm-mas/sim/ROS2/install/ltl_automaton_msgs/include/ltl_automaton_msgs/ltl_automaton_msgs/srv/detail/trap_check__type_support.hpp
-- Installing: /home/maverick/LMCO/tmm-mas/sim/ROS2/install/ltl_automaton_msgs/include/ltl_automaton_msgs/ltl_automaton_msgs/srv/detail/task_replanning_modify__struct.hpp
-- Installing: /home/maverick/LMCO/tmm-mas/sim/ROS2/install/ltl_automaton_msgs/include/ltl_automaton_msgs/ltl_automaton_msgs/srv/detail/task_replanning_relabel__type_support.hpp
-- Installing: /home/maverick/LMCO/tmm-mas/sim/ROS2/install/ltl_automaton_msgs/include/ltl_automaton_msgs/ltl_automaton_msgs/srv/detail/task_replanning_delete__struct.hpp
-- Installing: /home/maverick/LMCO/tmm-mas/sim/ROS2/install/ltl_automaton_msgs/include/ltl_automaton_msgs/ltl_automaton_msgs/srv/detail/task_replanning_relabel__builder.hpp
-- Installing: /home/maverick/LMCO/tmm-mas/sim/ROS2/install/ltl_automaton_msgs/include/ltl_automaton_msgs/ltl_automaton_msgs/srv/detail/task_replanning_modify__traits.hpp
-- Installing: /home/maverick/LMCO/tmm-mas/sim/ROS2/install/ltl_automaton_msgs/include/ltl_automaton_msgs/ltl_automaton_msgs/srv/detail/task_replanning_delete__traits.hpp
-- Installing: /home/maverick/LMCO/tmm-mas/sim/ROS2/install/ltl_automaton_msgs/include/ltl_automaton_msgs/ltl_automaton_msgs/srv/detail/task_planning__struct.hpp
-- Installing: /home/maverick/LMCO/tmm-mas/sim/ROS2/install/ltl_automaton_msgs/include/ltl_automaton_msgs/ltl_automaton_msgs/srv/task_replanning_delete.hpp
-- Installing: /home/maverick/LMCO/tmm-mas/sim/ROS2/install/ltl_automaton_msgs/include/ltl_automaton_msgs/ltl_automaton_msgs/srv/task_planning.hpp
-- Installing: /home/maverick/LMCO/tmm-mas/sim/ROS2/install/ltl_automaton_msgs/include/ltl_automaton_msgs/ltl_automaton_msgs/srv/task_replanning_modify.hpp
-- Installing: /home/maverick/LMCO/tmm-mas/sim/ROS2/install/ltl_automaton_msgs/include/ltl_automaton_msgs/ltl_automaton_msgs/srv/trap_check.hpp
-- Installing: /home/maverick/LMCO/tmm-mas/sim/ROS2/install/ltl_automaton_msgs/include/ltl_automaton_msgs/ltl_automaton_msgs/srv/task_replanning_relabel.hpp
-- Up-to-date: /home/maverick/LMCO/tmm-mas/sim/ROS2/install/ltl_automaton_msgs/include/ltl_automaton_msgs/ltl_automaton_msgs
-- Up-to-date: /home/maverick/LMCO/tmm-mas/sim/ROS2/install/ltl_automaton_msgs/include/ltl_automaton_msgs/ltl_automaton_msgs/msg
-- Installing: /home/maverick/LMCO/tmm-mas/sim/ROS2/install/ltl_automaton_msgs/include/ltl_automaton_msgs/ltl_automaton_msgs/msg/rosidl_typesupport_fastrtps_cpp__visibility_control.h
-- Up-to-date: /home/maverick/LMCO/tmm-mas/sim/ROS2/install/ltl_automaton_msgs/include/ltl_automaton_msgs/ltl_automaton_msgs/msg/detail
-- Installing: /home/maverick/LMCO/tmm-mas/sim/ROS2/install/ltl_automaton_msgs/include/ltl_automaton_msgs/ltl_automaton_msgs/msg/detail/ltl_state_runs__rosidl_typesupport_fastrtps_cpp.hpp
-- Installing: /home/maverick/LMCO/tmm-mas/sim/ROS2/install/ltl_automaton_msgs/include/ltl_automaton_msgs/ltl_automaton_msgs/msg/detail/ltl_state_array__rosidl_typesupport_fastrtps_cpp.hpp
-- Installing: /home/maverick/LMCO/tmm-mas/sim/ROS2/install/ltl_automaton_msgs/include/ltl_automaton_msgs/ltl_automaton_msgs/msg/detail/transition_system_state__rosidl_typesupport_fastrtps_cpp.hpp
-- Installing: /home/maverick/LMCO/tmm-mas/sim/ROS2/install/ltl_automaton_msgs/include/ltl_automaton_msgs/ltl_automaton_msgs/msg/detail/ltl_state__rosidl_typesupport_fastrtps_cpp.hpp
-- Installing: /home/maverick/LMCO/tmm-mas/sim/ROS2/install/ltl_automaton_msgs/include/ltl_automaton_msgs/ltl_automaton_msgs/msg/detail/transition_system_state_stamped__rosidl_typesupport_fastrtps_cpp.hpp
-- Installing: /home/maverick/LMCO/tmm-mas/sim/ROS2/install/ltl_automaton_msgs/include/ltl_automaton_msgs/ltl_automaton_msgs/msg/detail/relay_response__rosidl_typesupport_fastrtps_cpp.hpp
-- Installing: /home/maverick/LMCO/tmm-mas/sim/ROS2/install/ltl_automaton_msgs/include/ltl_automaton_msgs/ltl_automaton_msgs/msg/detail/relay_request__rosidl_typesupport_fastrtps_cpp.hpp
-- Installing: /home/maverick/LMCO/tmm-mas/sim/ROS2/install/ltl_automaton_msgs/include/ltl_automaton_msgs/ltl_automaton_msgs/msg/detail/ltl_plan__rosidl_typesupport_fastrtps_cpp.hpp
-- Installing: /home/maverick/LMCO/tmm-mas/sim/ROS2/install/ltl_automaton_msgs/include/ltl_automaton_msgs/ltl_automaton_msgs/msg/detail/dds_fastrtps
-- Up-to-date: /home/maverick/LMCO/tmm-mas/sim/ROS2/install/ltl_automaton_msgs/include/ltl_automaton_msgs/ltl_automaton_msgs/srv
-- Up-to-date: /home/maverick/LMCO/tmm-mas/sim/ROS2/install/ltl_automaton_msgs/include/ltl_automaton_msgs/ltl_automaton_msgs/srv/detail
-- Installing: /home/maverick/LMCO/tmm-mas/sim/ROS2/install/ltl_automaton_msgs/include/ltl_automaton_msgs/ltl_automaton_msgs/srv/detail/task_replanning_modify__rosidl_typesupport_fastrtps_cpp.hpp
-- Installing: /home/maverick/LMCO/tmm-mas/sim/ROS2/install/ltl_automaton_msgs/include/ltl_automaton_msgs/ltl_automaton_msgs/srv/detail/task_replanning_delete__rosidl_typesupport_fastrtps_cpp.hpp
-- Installing: /home/maverick/LMCO/tmm-mas/sim/ROS2/install/ltl_automaton_msgs/include/ltl_automaton_msgs/ltl_automaton_msgs/srv/detail/trap_check__rosidl_typesupport_fastrtps_cpp.hpp
-- Installing: /home/maverick/LMCO/tmm-mas/sim/ROS2/install/ltl_automaton_msgs/include/ltl_automaton_msgs/ltl_automaton_msgs/srv/detail/task_replanning_relabel__rosidl_typesupport_fastrtps_cpp.hpp
-- Installing: /home/maverick/LMCO/tmm-mas/sim/ROS2/install/ltl_automaton_msgs/include/ltl_automaton_msgs/ltl_automaton_msgs/srv/detail/task_planning__rosidl_typesupport_fastrtps_cpp.hpp
-- Installing: /home/maverick/LMCO/tmm-mas/sim/ROS2/install/ltl_automaton_msgs/include/ltl_automaton_msgs/ltl_automaton_msgs/srv/detail/dds_fastrtps
-- Installing: /home/maverick/LMCO/tmm-mas/sim/ROS2/install/ltl_automaton_msgs/lib/libltl_automaton_msgs__rosidl_typesupport_fastrtps_cpp.so
-- Set runtime path of "/home/maverick/LMCO/tmm-mas/sim/ROS2/install/ltl_automaton_msgs/lib/libltl_automaton_msgs__rosidl_typesupport_fastrtps_cpp.so" to ""
-- Up-to-date: /home/maverick/LMCO/tmm-mas/sim/ROS2/install/ltl_automaton_msgs/include/ltl_automaton_msgs/ltl_automaton_msgs
-- Up-to-date: /home/maverick/LMCO/tmm-mas/sim/ROS2/install/ltl_automaton_msgs/include/ltl_automaton_msgs/ltl_automaton_msgs/msg
-- Up-to-date: /home/maverick/LMCO/tmm-mas/sim/ROS2/install/ltl_automaton_msgs/include/ltl_automaton_msgs/ltl_automaton_msgs/msg/detail
-- Installing: /home/maverick/LMCO/tmm-mas/sim/ROS2/install/ltl_automaton_msgs/include/ltl_automaton_msgs/ltl_automaton_msgs/msg/detail/ltl_state_array__type_support.c
-- Installing: /home/maverick/LMCO/tmm-mas/sim/ROS2/install/ltl_automaton_msgs/include/ltl_automaton_msgs/ltl_automaton_msgs/msg/detail/relay_response__type_support.c
-- Installing: /home/maverick/LMCO/tmm-mas/sim/ROS2/install/ltl_automaton_msgs/include/ltl_automaton_msgs/ltl_automaton_msgs/msg/detail/ltl_state_array__rosidl_typesupport_introspection_c.h
-- Installing: /home/maverick/LMCO/tmm-mas/sim/ROS2/install/ltl_automaton_msgs/include/ltl_automaton_msgs/ltl_automaton_msgs/msg/detail/relay_request__rosidl_typesupport_introspection_c.h
-- Installing: /home/maverick/LMCO/tmm-mas/sim/ROS2/install/ltl_automaton_msgs/include/ltl_automaton_msgs/ltl_automaton_msgs/msg/detail/transition_system_state__type_support.c
-- Installing: /home/maverick/LMCO/tmm-mas/sim/ROS2/install/ltl_automaton_msgs/include/ltl_automaton_msgs/ltl_automaton_msgs/msg/detail/ltl_plan__rosidl_typesupport_introspection_c.h
-- Installing: /home/maverick/LMCO/tmm-mas/sim/ROS2/install/ltl_automaton_msgs/include/ltl_automaton_msgs/ltl_automaton_msgs/msg/detail/ltl_state__rosidl_typesupport_introspection_c.h
-- Installing: /home/maverick/LMCO/tmm-mas/sim/ROS2/install/ltl_automaton_msgs/include/ltl_automaton_msgs/ltl_automaton_msgs/msg/detail/ltl_state_runs__rosidl_typesupport_introspection_c.h
-- Installing: /home/maverick/LMCO/tmm-mas/sim/ROS2/install/ltl_automaton_msgs/include/ltl_automaton_msgs/ltl_automaton_msgs/msg/detail/relay_response__rosidl_typesupport_introspection_c.h
-- Installing: /home/maverick/LMCO/tmm-mas/sim/ROS2/install/ltl_automaton_msgs/include/ltl_automaton_msgs/ltl_automaton_msgs/msg/detail/transition_system_state__rosidl_typesupport_introspection_c.h
-- Installing: /home/maverick/LMCO/tmm-mas/sim/ROS2/install/ltl_automaton_msgs/include/ltl_automaton_msgs/ltl_automaton_msgs/msg/detail/ltl_plan__type_support.c
-- Installing: /home/maverick/LMCO/tmm-mas/sim/ROS2/install/ltl_automaton_msgs/include/ltl_automaton_msgs/ltl_automaton_msgs/msg/detail/ltl_state_runs__type_support.c
-- Installing: /home/maverick/LMCO/tmm-mas/sim/ROS2/install/ltl_automaton_msgs/include/ltl_automaton_msgs/ltl_automaton_msgs/msg/detail/relay_request__type_support.c
-- Installing: /home/maverick/LMCO/tmm-mas/sim/ROS2/install/ltl_automaton_msgs/include/ltl_automaton_msgs/ltl_automaton_msgs/msg/detail/transition_system_state_stamped__rosidl_typesupport_introspection_c.h
-- Installing: /home/maverick/LMCO/tmm-mas/sim/ROS2/install/ltl_automaton_msgs/include/ltl_automaton_msgs/ltl_automaton_msgs/msg/detail/transition_system_state_stamped__type_support.c
-- Installing: /home/maverick/LMCO/tmm-mas/sim/ROS2/install/ltl_automaton_msgs/include/ltl_automaton_msgs/ltl_automaton_msgs/msg/detail/ltl_state__type_support.c
-- Installing: /home/maverick/LMCO/tmm-mas/sim/ROS2/install/ltl_automaton_msgs/include/ltl_automaton_msgs/ltl_automaton_msgs/msg/rosidl_typesupport_introspection_c__visibility_control.h
-- Up-to-date: /home/maverick/LMCO/tmm-mas/sim/ROS2/install/ltl_automaton_msgs/include/ltl_automaton_msgs/ltl_automaton_msgs/srv
-- Up-to-date: /home/maverick/LMCO/tmm-mas/sim/ROS2/install/ltl_automaton_msgs/include/ltl_automaton_msgs/ltl_automaton_msgs/srv/detail
-- Installing: /home/maverick/LMCO/tmm-mas/sim/ROS2/install/ltl_automaton_msgs/include/ltl_automaton_msgs/ltl_automaton_msgs/srv/detail/task_planning__type_support.c
-- Installing: /home/maverick/LMCO/tmm-mas/sim/ROS2/install/ltl_automaton_msgs/include/ltl_automaton_msgs/ltl_automaton_msgs/srv/detail/task_replanning_modify__type_support.c
-- Installing: /home/maverick/LMCO/tmm-mas/sim/ROS2/install/ltl_automaton_msgs/include/ltl_automaton_msgs/ltl_automaton_msgs/srv/detail/task_replanning_delete__rosidl_typesupport_introspection_c.h
-- Installing: /home/maverick/LMCO/tmm-mas/sim/ROS2/install/ltl_automaton_msgs/include/ltl_automaton_msgs/ltl_automaton_msgs/srv/detail/task_replanning_modify__rosidl_typesupport_introspection_c.h
-- Installing: /home/maverick/LMCO/tmm-mas/sim/ROS2/install/ltl_automaton_msgs/include/ltl_automaton_msgs/ltl_automaton_msgs/srv/detail/trap_check__rosidl_typesupport_introspection_c.h
-- Installing: /home/maverick/LMCO/tmm-mas/sim/ROS2/install/ltl_automaton_msgs/include/ltl_automaton_msgs/ltl_automaton_msgs/srv/detail/task_planning__rosidl_typesupport_introspection_c.h
-- Installing: /home/maverick/LMCO/tmm-mas/sim/ROS2/install/ltl_automaton_msgs/include/ltl_automaton_msgs/ltl_automaton_msgs/srv/detail/task_replanning_relabel__rosidl_typesupport_introspection_c.h
-- Installing: /home/maverick/LMCO/tmm-mas/sim/ROS2/install/ltl_automaton_msgs/include/ltl_automaton_msgs/ltl_automaton_msgs/srv/detail/task_replanning_relabel__type_support.c
-- Installing: /home/maverick/LMCO/tmm-mas/sim/ROS2/install/ltl_automaton_msgs/include/ltl_automaton_msgs/ltl_automaton_msgs/srv/detail/trap_check__type_support.c
-- Installing: /home/maverick/LMCO/tmm-mas/sim/ROS2/install/ltl_automaton_msgs/include/ltl_automaton_msgs/ltl_automaton_msgs/srv/detail/task_replanning_delete__type_support.c
-- Installing: /home/maverick/LMCO/tmm-mas/sim/ROS2/install/ltl_automaton_msgs/lib/libltl_automaton_msgs__rosidl_typesupport_introspection_c.so
-- Set runtime path of "/home/maverick/LMCO/tmm-mas/sim/ROS2/install/ltl_automaton_msgs/lib/libltl_automaton_msgs__rosidl_typesupport_introspection_c.so" to ""
-- Installing: /home/maverick/LMCO/tmm-mas/sim/ROS2/install/ltl_automaton_msgs/lib/libltl_automaton_msgs__rosidl_typesupport_c.so
-- Set runtime path of "/home/maverick/LMCO/tmm-mas/sim/ROS2/install/ltl_automaton_msgs/lib/libltl_automaton_msgs__rosidl_typesupport_c.so" to ""
-- Up-to-date: /home/maverick/LMCO/tmm-mas/sim/ROS2/install/ltl_automaton_msgs/include/ltl_automaton_msgs/ltl_automaton_msgs
-- Up-to-date: /home/maverick/LMCO/tmm-mas/sim/ROS2/install/ltl_automaton_msgs/include/ltl_automaton_msgs/ltl_automaton_msgs/msg
-- Up-to-date: /home/maverick/LMCO/tmm-mas/sim/ROS2/install/ltl_automaton_msgs/include/ltl_automaton_msgs/ltl_automaton_msgs/msg/detail
-- Installing: /home/maverick/LMCO/tmm-mas/sim/ROS2/install/ltl_automaton_msgs/include/ltl_automaton_msgs/ltl_automaton_msgs/msg/detail/ltl_state__rosidl_typesupport_introspection_cpp.hpp
-- Installing: /home/maverick/LMCO/tmm-mas/sim/ROS2/install/ltl_automaton_msgs/include/ltl_automaton_msgs/ltl_automaton_msgs/msg/detail/ltl_plan__rosidl_typesupport_introspection_cpp.hpp
-- Installing: /home/maverick/LMCO/tmm-mas/sim/ROS2/install/ltl_automaton_msgs/include/ltl_automaton_msgs/ltl_automaton_msgs/msg/detail/relay_response__type_support.cpp
-- Installing: /home/maverick/LMCO/tmm-mas/sim/ROS2/install/ltl_automaton_msgs/include/ltl_automaton_msgs/ltl_automaton_msgs/msg/detail/transition_system_state_stamped__rosidl_typesupport_introspection_cpp.hpp
-- Installing: /home/maverick/LMCO/tmm-mas/sim/ROS2/install/ltl_automaton_msgs/include/ltl_automaton_msgs/ltl_automaton_msgs/msg/detail/ltl_plan__type_support.cpp
-- Installing: /home/maverick/LMCO/tmm-mas/sim/ROS2/install/ltl_automaton_msgs/include/ltl_automaton_msgs/ltl_automaton_msgs/msg/detail/transition_system_state__type_support.cpp
-- Installing: /home/maverick/LMCO/tmm-mas/sim/ROS2/install/ltl_automaton_msgs/include/ltl_automaton_msgs/ltl_automaton_msgs/msg/detail/ltl_state_runs__type_support.cpp
-- Installing: /home/maverick/LMCO/tmm-mas/sim/ROS2/install/ltl_automaton_msgs/include/ltl_automaton_msgs/ltl_automaton_msgs/msg/detail/ltl_state_array__rosidl_typesupport_introspection_cpp.hpp
-- Installing: /home/maverick/LMCO/tmm-mas/sim/ROS2/install/ltl_automaton_msgs/include/ltl_automaton_msgs/ltl_automaton_msgs/msg/detail/relay_response__rosidl_typesupport_introspection_cpp.hpp
-- Installing: /home/maverick/LMCO/tmm-mas/sim/ROS2/install/ltl_automaton_msgs/include/ltl_automaton_msgs/ltl_automaton_msgs/msg/detail/relay_request__type_support.cpp
-- Installing: /home/maverick/LMCO/tmm-mas/sim/ROS2/install/ltl_automaton_msgs/include/ltl_automaton_msgs/ltl_automaton_msgs/msg/detail/ltl_state_array__type_support.cpp
-- Installing: /home/maverick/LMCO/tmm-mas/sim/ROS2/install/ltl_automaton_msgs/include/ltl_automaton_msgs/ltl_automaton_msgs/msg/detail/ltl_state__type_support.cpp
-- Installing: /home/maverick/LMCO/tmm-mas/sim/ROS2/install/ltl_automaton_msgs/include/ltl_automaton_msgs/ltl_automaton_msgs/msg/detail/relay_request__rosidl_typesupport_introspection_cpp.hpp
-- Installing: /home/maverick/LMCO/tmm-mas/sim/ROS2/install/ltl_automaton_msgs/include/ltl_automaton_msgs/ltl_automaton_msgs/msg/detail/transition_system_state__rosidl_typesupport_introspection_cpp.hpp
-- Installing: /home/maverick/LMCO/tmm-mas/sim/ROS2/install/ltl_automaton_msgs/include/ltl_automaton_msgs/ltl_automaton_msgs/msg/detail/transition_system_state_stamped__type_support.cpp
-- Installing: /home/maverick/LMCO/tmm-mas/sim/ROS2/install/ltl_automaton_msgs/include/ltl_automaton_msgs/ltl_automaton_msgs/msg/detail/ltl_state_runs__rosidl_typesupport_introspection_cpp.hpp
-- Up-to-date: /home/maverick/LMCO/tmm-mas/sim/ROS2/install/ltl_automaton_msgs/include/ltl_automaton_msgs/ltl_automaton_msgs/srv
-- Up-to-date: /home/maverick/LMCO/tmm-mas/sim/ROS2/install/ltl_automaton_msgs/include/ltl_automaton_msgs/ltl_automaton_msgs/srv/detail
-- Installing: /home/maverick/LMCO/tmm-mas/sim/ROS2/install/ltl_automaton_msgs/include/ltl_automaton_msgs/ltl_automaton_msgs/srv/detail/task_replanning_relabel__rosidl_typesupport_introspection_cpp.hpp
-- Installing: /home/maverick/LMCO/tmm-mas/sim/ROS2/install/ltl_automaton_msgs/include/ltl_automaton_msgs/ltl_automaton_msgs/srv/detail/task_replanning_delete__rosidl_typesupport_introspection_cpp.hpp
-- Installing: /home/maverick/LMCO/tmm-mas/sim/ROS2/install/ltl_automaton_msgs/include/ltl_automaton_msgs/ltl_automaton_msgs/srv/detail/task_replanning_modify__type_support.cpp
-- Installing: /home/maverick/LMCO/tmm-mas/sim/ROS2/install/ltl_automaton_msgs/include/ltl_automaton_msgs/ltl_automaton_msgs/srv/detail/task_replanning_relabel__type_support.cpp
-- Installing: /home/maverick/LMCO/tmm-mas/sim/ROS2/install/ltl_automaton_msgs/include/ltl_automaton_msgs/ltl_automaton_msgs/srv/detail/task_replanning_modify__rosidl_typesupport_introspection_cpp.hpp
-- Installing: /home/maverick/LMCO/tmm-mas/sim/ROS2/install/ltl_automaton_msgs/include/ltl_automaton_msgs/ltl_automaton_msgs/srv/detail/task_planning__rosidl_typesupport_introspection_cpp.hpp
-- Installing: /home/maverick/LMCO/tmm-mas/sim/ROS2/install/ltl_automaton_msgs/include/ltl_automaton_msgs/ltl_automaton_msgs/srv/detail/trap_check__rosidl_typesupport_introspection_cpp.hpp
-- Installing: /home/maverick/LMCO/tmm-mas/sim/ROS2/install/ltl_automaton_msgs/include/ltl_automaton_msgs/ltl_automaton_msgs/srv/detail/task_planning__type_support.cpp
-- Installing: /home/maverick/LMCO/tmm-mas/sim/ROS2/install/ltl_automaton_msgs/include/ltl_automaton_msgs/ltl_automaton_msgs/srv/detail/task_replanning_delete__type_support.cpp
-- Installing: /home/maverick/LMCO/tmm-mas/sim/ROS2/install/ltl_automaton_msgs/include/ltl_automaton_msgs/ltl_automaton_msgs/srv/detail/trap_check__type_support.cpp
-- Installing: /home/maverick/LMCO/tmm-mas/sim/ROS2/install/ltl_automaton_msgs/lib/libltl_automaton_msgs__rosidl_typesupport_introspection_cpp.so
-- Set runtime path of "/home/maverick/LMCO/tmm-mas/sim/ROS2/install/ltl_automaton_msgs/lib/libltl_automaton_msgs__rosidl_typesupport_introspection_cpp.so" to ""
-- Installing: /home/maverick/LMCO/tmm-mas/sim/ROS2/install/ltl_automaton_msgs/lib/libltl_automaton_msgs__rosidl_typesupport_cpp.so
-- Set runtime path of "/home/maverick/LMCO/tmm-mas/sim/ROS2/install/ltl_automaton_msgs/lib/libltl_automaton_msgs__rosidl_typesupport_cpp.so" to ""
-- Installing: /home/maverick/LMCO/tmm-mas/sim/ROS2/install/ltl_automaton_msgs/share/ltl_automaton_msgs/environment/pythonpath.sh
-- Installing: /home/maverick/LMCO/tmm-mas/sim/ROS2/install/ltl_automaton_msgs/share/ltl_automaton_msgs/environment/pythonpath.dsv
-- Installing: /home/maverick/LMCO/tmm-mas/sim/ROS2/install/ltl_automaton_msgs/local/lib/python3.10/dist-packages/ltl_automaton_msgs-0.1.0-py3.10.egg-info
-- Installing: /home/maverick/LMCO/tmm-mas/sim/ROS2/install/ltl_automaton_msgs/local/lib/python3.10/dist-packages/ltl_automaton_msgs-0.1.0-py3.10.egg-info/SOURCES.txt
-- Installing: /home/maverick/LMCO/tmm-mas/sim/ROS2/install/ltl_automaton_msgs/local/lib/python3.10/dist-packages/ltl_automaton_msgs-0.1.0-py3.10.egg-info/top_level.txt
-- Installing: /home/maverick/LMCO/tmm-mas/sim/ROS2/install/ltl_automaton_msgs/local/lib/python3.10/dist-packages/ltl_automaton_msgs-0.1.0-py3.10.egg-info/dependency_links.txt
-- Installing: /home/maverick/LMCO/tmm-mas/sim/ROS2/install/ltl_automaton_msgs/local/lib/python3.10/dist-packages/ltl_automaton_msgs-0.1.0-py3.10.egg-info/PKG-INFO
-- Installing: /home/maverick/LMCO/tmm-mas/sim/ROS2/install/ltl_automaton_msgs/local/lib/python3.10/dist-packages/ltl_automaton_msgs
-- Installing: /home/maverick/LMCO/tmm-mas/sim/ROS2/install/ltl_automaton_msgs/local/lib/python3.10/dist-packages/ltl_automaton_msgs/_ltl_automaton_msgs_s.ep.rosidl_typesupport_introspection_c.c
-- Installing: /home/maverick/LMCO/tmm-mas/sim/ROS2/install/ltl_automaton_msgs/local/lib/python3.10/dist-packages/ltl_automaton_msgs/msg
-- Installing: /home/maverick/LMCO/tmm-mas/sim/ROS2/install/ltl_automaton_msgs/local/lib/python3.10/dist-packages/ltl_automaton_msgs/msg/_ltl_plan.py
-- Installing: /home/maverick/LMCO/tmm-mas/sim/ROS2/install/ltl_automaton_msgs/local/lib/python3.10/dist-packages/ltl_automaton_msgs/msg/_ltl_state.py
-- Installing: /home/maverick/LMCO/tmm-mas/sim/ROS2/install/ltl_automaton_msgs/local/lib/python3.10/dist-packages/ltl_automaton_msgs/msg/_ltl_state_array.py
-- Installing: /home/maverick/LMCO/tmm-mas/sim/ROS2/install/ltl_automaton_msgs/local/lib/python3.10/dist-packages/ltl_automaton_msgs/msg/_relay_request_s.c
-- Installing: /home/maverick/LMCO/tmm-mas/sim/ROS2/install/ltl_automaton_msgs/local/lib/python3.10/dist-packages/ltl_automaton_msgs/msg/_ltl_state_runs.py
-- Installing: /home/maverick/LMCO/tmm-mas/sim/ROS2/install/ltl_automaton_msgs/local/lib/python3.10/dist-packages/ltl_automaton_msgs/msg/_transition_system_state_s.c
-- Installing: /home/maverick/LMCO/tmm-mas/sim/ROS2/install/ltl_automaton_msgs/local/lib/python3.10/dist-packages/ltl_automaton_msgs/msg/_ltl_state_array_s.c
-- Installing: /home/maverick/LMCO/tmm-mas/sim/ROS2/install/ltl_automaton_msgs/local/lib/python3.10/dist-packages/ltl_automaton_msgs/msg/_relay_response.py
-- Installing: /home/maverick/LMCO/tmm-mas/sim/ROS2/install/ltl_automaton_msgs/local/lib/python3.10/dist-packages/ltl_automaton_msgs/msg/_transition_system_state.py
-- Installing: /home/maverick/LMCO/tmm-mas/sim/ROS2/install/ltl_automaton_msgs/local/lib/python3.10/dist-packages/ltl_automaton_msgs/msg/_ltl_plan_s.c
-- Installing: /home/maverick/LMCO/tmm-mas/sim/ROS2/install/ltl_automaton_msgs/local/lib/python3.10/dist-packages/ltl_automaton_msgs/msg/_ltl_state_runs_s.c
-- Installing: /home/maverick/LMCO/tmm-mas/sim/ROS2/install/ltl_automaton_msgs/local/lib/python3.10/dist-packages/ltl_automaton_msgs/msg/_relay_response_s.c
-- Installing: /home/maverick/LMCO/tmm-mas/sim/ROS2/install/ltl_automaton_msgs/local/lib/python3.10/dist-packages/ltl_automaton_msgs/msg/__init__.py
-- Installing: /home/maverick/LMCO/tmm-mas/sim/ROS2/install/ltl_automaton_msgs/local/lib/python3.10/dist-packages/ltl_automaton_msgs/msg/_transition_system_state_stamped_s.c
-- Installing: /home/maverick/LMCO/tmm-mas/sim/ROS2/install/ltl_automaton_msgs/local/lib/python3.10/dist-packages/ltl_automaton_msgs/msg/_ltl_state_s.c
-- Installing: /home/maverick/LMCO/tmm-mas/sim/ROS2/install/ltl_automaton_msgs/local/lib/python3.10/dist-packages/ltl_automaton_msgs/msg/_transition_system_state_stamped.py
-- Installing: /home/maverick/LMCO/tmm-mas/sim/ROS2/install/ltl_automaton_msgs/local/lib/python3.10/dist-packages/ltl_automaton_msgs/msg/_relay_request.py
-- Installing: /home/maverick/LMCO/tmm-mas/sim/ROS2/install/ltl_automaton_msgs/local/lib/python3.10/dist-packages/ltl_automaton_msgs/libltl_automaton_msgs__rosidl_generator_py.so
-- Installing: /home/maverick/LMCO/tmm-mas/sim/ROS2/install/ltl_automaton_msgs/local/lib/python3.10/dist-packages/ltl_automaton_msgs/ltl_automaton_msgs_s__rosidl_typesupport_introspection_c.cpython-310-x86_64-linux-gnu.so
-- Installing: /home/maverick/LMCO/tmm-mas/sim/ROS2/install/ltl_automaton_msgs/local/lib/python3.10/dist-packages/ltl_automaton_msgs/srv
-- Installing: /home/maverick/LMCO/tmm-mas/sim/ROS2/install/ltl_automaton_msgs/local/lib/python3.10/dist-packages/ltl_automaton_msgs/srv/_task_replanning_modify.py
-- Installing: /home/maverick/LMCO/tmm-mas/sim/ROS2/install/ltl_automaton_msgs/local/lib/python3.10/dist-packages/ltl_automaton_msgs/srv/_trap_check_s.c
-- Installing: /home/maverick/LMCO/tmm-mas/sim/ROS2/install/ltl_automaton_msgs/local/lib/python3.10/dist-packages/ltl_automaton_msgs/srv/_task_replanning_delete.py
-- Installing: /home/maverick/LMCO/tmm-mas/sim/ROS2/install/ltl_automaton_msgs/local/lib/python3.10/dist-packages/ltl_automaton_msgs/srv/_task_planning.py
-- Installing: /home/maverick/LMCO/tmm-mas/sim/ROS2/install/ltl_automaton_msgs/local/lib/python3.10/dist-packages/ltl_automaton_msgs/srv/_task_planning_s.c
-- Installing: /home/maverick/LMCO/tmm-mas/sim/ROS2/install/ltl_automaton_msgs/local/lib/python3.10/dist-packages/ltl_automaton_msgs/srv/_task_replanning_relabel_s.c
-- Installing: /home/maverick/LMCO/tmm-mas/sim/ROS2/install/ltl_automaton_msgs/local/lib/python3.10/dist-packages/ltl_automaton_msgs/srv/_trap_check.py
-- Installing: /home/maverick/LMCO/tmm-mas/sim/ROS2/install/ltl_automaton_msgs/local/lib/python3.10/dist-packages/ltl_automaton_msgs/srv/_task_replanning_relabel.py
-- Installing: /home/maverick/LMCO/tmm-mas/sim/ROS2/install/ltl_automaton_msgs/local/lib/python3.10/dist-packages/ltl_automaton_msgs/srv/_task_replanning_delete_s.c
-- Installing: /home/maverick/LMCO/tmm-mas/sim/ROS2/install/ltl_automaton_msgs/local/lib/python3.10/dist-packages/ltl_automaton_msgs/srv/__init__.py
-- Installing: /home/maverick/LMCO/tmm-mas/sim/ROS2/install/ltl_automaton_msgs/local/lib/python3.10/dist-packages/ltl_automaton_msgs/srv/_task_replanning_modify_s.c
-- Installing: /home/maverick/LMCO/tmm-mas/sim/ROS2/install/ltl_automaton_msgs/local/lib/python3.10/dist-packages/ltl_automaton_msgs/ltl_automaton_msgs_s__rosidl_typesupport_c.cpython-310-x86_64-linux-gnu.so
-- Installing: /home/maverick/LMCO/tmm-mas/sim/ROS2/install/ltl_automaton_msgs/local/lib/python3.10/dist-packages/ltl_automaton_msgs/__init__.py
-- Installing: /home/maverick/LMCO/tmm-mas/sim/ROS2/install/ltl_automaton_msgs/local/lib/python3.10/dist-packages/ltl_automaton_msgs/ltl_automaton_msgs_s__rosidl_typesupport_fastrtps_c.cpython-310-x86_64-linux-gnu.so
-- Installing: /home/maverick/LMCO/tmm-mas/sim/ROS2/install/ltl_automaton_msgs/local/lib/python3.10/dist-packages/ltl_automaton_msgs/_ltl_automaton_msgs_s.ep.rosidl_typesupport_c.c
-- Installing: /home/maverick/LMCO/tmm-mas/sim/ROS2/install/ltl_automaton_msgs/local/lib/python3.10/dist-packages/ltl_automaton_msgs/_ltl_automaton_msgs_s.ep.rosidl_typesupport_fastrtps_c.c
Listing '/home/maverick/LMCO/tmm-mas/sim/ROS2/install/ltl_automaton_msgs/local/lib/python3.10/dist-packages/ltl_automaton_msgs'...
Compiling '/home/maverick/LMCO/tmm-mas/sim/ROS2/install/ltl_automaton_msgs/local/lib/python3.10/dist-packages/ltl_automaton_msgs/__init__.py'...
Listing '/home/maverick/LMCO/tmm-mas/sim/ROS2/install/ltl_automaton_msgs/local/lib/python3.10/dist-packages/ltl_automaton_msgs/msg'...
Compiling '/home/maverick/LMCO/tmm-mas/sim/ROS2/install/ltl_automaton_msgs/local/lib/python3.10/dist-packages/ltl_automaton_msgs/msg/__init__.py'...
Compiling '/home/maverick/LMCO/tmm-mas/sim/ROS2/install/ltl_automaton_msgs/local/lib/python3.10/dist-packages/ltl_automaton_msgs/msg/_ltl_plan.py'...
Compiling '/home/maverick/LMCO/tmm-mas/sim/ROS2/install/ltl_automaton_msgs/local/lib/python3.10/dist-packages/ltl_automaton_msgs/msg/_ltl_state.py'...
Compiling '/home/maverick/LMCO/tmm-mas/sim/ROS2/install/ltl_automaton_msgs/local/lib/python3.10/dist-packages/ltl_automaton_msgs/msg/_ltl_state_array.py'...
Compiling '/home/maverick/LMCO/tmm-mas/sim/ROS2/install/ltl_automaton_msgs/local/lib/python3.10/dist-packages/ltl_automaton_msgs/msg/_ltl_state_runs.py'...
Compiling '/home/maverick/LMCO/tmm-mas/sim/ROS2/install/ltl_automaton_msgs/local/lib/python3.10/dist-packages/ltl_automaton_msgs/msg/_relay_request.py'...
Compiling '/home/maverick/LMCO/tmm-mas/sim/ROS2/install/ltl_automaton_msgs/local/lib/python3.10/dist-packages/ltl_automaton_msgs/msg/_relay_response.py'...
Compiling '/home/maverick/LMCO/tmm-mas/sim/ROS2/install/ltl_automaton_msgs/local/lib/python3.10/dist-packages/ltl_automaton_msgs/msg/_transition_system_state.py'...
Compiling '/home/maverick/LMCO/tmm-mas/sim/ROS2/install/ltl_automaton_msgs/local/lib/python3.10/dist-packages/ltl_automaton_msgs/msg/_transition_system_state_stamped.py'...
Listing '/home/maverick/LMCO/tmm-mas/sim/ROS2/install/ltl_automaton_msgs/local/lib/python3.10/dist-packages/ltl_automaton_msgs/srv'...
Compiling '/home/maverick/LMCO/tmm-mas/sim/ROS2/install/ltl_automaton_msgs/local/lib/python3.10/dist-packages/ltl_automaton_msgs/srv/__init__.py'...
Compiling '/home/maverick/LMCO/tmm-mas/sim/ROS2/install/ltl_automaton_msgs/local/lib/python3.10/dist-packages/ltl_automaton_msgs/srv/_task_planning.py'...
Compiling '/home/maverick/LMCO/tmm-mas/sim/ROS2/install/ltl_automaton_msgs/local/lib/python3.10/dist-packages/ltl_automaton_msgs/srv/_task_replanning_delete.py'...
Compiling '/home/maverick/LMCO/tmm-mas/sim/ROS2/install/ltl_automaton_msgs/local/lib/python3.10/dist-packages/ltl_automaton_msgs/srv/_task_replanning_modify.py'...
Compiling '/home/maverick/LMCO/tmm-mas/sim/ROS2/install/ltl_automaton_msgs/local/lib/python3.10/dist-packages/ltl_automaton_msgs/srv/_task_replanning_relabel.py'...
Compiling '/home/maverick/LMCO/tmm-mas/sim/ROS2/install/ltl_automaton_msgs/local/lib/python3.10/dist-packages/ltl_automaton_msgs/srv/_trap_check.py'...
-- Installing: /home/maverick/LMCO/tmm-mas/sim/ROS2/install/ltl_automaton_msgs/local/lib/python3.10/dist-packages/ltl_automaton_msgs/ltl_automaton_msgs_s__rosidl_typesupport_fastrtps_c.cpython-310-x86_64-linux-gnu.so
-- Set runtime path of "/home/maverick/LMCO/tmm-mas/sim/ROS2/install/ltl_automaton_msgs/local/lib/python3.10/dist-packages/ltl_automaton_msgs/ltl_automaton_msgs_s__rosidl_typesupport_fastrtps_c.cpython-310-x86_64-linux-gnu.so" to ""
-- Installing: /home/maverick/LMCO/tmm-mas/sim/ROS2/install/ltl_automaton_msgs/local/lib/python3.10/dist-packages/ltl_automaton_msgs/ltl_automaton_msgs_s__rosidl_typesupport_introspection_c.cpython-310-x86_64-linux-gnu.so
-- Set runtime path of "/home/maverick/LMCO/tmm-mas/sim/ROS2/install/ltl_automaton_msgs/local/lib/python3.10/dist-packages/ltl_automaton_msgs/ltl_automaton_msgs_s__rosidl_typesupport_introspection_c.cpython-310-x86_64-linux-gnu.so" to ""
-- Installing: /home/maverick/LMCO/tmm-mas/sim/ROS2/install/ltl_automaton_msgs/local/lib/python3.10/dist-packages/ltl_automaton_msgs/ltl_automaton_msgs_s__rosidl_typesupport_c.cpython-310-x86_64-linux-gnu.so
-- Set runtime path of "/home/maverick/LMCO/tmm-mas/sim/ROS2/install/ltl_automaton_msgs/local/lib/python3.10/dist-packages/ltl_automaton_msgs/ltl_automaton_msgs_s__rosidl_typesupport_c.cpython-310-x86_64-linux-gnu.so" to ""
-- Installing: /home/maverick/LMCO/tmm-mas/sim/ROS2/install/ltl_automaton_msgs/lib/libltl_automaton_msgs__rosidl_generator_py.so
-- Set runtime path of "/home/maverick/LMCO/tmm-mas/sim/ROS2/install/ltl_automaton_msgs/lib/libltl_automaton_msgs__rosidl_generator_py.so" to ""
-- Installing: /home/maverick/LMCO/tmm-mas/sim/ROS2/install/ltl_automaton_msgs/share/ltl_automaton_msgs/msg/TransitionSystemState.idl
-- Installing: /home/maverick/LMCO/tmm-mas/sim/ROS2/install/ltl_automaton_msgs/share/ltl_automaton_msgs/msg/TransitionSystemStateStamped.idl
-- Installing: /home/maverick/LMCO/tmm-mas/sim/ROS2/install/ltl_automaton_msgs/share/ltl_automaton_msgs/msg/LTLPlan.idl
-- Installing: /home/maverick/LMCO/tmm-mas/sim/ROS2/install/ltl_automaton_msgs/share/ltl_automaton_msgs/msg/LTLState.idl
-- Installing: /home/maverick/LMCO/tmm-mas/sim/ROS2/install/ltl_automaton_msgs/share/ltl_automaton_msgs/msg/LTLStateArray.idl
-- Installing: /home/maverick/LMCO/tmm-mas/sim/ROS2/install/ltl_automaton_msgs/share/ltl_automaton_msgs/msg/LTLStateRuns.idl
-- Installing: /home/maverick/LMCO/tmm-mas/sim/ROS2/install/ltl_automaton_msgs/share/ltl_automaton_msgs/msg/RelayRequest.idl
-- Installing: /home/maverick/LMCO/tmm-mas/sim/ROS2/install/ltl_automaton_msgs/share/ltl_automaton_msgs/msg/RelayResponse.idl
-- Installing: /home/maverick/LMCO/tmm-mas/sim/ROS2/install/ltl_automaton_msgs/share/ltl_automaton_msgs/srv/TrapCheck.idl
-- Installing: /home/maverick/LMCO/tmm-mas/sim/ROS2/install/ltl_automaton_msgs/share/ltl_automaton_msgs/srv/TaskPlanning.idl
-- Installing: /home/maverick/LMCO/tmm-mas/sim/ROS2/install/ltl_automaton_msgs/share/ltl_automaton_msgs/srv/TaskReplanningModify.idl
-- Installing: /home/maverick/LMCO/tmm-mas/sim/ROS2/install/ltl_automaton_msgs/share/ltl_automaton_msgs/srv/TaskReplanningDelete.idl
-- Installing: /home/maverick/LMCO/tmm-mas/sim/ROS2/install/ltl_automaton_msgs/share/ltl_automaton_msgs/srv/TaskReplanningRelabel.idl
-- Installing: /home/maverick/LMCO/tmm-mas/sim/ROS2/install/ltl_automaton_msgs/share/ltl_automaton_msgs/msg/TransitionSystemState.msg
-- Installing: /home/maverick/LMCO/tmm-mas/sim/ROS2/install/ltl_automaton_msgs/share/ltl_automaton_msgs/msg/TransitionSystemStateStamped.msg
-- Installing: /home/maverick/LMCO/tmm-mas/sim/ROS2/install/ltl_automaton_msgs/share/ltl_automaton_msgs/msg/LTLPlan.msg
-- Installing: /home/maverick/LMCO/tmm-mas/sim/ROS2/install/ltl_automaton_msgs/share/ltl_automaton_msgs/msg/LTLState.msg
-- Installing: /home/maverick/LMCO/tmm-mas/sim/ROS2/install/ltl_automaton_msgs/share/ltl_automaton_msgs/msg/LTLStateArray.msg
-- Installing: /home/maverick/LMCO/tmm-mas/sim/ROS2/install/ltl_automaton_msgs/share/ltl_automaton_msgs/msg/LTLStateRuns.msg
-- Installing: /home/maverick/LMCO/tmm-mas/sim/ROS2/install/ltl_automaton_msgs/share/ltl_automaton_msgs/msg/RelayRequest.msg
-- Installing: /home/maverick/LMCO/tmm-mas/sim/ROS2/install/ltl_automaton_msgs/share/ltl_automaton_msgs/msg/RelayResponse.msg
-- Installing: /home/maverick/LMCO/tmm-mas/sim/ROS2/install/ltl_automaton_msgs/share/ltl_automaton_msgs/srv/TrapCheck.srv
-- Installing: /home/maverick/LMCO/tmm-mas/sim/ROS2/install/ltl_automaton_msgs/share/ltl_automaton_msgs/srv/TrapCheck_Request.msg
-- Installing: /home/maverick/LMCO/tmm-mas/sim/ROS2/install/ltl_automaton_msgs/share/ltl_automaton_msgs/srv/TrapCheck_Response.msg
-- Installing: /home/maverick/LMCO/tmm-mas/sim/ROS2/install/ltl_automaton_msgs/share/ltl_automaton_msgs/srv/TaskPlanning.srv
-- Installing: /home/maverick/LMCO/tmm-mas/sim/ROS2/install/ltl_automaton_msgs/share/ltl_automaton_msgs/srv/TaskPlanning_Request.msg
-- Installing: /home/maverick/LMCO/tmm-mas/sim/ROS2/install/ltl_automaton_msgs/share/ltl_automaton_msgs/srv/TaskPlanning_Response.msg
-- Installing: /home/maverick/LMCO/tmm-mas/sim/ROS2/install/ltl_automaton_msgs/share/ltl_automaton_msgs/srv/TaskReplanningModify.srv
-- Installing: /home/maverick/LMCO/tmm-mas/sim/ROS2/install/ltl_automaton_msgs/share/ltl_automaton_msgs/srv/TaskReplanningModify_Request.msg
-- Installing: /home/maverick/LMCO/tmm-mas/sim/ROS2/install/ltl_automaton_msgs/share/ltl_automaton_msgs/srv/TaskReplanningModify_Response.msg
-- Installing: /home/maverick/LMCO/tmm-mas/sim/ROS2/install/ltl_automaton_msgs/share/ltl_automaton_msgs/srv/TaskReplanningDelete.srv
-- Installing: /home/maverick/LMCO/tmm-mas/sim/ROS2/install/ltl_automaton_msgs/share/ltl_automaton_msgs/srv/TaskReplanningDelete_Request.msg
-- Installing: /home/maverick/LMCO/tmm-mas/sim/ROS2/install/ltl_automaton_msgs/share/ltl_automaton_msgs/srv/TaskReplanningDelete_Response.msg
-- Installing: /home/maverick/LMCO/tmm-mas/sim/ROS2/install/ltl_automaton_msgs/share/ltl_automaton_msgs/srv/TaskReplanningRelabel.srv
-- Installing: /home/maverick/LMCO/tmm-mas/sim/ROS2/install/ltl_automaton_msgs/share/ltl_automaton_msgs/srv/TaskReplanningRelabel_Request.msg
-- Installing: /home/maverick/LMCO/tmm-mas/sim/ROS2/install/ltl_automaton_msgs/share/ltl_automaton_msgs/srv/TaskReplanningRelabel_Response.msg
-- Installing: /home/maverick/LMCO/tmm-mas/sim/ROS2/install/ltl_automaton_msgs/share/ament_index/resource_index/package_run_dependencies/ltl_automaton_msgs
-- Installing: /home/maverick/LMCO/tmm-mas/sim/ROS2/install/ltl_automaton_msgs/share/ament_index/resource_index/parent_prefix_path/ltl_automaton_msgs
-- Installing: /home/maverick/LMCO/tmm-mas/sim/ROS2/install/ltl_automaton_msgs/share/ltl_automaton_msgs/environment/ament_prefix_path.sh
-- Installing: /home/maverick/LMCO/tmm-mas/sim/ROS2/install/ltl_automaton_msgs/share/ltl_automaton_msgs/environment/ament_prefix_path.dsv
-- Installing: /home/maverick/LMCO/tmm-mas/sim/ROS2/install/ltl_automaton_msgs/share/ltl_automaton_msgs/environment/path.sh
-- Installing: /home/maverick/LMCO/tmm-mas/sim/ROS2/install/ltl_automaton_msgs/share/ltl_automaton_msgs/environment/path.dsv
-- Installing: /home/maverick/LMCO/tmm-mas/sim/ROS2/install/ltl_automaton_msgs/share/ltl_automaton_msgs/local_setup.bash
-- Installing: /home/maverick/LMCO/tmm-mas/sim/ROS2/install/ltl_automaton_msgs/share/ltl_automaton_msgs/local_setup.sh
-- Installing: /home/maverick/LMCO/tmm-mas/sim/ROS2/install/ltl_automaton_msgs/share/ltl_automaton_msgs/local_setup.zsh
-- Installing: /home/maverick/LMCO/tmm-mas/sim/ROS2/install/ltl_automaton_msgs/share/ltl_automaton_msgs/local_setup.dsv
-- Installing: /home/maverick/LMCO/tmm-mas/sim/ROS2/install/ltl_automaton_msgs/share/ltl_automaton_msgs/package.dsv
-- Installing: /home/maverick/LMCO/tmm-mas/sim/ROS2/install/ltl_automaton_msgs/share/ament_index/resource_index/packages/ltl_automaton_msgs
-- Installing: /home/maverick/LMCO/tmm-mas/sim/ROS2/install/ltl_automaton_msgs/share/ltl_automaton_msgs/cmake/export_ltl_automaton_msgs__rosidl_generator_cExport.cmake
-- Installing: /home/maverick/LMCO/tmm-mas/sim/ROS2/install/ltl_automaton_msgs/share/ltl_automaton_msgs/cmake/export_ltl_automaton_msgs__rosidl_generator_cExport-noconfig.cmake
-- Installing: /home/maverick/LMCO/tmm-mas/sim/ROS2/install/ltl_automaton_msgs/share/ltl_automaton_msgs/cmake/export_ltl_automaton_msgs__rosidl_typesupport_fastrtps_cExport.cmake
-- Installing: /home/maverick/LMCO/tmm-mas/sim/ROS2/install/ltl_automaton_msgs/share/ltl_automaton_msgs/cmake/export_ltl_automaton_msgs__rosidl_typesupport_fastrtps_cExport-noconfig.cmake
-- Installing: /home/maverick/LMCO/tmm-mas/sim/ROS2/install/ltl_automaton_msgs/share/ltl_automaton_msgs/cmake/export_ltl_automaton_msgs__rosidl_generator_cppExport.cmake
-- Installing: /home/maverick/LMCO/tmm-mas/sim/ROS2/install/ltl_automaton_msgs/share/ltl_automaton_msgs/cmake/export_ltl_automaton_msgs__rosidl_typesupport_fastrtps_cppExport.cmake
-- Installing: /home/maverick/LMCO/tmm-mas/sim/ROS2/install/ltl_automaton_msgs/share/ltl_automaton_msgs/cmake/export_ltl_automaton_msgs__rosidl_typesupport_fastrtps_cppExport-noconfig.cmake
-- Installing: /home/maverick/LMCO/tmm-mas/sim/ROS2/install/ltl_automaton_msgs/share/ltl_automaton_msgs/cmake/ltl_automaton_msgs__rosidl_typesupport_introspection_cExport.cmake
-- Installing: /home/maverick/LMCO/tmm-mas/sim/ROS2/install/ltl_automaton_msgs/share/ltl_automaton_msgs/cmake/ltl_automaton_msgs__rosidl_typesupport_introspection_cExport-noconfig.cmake
-- Installing: /home/maverick/LMCO/tmm-mas/sim/ROS2/install/ltl_automaton_msgs/share/ltl_automaton_msgs/cmake/ltl_automaton_msgs__rosidl_typesupport_cExport.cmake
-- Installing: /home/maverick/LMCO/tmm-mas/sim/ROS2/install/ltl_automaton_msgs/share/ltl_automaton_msgs/cmake/ltl_automaton_msgs__rosidl_typesupport_cExport-noconfig.cmake
-- Installing: /home/maverick/LMCO/tmm-mas/sim/ROS2/install/ltl_automaton_msgs/share/ltl_automaton_msgs/cmake/ltl_automaton_msgs__rosidl_typesupport_introspection_cppExport.cmake
-- Installing: /home/maverick/LMCO/tmm-mas/sim/ROS2/install/ltl_automaton_msgs/share/ltl_automaton_msgs/cmake/ltl_automaton_msgs__rosidl_typesupport_introspection_cppExport-noconfig.cmake
-- Installing: /home/maverick/LMCO/tmm-mas/sim/ROS2/install/ltl_automaton_msgs/share/ltl_automaton_msgs/cmake/ltl_automaton_msgs__rosidl_typesupport_cppExport.cmake
-- Installing: /home/maverick/LMCO/tmm-mas/sim/ROS2/install/ltl_automaton_msgs/share/ltl_automaton_msgs/cmake/ltl_automaton_msgs__rosidl_typesupport_cppExport-noconfig.cmake
-- Installing: /home/maverick/LMCO/tmm-mas/sim/ROS2/install/ltl_automaton_msgs/share/ltl_automaton_msgs/cmake/export_ltl_automaton_msgs__rosidl_generator_pyExport.cmake
-- Installing: /home/maverick/LMCO/tmm-mas/sim/ROS2/install/ltl_automaton_msgs/share/ltl_automaton_msgs/cmake/export_ltl_automaton_msgs__rosidl_generator_pyExport-noconfig.cmake
-- Installing: /home/maverick/LMCO/tmm-mas/sim/ROS2/install/ltl_automaton_msgs/share/ltl_automaton_msgs/cmake/rosidl_cmake-extras.cmake
-- Installing: /home/maverick/LMCO/tmm-mas/sim/ROS2/install/ltl_automaton_msgs/share/ltl_automaton_msgs/cmake/ament_cmake_export_dependencies-extras.cmake
-- Installing: /home/maverick/LMCO/tmm-mas/sim/ROS2/install/ltl_automaton_msgs/share/ltl_automaton_msgs/cmake/ament_cmake_export_include_directories-extras.cmake
-- Installing: /home/maverick/LMCO/tmm-mas/sim/ROS2/install/ltl_automaton_msgs/share/ltl_automaton_msgs/cmake/ament_cmake_export_libraries-extras.cmake
-- Installing: /home/maverick/LMCO/tmm-mas/sim/ROS2/install/ltl_automaton_msgs/share/ltl_automaton_msgs/cmake/ament_cmake_export_targets-extras.cmake
-- Installing: /home/maverick/LMCO/tmm-mas/sim/ROS2/install/ltl_automaton_msgs/share/ltl_automaton_msgs/cmake/rosidl_cmake_export_typesupport_targets-extras.cmake
-- Installing: /home/maverick/LMCO/tmm-mas/sim/ROS2/install/ltl_automaton_msgs/share/ltl_automaton_msgs/cmake/rosidl_cmake_export_typesupport_libraries-extras.cmake
-- Installing: /home/maverick/LMCO/tmm-mas/sim/ROS2/install/ltl_automaton_msgs/share/ltl_automaton_msgs/cmake/ltl_automaton_msgsConfig.cmake
-- Installing: /home/maverick/LMCO/tmm-mas/sim/ROS2/install/ltl_automaton_msgs/share/ltl_automaton_msgs/cmake/ltl_automaton_msgsConfig-version.cmake
-- Installing: /home/maverick/LMCO/tmm-mas/sim/ROS2/install/ltl_automaton_msgs/share/ltl_automaton_msgs/package.xml
