[0.007s] Invoking command in '/home/maverick/LMCO/tmm-mas/sim/ROS2/build/ltl_automaton_msgs': CMAKE_PREFIX_PATH=${CMAKE_PREFIX_PATH}:/opt/ros/humble /usr/bin/cmake /home/maverick/LMCO/tmm-mas/sim/ROS2/lmco/ltl_automaton_msgs -DCMAKE_INSTALL_PREFIX=/home/maverick/LMCO/tmm-mas/sim/ROS2/install/ltl_automaton_msgs
[0.069s] -- The C compiler identification is GNU 11.4.0
[0.126s] -- The CXX compiler identification is GNU 11.4.0
[0.134s] -- Detecting C compiler ABI info
[0.180s] -- Detecting C compiler ABI info - done
[0.184s] -- Check for working C compiler: /usr/bin/cc - skipped
[0.184s] -- Detecting C compile features
[0.185s] -- Detecting C compile features - done
[0.187s] -- Detecting CXX compiler ABI info
[0.237s] -- Detecting CXX compiler ABI info - done
[0.242s] -- Check for working CXX compiler: /usr/bin/c++ - skipped
[0.242s] -- Detecting CXX compile features
[0.242s] -- Detecting CXX compile features - done
[0.243s] -- Found ament_cmake: 1.3.11 (/opt/ros/humble/share/ament_cmake/cmake)
[0.347s] -- Found Python3: /usr/bin/python3 (found version "3.10.12") found components: Interpreter 
[0.408s] -- Found rclcpp: 16.0.11 (/opt/ros/humble/share/rclcpp/cmake)
[0.437s] -- Found rosidl_generator_c: 3.1.6 (/opt/ros/humble/share/rosidl_generator_c/cmake)
[0.440s] -- Found rosidl_adapter: 3.1.6 (/opt/ros/humble/share/rosidl_adapter/cmake)
[0.447s] -- Found rosidl_generator_cpp: 3.1.6 (/opt/ros/humble/share/rosidl_generator_cpp/cmake)
[0.456s] -- Using all available rosidl_typesupport_c: rosidl_typesupport_fastrtps_c;rosidl_typesupport_introspection_c
[0.467s] -- Using all available rosidl_typesupport_cpp: rosidl_typesupport_fastrtps_cpp;rosidl_typesupport_introspection_cpp
[0.498s] -- Found rmw_implementation_cmake: 6.1.2 (/opt/ros/humble/share/rmw_implementation_cmake/cmake)
[0.500s] -- Found rmw_fastrtps_cpp: 6.2.7 (/opt/ros/humble/share/rmw_fastrtps_cpp/cmake)
[0.557s] -- Found OpenSSL: /usr/lib/x86_64-linux-gnu/libcrypto.so (found version "3.0.2")  
[0.571s] -- Found FastRTPS: /opt/ros/humble/include  
[0.592s] -- Using RMW implementation 'rmw_fastrtps_cpp' as default
[0.598s] -- Looking for pthread.h
[0.645s] -- Looking for pthread.h - found
[0.646s] -- Performing Test CMAKE_HAVE_LIBC_PTHREAD
[0.691s] -- Performing Test CMAKE_HAVE_LIBC_PTHREAD - Success
[0.692s] -- Found Threads: TRUE  
[0.730s] -- Found rosidl_default_generators: 1.2.0 (/opt/ros/humble/share/rosidl_default_generators/cmake)
[0.940s] -- Found ament_cmake_ros: 0.10.0 (/opt/ros/humble/share/ament_cmake_ros/cmake)
[1.158s] -- Using all available rosidl_typesupport_c: rosidl_typesupport_fastrtps_c;rosidl_typesupport_introspection_c
[1.238s] -- Using all available rosidl_typesupport_cpp: rosidl_typesupport_fastrtps_cpp;rosidl_typesupport_introspection_cpp
[1.254s] -- Found PythonInterp: /usr/bin/python3 (found suitable version "3.10.12", minimum required is "3.6") 
[1.255s] -- Found python_cmake_module: 0.10.0 (/opt/ros/humble/share/python_cmake_module/cmake)
[1.271s] -- Found PythonLibs: /usr/lib/x86_64-linux-gnu/libpython3.10.so (found suitable version "3.10.12", minimum required is "3.5") 
[1.271s] -- Using PYTHON_EXECUTABLE: /usr/bin/python3
[1.271s] -- Using PYTHON_INCLUDE_DIRS: /usr/include/python3.10
[1.271s] -- Using PYTHON_LIBRARIES: /usr/lib/x86_64-linux-gnu/libpython3.10.so
[1.283s] -- Found PythonExtra: .so  
[1.314s] -- Configuring done
[1.343s] -- Generating done
[1.352s] -- Build files have been written to: /home/maverick/LMCO/tmm-mas/sim/ROS2/build/ltl_automaton_msgs
[1.360s] Invoked command in '/home/maverick/LMCO/tmm-mas/sim/ROS2/build/ltl_automaton_msgs' returned '0': CMAKE_PREFIX_PATH=${CMAKE_PREFIX_PATH}:/opt/ros/humble /usr/bin/cmake /home/maverick/LMCO/tmm-mas/sim/ROS2/lmco/ltl_automaton_msgs -DCMAKE_INSTALL_PREFIX=/home/maverick/LMCO/tmm-mas/sim/ROS2/install/ltl_automaton_msgs
[1.361s] Invoking command in '/home/maverick/LMCO/tmm-mas/sim/ROS2/build/ltl_automaton_msgs': CMAKE_PREFIX_PATH=${CMAKE_PREFIX_PATH}:/opt/ros/humble /usr/bin/cmake --build /home/maverick/LMCO/tmm-mas/sim/ROS2/build/ltl_automaton_msgs -- -j16 -l16
[1.387s] [  1%] [34m[1mGenerating C code for ROS interfaces[0m
[1.393s] [  1%] [34m[1mGenerating C++ code for ROS interfaces[0m
[1.397s] [  1%] Built target ament_cmake_python_copy_ltl_automaton_msgs
[1.532s] running egg_info
[1.533s] creating ltl_automaton_msgs.egg-info
[1.533s] writing ltl_automaton_msgs.egg-info/PKG-INFO
[1.533s] writing dependency_links to ltl_automaton_msgs.egg-info/dependency_links.txt
[1.533s] writing top-level names to ltl_automaton_msgs.egg-info/top_level.txt
[1.533s] writing manifest file 'ltl_automaton_msgs.egg-info/SOURCES.txt'
[1.535s] reading manifest file 'ltl_automaton_msgs.egg-info/SOURCES.txt'
[1.535s] writing manifest file 'ltl_automaton_msgs.egg-info/SOURCES.txt'
[1.554s] [  1%] Built target ament_cmake_python_build_ltl_automaton_msgs_egg
[2.079s] [  1%] Built target ltl_automaton_msgs__cpp
[2.088s] [  2%] [34m[1mGenerating C++ type support dispatch for ROS interfaces[0m
[2.088s] [  3%] [34m[1mGenerating C++ type support for eProsima Fast-RTPS[0m
[2.088s] [  3%] [34m[1mGenerating C++ introspection for ROS interfaces[0m
[2.107s] [  5%] [32mBuilding C object CMakeFiles/ltl_automaton_msgs__rosidl_generator_c.dir/rosidl_generator_c/ltl_automaton_msgs/msg/detail/ltl_state_array__functions.c.o[0m
[2.107s] [  5%] [32mBuilding C object CMakeFiles/ltl_automaton_msgs__rosidl_generator_c.dir/rosidl_generator_c/ltl_automaton_msgs/msg/detail/transition_system_state__functions.c.o[0m
[2.107s] [  6%] [32mBuilding C object CMakeFiles/ltl_automaton_msgs__rosidl_generator_c.dir/rosidl_generator_c/ltl_automaton_msgs/msg/detail/relay_response__functions.c.o[0m
[2.108s] [  6%] [32mBuilding C object CMakeFiles/ltl_automaton_msgs__rosidl_generator_c.dir/rosidl_generator_c/ltl_automaton_msgs/msg/detail/transition_system_state_stamped__functions.c.o[0m
[2.108s] [  8%] [32mBuilding C object CMakeFiles/ltl_automaton_msgs__rosidl_generator_c.dir/rosidl_generator_c/ltl_automaton_msgs/msg/detail/ltl_plan__functions.c.o[0m
[2.108s] [  8%] [32mBuilding C object CMakeFiles/ltl_automaton_msgs__rosidl_generator_c.dir/rosidl_generator_c/ltl_automaton_msgs/msg/detail/ltl_state__functions.c.o[0m
[2.108s] [  8%] [32mBuilding C object CMakeFiles/ltl_automaton_msgs__rosidl_generator_c.dir/rosidl_generator_c/ltl_automaton_msgs/msg/detail/relay_request__functions.c.o[0m
[2.108s] [  9%] [32mBuilding C object CMakeFiles/ltl_automaton_msgs__rosidl_generator_c.dir/rosidl_generator_c/ltl_automaton_msgs/msg/detail/ltl_state_runs__functions.c.o[0m
[2.109s] [ 10%] [32mBuilding C object CMakeFiles/ltl_automaton_msgs__rosidl_generator_c.dir/rosidl_generator_c/ltl_automaton_msgs/srv/detail/trap_check__functions.c.o[0m
[2.109s] [ 12%] [32mBuilding C object CMakeFiles/ltl_automaton_msgs__rosidl_generator_c.dir/rosidl_generator_c/ltl_automaton_msgs/srv/detail/task_replanning_modify__functions.c.o[0m
[2.109s] [ 12%] [32mBuilding C object CMakeFiles/ltl_automaton_msgs__rosidl_generator_c.dir/rosidl_generator_c/ltl_automaton_msgs/srv/detail/task_planning__functions.c.o[0m
[2.109s] [ 12%] [32mBuilding C object CMakeFiles/ltl_automaton_msgs__rosidl_generator_c.dir/rosidl_generator_c/ltl_automaton_msgs/srv/detail/task_replanning_delete__functions.c.o[0m
[2.109s] [ 13%] [32mBuilding C object CMakeFiles/ltl_automaton_msgs__rosidl_generator_c.dir/rosidl_generator_c/ltl_automaton_msgs/srv/detail/task_replanning_relabel__functions.c.o[0m
[2.168s] [ 14%] [32m[1mLinking C shared library libltl_automaton_msgs__rosidl_generator_c.so[0m
[2.195s] [ 14%] Built target ltl_automaton_msgs__rosidl_generator_c
[2.202s] [ 17%] [34m[1mGenerating C type support dispatch for ROS interfaces[0m
[2.202s] [ 17%] [34m[1mGenerating C type support for eProsima Fast-RTPS[0m
[2.202s] [ 17%] [34m[1mGenerating C introspection for ROS interfaces[0m
[2.558s] [ 19%] [32mBuilding CXX object CMakeFiles/ltl_automaton_msgs__rosidl_typesupport_cpp.dir/rosidl_typesupport_cpp/ltl_automaton_msgs/msg/transition_system_state__type_support.cpp.o[0m
[2.558s] [ 19%] [32mBuilding CXX object CMakeFiles/ltl_automaton_msgs__rosidl_typesupport_cpp.dir/rosidl_typesupport_cpp/ltl_automaton_msgs/msg/ltl_plan__type_support.cpp.o[0m
[2.558s] [ 20%] [32mBuilding CXX object CMakeFiles/ltl_automaton_msgs__rosidl_typesupport_cpp.dir/rosidl_typesupport_cpp/ltl_automaton_msgs/msg/ltl_state__type_support.cpp.o[0m
[2.558s] [ 20%] [32mBuilding CXX object CMakeFiles/ltl_automaton_msgs__rosidl_typesupport_cpp.dir/rosidl_typesupport_cpp/ltl_automaton_msgs/msg/transition_system_state_stamped__type_support.cpp.o[0m
[2.558s] [ 21%] [32mBuilding CXX object CMakeFiles/ltl_automaton_msgs__rosidl_typesupport_cpp.dir/rosidl_typesupport_cpp/ltl_automaton_msgs/msg/ltl_state_runs__type_support.cpp.o[0m
[2.558s] [ 22%] [32mBuilding CXX object CMakeFiles/ltl_automaton_msgs__rosidl_typesupport_cpp.dir/rosidl_typesupport_cpp/ltl_automaton_msgs/msg/ltl_state_array__type_support.cpp.o[0m
[2.558s] [ 23%] [32mBuilding CXX object CMakeFiles/ltl_automaton_msgs__rosidl_typesupport_cpp.dir/rosidl_typesupport_cpp/ltl_automaton_msgs/srv/task_replanning_modify__type_support.cpp.o[0m
[2.558s] [ 24%] [32mBuilding CXX object CMakeFiles/ltl_automaton_msgs__rosidl_typesupport_cpp.dir/rosidl_typesupport_cpp/ltl_automaton_msgs/srv/trap_check__type_support.cpp.o[0m
[2.558s] [ 25%] [32mBuilding CXX object CMakeFiles/ltl_automaton_msgs__rosidl_typesupport_cpp.dir/rosidl_typesupport_cpp/ltl_automaton_msgs/srv/task_planning__type_support.cpp.o[0m
[2.559s] [ 26%] [32mBuilding CXX object CMakeFiles/ltl_automaton_msgs__rosidl_typesupport_cpp.dir/rosidl_typesupport_cpp/ltl_automaton_msgs/msg/relay_request__type_support.cpp.o[0m
[2.559s] [ 26%] [32mBuilding CXX object CMakeFiles/ltl_automaton_msgs__rosidl_typesupport_cpp.dir/rosidl_typesupport_cpp/ltl_automaton_msgs/msg/relay_response__type_support.cpp.o[0m
[2.777s] [ 26%] [32mBuilding CXX object CMakeFiles/ltl_automaton_msgs__rosidl_typesupport_c.dir/rosidl_typesupport_c/ltl_automaton_msgs/msg/transition_system_state__type_support.cpp.o[0m
[2.809s] [ 27%] [32mBuilding CXX object CMakeFiles/ltl_automaton_msgs__rosidl_typesupport_c.dir/rosidl_typesupport_c/ltl_automaton_msgs/msg/transition_system_state_stamped__type_support.cpp.o[0m
[2.826s] [ 28%] [32mBuilding CXX object CMakeFiles/ltl_automaton_msgs__rosidl_typesupport_c.dir/rosidl_typesupport_c/ltl_automaton_msgs/msg/ltl_plan__type_support.cpp.o[0m
[2.826s] [ 29%] [32mBuilding CXX object CMakeFiles/ltl_automaton_msgs__rosidl_typesupport_cpp.dir/rosidl_typesupport_cpp/ltl_automaton_msgs/srv/task_replanning_delete__type_support.cpp.o[0m
[2.830s] [ 29%] [32mBuilding CXX object CMakeFiles/ltl_automaton_msgs__rosidl_typesupport_cpp.dir/rosidl_typesupport_cpp/ltl_automaton_msgs/srv/task_replanning_relabel__type_support.cpp.o[0m
[2.830s] [ 30%] [32mBuilding CXX object CMakeFiles/ltl_automaton_msgs__rosidl_typesupport_c.dir/rosidl_typesupport_c/ltl_automaton_msgs/msg/ltl_state__type_support.cpp.o[0m
[2.831s] [ 31%] [32mBuilding CXX object CMakeFiles/ltl_automaton_msgs__rosidl_typesupport_c.dir/rosidl_typesupport_c/ltl_automaton_msgs/msg/ltl_state_array__type_support.cpp.o[0m
[2.837s] [ 33%] [32mBuilding CXX object CMakeFiles/ltl_automaton_msgs__rosidl_typesupport_c.dir/rosidl_typesupport_c/ltl_automaton_msgs/msg/ltl_state_runs__type_support.cpp.o[0m
[2.837s] [ 33%] [32mBuilding CXX object CMakeFiles/ltl_automaton_msgs__rosidl_typesupport_c.dir/rosidl_typesupport_c/ltl_automaton_msgs/msg/relay_request__type_support.cpp.o[0m
[2.838s] [ 35%] [32mBuilding CXX object CMakeFiles/ltl_automaton_msgs__rosidl_typesupport_c.dir/rosidl_typesupport_c/ltl_automaton_msgs/srv/trap_check__type_support.cpp.o[0m
[2.838s] [ 35%] [32mBuilding CXX object CMakeFiles/ltl_automaton_msgs__rosidl_typesupport_c.dir/rosidl_typesupport_c/ltl_automaton_msgs/srv/task_planning__type_support.cpp.o[0m
[2.838s] [ 33%] [32mBuilding CXX object CMakeFiles/ltl_automaton_msgs__rosidl_typesupport_c.dir/rosidl_typesupport_c/ltl_automaton_msgs/msg/relay_response__type_support.cpp.o[0m
[2.854s] [ 35%] [32mBuilding CXX object CMakeFiles/ltl_automaton_msgs__rosidl_typesupport_c.dir/rosidl_typesupport_c/ltl_automaton_msgs/srv/task_replanning_modify__type_support.cpp.o[0m
[2.858s] [ 36%] [32mBuilding CXX object CMakeFiles/ltl_automaton_msgs__rosidl_typesupport_c.dir/rosidl_typesupport_c/ltl_automaton_msgs/srv/task_replanning_delete__type_support.cpp.o[0m
[2.865s] [ 37%] [32mBuilding CXX object CMakeFiles/ltl_automaton_msgs__rosidl_typesupport_c.dir/rosidl_typesupport_c/ltl_automaton_msgs/srv/task_replanning_relabel__type_support.cpp.o[0m
[2.882s] [ 38%] [32mBuilding CXX object CMakeFiles/ltl_automaton_msgs__rosidl_typesupport_introspection_cpp.dir/rosidl_typesupport_introspection_cpp/ltl_automaton_msgs/msg/detail/transition_system_state__type_support.cpp.o[0m
[2.882s] [ 39%] [32mBuilding CXX object CMakeFiles/ltl_automaton_msgs__rosidl_typesupport_introspection_cpp.dir/rosidl_typesupport_introspection_cpp/ltl_automaton_msgs/msg/detail/transition_system_state_stamped__type_support.cpp.o[0m
[2.885s] [ 40%] [32mBuilding CXX object CMakeFiles/ltl_automaton_msgs__rosidl_typesupport_introspection_cpp.dir/rosidl_typesupport_introspection_cpp/ltl_automaton_msgs/msg/detail/ltl_plan__type_support.cpp.o[0m
[2.887s] [ 41%] [32mBuilding CXX object CMakeFiles/ltl_automaton_msgs__rosidl_typesupport_introspection_cpp.dir/rosidl_typesupport_introspection_cpp/ltl_automaton_msgs/msg/detail/ltl_state__type_support.cpp.o[0m
[2.887s] [ 41%] [32mBuilding CXX object CMakeFiles/ltl_automaton_msgs__rosidl_typesupport_introspection_cpp.dir/rosidl_typesupport_introspection_cpp/ltl_automaton_msgs/msg/detail/ltl_state_array__type_support.cpp.o[0m
[2.889s] [ 42%] [32mBuilding CXX object CMakeFiles/ltl_automaton_msgs__rosidl_typesupport_introspection_cpp.dir/rosidl_typesupport_introspection_cpp/ltl_automaton_msgs/msg/detail/relay_request__type_support.cpp.o[0m
[2.889s] [ 43%] [32mBuilding CXX object CMakeFiles/ltl_automaton_msgs__rosidl_typesupport_introspection_cpp.dir/rosidl_typesupport_introspection_cpp/ltl_automaton_msgs/msg/detail/ltl_state_runs__type_support.cpp.o[0m
[2.889s] [ 44%] [32mBuilding CXX object CMakeFiles/ltl_automaton_msgs__rosidl_typesupport_introspection_cpp.dir/rosidl_typesupport_introspection_cpp/ltl_automaton_msgs/srv/detail/trap_check__type_support.cpp.o[0m
[2.890s] [ 45%] [32mBuilding CXX object CMakeFiles/ltl_automaton_msgs__rosidl_typesupport_introspection_cpp.dir/rosidl_typesupport_introspection_cpp/ltl_automaton_msgs/msg/detail/relay_response__type_support.cpp.o[0m
[2.890s] [ 45%] [32mBuilding CXX object CMakeFiles/ltl_automaton_msgs__rosidl_typesupport_introspection_cpp.dir/rosidl_typesupport_introspection_cpp/ltl_automaton_msgs/srv/detail/task_planning__type_support.cpp.o[0m
[2.898s] [ 46%] [32m[1mLinking CXX shared library libltl_automaton_msgs__rosidl_typesupport_c.so[0m
[2.905s] [ 47%] [32mBuilding CXX object CMakeFiles/ltl_automaton_msgs__rosidl_typesupport_fastrtps_cpp.dir/rosidl_typesupport_fastrtps_cpp/ltl_automaton_msgs/msg/detail/dds_fastrtps/transition_system_state__type_support.cpp.o[0m
[2.940s] [ 47%] Built target ltl_automaton_msgs__rosidl_typesupport_c
[2.955s] [ 48%] [32mBuilding CXX object CMakeFiles/ltl_automaton_msgs__rosidl_typesupport_introspection_cpp.dir/rosidl_typesupport_introspection_cpp/ltl_automaton_msgs/srv/detail/task_replanning_modify__type_support.cpp.o[0m
[3.099s] [ 49%] [32mBuilding CXX object CMakeFiles/ltl_automaton_msgs__rosidl_typesupport_fastrtps_cpp.dir/rosidl_typesupport_fastrtps_cpp/ltl_automaton_msgs/msg/detail/dds_fastrtps/transition_system_state_stamped__type_support.cpp.o[0m
[3.111s] [ 50%] [32m[1mLinking CXX shared library libltl_automaton_msgs__rosidl_typesupport_cpp.so[0m
[3.121s] [ 51%] [32mBuilding C object CMakeFiles/ltl_automaton_msgs__rosidl_typesupport_introspection_c.dir/rosidl_typesupport_introspection_c/ltl_automaton_msgs/msg/detail/transition_system_state__type_support.c.o[0m
[3.159s] [ 51%] Built target ltl_automaton_msgs__rosidl_typesupport_cpp
[3.161s] [ 52%] [32mBuilding C object CMakeFiles/ltl_automaton_msgs__rosidl_typesupport_introspection_c.dir/rosidl_typesupport_introspection_c/ltl_automaton_msgs/msg/detail/transition_system_state_stamped__type_support.c.o[0m
[3.170s] [ 53%] [32mBuilding CXX object CMakeFiles/ltl_automaton_msgs__rosidl_typesupport_introspection_cpp.dir/rosidl_typesupport_introspection_cpp/ltl_automaton_msgs/srv/detail/task_replanning_delete__type_support.cpp.o[0m
[3.197s] [ 53%] [32mBuilding C object CMakeFiles/ltl_automaton_msgs__rosidl_typesupport_introspection_c.dir/rosidl_typesupport_introspection_c/ltl_automaton_msgs/msg/detail/ltl_plan__type_support.c.o[0m
[3.224s] [ 54%] [32mBuilding CXX object CMakeFiles/ltl_automaton_msgs__rosidl_typesupport_fastrtps_c.dir/rosidl_typesupport_fastrtps_c/ltl_automaton_msgs/msg/detail/transition_system_state__type_support_c.cpp.o[0m
[3.239s] [ 55%] [32mBuilding C object CMakeFiles/ltl_automaton_msgs__rosidl_typesupport_introspection_c.dir/rosidl_typesupport_introspection_c/ltl_automaton_msgs/msg/detail/ltl_state__type_support.c.o[0m
[3.256s] [ 56%] [32mBuilding CXX object CMakeFiles/ltl_automaton_msgs__rosidl_typesupport_fastrtps_cpp.dir/rosidl_typesupport_fastrtps_cpp/ltl_automaton_msgs/msg/detail/dds_fastrtps/ltl_plan__type_support.cpp.o[0m
[3.267s] [ 56%] [32mBuilding CXX object CMakeFiles/ltl_automaton_msgs__rosidl_typesupport_fastrtps_c.dir/rosidl_typesupport_fastrtps_c/ltl_automaton_msgs/msg/detail/transition_system_state_stamped__type_support_c.cpp.o[0m
[3.282s] [ 57%] [32mBuilding C object CMakeFiles/ltl_automaton_msgs__rosidl_typesupport_introspection_c.dir/rosidl_typesupport_introspection_c/ltl_automaton_msgs/msg/detail/ltl_state_array__type_support.c.o[0m
[3.289s] [ 57%] [32mBuilding CXX object CMakeFiles/ltl_automaton_msgs__rosidl_typesupport_fastrtps_cpp.dir/rosidl_typesupport_fastrtps_cpp/ltl_automaton_msgs/msg/detail/dds_fastrtps/ltl_state__type_support.cpp.o[0m
[3.297s] [ 58%] [32mBuilding CXX object CMakeFiles/ltl_automaton_msgs__rosidl_typesupport_fastrtps_c.dir/rosidl_typesupport_fastrtps_c/ltl_automaton_msgs/msg/detail/ltl_plan__type_support_c.cpp.o[0m
[3.307s] [ 59%] [32mBuilding C object CMakeFiles/ltl_automaton_msgs__rosidl_typesupport_introspection_c.dir/rosidl_typesupport_introspection_c/ltl_automaton_msgs/msg/detail/ltl_state_runs__type_support.c.o[0m
[3.309s] [ 61%] [32mBuilding CXX object CMakeFiles/ltl_automaton_msgs__rosidl_typesupport_fastrtps_cpp.dir/rosidl_typesupport_fastrtps_cpp/ltl_automaton_msgs/msg/detail/dds_fastrtps/ltl_state_array__type_support.cpp.o[0m
[3.309s] [ 61%] [32mBuilding CXX object CMakeFiles/ltl_automaton_msgs__rosidl_typesupport_fastrtps_cpp.dir/rosidl_typesupport_fastrtps_cpp/ltl_automaton_msgs/msg/detail/dds_fastrtps/ltl_state_runs__type_support.cpp.o[0m
[3.320s] [ 62%] [32mBuilding CXX object CMakeFiles/ltl_automaton_msgs__rosidl_typesupport_fastrtps_cpp.dir/rosidl_typesupport_fastrtps_cpp/ltl_automaton_msgs/msg/detail/dds_fastrtps/relay_request__type_support.cpp.o[0m
[3.348s] [ 63%] [32mBuilding C object CMakeFiles/ltl_automaton_msgs__rosidl_typesupport_introspection_c.dir/rosidl_typesupport_introspection_c/ltl_automaton_msgs/msg/detail/relay_request__type_support.c.o[0m
[3.355s] [ 63%] [32mBuilding C object CMakeFiles/ltl_automaton_msgs__rosidl_typesupport_introspection_c.dir/rosidl_typesupport_introspection_c/ltl_automaton_msgs/msg/detail/relay_response__type_support.c.o[0m
[3.374s] [ 64%] [32mBuilding CXX object CMakeFiles/ltl_automaton_msgs__rosidl_typesupport_fastrtps_c.dir/rosidl_typesupport_fastrtps_c/ltl_automaton_msgs/msg/detail/ltl_state__type_support_c.cpp.o[0m
[3.377s] [ 65%] [32mBuilding CXX object CMakeFiles/ltl_automaton_msgs__rosidl_typesupport_fastrtps_c.dir/rosidl_typesupport_fastrtps_c/ltl_automaton_msgs/msg/detail/ltl_state_array__type_support_c.cpp.o[0m
[3.395s] [ 66%] [32mBuilding C object CMakeFiles/ltl_automaton_msgs__rosidl_typesupport_introspection_c.dir/rosidl_typesupport_introspection_c/ltl_automaton_msgs/srv/detail/trap_check__type_support.c.o[0m
[3.400s] [ 67%] [32mBuilding CXX object CMakeFiles/ltl_automaton_msgs__rosidl_typesupport_fastrtps_c.dir/rosidl_typesupport_fastrtps_c/ltl_automaton_msgs/msg/detail/ltl_state_runs__type_support_c.cpp.o[0m
[3.417s] [ 68%] [32mBuilding CXX object CMakeFiles/ltl_automaton_msgs__rosidl_typesupport_fastrtps_cpp.dir/rosidl_typesupport_fastrtps_cpp/ltl_automaton_msgs/msg/detail/dds_fastrtps/relay_response__type_support.cpp.o[0m
[3.427s] [ 69%] [32mBuilding C object CMakeFiles/ltl_automaton_msgs__rosidl_typesupport_introspection_c.dir/rosidl_typesupport_introspection_c/ltl_automaton_msgs/srv/detail/task_planning__type_support.c.o[0m
[3.430s] [ 69%] [32mBuilding CXX object CMakeFiles/ltl_automaton_msgs__rosidl_typesupport_fastrtps_cpp.dir/rosidl_typesupport_fastrtps_cpp/ltl_automaton_msgs/srv/detail/dds_fastrtps/trap_check__type_support.cpp.o[0m
[3.464s] [ 70%] [32mBuilding C object CMakeFiles/ltl_automaton_msgs__rosidl_typesupport_introspection_c.dir/rosidl_typesupport_introspection_c/ltl_automaton_msgs/srv/detail/task_replanning_modify__type_support.c.o[0m
[3.497s] [ 70%] [32mBuilding CXX object CMakeFiles/ltl_automaton_msgs__rosidl_typesupport_fastrtps_c.dir/rosidl_typesupport_fastrtps_c/ltl_automaton_msgs/msg/detail/relay_request__type_support_c.cpp.o[0m
[3.507s] [ 71%] [32mBuilding C object CMakeFiles/ltl_automaton_msgs__rosidl_typesupport_introspection_c.dir/rosidl_typesupport_introspection_c/ltl_automaton_msgs/srv/detail/task_replanning_delete__type_support.c.o[0m
[3.556s] [ 71%] [32mBuilding C object CMakeFiles/ltl_automaton_msgs__rosidl_typesupport_introspection_c.dir/rosidl_typesupport_introspection_c/ltl_automaton_msgs/srv/detail/task_replanning_relabel__type_support.c.o[0m
[3.599s] [ 72%] [32m[1mLinking C shared library libltl_automaton_msgs__rosidl_typesupport_introspection_c.so[0m
[3.602s] [ 73%] [32mBuilding CXX object CMakeFiles/ltl_automaton_msgs__rosidl_typesupport_introspection_cpp.dir/rosidl_typesupport_introspection_cpp/ltl_automaton_msgs/srv/detail/task_replanning_relabel__type_support.cpp.o[0m
[3.606s] [ 74%] [32mBuilding CXX object CMakeFiles/ltl_automaton_msgs__rosidl_typesupport_fastrtps_cpp.dir/rosidl_typesupport_fastrtps_cpp/ltl_automaton_msgs/srv/detail/dds_fastrtps/task_planning__type_support.cpp.o[0m
[3.626s] [ 75%] [32mBuilding CXX object CMakeFiles/ltl_automaton_msgs__rosidl_typesupport_fastrtps_cpp.dir/rosidl_typesupport_fastrtps_cpp/ltl_automaton_msgs/srv/detail/dds_fastrtps/task_replanning_modify__type_support.cpp.o[0m
[3.638s] [ 75%] Built target ltl_automaton_msgs__rosidl_typesupport_introspection_c
[3.647s] [ 76%] [32mBuilding CXX object CMakeFiles/ltl_automaton_msgs__rosidl_typesupport_fastrtps_cpp.dir/rosidl_typesupport_fastrtps_cpp/ltl_automaton_msgs/srv/detail/dds_fastrtps/task_replanning_delete__type_support.cpp.o[0m
[3.657s] [ 77%] [32mBuilding CXX object CMakeFiles/ltl_automaton_msgs__rosidl_typesupport_fastrtps_cpp.dir/rosidl_typesupport_fastrtps_cpp/ltl_automaton_msgs/srv/detail/dds_fastrtps/task_replanning_relabel__type_support.cpp.o[0m
[3.705s] [ 78%] [32mBuilding CXX object CMakeFiles/ltl_automaton_msgs__rosidl_typesupport_fastrtps_c.dir/rosidl_typesupport_fastrtps_c/ltl_automaton_msgs/msg/detail/relay_response__type_support_c.cpp.o[0m
[3.708s] [ 79%] [32mBuilding CXX object CMakeFiles/ltl_automaton_msgs__rosidl_typesupport_fastrtps_c.dir/rosidl_typesupport_fastrtps_c/ltl_automaton_msgs/srv/detail/trap_check__type_support_c.cpp.o[0m
[3.713s] [ 80%] [32mBuilding CXX object CMakeFiles/ltl_automaton_msgs__rosidl_typesupport_fastrtps_c.dir/rosidl_typesupport_fastrtps_c/ltl_automaton_msgs/srv/detail/task_planning__type_support_c.cpp.o[0m
[3.760s] [ 81%] [32mBuilding CXX object CMakeFiles/ltl_automaton_msgs__rosidl_typesupport_fastrtps_c.dir/rosidl_typesupport_fastrtps_c/ltl_automaton_msgs/srv/detail/task_replanning_modify__type_support_c.cpp.o[0m
[3.764s] [ 81%] [32mBuilding CXX object CMakeFiles/ltl_automaton_msgs__rosidl_typesupport_fastrtps_c.dir/rosidl_typesupport_fastrtps_c/ltl_automaton_msgs/srv/detail/task_replanning_delete__type_support_c.cpp.o[0m
[3.765s] [ 82%] [32mBuilding CXX object CMakeFiles/ltl_automaton_msgs__rosidl_typesupport_fastrtps_c.dir/rosidl_typesupport_fastrtps_c/ltl_automaton_msgs/srv/detail/task_replanning_relabel__type_support_c.cpp.o[0m
[4.018s] [ 83%] [32m[1mLinking CXX shared library libltl_automaton_msgs__rosidl_typesupport_introspection_cpp.so[0m
[4.076s] [ 83%] [32m[1mLinking CXX shared library libltl_automaton_msgs__rosidl_typesupport_fastrtps_cpp.so[0m
[4.077s] [ 83%] Built target ltl_automaton_msgs__rosidl_typesupport_introspection_cpp
[4.080s] [ 84%] [32m[1mLinking CXX shared library libltl_automaton_msgs__rosidl_typesupport_fastrtps_c.so[0m
[4.125s] [ 84%] Built target ltl_automaton_msgs__rosidl_typesupport_fastrtps_c
[4.128s] [ 84%] Built target ltl_automaton_msgs__rosidl_typesupport_fastrtps_cpp
[4.141s] [ 84%] Built target ltl_automaton_msgs
[4.157s] [ 85%] [34m[1mGenerating Python code for ROS interfaces[0m
[5.321s] [ 85%] Built target ltl_automaton_msgs__py
[5.335s] [ 87%] [32mBuilding C object CMakeFiles/ltl_automaton_msgs__rosidl_generator_py.dir/rosidl_generator_py/ltl_automaton_msgs/msg/_ltl_state_array_s.c.o[0m
[5.336s] [ 87%] [32mBuilding C object CMakeFiles/ltl_automaton_msgs__rosidl_generator_py.dir/rosidl_generator_py/ltl_automaton_msgs/msg/_ltl_plan_s.c.o[0m
[5.336s] [ 87%] [32mBuilding C object CMakeFiles/ltl_automaton_msgs__rosidl_generator_py.dir/rosidl_generator_py/ltl_automaton_msgs/msg/_relay_request_s.c.o[0m
[5.336s] [ 87%] [32mBuilding C object CMakeFiles/ltl_automaton_msgs__rosidl_generator_py.dir/rosidl_generator_py/ltl_automaton_msgs/msg/_transition_system_state_stamped_s.c.o[0m
[5.336s] [ 88%] [32mBuilding C object CMakeFiles/ltl_automaton_msgs__rosidl_generator_py.dir/rosidl_generator_py/ltl_automaton_msgs/msg/_transition_system_state_s.c.o[0m
[5.336s] [ 89%] [32mBuilding C object CMakeFiles/ltl_automaton_msgs__rosidl_generator_py.dir/rosidl_generator_py/ltl_automaton_msgs/msg/_ltl_state_s.c.o[0m
[5.337s] [ 90%] [32mBuilding C object CMakeFiles/ltl_automaton_msgs__rosidl_generator_py.dir/rosidl_generator_py/ltl_automaton_msgs/msg/_ltl_state_runs_s.c.o[0m
[5.337s] [ 91%] [32mBuilding C object CMakeFiles/ltl_automaton_msgs__rosidl_generator_py.dir/rosidl_generator_py/ltl_automaton_msgs/srv/_trap_check_s.c.o[0m
[5.337s] [ 93%] [32mBuilding C object CMakeFiles/ltl_automaton_msgs__rosidl_generator_py.dir/rosidl_generator_py/ltl_automaton_msgs/srv/_task_planning_s.c.o[0m
[5.338s] [ 93%] [32mBuilding C object CMakeFiles/ltl_automaton_msgs__rosidl_generator_py.dir/rosidl_generator_py/ltl_automaton_msgs/msg/_relay_response_s.c.o[0m
[5.338s] [ 94%] [32mBuilding C object CMakeFiles/ltl_automaton_msgs__rosidl_generator_py.dir/rosidl_generator_py/ltl_automaton_msgs/srv/_task_replanning_modify_s.c.o[0m
[5.338s] [ 94%] [32mBuilding C object CMakeFiles/ltl_automaton_msgs__rosidl_generator_py.dir/rosidl_generator_py/ltl_automaton_msgs/srv/_task_replanning_delete_s.c.o[0m
[5.338s] [ 95%] [32mBuilding C object CMakeFiles/ltl_automaton_msgs__rosidl_generator_py.dir/rosidl_generator_py/ltl_automaton_msgs/srv/_task_replanning_relabel_s.c.o[0m
[5.446s] [ 96%] [32m[1mLinking C shared library rosidl_generator_py/ltl_automaton_msgs/libltl_automaton_msgs__rosidl_generator_py.so[0m
[5.477s] [ 96%] Built target ltl_automaton_msgs__rosidl_generator_py
[5.489s] [ 98%] [32mBuilding C object CMakeFiles/ltl_automaton_msgs__rosidl_typesupport_introspection_c__pyext.dir/rosidl_generator_py/ltl_automaton_msgs/_ltl_automaton_msgs_s.ep.rosidl_typesupport_introspection_c.c.o[0m
[5.489s] [ 98%] [32mBuilding C object CMakeFiles/ltl_automaton_msgs__rosidl_typesupport_fastrtps_c__pyext.dir/rosidl_generator_py/ltl_automaton_msgs/_ltl_automaton_msgs_s.ep.rosidl_typesupport_fastrtps_c.c.o[0m
[5.489s] [ 99%] [32mBuilding C object CMakeFiles/ltl_automaton_msgs__rosidl_typesupport_c__pyext.dir/rosidl_generator_py/ltl_automaton_msgs/_ltl_automaton_msgs_s.ep.rosidl_typesupport_c.c.o[0m
[5.579s] [100%] [32m[1mLinking C shared library rosidl_generator_py/ltl_automaton_msgs/ltl_automaton_msgs_s__rosidl_typesupport_c.cpython-310-x86_64-linux-gnu.so[0m
[5.579s] [100%] [32m[1mLinking C shared library rosidl_generator_py/ltl_automaton_msgs/ltl_automaton_msgs_s__rosidl_typesupport_introspection_c.cpython-310-x86_64-linux-gnu.so[0m
[5.580s] [100%] [32m[1mLinking C shared library rosidl_generator_py/ltl_automaton_msgs/ltl_automaton_msgs_s__rosidl_typesupport_fastrtps_c.cpython-310-x86_64-linux-gnu.so[0m
[5.602s] [100%] Built target ltl_automaton_msgs__rosidl_typesupport_c__pyext
[5.602s] [100%] Built target ltl_automaton_msgs__rosidl_typesupport_introspection_c__pyext
[5.603s] [100%] Built target ltl_automaton_msgs__rosidl_typesupport_fastrtps_c__pyext
[5.610s] Invoked command in '/home/maverick/LMCO/tmm-mas/sim/ROS2/build/ltl_automaton_msgs' returned '0': CMAKE_PREFIX_PATH=${CMAKE_PREFIX_PATH}:/opt/ros/humble /usr/bin/cmake --build /home/maverick/LMCO/tmm-mas/sim/ROS2/build/ltl_automaton_msgs -- -j16 -l16
[5.611s] Invoking command in '/home/maverick/LMCO/tmm-mas/sim/ROS2/build/ltl_automaton_msgs': CMAKE_PREFIX_PATH=${CMAKE_PREFIX_PATH}:/opt/ros/humble /usr/bin/cmake --install /home/maverick/LMCO/tmm-mas/sim/ROS2/build/ltl_automaton_msgs
[5.616s] -- Install configuration: ""
[5.616s] -- Installing: /home/maverick/LMCO/tmm-mas/sim/ROS2/install/ltl_automaton_msgs/share/ament_index/resource_index/rosidl_interfaces/ltl_automaton_msgs
[5.616s] -- Installing: /home/maverick/LMCO/tmm-mas/sim/ROS2/install/ltl_automaton_msgs/include/ltl_automaton_msgs/ltl_automaton_msgs
[5.616s] -- Installing: /home/maverick/LMCO/tmm-mas/sim/ROS2/install/ltl_automaton_msgs/include/ltl_automaton_msgs/ltl_automaton_msgs/msg
[5.616s] -- Installing: /home/maverick/LMCO/tmm-mas/sim/ROS2/install/ltl_automaton_msgs/include/ltl_automaton_msgs/ltl_automaton_msgs/msg/ltl_state_runs.h
[5.616s] -- Installing: /home/maverick/LMCO/tmm-mas/sim/ROS2/install/ltl_automaton_msgs/include/ltl_automaton_msgs/ltl_automaton_msgs/msg/relay_response.h
[5.616s] -- Installing: /home/maverick/LMCO/tmm-mas/sim/ROS2/install/ltl_automaton_msgs/include/ltl_automaton_msgs/ltl_automaton_msgs/msg/detail
[5.616s] -- Installing: /home/maverick/LMCO/tmm-mas/sim/ROS2/install/ltl_automaton_msgs/include/ltl_automaton_msgs/ltl_automaton_msgs/msg/detail/relay_response__functions.c
[5.617s] -- Installing: /home/maverick/LMCO/tmm-mas/sim/ROS2/install/ltl_automaton_msgs/include/ltl_automaton_msgs/ltl_automaton_msgs/msg/detail/ltl_state__type_support.h
[5.617s] -- Installing: /home/maverick/LMCO/tmm-mas/sim/ROS2/install/ltl_automaton_msgs/include/ltl_automaton_msgs/ltl_automaton_msgs/msg/detail/ltl_state_array__functions.c
[5.617s] -- Installing: /home/maverick/LMCO/tmm-mas/sim/ROS2/install/ltl_automaton_msgs/include/ltl_automaton_msgs/ltl_automaton_msgs/msg/detail/relay_request__type_support.h
[5.617s] -- Installing: /home/maverick/LMCO/tmm-mas/sim/ROS2/install/ltl_automaton_msgs/include/ltl_automaton_msgs/ltl_automaton_msgs/msg/detail/transition_system_state_stamped__type_support.h
[5.617s] -- Installing: /home/maverick/LMCO/tmm-mas/sim/ROS2/install/ltl_automaton_msgs/include/ltl_automaton_msgs/ltl_automaton_msgs/msg/detail/ltl_plan__functions.c
[5.617s] -- Installing: /home/maverick/LMCO/tmm-mas/sim/ROS2/install/ltl_automaton_msgs/include/ltl_automaton_msgs/ltl_automaton_msgs/msg/detail/relay_response__functions.h
[5.617s] -- Installing: /home/maverick/LMCO/tmm-mas/sim/ROS2/install/ltl_automaton_msgs/include/ltl_automaton_msgs/ltl_automaton_msgs/msg/detail/ltl_state_runs__struct.h
[5.617s] -- Installing: /home/maverick/LMCO/tmm-mas/sim/ROS2/install/ltl_automaton_msgs/include/ltl_automaton_msgs/ltl_automaton_msgs/msg/detail/transition_system_state_stamped__functions.c
[5.617s] -- Installing: /home/maverick/LMCO/tmm-mas/sim/ROS2/install/ltl_automaton_msgs/include/ltl_automaton_msgs/ltl_automaton_msgs/msg/detail/transition_system_state__type_support.h
[5.617s] -- Installing: /home/maverick/LMCO/tmm-mas/sim/ROS2/install/ltl_automaton_msgs/include/ltl_automaton_msgs/ltl_automaton_msgs/msg/detail/ltl_state__functions.c
[5.617s] -- Installing: /home/maverick/LMCO/tmm-mas/sim/ROS2/install/ltl_automaton_msgs/include/ltl_automaton_msgs/ltl_automaton_msgs/msg/detail/transition_system_state_stamped__struct.h
[5.617s] -- Installing: /home/maverick/LMCO/tmm-mas/sim/ROS2/install/ltl_automaton_msgs/include/ltl_automaton_msgs/ltl_automaton_msgs/msg/detail/relay_response__type_support.h
[5.617s] -- Installing: /home/maverick/LMCO/tmm-mas/sim/ROS2/install/ltl_automaton_msgs/include/ltl_automaton_msgs/ltl_automaton_msgs/msg/detail/ltl_plan__struct.h
[5.617s] -- Installing: /home/maverick/LMCO/tmm-mas/sim/ROS2/install/ltl_automaton_msgs/include/ltl_automaton_msgs/ltl_automaton_msgs/msg/detail/relay_request__functions.c
[5.617s] -- Installing: /home/maverick/LMCO/tmm-mas/sim/ROS2/install/ltl_automaton_msgs/include/ltl_automaton_msgs/ltl_automaton_msgs/msg/detail/ltl_plan__type_support.h
[5.617s] -- Installing: /home/maverick/LMCO/tmm-mas/sim/ROS2/install/ltl_automaton_msgs/include/ltl_automaton_msgs/ltl_automaton_msgs/msg/detail/ltl_state_runs__type_support.h
[5.617s] -- Installing: /home/maverick/LMCO/tmm-mas/sim/ROS2/install/ltl_automaton_msgs/include/ltl_automaton_msgs/ltl_automaton_msgs/msg/detail/ltl_state__struct.h
[5.617s] -- Installing: /home/maverick/LMCO/tmm-mas/sim/ROS2/install/ltl_automaton_msgs/include/ltl_automaton_msgs/ltl_automaton_msgs/msg/detail/relay_request__struct.h
[5.617s] -- Installing: /home/maverick/LMCO/tmm-mas/sim/ROS2/install/ltl_automaton_msgs/include/ltl_automaton_msgs/ltl_automaton_msgs/msg/detail/transition_system_state_stamped__functions.h
[5.617s] -- Installing: /home/maverick/LMCO/tmm-mas/sim/ROS2/install/ltl_automaton_msgs/include/ltl_automaton_msgs/ltl_automaton_msgs/msg/detail/transition_system_state__struct.h
[5.617s] -- Installing: /home/maverick/LMCO/tmm-mas/sim/ROS2/install/ltl_automaton_msgs/include/ltl_automaton_msgs/ltl_automaton_msgs/msg/detail/ltl_state_array__struct.h
[5.617s] -- Installing: /home/maverick/LMCO/tmm-mas/sim/ROS2/install/ltl_automaton_msgs/include/ltl_automaton_msgs/ltl_automaton_msgs/msg/detail/ltl_state_runs__functions.c
[5.617s] -- Installing: /home/maverick/LMCO/tmm-mas/sim/ROS2/install/ltl_automaton_msgs/include/ltl_automaton_msgs/ltl_automaton_msgs/msg/detail/relay_request__functions.h
[5.617s] -- Installing: /home/maverick/LMCO/tmm-mas/sim/ROS2/install/ltl_automaton_msgs/include/ltl_automaton_msgs/ltl_automaton_msgs/msg/detail/ltl_state_runs__functions.h
[5.618s] -- Installing: /home/maverick/LMCO/tmm-mas/sim/ROS2/install/ltl_automaton_msgs/include/ltl_automaton_msgs/ltl_automaton_msgs/msg/detail/ltl_plan__functions.h
[5.618s] -- Installing: /home/maverick/LMCO/tmm-mas/sim/ROS2/install/ltl_automaton_msgs/include/ltl_automaton_msgs/ltl_automaton_msgs/msg/detail/transition_system_state__functions.h
[5.618s] -- Installing: /home/maverick/LMCO/tmm-mas/sim/ROS2/install/ltl_automaton_msgs/include/ltl_automaton_msgs/ltl_automaton_msgs/msg/detail/ltl_state__functions.h
[5.618s] -- Installing: /home/maverick/LMCO/tmm-mas/sim/ROS2/install/ltl_automaton_msgs/include/ltl_automaton_msgs/ltl_automaton_msgs/msg/detail/relay_response__struct.h
[5.618s] -- Installing: /home/maverick/LMCO/tmm-mas/sim/ROS2/install/ltl_automaton_msgs/include/ltl_automaton_msgs/ltl_automaton_msgs/msg/detail/ltl_state_array__type_support.h
[5.618s] -- Installing: /home/maverick/LMCO/tmm-mas/sim/ROS2/install/ltl_automaton_msgs/include/ltl_automaton_msgs/ltl_automaton_msgs/msg/detail/ltl_state_array__functions.h
[5.618s] -- Installing: /home/maverick/LMCO/tmm-mas/sim/ROS2/install/ltl_automaton_msgs/include/ltl_automaton_msgs/ltl_automaton_msgs/msg/detail/transition_system_state__functions.c
[5.618s] -- Installing: /home/maverick/LMCO/tmm-mas/sim/ROS2/install/ltl_automaton_msgs/include/ltl_automaton_msgs/ltl_automaton_msgs/msg/transition_system_state_stamped.h
[5.618s] -- Installing: /home/maverick/LMCO/tmm-mas/sim/ROS2/install/ltl_automaton_msgs/include/ltl_automaton_msgs/ltl_automaton_msgs/msg/ltl_state.h
[5.618s] -- Installing: /home/maverick/LMCO/tmm-mas/sim/ROS2/install/ltl_automaton_msgs/include/ltl_automaton_msgs/ltl_automaton_msgs/msg/transition_system_state.h
[5.618s] -- Installing: /home/maverick/LMCO/tmm-mas/sim/ROS2/install/ltl_automaton_msgs/include/ltl_automaton_msgs/ltl_automaton_msgs/msg/rosidl_generator_c__visibility_control.h
[5.618s] -- Installing: /home/maverick/LMCO/tmm-mas/sim/ROS2/install/ltl_automaton_msgs/include/ltl_automaton_msgs/ltl_automaton_msgs/msg/ltl_state_array.h
[5.618s] -- Installing: /home/maverick/LMCO/tmm-mas/sim/ROS2/install/ltl_automaton_msgs/include/ltl_automaton_msgs/ltl_automaton_msgs/msg/relay_request.h
[5.618s] -- Installing: /home/maverick/LMCO/tmm-mas/sim/ROS2/install/ltl_automaton_msgs/include/ltl_automaton_msgs/ltl_automaton_msgs/msg/ltl_plan.h
[5.618s] -- Installing: /home/maverick/LMCO/tmm-mas/sim/ROS2/install/ltl_automaton_msgs/include/ltl_automaton_msgs/ltl_automaton_msgs/srv
[5.618s] -- Installing: /home/maverick/LMCO/tmm-mas/sim/ROS2/install/ltl_automaton_msgs/include/ltl_automaton_msgs/ltl_automaton_msgs/srv/detail
[5.618s] -- Installing: /home/maverick/LMCO/tmm-mas/sim/ROS2/install/ltl_automaton_msgs/include/ltl_automaton_msgs/ltl_automaton_msgs/srv/detail/task_replanning_modify__functions.c
[5.618s] -- Installing: /home/maverick/LMCO/tmm-mas/sim/ROS2/install/ltl_automaton_msgs/include/ltl_automaton_msgs/ltl_automaton_msgs/srv/detail/task_replanning_modify__functions.h
[5.618s] -- Installing: /home/maverick/LMCO/tmm-mas/sim/ROS2/install/ltl_automaton_msgs/include/ltl_automaton_msgs/ltl_automaton_msgs/srv/detail/task_planning__functions.c
[5.618s] -- Installing: /home/maverick/LMCO/tmm-mas/sim/ROS2/install/ltl_automaton_msgs/include/ltl_automaton_msgs/ltl_automaton_msgs/srv/detail/trap_check__type_support.h
[5.618s] -- Installing: /home/maverick/LMCO/tmm-mas/sim/ROS2/install/ltl_automaton_msgs/include/ltl_automaton_msgs/ltl_automaton_msgs/srv/detail/trap_check__struct.h
[5.618s] -- Installing: /home/maverick/LMCO/tmm-mas/sim/ROS2/install/ltl_automaton_msgs/include/ltl_automaton_msgs/ltl_automaton_msgs/srv/detail/task_replanning_relabel__struct.h
[5.618s] -- Installing: /home/maverick/LMCO/tmm-mas/sim/ROS2/install/ltl_automaton_msgs/include/ltl_automaton_msgs/ltl_automaton_msgs/srv/detail/task_replanning_modify__struct.h
[5.619s] -- Installing: /home/maverick/LMCO/tmm-mas/sim/ROS2/install/ltl_automaton_msgs/include/ltl_automaton_msgs/ltl_automaton_msgs/srv/detail/task_planning__functions.h
[5.619s] -- Installing: /home/maverick/LMCO/tmm-mas/sim/ROS2/install/ltl_automaton_msgs/include/ltl_automaton_msgs/ltl_automaton_msgs/srv/detail/task_replanning_relabel__type_support.h
[5.619s] -- Installing: /home/maverick/LMCO/tmm-mas/sim/ROS2/install/ltl_automaton_msgs/include/ltl_automaton_msgs/ltl_automaton_msgs/srv/detail/task_replanning_delete__struct.h
[5.619s] -- Installing: /home/maverick/LMCO/tmm-mas/sim/ROS2/install/ltl_automaton_msgs/include/ltl_automaton_msgs/ltl_automaton_msgs/srv/detail/task_replanning_delete__functions.h
[5.619s] -- Installing: /home/maverick/LMCO/tmm-mas/sim/ROS2/install/ltl_automaton_msgs/include/ltl_automaton_msgs/ltl_automaton_msgs/srv/detail/task_replanning_delete__functions.c
[5.619s] -- Installing: /home/maverick/LMCO/tmm-mas/sim/ROS2/install/ltl_automaton_msgs/include/ltl_automaton_msgs/ltl_automaton_msgs/srv/detail/task_planning__type_support.h
[5.619s] -- Installing: /home/maverick/LMCO/tmm-mas/sim/ROS2/install/ltl_automaton_msgs/include/ltl_automaton_msgs/ltl_automaton_msgs/srv/detail/task_planning__struct.h
[5.619s] -- Installing: /home/maverick/LMCO/tmm-mas/sim/ROS2/install/ltl_automaton_msgs/include/ltl_automaton_msgs/ltl_automaton_msgs/srv/detail/task_replanning_delete__type_support.h
[5.619s] -- Installing: /home/maverick/LMCO/tmm-mas/sim/ROS2/install/ltl_automaton_msgs/include/ltl_automaton_msgs/ltl_automaton_msgs/srv/detail/trap_check__functions.c
[5.619s] -- Installing: /home/maverick/LMCO/tmm-mas/sim/ROS2/install/ltl_automaton_msgs/include/ltl_automaton_msgs/ltl_automaton_msgs/srv/detail/trap_check__functions.h
[5.619s] -- Installing: /home/maverick/LMCO/tmm-mas/sim/ROS2/install/ltl_automaton_msgs/include/ltl_automaton_msgs/ltl_automaton_msgs/srv/detail/task_replanning_modify__type_support.h
[5.619s] -- Installing: /home/maverick/LMCO/tmm-mas/sim/ROS2/install/ltl_automaton_msgs/include/ltl_automaton_msgs/ltl_automaton_msgs/srv/detail/task_replanning_relabel__functions.c
[5.619s] -- Installing: /home/maverick/LMCO/tmm-mas/sim/ROS2/install/ltl_automaton_msgs/include/ltl_automaton_msgs/ltl_automaton_msgs/srv/detail/task_replanning_relabel__functions.h
[5.619s] -- Installing: /home/maverick/LMCO/tmm-mas/sim/ROS2/install/ltl_automaton_msgs/include/ltl_automaton_msgs/ltl_automaton_msgs/srv/task_replanning_modify.h
[5.619s] -- Installing: /home/maverick/LMCO/tmm-mas/sim/ROS2/install/ltl_automaton_msgs/include/ltl_automaton_msgs/ltl_automaton_msgs/srv/task_replanning_delete.h
[5.619s] -- Installing: /home/maverick/LMCO/tmm-mas/sim/ROS2/install/ltl_automaton_msgs/include/ltl_automaton_msgs/ltl_automaton_msgs/srv/task_replanning_relabel.h
[5.619s] -- Installing: /home/maverick/LMCO/tmm-mas/sim/ROS2/install/ltl_automaton_msgs/include/ltl_automaton_msgs/ltl_automaton_msgs/srv/task_planning.h
[5.619s] -- Installing: /home/maverick/LMCO/tmm-mas/sim/ROS2/install/ltl_automaton_msgs/include/ltl_automaton_msgs/ltl_automaton_msgs/srv/trap_check.h
[5.619s] -- Installing: /home/maverick/LMCO/tmm-mas/sim/ROS2/install/ltl_automaton_msgs/share/ltl_automaton_msgs/environment/library_path.sh
[5.619s] -- Installing: /home/maverick/LMCO/tmm-mas/sim/ROS2/install/ltl_automaton_msgs/share/ltl_automaton_msgs/environment/library_path.dsv
[5.620s] -- Installing: /home/maverick/LMCO/tmm-mas/sim/ROS2/install/ltl_automaton_msgs/lib/libltl_automaton_msgs__rosidl_generator_c.so
[5.620s] -- Set runtime path of "/home/maverick/LMCO/tmm-mas/sim/ROS2/install/ltl_automaton_msgs/lib/libltl_automaton_msgs__rosidl_generator_c.so" to ""
[5.620s] -- Up-to-date: /home/maverick/LMCO/tmm-mas/sim/ROS2/install/ltl_automaton_msgs/include/ltl_automaton_msgs/ltl_automaton_msgs
[5.620s] -- Up-to-date: /home/maverick/LMCO/tmm-mas/sim/ROS2/install/ltl_automaton_msgs/include/ltl_automaton_msgs/ltl_automaton_msgs/msg
[5.620s] -- Up-to-date: /home/maverick/LMCO/tmm-mas/sim/ROS2/install/ltl_automaton_msgs/include/ltl_automaton_msgs/ltl_automaton_msgs/msg/detail
[5.620s] -- Installing: /home/maverick/LMCO/tmm-mas/sim/ROS2/install/ltl_automaton_msgs/include/ltl_automaton_msgs/ltl_automaton_msgs/msg/detail/transition_system_state__rosidl_typesupport_fastrtps_c.h
[5.620s] -- Installing: /home/maverick/LMCO/tmm-mas/sim/ROS2/install/ltl_automaton_msgs/include/ltl_automaton_msgs/ltl_automaton_msgs/msg/detail/ltl_plan__rosidl_typesupport_fastrtps_c.h
[5.620s] -- Installing: /home/maverick/LMCO/tmm-mas/sim/ROS2/install/ltl_automaton_msgs/include/ltl_automaton_msgs/ltl_automaton_msgs/msg/detail/ltl_state__rosidl_typesupport_fastrtps_c.h
[5.620s] -- Installing: /home/maverick/LMCO/tmm-mas/sim/ROS2/install/ltl_automaton_msgs/include/ltl_automaton_msgs/ltl_automaton_msgs/msg/detail/ltl_state_runs__rosidl_typesupport_fastrtps_c.h
[5.620s] -- Installing: /home/maverick/LMCO/tmm-mas/sim/ROS2/install/ltl_automaton_msgs/include/ltl_automaton_msgs/ltl_automaton_msgs/msg/detail/relay_request__rosidl_typesupport_fastrtps_c.h
[5.620s] -- Installing: /home/maverick/LMCO/tmm-mas/sim/ROS2/install/ltl_automaton_msgs/include/ltl_automaton_msgs/ltl_automaton_msgs/msg/detail/relay_response__rosidl_typesupport_fastrtps_c.h
[5.620s] -- Installing: /home/maverick/LMCO/tmm-mas/sim/ROS2/install/ltl_automaton_msgs/include/ltl_automaton_msgs/ltl_automaton_msgs/msg/detail/transition_system_state_stamped__rosidl_typesupport_fastrtps_c.h
[5.620s] -- Installing: /home/maverick/LMCO/tmm-mas/sim/ROS2/install/ltl_automaton_msgs/include/ltl_automaton_msgs/ltl_automaton_msgs/msg/detail/ltl_state_array__rosidl_typesupport_fastrtps_c.h
[5.620s] -- Installing: /home/maverick/LMCO/tmm-mas/sim/ROS2/install/ltl_automaton_msgs/include/ltl_automaton_msgs/ltl_automaton_msgs/msg/rosidl_typesupport_fastrtps_c__visibility_control.h
[5.620s] -- Up-to-date: /home/maverick/LMCO/tmm-mas/sim/ROS2/install/ltl_automaton_msgs/include/ltl_automaton_msgs/ltl_automaton_msgs/srv
[5.620s] -- Up-to-date: /home/maverick/LMCO/tmm-mas/sim/ROS2/install/ltl_automaton_msgs/include/ltl_automaton_msgs/ltl_automaton_msgs/srv/detail
[5.620s] -- Installing: /home/maverick/LMCO/tmm-mas/sim/ROS2/install/ltl_automaton_msgs/include/ltl_automaton_msgs/ltl_automaton_msgs/srv/detail/trap_check__rosidl_typesupport_fastrtps_c.h
[5.620s] -- Installing: /home/maverick/LMCO/tmm-mas/sim/ROS2/install/ltl_automaton_msgs/include/ltl_automaton_msgs/ltl_automaton_msgs/srv/detail/task_replanning_modify__rosidl_typesupport_fastrtps_c.h
[5.620s] -- Installing: /home/maverick/LMCO/tmm-mas/sim/ROS2/install/ltl_automaton_msgs/include/ltl_automaton_msgs/ltl_automaton_msgs/srv/detail/task_planning__rosidl_typesupport_fastrtps_c.h
[5.621s] -- Installing: /home/maverick/LMCO/tmm-mas/sim/ROS2/install/ltl_automaton_msgs/include/ltl_automaton_msgs/ltl_automaton_msgs/srv/detail/task_replanning_delete__rosidl_typesupport_fastrtps_c.h
[5.621s] -- Installing: /home/maverick/LMCO/tmm-mas/sim/ROS2/install/ltl_automaton_msgs/include/ltl_automaton_msgs/ltl_automaton_msgs/srv/detail/task_replanning_relabel__rosidl_typesupport_fastrtps_c.h
[5.621s] -- Installing: /home/maverick/LMCO/tmm-mas/sim/ROS2/install/ltl_automaton_msgs/lib/libltl_automaton_msgs__rosidl_typesupport_fastrtps_c.so
[5.621s] -- Set runtime path of "/home/maverick/LMCO/tmm-mas/sim/ROS2/install/ltl_automaton_msgs/lib/libltl_automaton_msgs__rosidl_typesupport_fastrtps_c.so" to ""
[5.621s] -- Up-to-date: /home/maverick/LMCO/tmm-mas/sim/ROS2/install/ltl_automaton_msgs/include/ltl_automaton_msgs/ltl_automaton_msgs
[5.621s] -- Up-to-date: /home/maverick/LMCO/tmm-mas/sim/ROS2/install/ltl_automaton_msgs/include/ltl_automaton_msgs/ltl_automaton_msgs/msg
[5.621s] -- Up-to-date: /home/maverick/LMCO/tmm-mas/sim/ROS2/install/ltl_automaton_msgs/include/ltl_automaton_msgs/ltl_automaton_msgs/msg/detail
[5.621s] -- Installing: /home/maverick/LMCO/tmm-mas/sim/ROS2/install/ltl_automaton_msgs/include/ltl_automaton_msgs/ltl_automaton_msgs/msg/detail/ltl_state__type_support.hpp
[5.621s] -- Installing: /home/maverick/LMCO/tmm-mas/sim/ROS2/install/ltl_automaton_msgs/include/ltl_automaton_msgs/ltl_automaton_msgs/msg/detail/ltl_state_runs__traits.hpp
[5.621s] -- Installing: /home/maverick/LMCO/tmm-mas/sim/ROS2/install/ltl_automaton_msgs/include/ltl_automaton_msgs/ltl_automaton_msgs/msg/detail/relay_response__type_support.hpp
[5.621s] -- Installing: /home/maverick/LMCO/tmm-mas/sim/ROS2/install/ltl_automaton_msgs/include/ltl_automaton_msgs/ltl_automaton_msgs/msg/detail/transition_system_state__traits.hpp
[5.621s] -- Installing: /home/maverick/LMCO/tmm-mas/sim/ROS2/install/ltl_automaton_msgs/include/ltl_automaton_msgs/ltl_automaton_msgs/msg/detail/ltl_state_array__traits.hpp
[5.621s] -- Installing: /home/maverick/LMCO/tmm-mas/sim/ROS2/install/ltl_automaton_msgs/include/ltl_automaton_msgs/ltl_automaton_msgs/msg/detail/relay_request__traits.hpp
[5.621s] -- Installing: /home/maverick/LMCO/tmm-mas/sim/ROS2/install/ltl_automaton_msgs/include/ltl_automaton_msgs/ltl_automaton_msgs/msg/detail/ltl_state__struct.hpp
[5.621s] -- Installing: /home/maverick/LMCO/tmm-mas/sim/ROS2/install/ltl_automaton_msgs/include/ltl_automaton_msgs/ltl_automaton_msgs/msg/detail/relay_response__traits.hpp
[5.621s] -- Installing: /home/maverick/LMCO/tmm-mas/sim/ROS2/install/ltl_automaton_msgs/include/ltl_automaton_msgs/ltl_automaton_msgs/msg/detail/ltl_plan__builder.hpp
[5.621s] -- Installing: /home/maverick/LMCO/tmm-mas/sim/ROS2/install/ltl_automaton_msgs/include/ltl_automaton_msgs/ltl_automaton_msgs/msg/detail/ltl_state_runs__builder.hpp
[5.621s] -- Installing: /home/maverick/LMCO/tmm-mas/sim/ROS2/install/ltl_automaton_msgs/include/ltl_automaton_msgs/ltl_automaton_msgs/msg/detail/ltl_state_array__struct.hpp
[5.622s] -- Installing: /home/maverick/LMCO/tmm-mas/sim/ROS2/install/ltl_automaton_msgs/include/ltl_automaton_msgs/ltl_automaton_msgs/msg/detail/relay_response__builder.hpp
[5.622s] -- Installing: /home/maverick/LMCO/tmm-mas/sim/ROS2/install/ltl_automaton_msgs/include/ltl_automaton_msgs/ltl_automaton_msgs/msg/detail/transition_system_state_stamped__builder.hpp
[5.622s] -- Installing: /home/maverick/LMCO/tmm-mas/sim/ROS2/install/ltl_automaton_msgs/include/ltl_automaton_msgs/ltl_automaton_msgs/msg/detail/transition_system_state__builder.hpp
[5.622s] -- Installing: /home/maverick/LMCO/tmm-mas/sim/ROS2/install/ltl_automaton_msgs/include/ltl_automaton_msgs/ltl_automaton_msgs/msg/detail/ltl_state_runs__struct.hpp
[5.622s] -- Installing: /home/maverick/LMCO/tmm-mas/sim/ROS2/install/ltl_automaton_msgs/include/ltl_automaton_msgs/ltl_automaton_msgs/msg/detail/ltl_plan__struct.hpp
[5.622s] -- Installing: /home/maverick/LMCO/tmm-mas/sim/ROS2/install/ltl_automaton_msgs/include/ltl_automaton_msgs/ltl_automaton_msgs/msg/detail/ltl_state__builder.hpp
[5.622s] -- Installing: /home/maverick/LMCO/tmm-mas/sim/ROS2/install/ltl_automaton_msgs/include/ltl_automaton_msgs/ltl_automaton_msgs/msg/detail/ltl_state_runs__type_support.hpp
[5.622s] -- Installing: /home/maverick/LMCO/tmm-mas/sim/ROS2/install/ltl_automaton_msgs/include/ltl_automaton_msgs/ltl_automaton_msgs/msg/detail/relay_request__type_support.hpp
[5.622s] -- Installing: /home/maverick/LMCO/tmm-mas/sim/ROS2/install/ltl_automaton_msgs/include/ltl_automaton_msgs/ltl_automaton_msgs/msg/detail/transition_system_state__type_support.hpp
[5.622s] -- Installing: /home/maverick/LMCO/tmm-mas/sim/ROS2/install/ltl_automaton_msgs/include/ltl_automaton_msgs/ltl_automaton_msgs/msg/detail/ltl_state_array__builder.hpp
[5.622s] -- Installing: /home/maverick/LMCO/tmm-mas/sim/ROS2/install/ltl_automaton_msgs/include/ltl_automaton_msgs/ltl_automaton_msgs/msg/detail/relay_response__struct.hpp
[5.622s] -- Installing: /home/maverick/LMCO/tmm-mas/sim/ROS2/install/ltl_automaton_msgs/include/ltl_automaton_msgs/ltl_automaton_msgs/msg/detail/ltl_plan__type_support.hpp
[5.622s] -- Installing: /home/maverick/LMCO/tmm-mas/sim/ROS2/install/ltl_automaton_msgs/include/ltl_automaton_msgs/ltl_automaton_msgs/msg/detail/relay_request__struct.hpp
[5.622s] -- Installing: /home/maverick/LMCO/tmm-mas/sim/ROS2/install/ltl_automaton_msgs/include/ltl_automaton_msgs/ltl_automaton_msgs/msg/detail/relay_request__builder.hpp
[5.622s] -- Installing: /home/maverick/LMCO/tmm-mas/sim/ROS2/install/ltl_automaton_msgs/include/ltl_automaton_msgs/ltl_automaton_msgs/msg/detail/transition_system_state_stamped__struct.hpp
[5.622s] -- Installing: /home/maverick/LMCO/tmm-mas/sim/ROS2/install/ltl_automaton_msgs/include/ltl_automaton_msgs/ltl_automaton_msgs/msg/detail/ltl_state_array__type_support.hpp
[5.622s] -- Installing: /home/maverick/LMCO/tmm-mas/sim/ROS2/install/ltl_automaton_msgs/include/ltl_automaton_msgs/ltl_automaton_msgs/msg/detail/transition_system_state_stamped__traits.hpp
[5.622s] -- Installing: /home/maverick/LMCO/tmm-mas/sim/ROS2/install/ltl_automaton_msgs/include/ltl_automaton_msgs/ltl_automaton_msgs/msg/detail/ltl_plan__traits.hpp
[5.622s] -- Installing: /home/maverick/LMCO/tmm-mas/sim/ROS2/install/ltl_automaton_msgs/include/ltl_automaton_msgs/ltl_automaton_msgs/msg/detail/transition_system_state__struct.hpp
[5.622s] -- Installing: /home/maverick/LMCO/tmm-mas/sim/ROS2/install/ltl_automaton_msgs/include/ltl_automaton_msgs/ltl_automaton_msgs/msg/detail/transition_system_state_stamped__type_support.hpp
[5.622s] -- Installing: /home/maverick/LMCO/tmm-mas/sim/ROS2/install/ltl_automaton_msgs/include/ltl_automaton_msgs/ltl_automaton_msgs/msg/detail/ltl_state__traits.hpp
[5.622s] -- Installing: /home/maverick/LMCO/tmm-mas/sim/ROS2/install/ltl_automaton_msgs/include/ltl_automaton_msgs/ltl_automaton_msgs/msg/transition_system_state.hpp
[5.622s] -- Installing: /home/maverick/LMCO/tmm-mas/sim/ROS2/install/ltl_automaton_msgs/include/ltl_automaton_msgs/ltl_automaton_msgs/msg/relay_response.hpp
[5.622s] -- Installing: /home/maverick/LMCO/tmm-mas/sim/ROS2/install/ltl_automaton_msgs/include/ltl_automaton_msgs/ltl_automaton_msgs/msg/ltl_state_runs.hpp
[5.622s] -- Installing: /home/maverick/LMCO/tmm-mas/sim/ROS2/install/ltl_automaton_msgs/include/ltl_automaton_msgs/ltl_automaton_msgs/msg/ltl_plan.hpp
[5.622s] -- Installing: /home/maverick/LMCO/tmm-mas/sim/ROS2/install/ltl_automaton_msgs/include/ltl_automaton_msgs/ltl_automaton_msgs/msg/rosidl_generator_cpp__visibility_control.hpp
[5.623s] -- Installing: /home/maverick/LMCO/tmm-mas/sim/ROS2/install/ltl_automaton_msgs/include/ltl_automaton_msgs/ltl_automaton_msgs/msg/transition_system_state_stamped.hpp
[5.623s] -- Installing: /home/maverick/LMCO/tmm-mas/sim/ROS2/install/ltl_automaton_msgs/include/ltl_automaton_msgs/ltl_automaton_msgs/msg/ltl_state_array.hpp
[5.623s] -- Installing: /home/maverick/LMCO/tmm-mas/sim/ROS2/install/ltl_automaton_msgs/include/ltl_automaton_msgs/ltl_automaton_msgs/msg/ltl_state.hpp
[5.623s] -- Installing: /home/maverick/LMCO/tmm-mas/sim/ROS2/install/ltl_automaton_msgs/include/ltl_automaton_msgs/ltl_automaton_msgs/msg/relay_request.hpp
[5.623s] -- Up-to-date: /home/maverick/LMCO/tmm-mas/sim/ROS2/install/ltl_automaton_msgs/include/ltl_automaton_msgs/ltl_automaton_msgs/srv
[5.623s] -- Up-to-date: /home/maverick/LMCO/tmm-mas/sim/ROS2/install/ltl_automaton_msgs/include/ltl_automaton_msgs/ltl_automaton_msgs/srv/detail
[5.623s] -- Installing: /home/maverick/LMCO/tmm-mas/sim/ROS2/install/ltl_automaton_msgs/include/ltl_automaton_msgs/ltl_automaton_msgs/srv/detail/trap_check__struct.hpp
[5.623s] -- Installing: /home/maverick/LMCO/tmm-mas/sim/ROS2/install/ltl_automaton_msgs/include/ltl_automaton_msgs/ltl_automaton_msgs/srv/detail/task_replanning_delete__builder.hpp
[5.623s] -- Installing: /home/maverick/LMCO/tmm-mas/sim/ROS2/install/ltl_automaton_msgs/include/ltl_automaton_msgs/ltl_automaton_msgs/srv/detail/task_planning__type_support.hpp
[5.623s] -- Installing: /home/maverick/LMCO/tmm-mas/sim/ROS2/install/ltl_automaton_msgs/include/ltl_automaton_msgs/ltl_automaton_msgs/srv/detail/task_planning__builder.hpp
[5.623s] -- Installing: /home/maverick/LMCO/tmm-mas/sim/ROS2/install/ltl_automaton_msgs/include/ltl_automaton_msgs/ltl_automaton_msgs/srv/detail/trap_check__traits.hpp
[5.623s] -- Installing: /home/maverick/LMCO/tmm-mas/sim/ROS2/install/ltl_automaton_msgs/include/ltl_automaton_msgs/ltl_automaton_msgs/srv/detail/task_replanning_modify__type_support.hpp
[5.623s] -- Installing: /home/maverick/LMCO/tmm-mas/sim/ROS2/install/ltl_automaton_msgs/include/ltl_automaton_msgs/ltl_automaton_msgs/srv/detail/task_replanning_relabel__traits.hpp
[5.623s] -- Installing: /home/maverick/LMCO/tmm-mas/sim/ROS2/install/ltl_automaton_msgs/include/ltl_automaton_msgs/ltl_automaton_msgs/srv/detail/task_planning__traits.hpp
[5.623s] -- Installing: /home/maverick/LMCO/tmm-mas/sim/ROS2/install/ltl_automaton_msgs/include/ltl_automaton_msgs/ltl_automaton_msgs/srv/detail/task_replanning_modify__builder.hpp
[5.623s] -- Installing: /home/maverick/LMCO/tmm-mas/sim/ROS2/install/ltl_automaton_msgs/include/ltl_automaton_msgs/ltl_automaton_msgs/srv/detail/trap_check__builder.hpp
[5.623s] -- Installing: /home/maverick/LMCO/tmm-mas/sim/ROS2/install/ltl_automaton_msgs/include/ltl_automaton_msgs/ltl_automaton_msgs/srv/detail/task_replanning_relabel__struct.hpp
[5.623s] -- Installing: /home/maverick/LMCO/tmm-mas/sim/ROS2/install/ltl_automaton_msgs/include/ltl_automaton_msgs/ltl_automaton_msgs/srv/detail/task_replanning_delete__type_support.hpp
[5.623s] -- Installing: /home/maverick/LMCO/tmm-mas/sim/ROS2/install/ltl_automaton_msgs/include/ltl_automaton_msgs/ltl_automaton_msgs/srv/detail/trap_check__type_support.hpp
[5.623s] -- Installing: /home/maverick/LMCO/tmm-mas/sim/ROS2/install/ltl_automaton_msgs/include/ltl_automaton_msgs/ltl_automaton_msgs/srv/detail/task_replanning_modify__struct.hpp
[5.623s] -- Installing: /home/maverick/LMCO/tmm-mas/sim/ROS2/install/ltl_automaton_msgs/include/ltl_automaton_msgs/ltl_automaton_msgs/srv/detail/task_replanning_relabel__type_support.hpp
[5.623s] -- Installing: /home/maverick/LMCO/tmm-mas/sim/ROS2/install/ltl_automaton_msgs/include/ltl_automaton_msgs/ltl_automaton_msgs/srv/detail/task_replanning_delete__struct.hpp
[5.623s] -- Installing: /home/maverick/LMCO/tmm-mas/sim/ROS2/install/ltl_automaton_msgs/include/ltl_automaton_msgs/ltl_automaton_msgs/srv/detail/task_replanning_relabel__builder.hpp
[5.624s] -- Installing: /home/maverick/LMCO/tmm-mas/sim/ROS2/install/ltl_automaton_msgs/include/ltl_automaton_msgs/ltl_automaton_msgs/srv/detail/task_replanning_modify__traits.hpp
[5.624s] -- Installing: /home/maverick/LMCO/tmm-mas/sim/ROS2/install/ltl_automaton_msgs/include/ltl_automaton_msgs/ltl_automaton_msgs/srv/detail/task_replanning_delete__traits.hpp
[5.624s] -- Installing: /home/maverick/LMCO/tmm-mas/sim/ROS2/install/ltl_automaton_msgs/include/ltl_automaton_msgs/ltl_automaton_msgs/srv/detail/task_planning__struct.hpp
[5.624s] -- Installing: /home/maverick/LMCO/tmm-mas/sim/ROS2/install/ltl_automaton_msgs/include/ltl_automaton_msgs/ltl_automaton_msgs/srv/task_replanning_delete.hpp
[5.624s] -- Installing: /home/maverick/LMCO/tmm-mas/sim/ROS2/install/ltl_automaton_msgs/include/ltl_automaton_msgs/ltl_automaton_msgs/srv/task_planning.hpp
[5.624s] -- Installing: /home/maverick/LMCO/tmm-mas/sim/ROS2/install/ltl_automaton_msgs/include/ltl_automaton_msgs/ltl_automaton_msgs/srv/task_replanning_modify.hpp
[5.624s] -- Installing: /home/maverick/LMCO/tmm-mas/sim/ROS2/install/ltl_automaton_msgs/include/ltl_automaton_msgs/ltl_automaton_msgs/srv/trap_check.hpp
[5.624s] -- Installing: /home/maverick/LMCO/tmm-mas/sim/ROS2/install/ltl_automaton_msgs/include/ltl_automaton_msgs/ltl_automaton_msgs/srv/task_replanning_relabel.hpp
[5.624s] -- Up-to-date: /home/maverick/LMCO/tmm-mas/sim/ROS2/install/ltl_automaton_msgs/include/ltl_automaton_msgs/ltl_automaton_msgs
[5.624s] -- Up-to-date: /home/maverick/LMCO/tmm-mas/sim/ROS2/install/ltl_automaton_msgs/include/ltl_automaton_msgs/ltl_automaton_msgs/msg
[5.624s] -- Installing: /home/maverick/LMCO/tmm-mas/sim/ROS2/install/ltl_automaton_msgs/include/ltl_automaton_msgs/ltl_automaton_msgs/msg/rosidl_typesupport_fastrtps_cpp__visibility_control.h
[5.624s] -- Up-to-date: /home/maverick/LMCO/tmm-mas/sim/ROS2/install/ltl_automaton_msgs/include/ltl_automaton_msgs/ltl_automaton_msgs/msg/detail
[5.624s] -- Installing: /home/maverick/LMCO/tmm-mas/sim/ROS2/install/ltl_automaton_msgs/include/ltl_automaton_msgs/ltl_automaton_msgs/msg/detail/ltl_state_runs__rosidl_typesupport_fastrtps_cpp.hpp
[5.624s] -- Installing: /home/maverick/LMCO/tmm-mas/sim/ROS2/install/ltl_automaton_msgs/include/ltl_automaton_msgs/ltl_automaton_msgs/msg/detail/ltl_state_array__rosidl_typesupport_fastrtps_cpp.hpp
[5.624s] -- Installing: /home/maverick/LMCO/tmm-mas/sim/ROS2/install/ltl_automaton_msgs/include/ltl_automaton_msgs/ltl_automaton_msgs/msg/detail/transition_system_state__rosidl_typesupport_fastrtps_cpp.hpp
[5.624s] -- Installing: /home/maverick/LMCO/tmm-mas/sim/ROS2/install/ltl_automaton_msgs/include/ltl_automaton_msgs/ltl_automaton_msgs/msg/detail/ltl_state__rosidl_typesupport_fastrtps_cpp.hpp
[5.624s] -- Installing: /home/maverick/LMCO/tmm-mas/sim/ROS2/install/ltl_automaton_msgs/include/ltl_automaton_msgs/ltl_automaton_msgs/msg/detail/transition_system_state_stamped__rosidl_typesupport_fastrtps_cpp.hpp
[5.624s] -- Installing: /home/maverick/LMCO/tmm-mas/sim/ROS2/install/ltl_automaton_msgs/include/ltl_automaton_msgs/ltl_automaton_msgs/msg/detail/relay_response__rosidl_typesupport_fastrtps_cpp.hpp
[5.624s] -- Installing: /home/maverick/LMCO/tmm-mas/sim/ROS2/install/ltl_automaton_msgs/include/ltl_automaton_msgs/ltl_automaton_msgs/msg/detail/relay_request__rosidl_typesupport_fastrtps_cpp.hpp
[5.624s] -- Installing: /home/maverick/LMCO/tmm-mas/sim/ROS2/install/ltl_automaton_msgs/include/ltl_automaton_msgs/ltl_automaton_msgs/msg/detail/ltl_plan__rosidl_typesupport_fastrtps_cpp.hpp
[5.624s] -- Installing: /home/maverick/LMCO/tmm-mas/sim/ROS2/install/ltl_automaton_msgs/include/ltl_automaton_msgs/ltl_automaton_msgs/msg/detail/dds_fastrtps
[5.624s] -- Up-to-date: /home/maverick/LMCO/tmm-mas/sim/ROS2/install/ltl_automaton_msgs/include/ltl_automaton_msgs/ltl_automaton_msgs/srv
[5.625s] -- Up-to-date: /home/maverick/LMCO/tmm-mas/sim/ROS2/install/ltl_automaton_msgs/include/ltl_automaton_msgs/ltl_automaton_msgs/srv/detail
[5.625s] -- Installing: /home/maverick/LMCO/tmm-mas/sim/ROS2/install/ltl_automaton_msgs/include/ltl_automaton_msgs/ltl_automaton_msgs/srv/detail/task_replanning_modify__rosidl_typesupport_fastrtps_cpp.hpp
[5.625s] -- Installing: /home/maverick/LMCO/tmm-mas/sim/ROS2/install/ltl_automaton_msgs/include/ltl_automaton_msgs/ltl_automaton_msgs/srv/detail/task_replanning_delete__rosidl_typesupport_fastrtps_cpp.hpp
[5.625s] -- Installing: /home/maverick/LMCO/tmm-mas/sim/ROS2/install/ltl_automaton_msgs/include/ltl_automaton_msgs/ltl_automaton_msgs/srv/detail/trap_check__rosidl_typesupport_fastrtps_cpp.hpp
[5.625s] -- Installing: /home/maverick/LMCO/tmm-mas/sim/ROS2/install/ltl_automaton_msgs/include/ltl_automaton_msgs/ltl_automaton_msgs/srv/detail/task_replanning_relabel__rosidl_typesupport_fastrtps_cpp.hpp
[5.625s] -- Installing: /home/maverick/LMCO/tmm-mas/sim/ROS2/install/ltl_automaton_msgs/include/ltl_automaton_msgs/ltl_automaton_msgs/srv/detail/task_planning__rosidl_typesupport_fastrtps_cpp.hpp
[5.625s] -- Installing: /home/maverick/LMCO/tmm-mas/sim/ROS2/install/ltl_automaton_msgs/include/ltl_automaton_msgs/ltl_automaton_msgs/srv/detail/dds_fastrtps
[5.625s] -- Installing: /home/maverick/LMCO/tmm-mas/sim/ROS2/install/ltl_automaton_msgs/lib/libltl_automaton_msgs__rosidl_typesupport_fastrtps_cpp.so
[5.625s] -- Set runtime path of "/home/maverick/LMCO/tmm-mas/sim/ROS2/install/ltl_automaton_msgs/lib/libltl_automaton_msgs__rosidl_typesupport_fastrtps_cpp.so" to ""
[5.625s] -- Up-to-date: /home/maverick/LMCO/tmm-mas/sim/ROS2/install/ltl_automaton_msgs/include/ltl_automaton_msgs/ltl_automaton_msgs
[5.625s] -- Up-to-date: /home/maverick/LMCO/tmm-mas/sim/ROS2/install/ltl_automaton_msgs/include/ltl_automaton_msgs/ltl_automaton_msgs/msg
[5.625s] -- Up-to-date: /home/maverick/LMCO/tmm-mas/sim/ROS2/install/ltl_automaton_msgs/include/ltl_automaton_msgs/ltl_automaton_msgs/msg/detail
[5.625s] -- Installing: /home/maverick/LMCO/tmm-mas/sim/ROS2/install/ltl_automaton_msgs/include/ltl_automaton_msgs/ltl_automaton_msgs/msg/detail/ltl_state_array__type_support.c
[5.625s] -- Installing: /home/maverick/LMCO/tmm-mas/sim/ROS2/install/ltl_automaton_msgs/include/ltl_automaton_msgs/ltl_automaton_msgs/msg/detail/relay_response__type_support.c
[5.625s] -- Installing: /home/maverick/LMCO/tmm-mas/sim/ROS2/install/ltl_automaton_msgs/include/ltl_automaton_msgs/ltl_automaton_msgs/msg/detail/ltl_state_array__rosidl_typesupport_introspection_c.h
[5.625s] -- Installing: /home/maverick/LMCO/tmm-mas/sim/ROS2/install/ltl_automaton_msgs/include/ltl_automaton_msgs/ltl_automaton_msgs/msg/detail/relay_request__rosidl_typesupport_introspection_c.h
[5.625s] -- Installing: /home/maverick/LMCO/tmm-mas/sim/ROS2/install/ltl_automaton_msgs/include/ltl_automaton_msgs/ltl_automaton_msgs/msg/detail/transition_system_state__type_support.c
[5.625s] -- Installing: /home/maverick/LMCO/tmm-mas/sim/ROS2/install/ltl_automaton_msgs/include/ltl_automaton_msgs/ltl_automaton_msgs/msg/detail/ltl_plan__rosidl_typesupport_introspection_c.h
[5.625s] -- Installing: /home/maverick/LMCO/tmm-mas/sim/ROS2/install/ltl_automaton_msgs/include/ltl_automaton_msgs/ltl_automaton_msgs/msg/detail/ltl_state__rosidl_typesupport_introspection_c.h
[5.626s] -- Installing: /home/maverick/LMCO/tmm-mas/sim/ROS2/install/ltl_automaton_msgs/include/ltl_automaton_msgs/ltl_automaton_msgs/msg/detail/ltl_state_runs__rosidl_typesupport_introspection_c.h
[5.626s] -- Installing: /home/maverick/LMCO/tmm-mas/sim/ROS2/install/ltl_automaton_msgs/include/ltl_automaton_msgs/ltl_automaton_msgs/msg/detail/relay_response__rosidl_typesupport_introspection_c.h
[5.626s] -- Installing: /home/maverick/LMCO/tmm-mas/sim/ROS2/install/ltl_automaton_msgs/include/ltl_automaton_msgs/ltl_automaton_msgs/msg/detail/transition_system_state__rosidl_typesupport_introspection_c.h
[5.626s] -- Installing: /home/maverick/LMCO/tmm-mas/sim/ROS2/install/ltl_automaton_msgs/include/ltl_automaton_msgs/ltl_automaton_msgs/msg/detail/ltl_plan__type_support.c
[5.626s] -- Installing: /home/maverick/LMCO/tmm-mas/sim/ROS2/install/ltl_automaton_msgs/include/ltl_automaton_msgs/ltl_automaton_msgs/msg/detail/ltl_state_runs__type_support.c
[5.626s] -- Installing: /home/maverick/LMCO/tmm-mas/sim/ROS2/install/ltl_automaton_msgs/include/ltl_automaton_msgs/ltl_automaton_msgs/msg/detail/relay_request__type_support.c
[5.626s] -- Installing: /home/maverick/LMCO/tmm-mas/sim/ROS2/install/ltl_automaton_msgs/include/ltl_automaton_msgs/ltl_automaton_msgs/msg/detail/transition_system_state_stamped__rosidl_typesupport_introspection_c.h
[5.626s] -- Installing: /home/maverick/LMCO/tmm-mas/sim/ROS2/install/ltl_automaton_msgs/include/ltl_automaton_msgs/ltl_automaton_msgs/msg/detail/transition_system_state_stamped__type_support.c
[5.626s] -- Installing: /home/maverick/LMCO/tmm-mas/sim/ROS2/install/ltl_automaton_msgs/include/ltl_automaton_msgs/ltl_automaton_msgs/msg/detail/ltl_state__type_support.c
[5.626s] -- Installing: /home/maverick/LMCO/tmm-mas/sim/ROS2/install/ltl_automaton_msgs/include/ltl_automaton_msgs/ltl_automaton_msgs/msg/rosidl_typesupport_introspection_c__visibility_control.h
[5.626s] -- Up-to-date: /home/maverick/LMCO/tmm-mas/sim/ROS2/install/ltl_automaton_msgs/include/ltl_automaton_msgs/ltl_automaton_msgs/srv
[5.626s] -- Up-to-date: /home/maverick/LMCO/tmm-mas/sim/ROS2/install/ltl_automaton_msgs/include/ltl_automaton_msgs/ltl_automaton_msgs/srv/detail
[5.626s] -- Installing: /home/maverick/LMCO/tmm-mas/sim/ROS2/install/ltl_automaton_msgs/include/ltl_automaton_msgs/ltl_automaton_msgs/srv/detail/task_planning__type_support.c
[5.626s] -- Installing: /home/maverick/LMCO/tmm-mas/sim/ROS2/install/ltl_automaton_msgs/include/ltl_automaton_msgs/ltl_automaton_msgs/srv/detail/task_replanning_modify__type_support.c
[5.626s] -- Installing: /home/maverick/LMCO/tmm-mas/sim/ROS2/install/ltl_automaton_msgs/include/ltl_automaton_msgs/ltl_automaton_msgs/srv/detail/task_replanning_delete__rosidl_typesupport_introspection_c.h
[5.626s] -- Installing: /home/maverick/LMCO/tmm-mas/sim/ROS2/install/ltl_automaton_msgs/include/ltl_automaton_msgs/ltl_automaton_msgs/srv/detail/task_replanning_modify__rosidl_typesupport_introspection_c.h
[5.626s] -- Installing: /home/maverick/LMCO/tmm-mas/sim/ROS2/install/ltl_automaton_msgs/include/ltl_automaton_msgs/ltl_automaton_msgs/srv/detail/trap_check__rosidl_typesupport_introspection_c.h
[5.626s] -- Installing: /home/maverick/LMCO/tmm-mas/sim/ROS2/install/ltl_automaton_msgs/include/ltl_automaton_msgs/ltl_automaton_msgs/srv/detail/task_planning__rosidl_typesupport_introspection_c.h
[5.626s] -- Installing: /home/maverick/LMCO/tmm-mas/sim/ROS2/install/ltl_automaton_msgs/include/ltl_automaton_msgs/ltl_automaton_msgs/srv/detail/task_replanning_relabel__rosidl_typesupport_introspection_c.h
[5.626s] -- Installing: /home/maverick/LMCO/tmm-mas/sim/ROS2/install/ltl_automaton_msgs/include/ltl_automaton_msgs/ltl_automaton_msgs/srv/detail/task_replanning_relabel__type_support.c
[5.626s] -- Installing: /home/maverick/LMCO/tmm-mas/sim/ROS2/install/ltl_automaton_msgs/include/ltl_automaton_msgs/ltl_automaton_msgs/srv/detail/trap_check__type_support.c
[5.627s] -- Installing: /home/maverick/LMCO/tmm-mas/sim/ROS2/install/ltl_automaton_msgs/include/ltl_automaton_msgs/ltl_automaton_msgs/srv/detail/task_replanning_delete__type_support.c
[5.627s] -- Installing: /home/maverick/LMCO/tmm-mas/sim/ROS2/install/ltl_automaton_msgs/lib/libltl_automaton_msgs__rosidl_typesupport_introspection_c.so
[5.627s] -- Set runtime path of "/home/maverick/LMCO/tmm-mas/sim/ROS2/install/ltl_automaton_msgs/lib/libltl_automaton_msgs__rosidl_typesupport_introspection_c.so" to ""
[5.627s] -- Installing: /home/maverick/LMCO/tmm-mas/sim/ROS2/install/ltl_automaton_msgs/lib/libltl_automaton_msgs__rosidl_typesupport_c.so
[5.627s] -- Set runtime path of "/home/maverick/LMCO/tmm-mas/sim/ROS2/install/ltl_automaton_msgs/lib/libltl_automaton_msgs__rosidl_typesupport_c.so" to ""
[5.627s] -- Up-to-date: /home/maverick/LMCO/tmm-mas/sim/ROS2/install/ltl_automaton_msgs/include/ltl_automaton_msgs/ltl_automaton_msgs
[5.627s] -- Up-to-date: /home/maverick/LMCO/tmm-mas/sim/ROS2/install/ltl_automaton_msgs/include/ltl_automaton_msgs/ltl_automaton_msgs/msg
[5.627s] -- Up-to-date: /home/maverick/LMCO/tmm-mas/sim/ROS2/install/ltl_automaton_msgs/include/ltl_automaton_msgs/ltl_automaton_msgs/msg/detail
[5.627s] -- Installing: /home/maverick/LMCO/tmm-mas/sim/ROS2/install/ltl_automaton_msgs/include/ltl_automaton_msgs/ltl_automaton_msgs/msg/detail/ltl_state__rosidl_typesupport_introspection_cpp.hpp
[5.627s] -- Installing: /home/maverick/LMCO/tmm-mas/sim/ROS2/install/ltl_automaton_msgs/include/ltl_automaton_msgs/ltl_automaton_msgs/msg/detail/ltl_plan__rosidl_typesupport_introspection_cpp.hpp
[5.627s] -- Installing: /home/maverick/LMCO/tmm-mas/sim/ROS2/install/ltl_automaton_msgs/include/ltl_automaton_msgs/ltl_automaton_msgs/msg/detail/relay_response__type_support.cpp
[5.627s] -- Installing: /home/maverick/LMCO/tmm-mas/sim/ROS2/install/ltl_automaton_msgs/include/ltl_automaton_msgs/ltl_automaton_msgs/msg/detail/transition_system_state_stamped__rosidl_typesupport_introspection_cpp.hpp
[5.627s] -- Installing: /home/maverick/LMCO/tmm-mas/sim/ROS2/install/ltl_automaton_msgs/include/ltl_automaton_msgs/ltl_automaton_msgs/msg/detail/ltl_plan__type_support.cpp
[5.627s] -- Installing: /home/maverick/LMCO/tmm-mas/sim/ROS2/install/ltl_automaton_msgs/include/ltl_automaton_msgs/ltl_automaton_msgs/msg/detail/transition_system_state__type_support.cpp
[5.627s] -- Installing: /home/maverick/LMCO/tmm-mas/sim/ROS2/install/ltl_automaton_msgs/include/ltl_automaton_msgs/ltl_automaton_msgs/msg/detail/ltl_state_runs__type_support.cpp
[5.627s] -- Installing: /home/maverick/LMCO/tmm-mas/sim/ROS2/install/ltl_automaton_msgs/include/ltl_automaton_msgs/ltl_automaton_msgs/msg/detail/ltl_state_array__rosidl_typesupport_introspection_cpp.hpp
[5.627s] -- Installing: /home/maverick/LMCO/tmm-mas/sim/ROS2/install/ltl_automaton_msgs/include/ltl_automaton_msgs/ltl_automaton_msgs/msg/detail/relay_response__rosidl_typesupport_introspection_cpp.hpp
[5.628s] -- Installing: /home/maverick/LMCO/tmm-mas/sim/ROS2/install/ltl_automaton_msgs/include/ltl_automaton_msgs/ltl_automaton_msgs/msg/detail/relay_request__type_support.cpp
[5.628s] -- Installing: /home/maverick/LMCO/tmm-mas/sim/ROS2/install/ltl_automaton_msgs/include/ltl_automaton_msgs/ltl_automaton_msgs/msg/detail/ltl_state_array__type_support.cpp
[5.628s] -- Installing: /home/maverick/LMCO/tmm-mas/sim/ROS2/install/ltl_automaton_msgs/include/ltl_automaton_msgs/ltl_automaton_msgs/msg/detail/ltl_state__type_support.cpp
[5.628s] -- Installing: /home/maverick/LMCO/tmm-mas/sim/ROS2/install/ltl_automaton_msgs/include/ltl_automaton_msgs/ltl_automaton_msgs/msg/detail/relay_request__rosidl_typesupport_introspection_cpp.hpp
[5.628s] -- Installing: /home/maverick/LMCO/tmm-mas/sim/ROS2/install/ltl_automaton_msgs/include/ltl_automaton_msgs/ltl_automaton_msgs/msg/detail/transition_system_state__rosidl_typesupport_introspection_cpp.hpp
[5.628s] -- Installing: /home/maverick/LMCO/tmm-mas/sim/ROS2/install/ltl_automaton_msgs/include/ltl_automaton_msgs/ltl_automaton_msgs/msg/detail/transition_system_state_stamped__type_support.cpp
[5.628s] -- Installing: /home/maverick/LMCO/tmm-mas/sim/ROS2/install/ltl_automaton_msgs/include/ltl_automaton_msgs/ltl_automaton_msgs/msg/detail/ltl_state_runs__rosidl_typesupport_introspection_cpp.hpp
[5.628s] -- Up-to-date: /home/maverick/LMCO/tmm-mas/sim/ROS2/install/ltl_automaton_msgs/include/ltl_automaton_msgs/ltl_automaton_msgs/srv
[5.628s] -- Up-to-date: /home/maverick/LMCO/tmm-mas/sim/ROS2/install/ltl_automaton_msgs/include/ltl_automaton_msgs/ltl_automaton_msgs/srv/detail
[5.628s] -- Installing: /home/maverick/LMCO/tmm-mas/sim/ROS2/install/ltl_automaton_msgs/include/ltl_automaton_msgs/ltl_automaton_msgs/srv/detail/task_replanning_relabel__rosidl_typesupport_introspection_cpp.hpp
[5.628s] -- Installing: /home/maverick/LMCO/tmm-mas/sim/ROS2/install/ltl_automaton_msgs/include/ltl_automaton_msgs/ltl_automaton_msgs/srv/detail/task_replanning_delete__rosidl_typesupport_introspection_cpp.hpp
[5.628s] -- Installing: /home/maverick/LMCO/tmm-mas/sim/ROS2/install/ltl_automaton_msgs/include/ltl_automaton_msgs/ltl_automaton_msgs/srv/detail/task_replanning_modify__type_support.cpp
[5.628s] -- Installing: /home/maverick/LMCO/tmm-mas/sim/ROS2/install/ltl_automaton_msgs/include/ltl_automaton_msgs/ltl_automaton_msgs/srv/detail/task_replanning_relabel__type_support.cpp
[5.628s] -- Installing: /home/maverick/LMCO/tmm-mas/sim/ROS2/install/ltl_automaton_msgs/include/ltl_automaton_msgs/ltl_automaton_msgs/srv/detail/task_replanning_modify__rosidl_typesupport_introspection_cpp.hpp
[5.628s] -- Installing: /home/maverick/LMCO/tmm-mas/sim/ROS2/install/ltl_automaton_msgs/include/ltl_automaton_msgs/ltl_automaton_msgs/srv/detail/task_planning__rosidl_typesupport_introspection_cpp.hpp
[5.628s] -- Installing: /home/maverick/LMCO/tmm-mas/sim/ROS2/install/ltl_automaton_msgs/include/ltl_automaton_msgs/ltl_automaton_msgs/srv/detail/trap_check__rosidl_typesupport_introspection_cpp.hpp
[5.628s] -- Installing: /home/maverick/LMCO/tmm-mas/sim/ROS2/install/ltl_automaton_msgs/include/ltl_automaton_msgs/ltl_automaton_msgs/srv/detail/task_planning__type_support.cpp
[5.628s] -- Installing: /home/maverick/LMCO/tmm-mas/sim/ROS2/install/ltl_automaton_msgs/include/ltl_automaton_msgs/ltl_automaton_msgs/srv/detail/task_replanning_delete__type_support.cpp
[5.628s] -- Installing: /home/maverick/LMCO/tmm-mas/sim/ROS2/install/ltl_automaton_msgs/include/ltl_automaton_msgs/ltl_automaton_msgs/srv/detail/trap_check__type_support.cpp
[5.628s] -- Installing: /home/maverick/LMCO/tmm-mas/sim/ROS2/install/ltl_automaton_msgs/lib/libltl_automaton_msgs__rosidl_typesupport_introspection_cpp.so
[5.629s] -- Set runtime path of "/home/maverick/LMCO/tmm-mas/sim/ROS2/install/ltl_automaton_msgs/lib/libltl_automaton_msgs__rosidl_typesupport_introspection_cpp.so" to ""
[5.629s] -- Installing: /home/maverick/LMCO/tmm-mas/sim/ROS2/install/ltl_automaton_msgs/lib/libltl_automaton_msgs__rosidl_typesupport_cpp.so
[5.629s] -- Set runtime path of "/home/maverick/LMCO/tmm-mas/sim/ROS2/install/ltl_automaton_msgs/lib/libltl_automaton_msgs__rosidl_typesupport_cpp.so" to ""
[5.629s] -- Installing: /home/maverick/LMCO/tmm-mas/sim/ROS2/install/ltl_automaton_msgs/share/ltl_automaton_msgs/environment/pythonpath.sh
[5.629s] -- Installing: /home/maverick/LMCO/tmm-mas/sim/ROS2/install/ltl_automaton_msgs/share/ltl_automaton_msgs/environment/pythonpath.dsv
[5.629s] -- Installing: /home/maverick/LMCO/tmm-mas/sim/ROS2/install/ltl_automaton_msgs/local/lib/python3.10/dist-packages/ltl_automaton_msgs-0.1.0-py3.10.egg-info
[5.629s] -- Installing: /home/maverick/LMCO/tmm-mas/sim/ROS2/install/ltl_automaton_msgs/local/lib/python3.10/dist-packages/ltl_automaton_msgs-0.1.0-py3.10.egg-info/SOURCES.txt
[5.629s] -- Installing: /home/maverick/LMCO/tmm-mas/sim/ROS2/install/ltl_automaton_msgs/local/lib/python3.10/dist-packages/ltl_automaton_msgs-0.1.0-py3.10.egg-info/top_level.txt
[5.629s] -- Installing: /home/maverick/LMCO/tmm-mas/sim/ROS2/install/ltl_automaton_msgs/local/lib/python3.10/dist-packages/ltl_automaton_msgs-0.1.0-py3.10.egg-info/dependency_links.txt
[5.629s] -- Installing: /home/maverick/LMCO/tmm-mas/sim/ROS2/install/ltl_automaton_msgs/local/lib/python3.10/dist-packages/ltl_automaton_msgs-0.1.0-py3.10.egg-info/PKG-INFO
[5.629s] -- Installing: /home/maverick/LMCO/tmm-mas/sim/ROS2/install/ltl_automaton_msgs/local/lib/python3.10/dist-packages/ltl_automaton_msgs
[5.629s] -- Installing: /home/maverick/LMCO/tmm-mas/sim/ROS2/install/ltl_automaton_msgs/local/lib/python3.10/dist-packages/ltl_automaton_msgs/_ltl_automaton_msgs_s.ep.rosidl_typesupport_introspection_c.c
[5.629s] -- Installing: /home/maverick/LMCO/tmm-mas/sim/ROS2/install/ltl_automaton_msgs/local/lib/python3.10/dist-packages/ltl_automaton_msgs/msg
[5.630s] -- Installing: /home/maverick/LMCO/tmm-mas/sim/ROS2/install/ltl_automaton_msgs/local/lib/python3.10/dist-packages/ltl_automaton_msgs/msg/_ltl_plan.py
[5.630s] -- Installing: /home/maverick/LMCO/tmm-mas/sim/ROS2/install/ltl_automaton_msgs/local/lib/python3.10/dist-packages/ltl_automaton_msgs/msg/_ltl_state.py
[5.630s] -- Installing: /home/maverick/LMCO/tmm-mas/sim/ROS2/install/ltl_automaton_msgs/local/lib/python3.10/dist-packages/ltl_automaton_msgs/msg/_ltl_state_array.py
[5.630s] -- Installing: /home/maverick/LMCO/tmm-mas/sim/ROS2/install/ltl_automaton_msgs/local/lib/python3.10/dist-packages/ltl_automaton_msgs/msg/_relay_request_s.c
[5.630s] -- Installing: /home/maverick/LMCO/tmm-mas/sim/ROS2/install/ltl_automaton_msgs/local/lib/python3.10/dist-packages/ltl_automaton_msgs/msg/_ltl_state_runs.py
[5.630s] -- Installing: /home/maverick/LMCO/tmm-mas/sim/ROS2/install/ltl_automaton_msgs/local/lib/python3.10/dist-packages/ltl_automaton_msgs/msg/_transition_system_state_s.c
[5.630s] -- Installing: /home/maverick/LMCO/tmm-mas/sim/ROS2/install/ltl_automaton_msgs/local/lib/python3.10/dist-packages/ltl_automaton_msgs/msg/_ltl_state_array_s.c
[5.630s] -- Installing: /home/maverick/LMCO/tmm-mas/sim/ROS2/install/ltl_automaton_msgs/local/lib/python3.10/dist-packages/ltl_automaton_msgs/msg/_relay_response.py
[5.630s] -- Installing: /home/maverick/LMCO/tmm-mas/sim/ROS2/install/ltl_automaton_msgs/local/lib/python3.10/dist-packages/ltl_automaton_msgs/msg/_transition_system_state.py
[5.630s] -- Installing: /home/maverick/LMCO/tmm-mas/sim/ROS2/install/ltl_automaton_msgs/local/lib/python3.10/dist-packages/ltl_automaton_msgs/msg/_ltl_plan_s.c
[5.630s] -- Installing: /home/maverick/LMCO/tmm-mas/sim/ROS2/install/ltl_automaton_msgs/local/lib/python3.10/dist-packages/ltl_automaton_msgs/msg/_ltl_state_runs_s.c
[5.630s] -- Installing: /home/maverick/LMCO/tmm-mas/sim/ROS2/install/ltl_automaton_msgs/local/lib/python3.10/dist-packages/ltl_automaton_msgs/msg/_relay_response_s.c
[5.630s] -- Installing: /home/maverick/LMCO/tmm-mas/sim/ROS2/install/ltl_automaton_msgs/local/lib/python3.10/dist-packages/ltl_automaton_msgs/msg/__init__.py
[5.630s] -- Installing: /home/maverick/LMCO/tmm-mas/sim/ROS2/install/ltl_automaton_msgs/local/lib/python3.10/dist-packages/ltl_automaton_msgs/msg/_transition_system_state_stamped_s.c
[5.630s] -- Installing: /home/maverick/LMCO/tmm-mas/sim/ROS2/install/ltl_automaton_msgs/local/lib/python3.10/dist-packages/ltl_automaton_msgs/msg/_ltl_state_s.c
[5.630s] -- Installing: /home/maverick/LMCO/tmm-mas/sim/ROS2/install/ltl_automaton_msgs/local/lib/python3.10/dist-packages/ltl_automaton_msgs/msg/_transition_system_state_stamped.py
[5.630s] -- Installing: /home/maverick/LMCO/tmm-mas/sim/ROS2/install/ltl_automaton_msgs/local/lib/python3.10/dist-packages/ltl_automaton_msgs/msg/_relay_request.py
[5.630s] -- Installing: /home/maverick/LMCO/tmm-mas/sim/ROS2/install/ltl_automaton_msgs/local/lib/python3.10/dist-packages/ltl_automaton_msgs/libltl_automaton_msgs__rosidl_generator_py.so
[5.630s] -- Installing: /home/maverick/LMCO/tmm-mas/sim/ROS2/install/ltl_automaton_msgs/local/lib/python3.10/dist-packages/ltl_automaton_msgs/ltl_automaton_msgs_s__rosidl_typesupport_introspection_c.cpython-310-x86_64-linux-gnu.so
[5.630s] -- Installing: /home/maverick/LMCO/tmm-mas/sim/ROS2/install/ltl_automaton_msgs/local/lib/python3.10/dist-packages/ltl_automaton_msgs/srv
[5.631s] -- Installing: /home/maverick/LMCO/tmm-mas/sim/ROS2/install/ltl_automaton_msgs/local/lib/python3.10/dist-packages/ltl_automaton_msgs/srv/_task_replanning_modify.py
[5.631s] -- Installing: /home/maverick/LMCO/tmm-mas/sim/ROS2/install/ltl_automaton_msgs/local/lib/python3.10/dist-packages/ltl_automaton_msgs/srv/_trap_check_s.c
[5.631s] -- Installing: /home/maverick/LMCO/tmm-mas/sim/ROS2/install/ltl_automaton_msgs/local/lib/python3.10/dist-packages/ltl_automaton_msgs/srv/_task_replanning_delete.py
[5.631s] -- Installing: /home/maverick/LMCO/tmm-mas/sim/ROS2/install/ltl_automaton_msgs/local/lib/python3.10/dist-packages/ltl_automaton_msgs/srv/_task_planning.py
[5.631s] -- Installing: /home/maverick/LMCO/tmm-mas/sim/ROS2/install/ltl_automaton_msgs/local/lib/python3.10/dist-packages/ltl_automaton_msgs/srv/_task_planning_s.c
[5.631s] -- Installing: /home/maverick/LMCO/tmm-mas/sim/ROS2/install/ltl_automaton_msgs/local/lib/python3.10/dist-packages/ltl_automaton_msgs/srv/_task_replanning_relabel_s.c
[5.631s] -- Installing: /home/maverick/LMCO/tmm-mas/sim/ROS2/install/ltl_automaton_msgs/local/lib/python3.10/dist-packages/ltl_automaton_msgs/srv/_trap_check.py
[5.631s] -- Installing: /home/maverick/LMCO/tmm-mas/sim/ROS2/install/ltl_automaton_msgs/local/lib/python3.10/dist-packages/ltl_automaton_msgs/srv/_task_replanning_relabel.py
[5.631s] -- Installing: /home/maverick/LMCO/tmm-mas/sim/ROS2/install/ltl_automaton_msgs/local/lib/python3.10/dist-packages/ltl_automaton_msgs/srv/_task_replanning_delete_s.c
[5.631s] -- Installing: /home/maverick/LMCO/tmm-mas/sim/ROS2/install/ltl_automaton_msgs/local/lib/python3.10/dist-packages/ltl_automaton_msgs/srv/__init__.py
[5.631s] -- Installing: /home/maverick/LMCO/tmm-mas/sim/ROS2/install/ltl_automaton_msgs/local/lib/python3.10/dist-packages/ltl_automaton_msgs/srv/_task_replanning_modify_s.c
[5.631s] -- Installing: /home/maverick/LMCO/tmm-mas/sim/ROS2/install/ltl_automaton_msgs/local/lib/python3.10/dist-packages/ltl_automaton_msgs/ltl_automaton_msgs_s__rosidl_typesupport_c.cpython-310-x86_64-linux-gnu.so
[5.631s] -- Installing: /home/maverick/LMCO/tmm-mas/sim/ROS2/install/ltl_automaton_msgs/local/lib/python3.10/dist-packages/ltl_automaton_msgs/__init__.py
[5.631s] -- Installing: /home/maverick/LMCO/tmm-mas/sim/ROS2/install/ltl_automaton_msgs/local/lib/python3.10/dist-packages/ltl_automaton_msgs/ltl_automaton_msgs_s__rosidl_typesupport_fastrtps_c.cpython-310-x86_64-linux-gnu.so
[5.631s] -- Installing: /home/maverick/LMCO/tmm-mas/sim/ROS2/install/ltl_automaton_msgs/local/lib/python3.10/dist-packages/ltl_automaton_msgs/_ltl_automaton_msgs_s.ep.rosidl_typesupport_c.c
[5.631s] -- Installing: /home/maverick/LMCO/tmm-mas/sim/ROS2/install/ltl_automaton_msgs/local/lib/python3.10/dist-packages/ltl_automaton_msgs/_ltl_automaton_msgs_s.ep.rosidl_typesupport_fastrtps_c.c
[5.665s] Listing '/home/maverick/LMCO/tmm-mas/sim/ROS2/install/ltl_automaton_msgs/local/lib/python3.10/dist-packages/ltl_automaton_msgs'...
[5.665s] Compiling '/home/maverick/LMCO/tmm-mas/sim/ROS2/install/ltl_automaton_msgs/local/lib/python3.10/dist-packages/ltl_automaton_msgs/__init__.py'...
[5.665s] Listing '/home/maverick/LMCO/tmm-mas/sim/ROS2/install/ltl_automaton_msgs/local/lib/python3.10/dist-packages/ltl_automaton_msgs/msg'...
[5.665s] Compiling '/home/maverick/LMCO/tmm-mas/sim/ROS2/install/ltl_automaton_msgs/local/lib/python3.10/dist-packages/ltl_automaton_msgs/msg/__init__.py'...
[5.665s] Compiling '/home/maverick/LMCO/tmm-mas/sim/ROS2/install/ltl_automaton_msgs/local/lib/python3.10/dist-packages/ltl_automaton_msgs/msg/_ltl_plan.py'...
[5.665s] Compiling '/home/maverick/LMCO/tmm-mas/sim/ROS2/install/ltl_automaton_msgs/local/lib/python3.10/dist-packages/ltl_automaton_msgs/msg/_ltl_state.py'...
[5.665s] Compiling '/home/maverick/LMCO/tmm-mas/sim/ROS2/install/ltl_automaton_msgs/local/lib/python3.10/dist-packages/ltl_automaton_msgs/msg/_ltl_state_array.py'...
[5.665s] Compiling '/home/maverick/LMCO/tmm-mas/sim/ROS2/install/ltl_automaton_msgs/local/lib/python3.10/dist-packages/ltl_automaton_msgs/msg/_ltl_state_runs.py'...
[5.665s] Compiling '/home/maverick/LMCO/tmm-mas/sim/ROS2/install/ltl_automaton_msgs/local/lib/python3.10/dist-packages/ltl_automaton_msgs/msg/_relay_request.py'...
[5.665s] Compiling '/home/maverick/LMCO/tmm-mas/sim/ROS2/install/ltl_automaton_msgs/local/lib/python3.10/dist-packages/ltl_automaton_msgs/msg/_relay_response.py'...
[5.666s] Compiling '/home/maverick/LMCO/tmm-mas/sim/ROS2/install/ltl_automaton_msgs/local/lib/python3.10/dist-packages/ltl_automaton_msgs/msg/_transition_system_state.py'...
[5.666s] Compiling '/home/maverick/LMCO/tmm-mas/sim/ROS2/install/ltl_automaton_msgs/local/lib/python3.10/dist-packages/ltl_automaton_msgs/msg/_transition_system_state_stamped.py'...
[5.666s] Listing '/home/maverick/LMCO/tmm-mas/sim/ROS2/install/ltl_automaton_msgs/local/lib/python3.10/dist-packages/ltl_automaton_msgs/srv'...
[5.666s] Compiling '/home/maverick/LMCO/tmm-mas/sim/ROS2/install/ltl_automaton_msgs/local/lib/python3.10/dist-packages/ltl_automaton_msgs/srv/__init__.py'...
[5.666s] Compiling '/home/maverick/LMCO/tmm-mas/sim/ROS2/install/ltl_automaton_msgs/local/lib/python3.10/dist-packages/ltl_automaton_msgs/srv/_task_planning.py'...
[5.666s] Compiling '/home/maverick/LMCO/tmm-mas/sim/ROS2/install/ltl_automaton_msgs/local/lib/python3.10/dist-packages/ltl_automaton_msgs/srv/_task_replanning_delete.py'...
[5.666s] Compiling '/home/maverick/LMCO/tmm-mas/sim/ROS2/install/ltl_automaton_msgs/local/lib/python3.10/dist-packages/ltl_automaton_msgs/srv/_task_replanning_modify.py'...
[5.666s] Compiling '/home/maverick/LMCO/tmm-mas/sim/ROS2/install/ltl_automaton_msgs/local/lib/python3.10/dist-packages/ltl_automaton_msgs/srv/_task_replanning_relabel.py'...
[5.666s] Compiling '/home/maverick/LMCO/tmm-mas/sim/ROS2/install/ltl_automaton_msgs/local/lib/python3.10/dist-packages/ltl_automaton_msgs/srv/_trap_check.py'...
[5.668s] -- Installing: /home/maverick/LMCO/tmm-mas/sim/ROS2/install/ltl_automaton_msgs/local/lib/python3.10/dist-packages/ltl_automaton_msgs/ltl_automaton_msgs_s__rosidl_typesupport_fastrtps_c.cpython-310-x86_64-linux-gnu.so
[5.668s] -- Set runtime path of "/home/maverick/LMCO/tmm-mas/sim/ROS2/install/ltl_automaton_msgs/local/lib/python3.10/dist-packages/ltl_automaton_msgs/ltl_automaton_msgs_s__rosidl_typesupport_fastrtps_c.cpython-310-x86_64-linux-gnu.so" to ""
[5.668s] -- Installing: /home/maverick/LMCO/tmm-mas/sim/ROS2/install/ltl_automaton_msgs/local/lib/python3.10/dist-packages/ltl_automaton_msgs/ltl_automaton_msgs_s__rosidl_typesupport_introspection_c.cpython-310-x86_64-linux-gnu.so
[5.669s] -- Set runtime path of "/home/maverick/LMCO/tmm-mas/sim/ROS2/install/ltl_automaton_msgs/local/lib/python3.10/dist-packages/ltl_automaton_msgs/ltl_automaton_msgs_s__rosidl_typesupport_introspection_c.cpython-310-x86_64-linux-gnu.so" to ""
[5.669s] -- Installing: /home/maverick/LMCO/tmm-mas/sim/ROS2/install/ltl_automaton_msgs/local/lib/python3.10/dist-packages/ltl_automaton_msgs/ltl_automaton_msgs_s__rosidl_typesupport_c.cpython-310-x86_64-linux-gnu.so
[5.669s] -- Set runtime path of "/home/maverick/LMCO/tmm-mas/sim/ROS2/install/ltl_automaton_msgs/local/lib/python3.10/dist-packages/ltl_automaton_msgs/ltl_automaton_msgs_s__rosidl_typesupport_c.cpython-310-x86_64-linux-gnu.so" to ""
[5.669s] -- Installing: /home/maverick/LMCO/tmm-mas/sim/ROS2/install/ltl_automaton_msgs/lib/libltl_automaton_msgs__rosidl_generator_py.so
[5.669s] -- Set runtime path of "/home/maverick/LMCO/tmm-mas/sim/ROS2/install/ltl_automaton_msgs/lib/libltl_automaton_msgs__rosidl_generator_py.so" to ""
[5.669s] -- Installing: /home/maverick/LMCO/tmm-mas/sim/ROS2/install/ltl_automaton_msgs/share/ltl_automaton_msgs/msg/TransitionSystemState.idl
[5.669s] -- Installing: /home/maverick/LMCO/tmm-mas/sim/ROS2/install/ltl_automaton_msgs/share/ltl_automaton_msgs/msg/TransitionSystemStateStamped.idl
[5.669s] -- Installing: /home/maverick/LMCO/tmm-mas/sim/ROS2/install/ltl_automaton_msgs/share/ltl_automaton_msgs/msg/LTLPlan.idl
[5.669s] -- Installing: /home/maverick/LMCO/tmm-mas/sim/ROS2/install/ltl_automaton_msgs/share/ltl_automaton_msgs/msg/LTLState.idl
[5.669s] -- Installing: /home/maverick/LMCO/tmm-mas/sim/ROS2/install/ltl_automaton_msgs/share/ltl_automaton_msgs/msg/LTLStateArray.idl
[5.669s] -- Installing: /home/maverick/LMCO/tmm-mas/sim/ROS2/install/ltl_automaton_msgs/share/ltl_automaton_msgs/msg/LTLStateRuns.idl
[5.670s] -- Installing: /home/maverick/LMCO/tmm-mas/sim/ROS2/install/ltl_automaton_msgs/share/ltl_automaton_msgs/msg/RelayRequest.idl
[5.670s] -- Installing: /home/maverick/LMCO/tmm-mas/sim/ROS2/install/ltl_automaton_msgs/share/ltl_automaton_msgs/msg/RelayResponse.idl
[5.670s] -- Installing: /home/maverick/LMCO/tmm-mas/sim/ROS2/install/ltl_automaton_msgs/share/ltl_automaton_msgs/srv/TrapCheck.idl
[5.670s] -- Installing: /home/maverick/LMCO/tmm-mas/sim/ROS2/install/ltl_automaton_msgs/share/ltl_automaton_msgs/srv/TaskPlanning.idl
[5.670s] -- Installing: /home/maverick/LMCO/tmm-mas/sim/ROS2/install/ltl_automaton_msgs/share/ltl_automaton_msgs/srv/TaskReplanningModify.idl
[5.670s] -- Installing: /home/maverick/LMCO/tmm-mas/sim/ROS2/install/ltl_automaton_msgs/share/ltl_automaton_msgs/srv/TaskReplanningDelete.idl
[5.670s] -- Installing: /home/maverick/LMCO/tmm-mas/sim/ROS2/install/ltl_automaton_msgs/share/ltl_automaton_msgs/srv/TaskReplanningRelabel.idl
[5.670s] -- Installing: /home/maverick/LMCO/tmm-mas/sim/ROS2/install/ltl_automaton_msgs/share/ltl_automaton_msgs/msg/TransitionSystemState.msg
[5.670s] -- Installing: /home/maverick/LMCO/tmm-mas/sim/ROS2/install/ltl_automaton_msgs/share/ltl_automaton_msgs/msg/TransitionSystemStateStamped.msg
[5.670s] -- Installing: /home/maverick/LMCO/tmm-mas/sim/ROS2/install/ltl_automaton_msgs/share/ltl_automaton_msgs/msg/LTLPlan.msg
[5.670s] -- Installing: /home/maverick/LMCO/tmm-mas/sim/ROS2/install/ltl_automaton_msgs/share/ltl_automaton_msgs/msg/LTLState.msg
[5.670s] -- Installing: /home/maverick/LMCO/tmm-mas/sim/ROS2/install/ltl_automaton_msgs/share/ltl_automaton_msgs/msg/LTLStateArray.msg
[5.670s] -- Installing: /home/maverick/LMCO/tmm-mas/sim/ROS2/install/ltl_automaton_msgs/share/ltl_automaton_msgs/msg/LTLStateRuns.msg
[5.670s] -- Installing: /home/maverick/LMCO/tmm-mas/sim/ROS2/install/ltl_automaton_msgs/share/ltl_automaton_msgs/msg/RelayRequest.msg
[5.670s] -- Installing: /home/maverick/LMCO/tmm-mas/sim/ROS2/install/ltl_automaton_msgs/share/ltl_automaton_msgs/msg/RelayResponse.msg
[5.671s] -- Installing: /home/maverick/LMCO/tmm-mas/sim/ROS2/install/ltl_automaton_msgs/share/ltl_automaton_msgs/srv/TrapCheck.srv
[5.671s] -- Installing: /home/maverick/LMCO/tmm-mas/sim/ROS2/install/ltl_automaton_msgs/share/ltl_automaton_msgs/srv/TrapCheck_Request.msg
[5.671s] -- Installing: /home/maverick/LMCO/tmm-mas/sim/ROS2/install/ltl_automaton_msgs/share/ltl_automaton_msgs/srv/TrapCheck_Response.msg
[5.671s] -- Installing: /home/maverick/LMCO/tmm-mas/sim/ROS2/install/ltl_automaton_msgs/share/ltl_automaton_msgs/srv/TaskPlanning.srv
[5.671s] -- Installing: /home/maverick/LMCO/tmm-mas/sim/ROS2/install/ltl_automaton_msgs/share/ltl_automaton_msgs/srv/TaskPlanning_Request.msg
[5.671s] -- Installing: /home/maverick/LMCO/tmm-mas/sim/ROS2/install/ltl_automaton_msgs/share/ltl_automaton_msgs/srv/TaskPlanning_Response.msg
[5.671s] -- Installing: /home/maverick/LMCO/tmm-mas/sim/ROS2/install/ltl_automaton_msgs/share/ltl_automaton_msgs/srv/TaskReplanningModify.srv
[5.671s] -- Installing: /home/maverick/LMCO/tmm-mas/sim/ROS2/install/ltl_automaton_msgs/share/ltl_automaton_msgs/srv/TaskReplanningModify_Request.msg
[5.671s] -- Installing: /home/maverick/LMCO/tmm-mas/sim/ROS2/install/ltl_automaton_msgs/share/ltl_automaton_msgs/srv/TaskReplanningModify_Response.msg
[5.671s] -- Installing: /home/maverick/LMCO/tmm-mas/sim/ROS2/install/ltl_automaton_msgs/share/ltl_automaton_msgs/srv/TaskReplanningDelete.srv
[5.671s] -- Installing: /home/maverick/LMCO/tmm-mas/sim/ROS2/install/ltl_automaton_msgs/share/ltl_automaton_msgs/srv/TaskReplanningDelete_Request.msg
[5.671s] -- Installing: /home/maverick/LMCO/tmm-mas/sim/ROS2/install/ltl_automaton_msgs/share/ltl_automaton_msgs/srv/TaskReplanningDelete_Response.msg
[5.671s] -- Installing: /home/maverick/LMCO/tmm-mas/sim/ROS2/install/ltl_automaton_msgs/share/ltl_automaton_msgs/srv/TaskReplanningRelabel.srv
[5.671s] -- Installing: /home/maverick/LMCO/tmm-mas/sim/ROS2/install/ltl_automaton_msgs/share/ltl_automaton_msgs/srv/TaskReplanningRelabel_Request.msg
[5.671s] -- Installing: /home/maverick/LMCO/tmm-mas/sim/ROS2/install/ltl_automaton_msgs/share/ltl_automaton_msgs/srv/TaskReplanningRelabel_Response.msg
[5.672s] -- Installing: /home/maverick/LMCO/tmm-mas/sim/ROS2/install/ltl_automaton_msgs/share/ament_index/resource_index/package_run_dependencies/ltl_automaton_msgs
[5.672s] -- Installing: /home/maverick/LMCO/tmm-mas/sim/ROS2/install/ltl_automaton_msgs/share/ament_index/resource_index/parent_prefix_path/ltl_automaton_msgs
[5.672s] -- Installing: /home/maverick/LMCO/tmm-mas/sim/ROS2/install/ltl_automaton_msgs/share/ltl_automaton_msgs/environment/ament_prefix_path.sh
[5.672s] -- Installing: /home/maverick/LMCO/tmm-mas/sim/ROS2/install/ltl_automaton_msgs/share/ltl_automaton_msgs/environment/ament_prefix_path.dsv
[5.672s] -- Installing: /home/maverick/LMCO/tmm-mas/sim/ROS2/install/ltl_automaton_msgs/share/ltl_automaton_msgs/environment/path.sh
[5.672s] -- Installing: /home/maverick/LMCO/tmm-mas/sim/ROS2/install/ltl_automaton_msgs/share/ltl_automaton_msgs/environment/path.dsv
[5.672s] -- Installing: /home/maverick/LMCO/tmm-mas/sim/ROS2/install/ltl_automaton_msgs/share/ltl_automaton_msgs/local_setup.bash
[5.672s] -- Installing: /home/maverick/LMCO/tmm-mas/sim/ROS2/install/ltl_automaton_msgs/share/ltl_automaton_msgs/local_setup.sh
[5.672s] -- Installing: /home/maverick/LMCO/tmm-mas/sim/ROS2/install/ltl_automaton_msgs/share/ltl_automaton_msgs/local_setup.zsh
[5.672s] -- Installing: /home/maverick/LMCO/tmm-mas/sim/ROS2/install/ltl_automaton_msgs/share/ltl_automaton_msgs/local_setup.dsv
[5.672s] -- Installing: /home/maverick/LMCO/tmm-mas/sim/ROS2/install/ltl_automaton_msgs/share/ltl_automaton_msgs/package.dsv
[5.672s] -- Installing: /home/maverick/LMCO/tmm-mas/sim/ROS2/install/ltl_automaton_msgs/share/ament_index/resource_index/packages/ltl_automaton_msgs
[5.672s] -- Installing: /home/maverick/LMCO/tmm-mas/sim/ROS2/install/ltl_automaton_msgs/share/ltl_automaton_msgs/cmake/export_ltl_automaton_msgs__rosidl_generator_cExport.cmake
[5.673s] -- Installing: /home/maverick/LMCO/tmm-mas/sim/ROS2/install/ltl_automaton_msgs/share/ltl_automaton_msgs/cmake/export_ltl_automaton_msgs__rosidl_generator_cExport-noconfig.cmake
[5.673s] -- Installing: /home/maverick/LMCO/tmm-mas/sim/ROS2/install/ltl_automaton_msgs/share/ltl_automaton_msgs/cmake/export_ltl_automaton_msgs__rosidl_typesupport_fastrtps_cExport.cmake
[5.673s] -- Installing: /home/maverick/LMCO/tmm-mas/sim/ROS2/install/ltl_automaton_msgs/share/ltl_automaton_msgs/cmake/export_ltl_automaton_msgs__rosidl_typesupport_fastrtps_cExport-noconfig.cmake
[5.673s] -- Installing: /home/maverick/LMCO/tmm-mas/sim/ROS2/install/ltl_automaton_msgs/share/ltl_automaton_msgs/cmake/export_ltl_automaton_msgs__rosidl_generator_cppExport.cmake
[5.673s] -- Installing: /home/maverick/LMCO/tmm-mas/sim/ROS2/install/ltl_automaton_msgs/share/ltl_automaton_msgs/cmake/export_ltl_automaton_msgs__rosidl_typesupport_fastrtps_cppExport.cmake
[5.673s] -- Installing: /home/maverick/LMCO/tmm-mas/sim/ROS2/install/ltl_automaton_msgs/share/ltl_automaton_msgs/cmake/export_ltl_automaton_msgs__rosidl_typesupport_fastrtps_cppExport-noconfig.cmake
[5.673s] -- Installing: /home/maverick/LMCO/tmm-mas/sim/ROS2/install/ltl_automaton_msgs/share/ltl_automaton_msgs/cmake/ltl_automaton_msgs__rosidl_typesupport_introspection_cExport.cmake
[5.673s] -- Installing: /home/maverick/LMCO/tmm-mas/sim/ROS2/install/ltl_automaton_msgs/share/ltl_automaton_msgs/cmake/ltl_automaton_msgs__rosidl_typesupport_introspection_cExport-noconfig.cmake
[5.673s] -- Installing: /home/maverick/LMCO/tmm-mas/sim/ROS2/install/ltl_automaton_msgs/share/ltl_automaton_msgs/cmake/ltl_automaton_msgs__rosidl_typesupport_cExport.cmake
[5.673s] -- Installing: /home/maverick/LMCO/tmm-mas/sim/ROS2/install/ltl_automaton_msgs/share/ltl_automaton_msgs/cmake/ltl_automaton_msgs__rosidl_typesupport_cExport-noconfig.cmake
[5.673s] -- Installing: /home/maverick/LMCO/tmm-mas/sim/ROS2/install/ltl_automaton_msgs/share/ltl_automaton_msgs/cmake/ltl_automaton_msgs__rosidl_typesupport_introspection_cppExport.cmake
[5.673s] -- Installing: /home/maverick/LMCO/tmm-mas/sim/ROS2/install/ltl_automaton_msgs/share/ltl_automaton_msgs/cmake/ltl_automaton_msgs__rosidl_typesupport_introspection_cppExport-noconfig.cmake
[5.673s] -- Installing: /home/maverick/LMCO/tmm-mas/sim/ROS2/install/ltl_automaton_msgs/share/ltl_automaton_msgs/cmake/ltl_automaton_msgs__rosidl_typesupport_cppExport.cmake
[5.674s] -- Installing: /home/maverick/LMCO/tmm-mas/sim/ROS2/install/ltl_automaton_msgs/share/ltl_automaton_msgs/cmake/ltl_automaton_msgs__rosidl_typesupport_cppExport-noconfig.cmake
[5.674s] -- Installing: /home/maverick/LMCO/tmm-mas/sim/ROS2/install/ltl_automaton_msgs/share/ltl_automaton_msgs/cmake/export_ltl_automaton_msgs__rosidl_generator_pyExport.cmake
[5.674s] -- Installing: /home/maverick/LMCO/tmm-mas/sim/ROS2/install/ltl_automaton_msgs/share/ltl_automaton_msgs/cmake/export_ltl_automaton_msgs__rosidl_generator_pyExport-noconfig.cmake
[5.674s] -- Installing: /home/maverick/LMCO/tmm-mas/sim/ROS2/install/ltl_automaton_msgs/share/ltl_automaton_msgs/cmake/rosidl_cmake-extras.cmake
[5.674s] -- Installing: /home/maverick/LMCO/tmm-mas/sim/ROS2/install/ltl_automaton_msgs/share/ltl_automaton_msgs/cmake/ament_cmake_export_dependencies-extras.cmake
[5.674s] -- Installing: /home/maverick/LMCO/tmm-mas/sim/ROS2/install/ltl_automaton_msgs/share/ltl_automaton_msgs/cmake/ament_cmake_export_include_directories-extras.cmake
[5.674s] -- Installing: /home/maverick/LMCO/tmm-mas/sim/ROS2/install/ltl_automaton_msgs/share/ltl_automaton_msgs/cmake/ament_cmake_export_libraries-extras.cmake
[5.674s] -- Installing: /home/maverick/LMCO/tmm-mas/sim/ROS2/install/ltl_automaton_msgs/share/ltl_automaton_msgs/cmake/ament_cmake_export_targets-extras.cmake
[5.674s] -- Installing: /home/maverick/LMCO/tmm-mas/sim/ROS2/install/ltl_automaton_msgs/share/ltl_automaton_msgs/cmake/rosidl_cmake_export_typesupport_targets-extras.cmake
[5.674s] -- Installing: /home/maverick/LMCO/tmm-mas/sim/ROS2/install/ltl_automaton_msgs/share/ltl_automaton_msgs/cmake/rosidl_cmake_export_typesupport_libraries-extras.cmake
[5.674s] -- Installing: /home/maverick/LMCO/tmm-mas/sim/ROS2/install/ltl_automaton_msgs/share/ltl_automaton_msgs/cmake/ltl_automaton_msgsConfig.cmake
[5.674s] -- Installing: /home/maverick/LMCO/tmm-mas/sim/ROS2/install/ltl_automaton_msgs/share/ltl_automaton_msgs/cmake/ltl_automaton_msgsConfig-version.cmake
[5.674s] -- Installing: /home/maverick/LMCO/tmm-mas/sim/ROS2/install/ltl_automaton_msgs/share/ltl_automaton_msgs/package.xml
[5.676s] Invoked command in '/home/maverick/LMCO/tmm-mas/sim/ROS2/build/ltl_automaton_msgs' returned '0': CMAKE_PREFIX_PATH=${CMAKE_PREFIX_PATH}:/opt/ros/humble /usr/bin/cmake --install /home/maverick/LMCO/tmm-mas/sim/ROS2/build/ltl_automaton_msgs
