[0.008s] Invoking command in '/home/maverick/LMCO/tmm-mas/sim/ROS2/build/interfaces_hmm_sim': CMAKE_PREFIX_PATH=${CMAKE_PREFIX_PATH}:/opt/ros/humble /usr/bin/cmake --build /home/maverick/LMCO/tmm-mas/sim/ROS2/build/interfaces_hmm_sim -- -j16 -l16
[0.044s] [ 10%] Built target interfaces_hmm_sim__cpp
[0.045s] [ 12%] Built target interfaces_hmm_sim__rosidl_generator_c
[0.052s] [ 12%] Built target ament_cmake_python_copy_interfaces_hmm_sim
[0.061s] [ 23%] Built target interfaces_hmm_sim__rosidl_typesupport_fastrtps_cpp
[0.061s] [ 33%] Built target interfaces_hmm_sim__rosidl_typesupport_cpp
[0.061s] [ 43%] Built target interfaces_hmm_sim__rosidl_typesupport_introspection_cpp
[0.068s] [ 74%] Built target interfaces_hmm_sim__rosidl_typesupport_c
[0.068s] [ 74%] Built target interfaces_hmm_sim__rosidl_typesupport_fastrtps_c
[0.068s] [ 74%] Built target interfaces_hmm_sim__rosidl_typesupport_introspection_c
[0.083s] [ 74%] Built target interfaces_hmm_sim
[0.098s] [ 76%] Built target interfaces_hmm_sim__py
[0.111s] [ 84%] Built target interfaces_hmm_sim__rosidl_generator_py
[0.127s] [100%] Built target interfaces_hmm_sim__rosidl_typesupport_c__pyext
[0.128s] [100%] Built target interfaces_hmm_sim__rosidl_typesupport_fastrtps_c__pyext
[0.128s] [100%] Built target interfaces_hmm_sim__rosidl_typesupport_introspection_c__pyext
[0.205s] running egg_info
[0.205s] writing interfaces_hmm_sim.egg-info/PKG-INFO
[0.205s] writing dependency_links to interfaces_hmm_sim.egg-info/dependency_links.txt
[0.205s] writing top-level names to interfaces_hmm_sim.egg-info/top_level.txt
[0.206s] reading manifest file 'interfaces_hmm_sim.egg-info/SOURCES.txt'
[0.207s] writing manifest file 'interfaces_hmm_sim.egg-info/SOURCES.txt'
[0.223s] [100%] Built target ament_cmake_python_build_interfaces_hmm_sim_egg
[0.231s] Invoked command in '/home/maverick/LMCO/tmm-mas/sim/ROS2/build/interfaces_hmm_sim' returned '0': CMAKE_PREFIX_PATH=${CMAKE_PREFIX_PATH}:/opt/ros/humble /usr/bin/cmake --build /home/maverick/LMCO/tmm-mas/sim/ROS2/build/interfaces_hmm_sim -- -j16 -l16
[0.238s] Invoking command in '/home/maverick/LMCO/tmm-mas/sim/ROS2/build/interfaces_hmm_sim': CMAKE_PREFIX_PATH=${CMAKE_PREFIX_PATH}:/opt/ros/humble /usr/bin/cmake --install /home/maverick/LMCO/tmm-mas/sim/ROS2/build/interfaces_hmm_sim
[0.245s] -- Install configuration: ""
[0.245s] -- Up-to-date: /home/maverick/LMCO/tmm-mas/sim/ROS2/install/interfaces_hmm_sim/share/ament_index/resource_index/rosidl_interfaces/interfaces_hmm_sim
[0.245s] -- Up-to-date: /home/maverick/LMCO/tmm-mas/sim/ROS2/install/interfaces_hmm_sim/include/interfaces_hmm_sim/interfaces_hmm_sim
[0.245s] -- Up-to-date: /home/maverick/LMCO/tmm-mas/sim/ROS2/install/interfaces_hmm_sim/include/interfaces_hmm_sim/interfaces_hmm_sim/msg
[0.245s] -- Up-to-date: /home/maverick/LMCO/tmm-mas/sim/ROS2/install/interfaces_hmm_sim/include/interfaces_hmm_sim/interfaces_hmm_sim/msg/detail
[0.245s] -- Up-to-date: /home/maverick/LMCO/tmm-mas/sim/ROS2/install/interfaces_hmm_sim/include/interfaces_hmm_sim/interfaces_hmm_sim/msg/detail/status__struct.h
[0.246s] -- Up-to-date: /home/maverick/LMCO/tmm-mas/sim/ROS2/install/interfaces_hmm_sim/include/interfaces_hmm_sim/interfaces_hmm_sim/msg/detail/agent_poses__struct.h
[0.246s] -- Up-to-date: /home/maverick/LMCO/tmm-mas/sim/ROS2/install/interfaces_hmm_sim/include/interfaces_hmm_sim/interfaces_hmm_sim/msg/detail/status__functions.c
[0.246s] -- Up-to-date: /home/maverick/LMCO/tmm-mas/sim/ROS2/install/interfaces_hmm_sim/include/interfaces_hmm_sim/interfaces_hmm_sim/msg/detail/agent_poses__functions.c
[0.246s] -- Up-to-date: /home/maverick/LMCO/tmm-mas/sim/ROS2/install/interfaces_hmm_sim/include/interfaces_hmm_sim/interfaces_hmm_sim/msg/detail/agent_poses__type_support.h
[0.246s] -- Up-to-date: /home/maverick/LMCO/tmm-mas/sim/ROS2/install/interfaces_hmm_sim/include/interfaces_hmm_sim/interfaces_hmm_sim/msg/detail/agent_poses__functions.h
[0.246s] -- Up-to-date: /home/maverick/LMCO/tmm-mas/sim/ROS2/install/interfaces_hmm_sim/include/interfaces_hmm_sim/interfaces_hmm_sim/msg/detail/status__functions.h
[0.246s] -- Up-to-date: /home/maverick/LMCO/tmm-mas/sim/ROS2/install/interfaces_hmm_sim/include/interfaces_hmm_sim/interfaces_hmm_sim/msg/detail/status__type_support.h
[0.246s] -- Up-to-date: /home/maverick/LMCO/tmm-mas/sim/ROS2/install/interfaces_hmm_sim/include/interfaces_hmm_sim/interfaces_hmm_sim/msg/agent_poses.h
[0.246s] -- Up-to-date: /home/maverick/LMCO/tmm-mas/sim/ROS2/install/interfaces_hmm_sim/include/interfaces_hmm_sim/interfaces_hmm_sim/msg/status.h
[0.246s] -- Up-to-date: /home/maverick/LMCO/tmm-mas/sim/ROS2/install/interfaces_hmm_sim/include/interfaces_hmm_sim/interfaces_hmm_sim/msg/rosidl_generator_c__visibility_control.h
[0.246s] -- Up-to-date: /home/maverick/LMCO/tmm-mas/sim/ROS2/install/interfaces_hmm_sim/share/interfaces_hmm_sim/environment/library_path.sh
[0.246s] -- Up-to-date: /home/maverick/LMCO/tmm-mas/sim/ROS2/install/interfaces_hmm_sim/share/interfaces_hmm_sim/environment/library_path.dsv
[0.246s] -- Up-to-date: /home/maverick/LMCO/tmm-mas/sim/ROS2/install/interfaces_hmm_sim/lib/libinterfaces_hmm_sim__rosidl_generator_c.so
[0.246s] -- Up-to-date: /home/maverick/LMCO/tmm-mas/sim/ROS2/install/interfaces_hmm_sim/include/interfaces_hmm_sim/interfaces_hmm_sim
[0.246s] -- Up-to-date: /home/maverick/LMCO/tmm-mas/sim/ROS2/install/interfaces_hmm_sim/include/interfaces_hmm_sim/interfaces_hmm_sim/msg
[0.246s] -- Up-to-date: /home/maverick/LMCO/tmm-mas/sim/ROS2/install/interfaces_hmm_sim/include/interfaces_hmm_sim/interfaces_hmm_sim/msg/detail
[0.246s] -- Up-to-date: /home/maverick/LMCO/tmm-mas/sim/ROS2/install/interfaces_hmm_sim/include/interfaces_hmm_sim/interfaces_hmm_sim/msg/detail/agent_poses__rosidl_typesupport_fastrtps_c.h
[0.246s] -- Up-to-date: /home/maverick/LMCO/tmm-mas/sim/ROS2/install/interfaces_hmm_sim/include/interfaces_hmm_sim/interfaces_hmm_sim/msg/detail/status__rosidl_typesupport_fastrtps_c.h
[0.246s] -- Up-to-date: /home/maverick/LMCO/tmm-mas/sim/ROS2/install/interfaces_hmm_sim/include/interfaces_hmm_sim/interfaces_hmm_sim/msg/rosidl_typesupport_fastrtps_c__visibility_control.h
[0.246s] -- Up-to-date: /home/maverick/LMCO/tmm-mas/sim/ROS2/install/interfaces_hmm_sim/lib/libinterfaces_hmm_sim__rosidl_typesupport_fastrtps_c.so
[0.246s] -- Up-to-date: /home/maverick/LMCO/tmm-mas/sim/ROS2/install/interfaces_hmm_sim/include/interfaces_hmm_sim/interfaces_hmm_sim
[0.246s] -- Up-to-date: /home/maverick/LMCO/tmm-mas/sim/ROS2/install/interfaces_hmm_sim/include/interfaces_hmm_sim/interfaces_hmm_sim/msg
[0.246s] -- Up-to-date: /home/maverick/LMCO/tmm-mas/sim/ROS2/install/interfaces_hmm_sim/include/interfaces_hmm_sim/interfaces_hmm_sim/msg/detail
[0.246s] -- Up-to-date: /home/maverick/LMCO/tmm-mas/sim/ROS2/install/interfaces_hmm_sim/include/interfaces_hmm_sim/interfaces_hmm_sim/msg/detail/status__type_support.c
[0.246s] -- Up-to-date: /home/maverick/LMCO/tmm-mas/sim/ROS2/install/interfaces_hmm_sim/include/interfaces_hmm_sim/interfaces_hmm_sim/msg/detail/agent_poses__rosidl_typesupport_introspection_c.h
[0.246s] -- Up-to-date: /home/maverick/LMCO/tmm-mas/sim/ROS2/install/interfaces_hmm_sim/include/interfaces_hmm_sim/interfaces_hmm_sim/msg/detail/status__rosidl_typesupport_introspection_c.h
[0.247s] -- Up-to-date: /home/maverick/LMCO/tmm-mas/sim/ROS2/install/interfaces_hmm_sim/include/interfaces_hmm_sim/interfaces_hmm_sim/msg/detail/agent_poses__type_support.c
[0.247s] -- Up-to-date: /home/maverick/LMCO/tmm-mas/sim/ROS2/install/interfaces_hmm_sim/include/interfaces_hmm_sim/interfaces_hmm_sim/msg/rosidl_typesupport_introspection_c__visibility_control.h
[0.247s] -- Up-to-date: /home/maverick/LMCO/tmm-mas/sim/ROS2/install/interfaces_hmm_sim/lib/libinterfaces_hmm_sim__rosidl_typesupport_introspection_c.so
[0.247s] -- Up-to-date: /home/maverick/LMCO/tmm-mas/sim/ROS2/install/interfaces_hmm_sim/lib/libinterfaces_hmm_sim__rosidl_typesupport_c.so
[0.247s] -- Up-to-date: /home/maverick/LMCO/tmm-mas/sim/ROS2/install/interfaces_hmm_sim/include/interfaces_hmm_sim/interfaces_hmm_sim
[0.247s] -- Up-to-date: /home/maverick/LMCO/tmm-mas/sim/ROS2/install/interfaces_hmm_sim/include/interfaces_hmm_sim/interfaces_hmm_sim/msg
[0.247s] -- Up-to-date: /home/maverick/LMCO/tmm-mas/sim/ROS2/install/interfaces_hmm_sim/include/interfaces_hmm_sim/interfaces_hmm_sim/msg/detail
[0.247s] -- Up-to-date: /home/maverick/LMCO/tmm-mas/sim/ROS2/install/interfaces_hmm_sim/include/interfaces_hmm_sim/interfaces_hmm_sim/msg/detail/status__builder.hpp
[0.247s] -- Up-to-date: /home/maverick/LMCO/tmm-mas/sim/ROS2/install/interfaces_hmm_sim/include/interfaces_hmm_sim/interfaces_hmm_sim/msg/detail/status__struct.hpp
[0.247s] -- Up-to-date: /home/maverick/LMCO/tmm-mas/sim/ROS2/install/interfaces_hmm_sim/include/interfaces_hmm_sim/interfaces_hmm_sim/msg/detail/agent_poses__struct.hpp
[0.247s] -- Up-to-date: /home/maverick/LMCO/tmm-mas/sim/ROS2/install/interfaces_hmm_sim/include/interfaces_hmm_sim/interfaces_hmm_sim/msg/detail/status__traits.hpp
[0.247s] -- Up-to-date: /home/maverick/LMCO/tmm-mas/sim/ROS2/install/interfaces_hmm_sim/include/interfaces_hmm_sim/interfaces_hmm_sim/msg/detail/status__type_support.hpp
[0.247s] -- Up-to-date: /home/maverick/LMCO/tmm-mas/sim/ROS2/install/interfaces_hmm_sim/include/interfaces_hmm_sim/interfaces_hmm_sim/msg/detail/agent_poses__type_support.hpp
[0.247s] -- Up-to-date: /home/maverick/LMCO/tmm-mas/sim/ROS2/install/interfaces_hmm_sim/include/interfaces_hmm_sim/interfaces_hmm_sim/msg/detail/agent_poses__traits.hpp
[0.247s] -- Up-to-date: /home/maverick/LMCO/tmm-mas/sim/ROS2/install/interfaces_hmm_sim/include/interfaces_hmm_sim/interfaces_hmm_sim/msg/detail/agent_poses__builder.hpp
[0.247s] -- Up-to-date: /home/maverick/LMCO/tmm-mas/sim/ROS2/install/interfaces_hmm_sim/include/interfaces_hmm_sim/interfaces_hmm_sim/msg/agent_poses.hpp
[0.247s] -- Up-to-date: /home/maverick/LMCO/tmm-mas/sim/ROS2/install/interfaces_hmm_sim/include/interfaces_hmm_sim/interfaces_hmm_sim/msg/status.hpp
[0.247s] -- Up-to-date: /home/maverick/LMCO/tmm-mas/sim/ROS2/install/interfaces_hmm_sim/include/interfaces_hmm_sim/interfaces_hmm_sim/msg/rosidl_generator_cpp__visibility_control.hpp
[0.247s] -- Up-to-date: /home/maverick/LMCO/tmm-mas/sim/ROS2/install/interfaces_hmm_sim/include/interfaces_hmm_sim/interfaces_hmm_sim
[0.247s] -- Up-to-date: /home/maverick/LMCO/tmm-mas/sim/ROS2/install/interfaces_hmm_sim/include/interfaces_hmm_sim/interfaces_hmm_sim/msg
[0.247s] -- Up-to-date: /home/maverick/LMCO/tmm-mas/sim/ROS2/install/interfaces_hmm_sim/include/interfaces_hmm_sim/interfaces_hmm_sim/msg/rosidl_typesupport_fastrtps_cpp__visibility_control.h
[0.247s] -- Up-to-date: /home/maverick/LMCO/tmm-mas/sim/ROS2/install/interfaces_hmm_sim/include/interfaces_hmm_sim/interfaces_hmm_sim/msg/detail
[0.247s] -- Up-to-date: /home/maverick/LMCO/tmm-mas/sim/ROS2/install/interfaces_hmm_sim/include/interfaces_hmm_sim/interfaces_hmm_sim/msg/detail/status__rosidl_typesupport_fastrtps_cpp.hpp
[0.247s] -- Up-to-date: /home/maverick/LMCO/tmm-mas/sim/ROS2/install/interfaces_hmm_sim/include/interfaces_hmm_sim/interfaces_hmm_sim/msg/detail/agent_poses__rosidl_typesupport_fastrtps_cpp.hpp
[0.247s] -- Up-to-date: /home/maverick/LMCO/tmm-mas/sim/ROS2/install/interfaces_hmm_sim/include/interfaces_hmm_sim/interfaces_hmm_sim/msg/detail/dds_fastrtps
[0.247s] -- Up-to-date: /home/maverick/LMCO/tmm-mas/sim/ROS2/install/interfaces_hmm_sim/lib/libinterfaces_hmm_sim__rosidl_typesupport_fastrtps_cpp.so
[0.247s] -- Up-to-date: /home/maverick/LMCO/tmm-mas/sim/ROS2/install/interfaces_hmm_sim/include/interfaces_hmm_sim/interfaces_hmm_sim
[0.247s] -- Up-to-date: /home/maverick/LMCO/tmm-mas/sim/ROS2/install/interfaces_hmm_sim/include/interfaces_hmm_sim/interfaces_hmm_sim/msg
[0.248s] -- Up-to-date: /home/maverick/LMCO/tmm-mas/sim/ROS2/install/interfaces_hmm_sim/include/interfaces_hmm_sim/interfaces_hmm_sim/msg/detail
[0.248s] -- Up-to-date: /home/maverick/LMCO/tmm-mas/sim/ROS2/install/interfaces_hmm_sim/include/interfaces_hmm_sim/interfaces_hmm_sim/msg/detail/status__type_support.cpp
[0.248s] -- Up-to-date: /home/maverick/LMCO/tmm-mas/sim/ROS2/install/interfaces_hmm_sim/include/interfaces_hmm_sim/interfaces_hmm_sim/msg/detail/status__rosidl_typesupport_introspection_cpp.hpp
[0.248s] -- Up-to-date: /home/maverick/LMCO/tmm-mas/sim/ROS2/install/interfaces_hmm_sim/include/interfaces_hmm_sim/interfaces_hmm_sim/msg/detail/agent_poses__rosidl_typesupport_introspection_cpp.hpp
[0.248s] -- Up-to-date: /home/maverick/LMCO/tmm-mas/sim/ROS2/install/interfaces_hmm_sim/include/interfaces_hmm_sim/interfaces_hmm_sim/msg/detail/agent_poses__type_support.cpp
[0.248s] -- Up-to-date: /home/maverick/LMCO/tmm-mas/sim/ROS2/install/interfaces_hmm_sim/lib/libinterfaces_hmm_sim__rosidl_typesupport_introspection_cpp.so
[0.248s] -- Up-to-date: /home/maverick/LMCO/tmm-mas/sim/ROS2/install/interfaces_hmm_sim/lib/libinterfaces_hmm_sim__rosidl_typesupport_cpp.so
[0.248s] -- Up-to-date: /home/maverick/LMCO/tmm-mas/sim/ROS2/install/interfaces_hmm_sim/share/interfaces_hmm_sim/environment/pythonpath.sh
[0.248s] -- Up-to-date: /home/maverick/LMCO/tmm-mas/sim/ROS2/install/interfaces_hmm_sim/share/interfaces_hmm_sim/environment/pythonpath.dsv
[0.248s] -- Up-to-date: /home/maverick/LMCO/tmm-mas/sim/ROS2/install/interfaces_hmm_sim/local/lib/python3.10/dist-packages/interfaces_hmm_sim-0.0.0-py3.10.egg-info
[0.248s] -- Installing: /home/maverick/LMCO/tmm-mas/sim/ROS2/install/interfaces_hmm_sim/local/lib/python3.10/dist-packages/interfaces_hmm_sim-0.0.0-py3.10.egg-info/SOURCES.txt
[0.248s] -- Installing: /home/maverick/LMCO/tmm-mas/sim/ROS2/install/interfaces_hmm_sim/local/lib/python3.10/dist-packages/interfaces_hmm_sim-0.0.0-py3.10.egg-info/top_level.txt
[0.248s] -- Installing: /home/maverick/LMCO/tmm-mas/sim/ROS2/install/interfaces_hmm_sim/local/lib/python3.10/dist-packages/interfaces_hmm_sim-0.0.0-py3.10.egg-info/dependency_links.txt
[0.248s] -- Installing: /home/maverick/LMCO/tmm-mas/sim/ROS2/install/interfaces_hmm_sim/local/lib/python3.10/dist-packages/interfaces_hmm_sim-0.0.0-py3.10.egg-info/PKG-INFO
[0.248s] -- Up-to-date: /home/maverick/LMCO/tmm-mas/sim/ROS2/install/interfaces_hmm_sim/local/lib/python3.10/dist-packages/interfaces_hmm_sim
[0.248s] -- Up-to-date: /home/maverick/LMCO/tmm-mas/sim/ROS2/install/interfaces_hmm_sim/local/lib/python3.10/dist-packages/interfaces_hmm_sim/_interfaces_hmm_sim_s.ep.rosidl_typesupport_c.c
[0.248s] -- Up-to-date: /home/maverick/LMCO/tmm-mas/sim/ROS2/install/interfaces_hmm_sim/local/lib/python3.10/dist-packages/interfaces_hmm_sim/msg
[0.248s] -- Up-to-date: /home/maverick/LMCO/tmm-mas/sim/ROS2/install/interfaces_hmm_sim/local/lib/python3.10/dist-packages/interfaces_hmm_sim/msg/_status_s.c
[0.248s] -- Up-to-date: /home/maverick/LMCO/tmm-mas/sim/ROS2/install/interfaces_hmm_sim/local/lib/python3.10/dist-packages/interfaces_hmm_sim/msg/_status.py
[0.248s] -- Up-to-date: /home/maverick/LMCO/tmm-mas/sim/ROS2/install/interfaces_hmm_sim/local/lib/python3.10/dist-packages/interfaces_hmm_sim/msg/_agent_poses_s.c
[0.248s] -- Up-to-date: /home/maverick/LMCO/tmm-mas/sim/ROS2/install/interfaces_hmm_sim/local/lib/python3.10/dist-packages/interfaces_hmm_sim/msg/__init__.py
[0.248s] -- Up-to-date: /home/maverick/LMCO/tmm-mas/sim/ROS2/install/interfaces_hmm_sim/local/lib/python3.10/dist-packages/interfaces_hmm_sim/msg/_agent_poses.py
[0.248s] -- Up-to-date: /home/maverick/LMCO/tmm-mas/sim/ROS2/install/interfaces_hmm_sim/local/lib/python3.10/dist-packages/interfaces_hmm_sim/_interfaces_hmm_sim_s.ep.rosidl_typesupport_fastrtps_c.c
[0.248s] -- Up-to-date: /home/maverick/LMCO/tmm-mas/sim/ROS2/install/interfaces_hmm_sim/local/lib/python3.10/dist-packages/interfaces_hmm_sim/interfaces_hmm_sim_s__rosidl_typesupport_c.cpython-310-x86_64-linux-gnu.so
[0.248s] -- Up-to-date: /home/maverick/LMCO/tmm-mas/sim/ROS2/install/interfaces_hmm_sim/local/lib/python3.10/dist-packages/interfaces_hmm_sim/libinterfaces_hmm_sim__rosidl_generator_py.so
[0.249s] -- Up-to-date: /home/maverick/LMCO/tmm-mas/sim/ROS2/install/interfaces_hmm_sim/local/lib/python3.10/dist-packages/interfaces_hmm_sim/_interfaces_hmm_sim_s.ep.rosidl_typesupport_introspection_c.c
[0.249s] -- Up-to-date: /home/maverick/LMCO/tmm-mas/sim/ROS2/install/interfaces_hmm_sim/local/lib/python3.10/dist-packages/interfaces_hmm_sim/__init__.py
[0.249s] -- Up-to-date: /home/maverick/LMCO/tmm-mas/sim/ROS2/install/interfaces_hmm_sim/local/lib/python3.10/dist-packages/interfaces_hmm_sim/interfaces_hmm_sim_s__rosidl_typesupport_introspection_c.cpython-310-x86_64-linux-gnu.so
[0.249s] -- Up-to-date: /home/maverick/LMCO/tmm-mas/sim/ROS2/install/interfaces_hmm_sim/local/lib/python3.10/dist-packages/interfaces_hmm_sim/interfaces_hmm_sim_s__rosidl_typesupport_fastrtps_c.cpython-310-x86_64-linux-gnu.so
[0.267s] Listing '/home/maverick/LMCO/tmm-mas/sim/ROS2/install/interfaces_hmm_sim/local/lib/python3.10/dist-packages/interfaces_hmm_sim'...
[0.267s] Listing '/home/maverick/LMCO/tmm-mas/sim/ROS2/install/interfaces_hmm_sim/local/lib/python3.10/dist-packages/interfaces_hmm_sim/msg'...
[0.269s] -- Up-to-date: /home/maverick/LMCO/tmm-mas/sim/ROS2/install/interfaces_hmm_sim/local/lib/python3.10/dist-packages/interfaces_hmm_sim/interfaces_hmm_sim_s__rosidl_typesupport_fastrtps_c.cpython-310-x86_64-linux-gnu.so
[0.269s] -- Up-to-date: /home/maverick/LMCO/tmm-mas/sim/ROS2/install/interfaces_hmm_sim/local/lib/python3.10/dist-packages/interfaces_hmm_sim/interfaces_hmm_sim_s__rosidl_typesupport_introspection_c.cpython-310-x86_64-linux-gnu.so
[0.269s] -- Up-to-date: /home/maverick/LMCO/tmm-mas/sim/ROS2/install/interfaces_hmm_sim/local/lib/python3.10/dist-packages/interfaces_hmm_sim/interfaces_hmm_sim_s__rosidl_typesupport_c.cpython-310-x86_64-linux-gnu.so
[0.269s] -- Up-to-date: /home/maverick/LMCO/tmm-mas/sim/ROS2/install/interfaces_hmm_sim/lib/libinterfaces_hmm_sim__rosidl_generator_py.so
[0.270s] -- Up-to-date: /home/maverick/LMCO/tmm-mas/sim/ROS2/install/interfaces_hmm_sim/share/interfaces_hmm_sim/msg/AgentPoses.idl
[0.270s] -- Up-to-date: /home/maverick/LMCO/tmm-mas/sim/ROS2/install/interfaces_hmm_sim/share/interfaces_hmm_sim/msg/Status.idl
[0.270s] -- Up-to-date: /home/maverick/LMCO/tmm-mas/sim/ROS2/install/interfaces_hmm_sim/share/interfaces_hmm_sim/msg/AgentPoses.msg
[0.270s] -- Up-to-date: /home/maverick/LMCO/tmm-mas/sim/ROS2/install/interfaces_hmm_sim/share/interfaces_hmm_sim/msg/Status.msg
[0.270s] -- Up-to-date: /home/maverick/LMCO/tmm-mas/sim/ROS2/install/interfaces_hmm_sim/share/ament_index/resource_index/package_run_dependencies/interfaces_hmm_sim
[0.270s] -- Up-to-date: /home/maverick/LMCO/tmm-mas/sim/ROS2/install/interfaces_hmm_sim/share/ament_index/resource_index/parent_prefix_path/interfaces_hmm_sim
[0.270s] -- Up-to-date: /home/maverick/LMCO/tmm-mas/sim/ROS2/install/interfaces_hmm_sim/share/interfaces_hmm_sim/environment/ament_prefix_path.sh
[0.270s] -- Up-to-date: /home/maverick/LMCO/tmm-mas/sim/ROS2/install/interfaces_hmm_sim/share/interfaces_hmm_sim/environment/ament_prefix_path.dsv
[0.270s] -- Up-to-date: /home/maverick/LMCO/tmm-mas/sim/ROS2/install/interfaces_hmm_sim/share/interfaces_hmm_sim/environment/path.sh
[0.270s] -- Up-to-date: /home/maverick/LMCO/tmm-mas/sim/ROS2/install/interfaces_hmm_sim/share/interfaces_hmm_sim/environment/path.dsv
[0.270s] -- Up-to-date: /home/maverick/LMCO/tmm-mas/sim/ROS2/install/interfaces_hmm_sim/share/interfaces_hmm_sim/local_setup.bash
[0.270s] -- Up-to-date: /home/maverick/LMCO/tmm-mas/sim/ROS2/install/interfaces_hmm_sim/share/interfaces_hmm_sim/local_setup.sh
[0.270s] -- Up-to-date: /home/maverick/LMCO/tmm-mas/sim/ROS2/install/interfaces_hmm_sim/share/interfaces_hmm_sim/local_setup.zsh
[0.270s] -- Up-to-date: /home/maverick/LMCO/tmm-mas/sim/ROS2/install/interfaces_hmm_sim/share/interfaces_hmm_sim/local_setup.dsv
[0.270s] -- Installing: /home/maverick/LMCO/tmm-mas/sim/ROS2/install/interfaces_hmm_sim/share/interfaces_hmm_sim/package.dsv
[0.270s] -- Up-to-date: /home/maverick/LMCO/tmm-mas/sim/ROS2/install/interfaces_hmm_sim/share/ament_index/resource_index/packages/interfaces_hmm_sim
[0.270s] -- Up-to-date: /home/maverick/LMCO/tmm-mas/sim/ROS2/install/interfaces_hmm_sim/share/interfaces_hmm_sim/cmake/export_interfaces_hmm_sim__rosidl_generator_cExport.cmake
[0.270s] -- Up-to-date: /home/maverick/LMCO/tmm-mas/sim/ROS2/install/interfaces_hmm_sim/share/interfaces_hmm_sim/cmake/export_interfaces_hmm_sim__rosidl_generator_cExport-noconfig.cmake
[0.270s] -- Up-to-date: /home/maverick/LMCO/tmm-mas/sim/ROS2/install/interfaces_hmm_sim/share/interfaces_hmm_sim/cmake/export_interfaces_hmm_sim__rosidl_typesupport_fastrtps_cExport.cmake
[0.270s] -- Up-to-date: /home/maverick/LMCO/tmm-mas/sim/ROS2/install/interfaces_hmm_sim/share/interfaces_hmm_sim/cmake/export_interfaces_hmm_sim__rosidl_typesupport_fastrtps_cExport-noconfig.cmake
[0.270s] -- Up-to-date: /home/maverick/LMCO/tmm-mas/sim/ROS2/install/interfaces_hmm_sim/share/interfaces_hmm_sim/cmake/interfaces_hmm_sim__rosidl_typesupport_introspection_cExport.cmake
[0.270s] -- Up-to-date: /home/maverick/LMCO/tmm-mas/sim/ROS2/install/interfaces_hmm_sim/share/interfaces_hmm_sim/cmake/interfaces_hmm_sim__rosidl_typesupport_introspection_cExport-noconfig.cmake
[0.270s] -- Up-to-date: /home/maverick/LMCO/tmm-mas/sim/ROS2/install/interfaces_hmm_sim/share/interfaces_hmm_sim/cmake/interfaces_hmm_sim__rosidl_typesupport_cExport.cmake
[0.270s] -- Up-to-date: /home/maverick/LMCO/tmm-mas/sim/ROS2/install/interfaces_hmm_sim/share/interfaces_hmm_sim/cmake/interfaces_hmm_sim__rosidl_typesupport_cExport-noconfig.cmake
[0.270s] -- Up-to-date: /home/maverick/LMCO/tmm-mas/sim/ROS2/install/interfaces_hmm_sim/share/interfaces_hmm_sim/cmake/export_interfaces_hmm_sim__rosidl_generator_cppExport.cmake
[0.270s] -- Up-to-date: /home/maverick/LMCO/tmm-mas/sim/ROS2/install/interfaces_hmm_sim/share/interfaces_hmm_sim/cmake/export_interfaces_hmm_sim__rosidl_typesupport_fastrtps_cppExport.cmake
[0.271s] -- Up-to-date: /home/maverick/LMCO/tmm-mas/sim/ROS2/install/interfaces_hmm_sim/share/interfaces_hmm_sim/cmake/export_interfaces_hmm_sim__rosidl_typesupport_fastrtps_cppExport-noconfig.cmake
[0.271s] -- Up-to-date: /home/maverick/LMCO/tmm-mas/sim/ROS2/install/interfaces_hmm_sim/share/interfaces_hmm_sim/cmake/interfaces_hmm_sim__rosidl_typesupport_introspection_cppExport.cmake
[0.271s] -- Up-to-date: /home/maverick/LMCO/tmm-mas/sim/ROS2/install/interfaces_hmm_sim/share/interfaces_hmm_sim/cmake/interfaces_hmm_sim__rosidl_typesupport_introspection_cppExport-noconfig.cmake
[0.271s] -- Up-to-date: /home/maverick/LMCO/tmm-mas/sim/ROS2/install/interfaces_hmm_sim/share/interfaces_hmm_sim/cmake/interfaces_hmm_sim__rosidl_typesupport_cppExport.cmake
[0.271s] -- Up-to-date: /home/maverick/LMCO/tmm-mas/sim/ROS2/install/interfaces_hmm_sim/share/interfaces_hmm_sim/cmake/interfaces_hmm_sim__rosidl_typesupport_cppExport-noconfig.cmake
[0.271s] -- Up-to-date: /home/maverick/LMCO/tmm-mas/sim/ROS2/install/interfaces_hmm_sim/share/interfaces_hmm_sim/cmake/export_interfaces_hmm_sim__rosidl_generator_pyExport.cmake
[0.271s] -- Up-to-date: /home/maverick/LMCO/tmm-mas/sim/ROS2/install/interfaces_hmm_sim/share/interfaces_hmm_sim/cmake/export_interfaces_hmm_sim__rosidl_generator_pyExport-noconfig.cmake
[0.271s] -- Up-to-date: /home/maverick/LMCO/tmm-mas/sim/ROS2/install/interfaces_hmm_sim/share/interfaces_hmm_sim/cmake/rosidl_cmake-extras.cmake
[0.271s] -- Up-to-date: /home/maverick/LMCO/tmm-mas/sim/ROS2/install/interfaces_hmm_sim/share/interfaces_hmm_sim/cmake/ament_cmake_export_include_directories-extras.cmake
[0.271s] -- Up-to-date: /home/maverick/LMCO/tmm-mas/sim/ROS2/install/interfaces_hmm_sim/share/interfaces_hmm_sim/cmake/ament_cmake_export_libraries-extras.cmake
[0.271s] -- Up-to-date: /home/maverick/LMCO/tmm-mas/sim/ROS2/install/interfaces_hmm_sim/share/interfaces_hmm_sim/cmake/ament_cmake_export_targets-extras.cmake
[0.271s] -- Up-to-date: /home/maverick/LMCO/tmm-mas/sim/ROS2/install/interfaces_hmm_sim/share/interfaces_hmm_sim/cmake/rosidl_cmake_export_typesupport_targets-extras.cmake
[0.271s] -- Up-to-date: /home/maverick/LMCO/tmm-mas/sim/ROS2/install/interfaces_hmm_sim/share/interfaces_hmm_sim/cmake/ament_cmake_export_dependencies-extras.cmake
[0.271s] -- Up-to-date: /home/maverick/LMCO/tmm-mas/sim/ROS2/install/interfaces_hmm_sim/share/interfaces_hmm_sim/cmake/rosidl_cmake_export_typesupport_libraries-extras.cmake
[0.271s] -- Up-to-date: /home/maverick/LMCO/tmm-mas/sim/ROS2/install/interfaces_hmm_sim/share/interfaces_hmm_sim/cmake/interfaces_hmm_simConfig.cmake
[0.271s] -- Up-to-date: /home/maverick/LMCO/tmm-mas/sim/ROS2/install/interfaces_hmm_sim/share/interfaces_hmm_sim/cmake/interfaces_hmm_simConfig-version.cmake
[0.271s] -- Up-to-date: /home/maverick/LMCO/tmm-mas/sim/ROS2/install/interfaces_hmm_sim/share/interfaces_hmm_sim/package.xml
[0.272s] Invoked command in '/home/maverick/LMCO/tmm-mas/sim/ROS2/build/interfaces_hmm_sim' returned '0': CMAKE_PREFIX_PATH=${CMAKE_PREFIX_PATH}:/opt/ros/humble /usr/bin/cmake --install /home/maverick/LMCO/tmm-mas/sim/ROS2/build/interfaces_hmm_sim
