running egg_info
creating ../../build/ltl_automaton_planner/ltl_automaton_planner.egg-info
writing ../../build/ltl_automaton_planner/ltl_automaton_planner.egg-info/PKG-INFO
writing dependency_links to ../../build/ltl_automaton_planner/ltl_automaton_planner.egg-info/dependency_links.txt
writing entry points to ../../build/ltl_automaton_planner/ltl_automaton_planner.egg-info/entry_points.txt
writing requirements to ../../build/ltl_automaton_planner/ltl_automaton_planner.egg-info/requires.txt
writing top-level names to ../../build/ltl_automaton_planner/ltl_automaton_planner.egg-info/top_level.txt
writing manifest file '../../build/ltl_automaton_planner/ltl_automaton_planner.egg-info/SOURCES.txt'
reading manifest file '../../build/ltl_automaton_planner/ltl_automaton_planner.egg-info/SOURCES.txt'
writing manifest file '../../build/ltl_automaton_planner/ltl_automaton_planner.egg-info/SOURCES.txt'
running build
running build_py
creating /home/maverick/LMCO/tmm-mas/sim/ROS2/build/ltl_automaton_planner/build
creating /home/maverick/LMCO/tmm-mas/sim/ROS2/build/ltl_automaton_planner/build/lib
creating /home/maverick/LMCO/tmm-mas/sim/ROS2/build/ltl_automaton_planner/build/lib/ltl_automaton_planner
copying ltl_automaton_planner/relay_node.py -> /home/maverick/LMCO/tmm-mas/sim/ROS2/build/ltl_automaton_planner/build/lib/ltl_automaton_planner
copying ltl_automaton_planner/ltl_automaton_utilities.py -> /home/maverick/LMCO/tmm-mas/sim/ROS2/build/ltl_automaton_planner/build/lib/ltl_automaton_planner
copying ltl_automaton_planner/planner_node.py -> /home/maverick/LMCO/tmm-mas/sim/ROS2/build/ltl_automaton_planner/build/lib/ltl_automaton_planner
copying ltl_automaton_planner/__init__.py -> /home/maverick/LMCO/tmm-mas/sim/ROS2/build/ltl_automaton_planner/build/lib/ltl_automaton_planner
copying ltl_automaton_planner/benchmark_node.py -> /home/maverick/LMCO/tmm-mas/sim/ROS2/build/ltl_automaton_planner/build/lib/ltl_automaton_planner
creating /home/maverick/LMCO/tmm-mas/sim/ROS2/build/ltl_automaton_planner/build/lib/ltl_automaton_planner/ltl_tools
copying ltl_automaton_planner/ltl_tools/ltl_planner.py -> /home/maverick/LMCO/tmm-mas/sim/ROS2/build/ltl_automaton_planner/build/lib/ltl_automaton_planner/ltl_tools
copying ltl_automaton_planner/ltl_tools/ts.py -> /home/maverick/LMCO/tmm-mas/sim/ROS2/build/ltl_automaton_planner/build/lib/ltl_automaton_planner/ltl_tools
copying ltl_automaton_planner/ltl_tools/dijkstra.py -> /home/maverick/LMCO/tmm-mas/sim/ROS2/build/ltl_automaton_planner/build/lib/ltl_automaton_planner/ltl_tools
copying ltl_automaton_planner/ltl_tools/relax.py -> /home/maverick/LMCO/tmm-mas/sim/ROS2/build/ltl_automaton_planner/build/lib/ltl_automaton_planner/ltl_tools
copying ltl_automaton_planner/ltl_tools/ltl2ba.py -> /home/maverick/LMCO/tmm-mas/sim/ROS2/build/ltl_automaton_planner/build/lib/ltl_automaton_planner/ltl_tools
copying ltl_automaton_planner/ltl_tools/discrete_plan.py -> /home/maverick/LMCO/tmm-mas/sim/ROS2/build/ltl_automaton_planner/build/lib/ltl_automaton_planner/ltl_tools
copying ltl_automaton_planner/ltl_tools/dstar.py -> /home/maverick/LMCO/tmm-mas/sim/ROS2/build/ltl_automaton_planner/build/lib/ltl_automaton_planner/ltl_tools
copying ltl_automaton_planner/ltl_tools/__init__.py -> /home/maverick/LMCO/tmm-mas/sim/ROS2/build/ltl_automaton_planner/build/lib/ltl_automaton_planner/ltl_tools
copying ltl_automaton_planner/ltl_tools/run.py -> /home/maverick/LMCO/tmm-mas/sim/ROS2/build/ltl_automaton_planner/build/lib/ltl_automaton_planner/ltl_tools
copying ltl_automaton_planner/ltl_tools/buchi.py -> /home/maverick/LMCO/tmm-mas/sim/ROS2/build/ltl_automaton_planner/build/lib/ltl_automaton_planner/ltl_tools
copying ltl_automaton_planner/ltl_tools/product.py -> /home/maverick/LMCO/tmm-mas/sim/ROS2/build/ltl_automaton_planner/build/lib/ltl_automaton_planner/ltl_tools
copying ltl_automaton_planner/ltl_tools/promela.py -> /home/maverick/LMCO/tmm-mas/sim/ROS2/build/ltl_automaton_planner/build/lib/ltl_automaton_planner/ltl_tools
creating /home/maverick/LMCO/tmm-mas/sim/ROS2/build/ltl_automaton_planner/build/lib/ltl_automaton_planner/nodes
copying ltl_automaton_planner/nodes/simulation_node.py -> /home/maverick/LMCO/tmm-mas/sim/ROS2/build/ltl_automaton_planner/build/lib/ltl_automaton_planner/nodes
copying ltl_automaton_planner/nodes/__init__.py -> /home/maverick/LMCO/tmm-mas/sim/ROS2/build/ltl_automaton_planner/build/lib/ltl_automaton_planner/nodes
copying ltl_automaton_planner/nodes/benchmark_node.py -> /home/maverick/LMCO/tmm-mas/sim/ROS2/build/ltl_automaton_planner/build/lib/ltl_automaton_planner/nodes
creating /home/maverick/LMCO/tmm-mas/sim/ROS2/build/ltl_automaton_planner/build/lib/ltl_automaton_planner/boolean_formulas
copying ltl_automaton_planner/boolean_formulas/lexer.py -> /home/maverick/LMCO/tmm-mas/sim/ROS2/build/ltl_automaton_planner/build/lib/ltl_automaton_planner/boolean_formulas
copying ltl_automaton_planner/boolean_formulas/parser.py -> /home/maverick/LMCO/tmm-mas/sim/ROS2/build/ltl_automaton_planner/build/lib/ltl_automaton_planner/boolean_formulas
copying ltl_automaton_planner/boolean_formulas/__init__.py -> /home/maverick/LMCO/tmm-mas/sim/ROS2/build/ltl_automaton_planner/build/lib/ltl_automaton_planner/boolean_formulas
running install
running install_lib
creating /home/maverick/LMCO/tmm-mas/sim/ROS2/install/ltl_automaton_planner/lib/python3.10/site-packages/ltl_automaton_planner
copying /home/maverick/LMCO/tmm-mas/sim/ROS2/build/ltl_automaton_planner/build/lib/ltl_automaton_planner/relay_node.py -> /home/maverick/LMCO/tmm-mas/sim/ROS2/install/ltl_automaton_planner/lib/python3.10/site-packages/ltl_automaton_planner
copying /home/maverick/LMCO/tmm-mas/sim/ROS2/build/ltl_automaton_planner/build/lib/ltl_automaton_planner/ltl_automaton_utilities.py -> /home/maverick/LMCO/tmm-mas/sim/ROS2/install/ltl_automaton_planner/lib/python3.10/site-packages/ltl_automaton_planner
creating /home/maverick/LMCO/tmm-mas/sim/ROS2/install/ltl_automaton_planner/lib/python3.10/site-packages/ltl_automaton_planner/ltl_tools
copying /home/maverick/LMCO/tmm-mas/sim/ROS2/build/ltl_automaton_planner/build/lib/ltl_automaton_planner/ltl_tools/ltl_planner.py -> /home/maverick/LMCO/tmm-mas/sim/ROS2/install/ltl_automaton_planner/lib/python3.10/site-packages/ltl_automaton_planner/ltl_tools
copying /home/maverick/LMCO/tmm-mas/sim/ROS2/build/ltl_automaton_planner/build/lib/ltl_automaton_planner/ltl_tools/ts.py -> /home/maverick/LMCO/tmm-mas/sim/ROS2/install/ltl_automaton_planner/lib/python3.10/site-packages/ltl_automaton_planner/ltl_tools
copying /home/maverick/LMCO/tmm-mas/sim/ROS2/build/ltl_automaton_planner/build/lib/ltl_automaton_planner/ltl_tools/dijkstra.py -> /home/maverick/LMCO/tmm-mas/sim/ROS2/install/ltl_automaton_planner/lib/python3.10/site-packages/ltl_automaton_planner/ltl_tools
copying /home/maverick/LMCO/tmm-mas/sim/ROS2/build/ltl_automaton_planner/build/lib/ltl_automaton_planner/ltl_tools/relax.py -> /home/maverick/LMCO/tmm-mas/sim/ROS2/install/ltl_automaton_planner/lib/python3.10/site-packages/ltl_automaton_planner/ltl_tools
copying /home/maverick/LMCO/tmm-mas/sim/ROS2/build/ltl_automaton_planner/build/lib/ltl_automaton_planner/ltl_tools/ltl2ba.py -> /home/maverick/LMCO/tmm-mas/sim/ROS2/install/ltl_automaton_planner/lib/python3.10/site-packages/ltl_automaton_planner/ltl_tools
copying /home/maverick/LMCO/tmm-mas/sim/ROS2/build/ltl_automaton_planner/build/lib/ltl_automaton_planner/ltl_tools/discrete_plan.py -> /home/maverick/LMCO/tmm-mas/sim/ROS2/install/ltl_automaton_planner/lib/python3.10/site-packages/ltl_automaton_planner/ltl_tools
copying /home/maverick/LMCO/tmm-mas/sim/ROS2/build/ltl_automaton_planner/build/lib/ltl_automaton_planner/ltl_tools/dstar.py -> /home/maverick/LMCO/tmm-mas/sim/ROS2/install/ltl_automaton_planner/lib/python3.10/site-packages/ltl_automaton_planner/ltl_tools
copying /home/maverick/LMCO/tmm-mas/sim/ROS2/build/ltl_automaton_planner/build/lib/ltl_automaton_planner/ltl_tools/__init__.py -> /home/maverick/LMCO/tmm-mas/sim/ROS2/install/ltl_automaton_planner/lib/python3.10/site-packages/ltl_automaton_planner/ltl_tools
copying /home/maverick/LMCO/tmm-mas/sim/ROS2/build/ltl_automaton_planner/build/lib/ltl_automaton_planner/ltl_tools/run.py -> /home/maverick/LMCO/tmm-mas/sim/ROS2/install/ltl_automaton_planner/lib/python3.10/site-packages/ltl_automaton_planner/ltl_tools
copying /home/maverick/LMCO/tmm-mas/sim/ROS2/build/ltl_automaton_planner/build/lib/ltl_automaton_planner/ltl_tools/buchi.py -> /home/maverick/LMCO/tmm-mas/sim/ROS2/install/ltl_automaton_planner/lib/python3.10/site-packages/ltl_automaton_planner/ltl_tools
copying /home/maverick/LMCO/tmm-mas/sim/ROS2/build/ltl_automaton_planner/build/lib/ltl_automaton_planner/ltl_tools/product.py -> /home/maverick/LMCO/tmm-mas/sim/ROS2/install/ltl_automaton_planner/lib/python3.10/site-packages/ltl_automaton_planner/ltl_tools
copying /home/maverick/LMCO/tmm-mas/sim/ROS2/build/ltl_automaton_planner/build/lib/ltl_automaton_planner/ltl_tools/promela.py -> /home/maverick/LMCO/tmm-mas/sim/ROS2/install/ltl_automaton_planner/lib/python3.10/site-packages/ltl_automaton_planner/ltl_tools
creating /home/maverick/LMCO/tmm-mas/sim/ROS2/install/ltl_automaton_planner/lib/python3.10/site-packages/ltl_automaton_planner/nodes
copying /home/maverick/LMCO/tmm-mas/sim/ROS2/build/ltl_automaton_planner/build/lib/ltl_automaton_planner/nodes/simulation_node.py -> /home/maverick/LMCO/tmm-mas/sim/ROS2/install/ltl_automaton_planner/lib/python3.10/site-packages/ltl_automaton_planner/nodes
copying /home/maverick/LMCO/tmm-mas/sim/ROS2/build/ltl_automaton_planner/build/lib/ltl_automaton_planner/nodes/__init__.py -> /home/maverick/LMCO/tmm-mas/sim/ROS2/install/ltl_automaton_planner/lib/python3.10/site-packages/ltl_automaton_planner/nodes
copying /home/maverick/LMCO/tmm-mas/sim/ROS2/build/ltl_automaton_planner/build/lib/ltl_automaton_planner/nodes/benchmark_node.py -> /home/maverick/LMCO/tmm-mas/sim/ROS2/install/ltl_automaton_planner/lib/python3.10/site-packages/ltl_automaton_planner/nodes
copying /home/maverick/LMCO/tmm-mas/sim/ROS2/build/ltl_automaton_planner/build/lib/ltl_automaton_planner/planner_node.py -> /home/maverick/LMCO/tmm-mas/sim/ROS2/install/ltl_automaton_planner/lib/python3.10/site-packages/ltl_automaton_planner
copying /home/maverick/LMCO/tmm-mas/sim/ROS2/build/ltl_automaton_planner/build/lib/ltl_automaton_planner/__init__.py -> /home/maverick/LMCO/tmm-mas/sim/ROS2/install/ltl_automaton_planner/lib/python3.10/site-packages/ltl_automaton_planner
creating /home/maverick/LMCO/tmm-mas/sim/ROS2/install/ltl_automaton_planner/lib/python3.10/site-packages/ltl_automaton_planner/boolean_formulas
copying /home/maverick/LMCO/tmm-mas/sim/ROS2/build/ltl_automaton_planner/build/lib/ltl_automaton_planner/boolean_formulas/lexer.py -> /home/maverick/LMCO/tmm-mas/sim/ROS2/install/ltl_automaton_planner/lib/python3.10/site-packages/ltl_automaton_planner/boolean_formulas
copying /home/maverick/LMCO/tmm-mas/sim/ROS2/build/ltl_automaton_planner/build/lib/ltl_automaton_planner/boolean_formulas/parser.py -> /home/maverick/LMCO/tmm-mas/sim/ROS2/install/ltl_automaton_planner/lib/python3.10/site-packages/ltl_automaton_planner/boolean_formulas
copying /home/maverick/LMCO/tmm-mas/sim/ROS2/build/ltl_automaton_planner/build/lib/ltl_automaton_planner/boolean_formulas/__init__.py -> /home/maverick/LMCO/tmm-mas/sim/ROS2/install/ltl_automaton_planner/lib/python3.10/site-packages/ltl_automaton_planner/boolean_formulas
copying /home/maverick/LMCO/tmm-mas/sim/ROS2/build/ltl_automaton_planner/build/lib/ltl_automaton_planner/benchmark_node.py -> /home/maverick/LMCO/tmm-mas/sim/ROS2/install/ltl_automaton_planner/lib/python3.10/site-packages/ltl_automaton_planner
byte-compiling /home/maverick/LMCO/tmm-mas/sim/ROS2/install/ltl_automaton_planner/lib/python3.10/site-packages/ltl_automaton_planner/relay_node.py to relay_node.cpython-310.pyc
byte-compiling /home/maverick/LMCO/tmm-mas/sim/ROS2/install/ltl_automaton_planner/lib/python3.10/site-packages/ltl_automaton_planner/ltl_automaton_utilities.py to ltl_automaton_utilities.cpython-310.pyc
byte-compiling /home/maverick/LMCO/tmm-mas/sim/ROS2/install/ltl_automaton_planner/lib/python3.10/site-packages/ltl_automaton_planner/ltl_tools/ltl_planner.py to ltl_planner.cpython-310.pyc
byte-compiling /home/maverick/LMCO/tmm-mas/sim/ROS2/install/ltl_automaton_planner/lib/python3.10/site-packages/ltl_automaton_planner/ltl_tools/ts.py to ts.cpython-310.pyc
byte-compiling /home/maverick/LMCO/tmm-mas/sim/ROS2/install/ltl_automaton_planner/lib/python3.10/site-packages/ltl_automaton_planner/ltl_tools/dijkstra.py to dijkstra.cpython-310.pyc
byte-compiling /home/maverick/LMCO/tmm-mas/sim/ROS2/install/ltl_automaton_planner/lib/python3.10/site-packages/ltl_automaton_planner/ltl_tools/relax.py to relax.cpython-310.pyc
byte-compiling /home/maverick/LMCO/tmm-mas/sim/ROS2/install/ltl_automaton_planner/lib/python3.10/site-packages/ltl_automaton_planner/ltl_tools/ltl2ba.py to ltl2ba.cpython-310.pyc
byte-compiling /home/maverick/LMCO/tmm-mas/sim/ROS2/install/ltl_automaton_planner/lib/python3.10/site-packages/ltl_automaton_planner/ltl_tools/discrete_plan.py to discrete_plan.cpython-310.pyc
byte-compiling /home/maverick/LMCO/tmm-mas/sim/ROS2/install/ltl_automaton_planner/lib/python3.10/site-packages/ltl_automaton_planner/ltl_tools/dstar.py to dstar.cpython-310.pyc
byte-compiling /home/maverick/LMCO/tmm-mas/sim/ROS2/install/ltl_automaton_planner/lib/python3.10/site-packages/ltl_automaton_planner/ltl_tools/__init__.py to __init__.cpython-310.pyc
byte-compiling /home/maverick/LMCO/tmm-mas/sim/ROS2/install/ltl_automaton_planner/lib/python3.10/site-packages/ltl_automaton_planner/ltl_tools/run.py to run.cpython-310.pyc
byte-compiling /home/maverick/LMCO/tmm-mas/sim/ROS2/install/ltl_automaton_planner/lib/python3.10/site-packages/ltl_automaton_planner/ltl_tools/buchi.py to buchi.cpython-310.pyc
byte-compiling /home/maverick/LMCO/tmm-mas/sim/ROS2/install/ltl_automaton_planner/lib/python3.10/site-packages/ltl_automaton_planner/ltl_tools/product.py to product.cpython-310.pyc
byte-compiling /home/maverick/LMCO/tmm-mas/sim/ROS2/install/ltl_automaton_planner/lib/python3.10/site-packages/ltl_automaton_planner/ltl_tools/promela.py to promela.cpython-310.pyc
byte-compiling /home/maverick/LMCO/tmm-mas/sim/ROS2/install/ltl_automaton_planner/lib/python3.10/site-packages/ltl_automaton_planner/nodes/simulation_node.py to simulation_node.cpython-310.pyc
byte-compiling /home/maverick/LMCO/tmm-mas/sim/ROS2/install/ltl_automaton_planner/lib/python3.10/site-packages/ltl_automaton_planner/nodes/__init__.py to __init__.cpython-310.pyc
byte-compiling /home/maverick/LMCO/tmm-mas/sim/ROS2/install/ltl_automaton_planner/lib/python3.10/site-packages/ltl_automaton_planner/nodes/benchmark_node.py to benchmark_node.cpython-310.pyc
byte-compiling /home/maverick/LMCO/tmm-mas/sim/ROS2/install/ltl_automaton_planner/lib/python3.10/site-packages/ltl_automaton_planner/planner_node.py to planner_node.cpython-310.pyc
byte-compiling /home/maverick/LMCO/tmm-mas/sim/ROS2/install/ltl_automaton_planner/lib/python3.10/site-packages/ltl_automaton_planner/__init__.py to __init__.cpython-310.pyc
byte-compiling /home/maverick/LMCO/tmm-mas/sim/ROS2/install/ltl_automaton_planner/lib/python3.10/site-packages/ltl_automaton_planner/boolean_formulas/lexer.py to lexer.cpython-310.pyc
byte-compiling /home/maverick/LMCO/tmm-mas/sim/ROS2/install/ltl_automaton_planner/lib/python3.10/site-packages/ltl_automaton_planner/boolean_formulas/parser.py to parser.cpython-310.pyc
byte-compiling /home/maverick/LMCO/tmm-mas/sim/ROS2/install/ltl_automaton_planner/lib/python3.10/site-packages/ltl_automaton_planner/boolean_formulas/__init__.py to __init__.cpython-310.pyc
byte-compiling /home/maverick/LMCO/tmm-mas/sim/ROS2/install/ltl_automaton_planner/lib/python3.10/site-packages/ltl_automaton_planner/benchmark_node.py to benchmark_node.cpython-310.pyc
running install_data
creating /home/maverick/LMCO/tmm-mas/sim/ROS2/install/ltl_automaton_planner/share/ament_index
creating /home/maverick/LMCO/tmm-mas/sim/ROS2/install/ltl_automaton_planner/share/ament_index/resource_index
creating /home/maverick/LMCO/tmm-mas/sim/ROS2/install/ltl_automaton_planner/share/ament_index/resource_index/packages
copying resource/ltl_automaton_planner -> /home/maverick/LMCO/tmm-mas/sim/ROS2/install/ltl_automaton_planner/share/ament_index/resource_index/packages
copying package.xml -> /home/maverick/LMCO/tmm-mas/sim/ROS2/install/ltl_automaton_planner/share/ltl_automaton_planner
copying launch/ltl_planner_isaac_launch.py -> /home/maverick/LMCO/tmm-mas/sim/ROS2/install/ltl_automaton_planner/share/ltl_automaton_planner
running install_egg_info
Copying ../../build/ltl_automaton_planner/ltl_automaton_planner.egg-info to /home/maverick/LMCO/tmm-mas/sim/ROS2/install/ltl_automaton_planner/lib/python3.10/site-packages/ltl_automaton_planner-0.0.0-py3.10.egg-info
running install_scripts
Installing benchmark_node script to /home/maverick/LMCO/tmm-mas/sim/ROS2/install/ltl_automaton_planner/lib/ltl_automaton_planner
Installing planner_node script to /home/maverick/LMCO/tmm-mas/sim/ROS2/install/ltl_automaton_planner/lib/ltl_automaton_planner
Installing relay_node script to /home/maverick/LMCO/tmm-mas/sim/ROS2/install/ltl_automaton_planner/lib/ltl_automaton_planner
writing list of installed files to '/home/maverick/LMCO/tmm-mas/sim/ROS2/build/ltl_automaton_planner/install.log'
